INFO - 2023-09-17 14:36:05 --> Session: Class initialized using 'CodeIgniter\Session\Handlers\FileHandler' driver.
INFO - 2023-09-17 14:36:09 --> Session: Class initialized using 'CodeIgniter\Session\Handlers\FileHandler' driver.
CRITICAL - 2023-09-17 14:41:17 --> Invalid file: "student/liste.php"
in SYSTEMPATH\Exceptions\FrameworkException.php on line 33.
 1 SYSTEMPATH\View\View.php(212): CodeIgniter\Exceptions\FrameworkException::forInvalidFile('student/liste.php')
 2 SYSTEMPATH\Common.php(1180): CodeIgniter\View\View->render('student/liste.php', [], true)
 3 APPPATH\Controllers\StudentController.php(28): view('student/liste.php')
 4 SYSTEMPATH\CodeIgniter.php(932): App\Controllers\StudentController->liste()
 5 SYSTEMPATH\CodeIgniter.php(497): CodeIgniter\CodeIgniter->runController(Object(App\Controllers\StudentController))
 6 SYSTEMPATH\CodeIgniter.php(366): CodeIgniter\CodeIgniter->handleRequest(null, Object(Config\Cache), false)
 7 FCPATH\index.php(67): CodeIgniter\CodeIgniter->run()
 8 SYSTEMPATH\Commands\Server\rewrite.php(47): require_once('C:\\xampp\\htdocs\\secondary-back\\public\\index.php')
INFO - 2023-09-17 14:44:20 --> Session: Class initialized using 'CodeIgniter\Session\Handlers\FileHandler' driver.
CRITICAL - 2023-09-17 15:43:06 --> Expired token
in VENDORPATH\firebase\php-jwt\src\JWT.php on line 172.
 1 APPPATH\Filters\AuthFilter.php(52): Firebase\JWT\JWT::decode('eyJ0eXAiOiJKV1QiLCJhbGciOiJIUzI1NiJ9.eyJpc3MiOiJJc3N1ZXIgb2YgdGhlIEpXVCIsImF1ZCI6IkF1ZGllbmNlIHRoYXQgdGhlIEpXVCIsInN1YiI6IlN1YmplY3Qgb2YgdGhlIEpXVCIsImlhdCI6MTY5NDk2MTM2OSwiZXhwIjoxNjk0OTY0OTY5LCJlbWFpbCI6InRha2FtIGFuZ2UifQ.oyQQEdIWlIAcc2LGIKew7ly8RBwcvaATeiizQmElScE', Object(Firebase\JWT\Key))
 2 SYSTEMPATH\Filters\Filters.php(173): App\Filters\AuthFilter->before(Object(CodeIgniter\HTTP\IncomingRequest), null)
 3 SYSTEMPATH\CodeIgniter.php(471): CodeIgniter\Filters\Filters->run('year/actif', 'before')
 4 SYSTEMPATH\CodeIgniter.php(366): CodeIgniter\CodeIgniter->handleRequest(null, Object(Config\Cache), false)
 5 FCPATH\index.php(67): CodeIgniter\CodeIgniter->run()
 6 SYSTEMPATH\Commands\Server\rewrite.php(47): require_once('C:\\xampp\\htdocs\\secondary-back\\public\\index.php')
CRITICAL - 2023-09-17 15:43:06 --> Expired token
in VENDORPATH\firebase\php-jwt\src\JWT.php on line 172.
 1 APPPATH\Filters\AuthFilter.php(52): Firebase\JWT\JWT::decode('eyJ0eXAiOiJKV1QiLCJhbGciOiJIUzI1NiJ9.eyJpc3MiOiJJc3N1ZXIgb2YgdGhlIEpXVCIsImF1ZCI6IkF1ZGllbmNlIHRoYXQgdGhlIEpXVCIsInN1YiI6IlN1YmplY3Qgb2YgdGhlIEpXVCIsImlhdCI6MTY5NDk2MTM2OSwiZXhwIjoxNjk0OTY0OTY5LCJlbWFpbCI6InRha2FtIGFuZ2UifQ.oyQQEdIWlIAcc2LGIKew7ly8RBwcvaATeiizQmElScE', Object(Firebase\JWT\Key))
 2 SYSTEMPATH\Filters\Filters.php(173): App\Filters\AuthFilter->before(Object(CodeIgniter\HTTP\IncomingRequest), null)
 3 SYSTEMPATH\CodeIgniter.php(471): CodeIgniter\Filters\Filters->run('school/select/2', 'before')
 4 SYSTEMPATH\CodeIgniter.php(366): CodeIgniter\CodeIgniter->handleRequest(null, Object(Config\Cache), false)
 5 FCPATH\index.php(67): CodeIgniter\CodeIgniter->run()
 6 SYSTEMPATH\Commands\Server\rewrite.php(47): require_once('C:\\xampp\\htdocs\\secondary-back\\public\\index.php')
CRITICAL - 2023-09-17 15:43:08 --> Expired token
in VENDORPATH\firebase\php-jwt\src\JWT.php on line 172.
 1 APPPATH\Filters\AuthFilter.php(52): Firebase\JWT\JWT::decode('eyJ0eXAiOiJKV1QiLCJhbGciOiJIUzI1NiJ9.eyJpc3MiOiJJc3N1ZXIgb2YgdGhlIEpXVCIsImF1ZCI6IkF1ZGllbmNlIHRoYXQgdGhlIEpXVCIsInN1YiI6IlN1YmplY3Qgb2YgdGhlIEpXVCIsImlhdCI6MTY5NDk2MTM2OSwiZXhwIjoxNjk0OTY0OTY5LCJlbWFpbCI6InRha2FtIGFuZ2UifQ.oyQQEdIWlIAcc2LGIKew7ly8RBwcvaATeiizQmElScE', Object(Firebase\JWT\Key))
 2 SYSTEMPATH\Filters\Filters.php(173): App\Filters\AuthFilter->before(Object(CodeIgniter\HTTP\IncomingRequest), null)
 3 SYSTEMPATH\CodeIgniter.php(471): CodeIgniter\Filters\Filters->run('school/SchoolFilter/2', 'before')
 4 SYSTEMPATH\CodeIgniter.php(366): CodeIgniter\CodeIgniter->handleRequest(null, Object(Config\Cache), false)
 5 FCPATH\index.php(67): CodeIgniter\CodeIgniter->run()
 6 SYSTEMPATH\Commands\Server\rewrite.php(47): require_once('C:\\xampp\\htdocs\\secondary-back\\public\\index.php')
INFO - 2023-09-17 15:43:11 --> Session: Class initialized using 'CodeIgniter\Session\Handlers\FileHandler' driver.
INFO - 2023-09-17 15:43:16 --> Session: Class initialized using 'CodeIgniter\Session\Handlers\FileHandler' driver.
CRITICAL - 2023-09-17 15:43:49 --> Undefined variable $response
in APPPATH\Controllers\StudentController.php on line 436.
 1 APPPATH\Controllers\StudentController.php(436): CodeIgniter\Debug\Exceptions->errorHandler(2, 'Undefined variable $response', 'C:\\xampp\\htdocs\\secondary-back\\app\\Controllers\\StudentController.php', 436)
 2 SYSTEMPATH\CodeIgniter.php(932): App\Controllers\StudentController->liste_student('4')
 3 SYSTEMPATH\CodeIgniter.php(497): CodeIgniter\CodeIgniter->runController(Object(App\Controllers\StudentController))
 4 SYSTEMPATH\CodeIgniter.php(366): CodeIgniter\CodeIgniter->handleRequest(null, Object(Config\Cache), false)
 5 FCPATH\index.php(67): CodeIgniter\CodeIgniter->run()
 6 SYSTEMPATH\Commands\Server\rewrite.php(47): require_once('C:\\xampp\\htdocs\\secondary-back\\public\\index.php')
CRITICAL - 2023-09-17 17:54:41 --> Expired token
in VENDORPATH\firebase\php-jwt\src\JWT.php on line 172.
 1 APPPATH\Filters\AuthFilter.php(52): Firebase\JWT\JWT::decode('eyJ0eXAiOiJKV1QiLCJhbGciOiJIUzI1NiJ9.eyJpc3MiOiJJc3N1ZXIgb2YgdGhlIEpXVCIsImF1ZCI6IkF1ZGllbmNlIHRoYXQgdGhlIEpXVCIsInN1YiI6IlN1YmplY3Qgb2YgdGhlIEpXVCIsImlhdCI6MTY5NDk2NTM5NiwiZXhwIjoxNjk0OTY4OTk2LCJlbWFpbCI6InRha2FtIGFuZ2UifQ.jddRkKdyWUpswe293ttBDp4oAEY6zPYnrYhYMQDkd_k', Object(Firebase\JWT\Key))
 2 SYSTEMPATH\Filters\Filters.php(173): App\Filters\AuthFilter->before(Object(CodeIgniter\HTTP\IncomingRequest), null)
 3 SYSTEMPATH\CodeIgniter.php(471): CodeIgniter\Filters\Filters->run('year/actif', 'before')
 4 SYSTEMPATH\CodeIgniter.php(366): CodeIgniter\CodeIgniter->handleRequest(null, Object(Config\Cache), false)
 5 FCPATH\index.php(67): CodeIgniter\CodeIgniter->run()
 6 SYSTEMPATH\Commands\Server\rewrite.php(47): require_once('C:\\xampp\\htdocs\\secondary-back\\public\\index.php')
CRITICAL - 2023-09-17 17:54:41 --> Expired token
in VENDORPATH\firebase\php-jwt\src\JWT.php on line 172.
 1 APPPATH\Filters\AuthFilter.php(52): Firebase\JWT\JWT::decode('eyJ0eXAiOiJKV1QiLCJhbGciOiJIUzI1NiJ9.eyJpc3MiOiJJc3N1ZXIgb2YgdGhlIEpXVCIsImF1ZCI6IkF1ZGllbmNlIHRoYXQgdGhlIEpXVCIsInN1YiI6IlN1YmplY3Qgb2YgdGhlIEpXVCIsImlhdCI6MTY5NDk2NTM5NiwiZXhwIjoxNjk0OTY4OTk2LCJlbWFpbCI6InRha2FtIGFuZ2UifQ.jddRkKdyWUpswe293ttBDp4oAEY6zPYnrYhYMQDkd_k', Object(Firebase\JWT\Key))
 2 SYSTEMPATH\Filters\Filters.php(173): App\Filters\AuthFilter->before(Object(CodeIgniter\HTTP\IncomingRequest), null)
 3 SYSTEMPATH\CodeIgniter.php(471): CodeIgniter\Filters\Filters->run('school/select/2', 'before')
 4 SYSTEMPATH\CodeIgniter.php(366): CodeIgniter\CodeIgniter->handleRequest(null, Object(Config\Cache), false)
 5 FCPATH\index.php(67): CodeIgniter\CodeIgniter->run()
 6 SYSTEMPATH\Commands\Server\rewrite.php(47): require_once('C:\\xampp\\htdocs\\secondary-back\\public\\index.php')
CRITICAL - 2023-09-17 17:54:42 --> Expired token
in VENDORPATH\firebase\php-jwt\src\JWT.php on line 172.
 1 APPPATH\Filters\AuthFilter.php(52): Firebase\JWT\JWT::decode('eyJ0eXAiOiJKV1QiLCJhbGciOiJIUzI1NiJ9.eyJpc3MiOiJJc3N1ZXIgb2YgdGhlIEpXVCIsImF1ZCI6IkF1ZGllbmNlIHRoYXQgdGhlIEpXVCIsInN1YiI6IlN1YmplY3Qgb2YgdGhlIEpXVCIsImlhdCI6MTY5NDk2NTM5NiwiZXhwIjoxNjk0OTY4OTk2LCJlbWFpbCI6InRha2FtIGFuZ2UifQ.jddRkKdyWUpswe293ttBDp4oAEY6zPYnrYhYMQDkd_k', Object(Firebase\JWT\Key))
 2 SYSTEMPATH\Filters\Filters.php(173): App\Filters\AuthFilter->before(Object(CodeIgniter\HTTP\IncomingRequest), null)
 3 SYSTEMPATH\CodeIgniter.php(471): CodeIgniter\Filters\Filters->run('school/SchoolFilter/2', 'before')
 4 SYSTEMPATH\CodeIgniter.php(366): CodeIgniter\CodeIgniter->handleRequest(null, Object(Config\Cache), false)
 5 FCPATH\index.php(67): CodeIgniter\CodeIgniter->run()
 6 SYSTEMPATH\Commands\Server\rewrite.php(47): require_once('C:\\xampp\\htdocs\\secondary-back\\public\\index.php')
INFO - 2023-09-17 17:55:13 --> Session: Class initialized using 'CodeIgniter\Session\Handlers\FileHandler' driver.
INFO - 2023-09-17 17:56:01 --> Session: Class initialized using 'CodeIgniter\Session\Handlers\FileHandler' driver.
