ERROR - 2024-09-03 05:13:19 --> ErrorException: SQLite3::exec(): table `salaire` already exists in /home/takam/Bureau/smartSchool-secondary/vendor/codeigniter4/framework/system/Database/SQLite3/Connection.php:145
Stack trace:
#0 [internal function]: CodeIgniter\Debug\Exceptions->errorHandler()
#1 /home/takam/Bureau/smartSchool-secondary/vendor/codeigniter4/framework/system/Database/SQLite3/Connection.php(145): SQLite3->exec()
#2 /home/takam/Bureau/smartSchool-secondary/vendor/codeigniter4/framework/system/Database/BaseConnection.php(692): CodeIgniter\Database\SQLite3\Connection->execute()
#3 /home/takam/Bureau/smartSchool-secondary/vendor/codeigniter4/framework/system/Database/BaseConnection.php(606): CodeIgniter\Database\BaseConnection->simpleQuery()
#4 /home/takam/Bureau/smartSchool-secondary/vendor/codeigniter4/framework/system/Database/Forge.php(546): CodeIgniter\Database\BaseConnection->query()
#5 /home/takam/Bureau/smartSchool-secondary/app/Database/Migrations/2023-10-18-210132_SalaireMigrate.php(73): CodeIgniter\Database\Forge->createTable()
#6 /home/takam/Bureau/smartSchool-secondary/vendor/codeigniter4/framework/system/Database/MigrationRunner.php(877): App\Database\Migrations\SalaireMigrate->up()
#7 /home/takam/Bureau/smartSchool-secondary/vendor/codeigniter4/framework/system/Database/MigrationRunner.php(188): CodeIgniter\Database\MigrationRunner->migrate()
#8 /home/takam/Bureau/smartSchool-secondary/vendor/codeigniter4/framework/system/Commands/Database/Migrate.php(84): CodeIgniter\Database\MigrationRunner->latest()
#9 /home/takam/Bureau/smartSchool-secondary/vendor/codeigniter4/framework/system/CLI/Commands.php(65): CodeIgniter\Commands\Database\Migrate->run()
#10 /home/takam/Bureau/smartSchool-secondary/vendor/codeigniter4/framework/system/CLI/Console.php(37): CodeIgniter\CLI\Commands->run()
#11 /home/takam/Bureau/smartSchool-secondary/spark(97): CodeIgniter\CLI\Console->run()
#12 {main}
ERROR - 2024-09-03 05:17:03 --> ErrorException: SQLite3::exec(): table `montant_scolarite` already exists in /home/takam/Bureau/smartSchool-secondary/vendor/codeigniter4/framework/system/Database/SQLite3/Connection.php:145
Stack trace:
#0 [internal function]: CodeIgniter\Debug\Exceptions->errorHandler()
#1 /home/takam/Bureau/smartSchool-secondary/vendor/codeigniter4/framework/system/Database/SQLite3/Connection.php(145): SQLite3->exec()
#2 /home/takam/Bureau/smartSchool-secondary/vendor/codeigniter4/framework/system/Database/BaseConnection.php(692): CodeIgniter\Database\SQLite3\Connection->execute()
#3 /home/takam/Bureau/smartSchool-secondary/vendor/codeigniter4/framework/system/Database/BaseConnection.php(606): CodeIgniter\Database\BaseConnection->simpleQuery()
#4 /home/takam/Bureau/smartSchool-secondary/vendor/codeigniter4/framework/system/Database/Forge.php(546): CodeIgniter\Database\BaseConnection->query()
#5 /home/takam/Bureau/smartSchool-secondary/app/Database/Migrations/2024-02-01-152852_MontantScolariteMigration.php(64): CodeIgniter\Database\Forge->createTable()
#6 /home/takam/Bureau/smartSchool-secondary/vendor/codeigniter4/framework/system/Database/MigrationRunner.php(877): App\Database\Migrations\MontantScolariteMigration->up()
#7 /home/takam/Bureau/smartSchool-secondary/vendor/codeigniter4/framework/system/Database/MigrationRunner.php(188): CodeIgniter\Database\MigrationRunner->migrate()
#8 /home/takam/Bureau/smartSchool-secondary/vendor/codeigniter4/framework/system/Commands/Database/Migrate.php(84): CodeIgniter\Database\MigrationRunner->latest()
#9 /home/takam/Bureau/smartSchool-secondary/vendor/codeigniter4/framework/system/CLI/Commands.php(65): CodeIgniter\Commands\Database\Migrate->run()
#10 /home/takam/Bureau/smartSchool-secondary/vendor/codeigniter4/framework/system/CLI/Console.php(37): CodeIgniter\CLI\Commands->run()
#11 /home/takam/Bureau/smartSchool-secondary/spark(97): CodeIgniter\CLI\Console->run()
#12 {main}
ERROR - 2024-09-03 05:19:11 --> ErrorException: SQLite3::exec(): table `salaire` already exists in /home/takam/Bureau/smartSchool-secondary/vendor/codeigniter4/framework/system/Database/SQLite3/Connection.php:145
Stack trace:
#0 [internal function]: CodeIgniter\Debug\Exceptions->errorHandler()
#1 /home/takam/Bureau/smartSchool-secondary/vendor/codeigniter4/framework/system/Database/SQLite3/Connection.php(145): SQLite3->exec()
#2 /home/takam/Bureau/smartSchool-secondary/vendor/codeigniter4/framework/system/Database/BaseConnection.php(692): CodeIgniter\Database\SQLite3\Connection->execute()
#3 /home/takam/Bureau/smartSchool-secondary/vendor/codeigniter4/framework/system/Database/BaseConnection.php(606): CodeIgniter\Database\BaseConnection->simpleQuery()
#4 /home/takam/Bureau/smartSchool-secondary/vendor/codeigniter4/framework/system/Database/Forge.php(546): CodeIgniter\Database\BaseConnection->query()
#5 /home/takam/Bureau/smartSchool-secondary/app/Database/Migrations/2023-10-18-210132_SalaireMigrate.php(73): CodeIgniter\Database\Forge->createTable()
#6 /home/takam/Bureau/smartSchool-secondary/vendor/codeigniter4/framework/system/Database/MigrationRunner.php(877): App\Database\Migrations\SalaireMigrate->up()
#7 /home/takam/Bureau/smartSchool-secondary/vendor/codeigniter4/framework/system/Database/MigrationRunner.php(188): CodeIgniter\Database\MigrationRunner->migrate()
#8 /home/takam/Bureau/smartSchool-secondary/vendor/codeigniter4/framework/system/Commands/Database/Migrate.php(84): CodeIgniter\Database\MigrationRunner->latest()
#9 /home/takam/Bureau/smartSchool-secondary/vendor/codeigniter4/framework/system/CLI/Commands.php(65): CodeIgniter\Commands\Database\Migrate->run()
#10 /home/takam/Bureau/smartSchool-secondary/vendor/codeigniter4/framework/system/CLI/Console.php(37): CodeIgniter\CLI\Commands->run()
#11 /home/takam/Bureau/smartSchool-secondary/spark(97): CodeIgniter\CLI\Console->run()
#12 {main}
INFO - 2024-09-03 05:21:20 --> Session: Class initialized using 'CodeIgniter\Session\Handlers\FileHandler' driver.
INFO - 2024-09-03 07:09:00 --> Session: Class initialized using 'CodeIgniter\Session\Handlers\FileHandler' driver.
INFO - 2024-09-03 07:09:07 --> Session: Class initialized using 'CodeIgniter\Session\Handlers\FileHandler' driver.
INFO - 2024-09-03 07:09:14 --> Session: Class initialized using 'CodeIgniter\Session\Handlers\FileHandler' driver.
INFO - 2024-09-03 07:09:25 --> Session: Class initialized using 'CodeIgniter\Session\Handlers\FileHandler' driver.
INFO - 2024-09-03 07:10:58 --> Session: Class initialized using 'CodeIgniter\Session\Handlers\FileHandler' driver.
INFO - 2024-09-03 07:11:11 --> Session: Class initialized using 'CodeIgniter\Session\Handlers\FileHandler' driver.
INFO - 2024-09-03 07:12:05 --> Session: Class initialized using 'CodeIgniter\Session\Handlers\FileHandler' driver.
INFO - 2024-09-03 07:12:18 --> Session: Class initialized using 'CodeIgniter\Session\Handlers\FileHandler' driver.
INFO - 2024-09-03 07:15:08 --> Session: Class initialized using 'CodeIgniter\Session\Handlers\FileHandler' driver.
INFO - 2024-09-03 07:15:17 --> Session: Class initialized using 'CodeIgniter\Session\Handlers\FileHandler' driver.
INFO - 2024-09-03 11:42:49 --> Session: Class initialized using 'CodeIgniter\Session\Handlers\FileHandler' driver.
INFO - 2024-09-03 11:43:30 --> Session: Class initialized using 'CodeIgniter\Session\Handlers\FileHandler' driver.
INFO - 2024-09-03 11:43:49 --> Session: Class initialized using 'CodeIgniter\Session\Handlers\FileHandler' driver.
INFO - 2024-09-03 12:04:46 --> Session: Class initialized using 'CodeIgniter\Session\Handlers\FileHandler' driver.
INFO - 2024-09-03 12:04:53 --> Session: Class initialized using 'CodeIgniter\Session\Handlers\FileHandler' driver.
INFO - 2024-09-03 12:06:05 --> Session: Class initialized using 'CodeIgniter\Session\Handlers\FileHandler' driver.
INFO - 2024-09-03 12:06:24 --> Session: Class initialized using 'CodeIgniter\Session\Handlers\FileHandler' driver.
INFO - 2024-09-03 12:12:37 --> Session: Class initialized using 'CodeIgniter\Session\Handlers\FileHandler' driver.
INFO - 2024-09-03 12:12:56 --> Session: Class initialized using 'CodeIgniter\Session\Handlers\FileHandler' driver.
INFO - 2024-09-03 12:18:39 --> Session: Class initialized using 'CodeIgniter\Session\Handlers\FileHandler' driver.
INFO - 2024-09-03 12:22:24 --> Session: Class initialized using 'CodeIgniter\Session\Handlers\FileHandler' driver.
INFO - 2024-09-03 12:34:27 --> Session: Class initialized using 'CodeIgniter\Session\Handlers\FileHandler' driver.
INFO - 2024-09-03 12:34:43 --> Session: Class initialized using 'CodeIgniter\Session\Handlers\FileHandler' driver.
INFO - 2024-09-03 12:35:52 --> Session: Class initialized using 'CodeIgniter\Session\Handlers\FileHandler' driver.
INFO - 2024-09-03 12:37:02 --> Session: Class initialized using 'CodeIgniter\Session\Handlers\FileHandler' driver.
INFO - 2024-09-03 12:44:07 --> Session: Class initialized using 'CodeIgniter\Session\Handlers\FileHandler' driver.
INFO - 2024-09-03 12:45:19 --> Session: Class initialized using 'CodeIgniter\Session\Handlers\FileHandler' driver.
INFO - 2024-09-03 12:45:47 --> Session: Class initialized using 'CodeIgniter\Session\Handlers\FileHandler' driver.
INFO - 2024-09-03 13:08:41 --> Session: Class initialized using 'CodeIgniter\Session\Handlers\FileHandler' driver.
INFO - 2024-09-03 13:13:26 --> Session: Class initialized using 'CodeIgniter\Session\Handlers\FileHandler' driver.
INFO - 2024-09-03 13:13:48 --> Session: Class initialized using 'CodeIgniter\Session\Handlers\FileHandler' driver.
INFO - 2024-09-03 13:13:52 --> Session: Class initialized using 'CodeIgniter\Session\Handlers\FileHandler' driver.
INFO - 2024-09-03 13:14:05 --> Session: Class initialized using 'CodeIgniter\Session\Handlers\FileHandler' driver.
INFO - 2024-09-03 13:14:07 --> Session: Class initialized using 'CodeIgniter\Session\Handlers\FileHandler' driver.
INFO - 2024-09-03 13:14:07 --> Session: Class initialized using 'CodeIgniter\Session\Handlers\FileHandler' driver.
INFO - 2024-09-03 13:14:08 --> Session: Class initialized using 'CodeIgniter\Session\Handlers\FileHandler' driver.
INFO - 2024-09-03 13:14:12 --> Session: Class initialized using 'CodeIgniter\Session\Handlers\FileHandler' driver.
INFO - 2024-09-03 13:14:25 --> Session: Class initialized using 'CodeIgniter\Session\Handlers\FileHandler' driver.
INFO - 2024-09-03 13:14:52 --> Session: Class initialized using 'CodeIgniter\Session\Handlers\FileHandler' driver.
INFO - 2024-09-03 13:15:05 --> Session: Class initialized using 'CodeIgniter\Session\Handlers\FileHandler' driver.
INFO - 2024-09-03 13:15:58 --> Session: Class initialized using 'CodeIgniter\Session\Handlers\FileHandler' driver.
INFO - 2024-09-03 13:16:00 --> Session: Class initialized using 'CodeIgniter\Session\Handlers\FileHandler' driver.
INFO - 2024-09-03 13:16:41 --> Session: Class initialized using 'CodeIgniter\Session\Handlers\FileHandler' driver.
INFO - 2024-09-03 13:16:46 --> Session: Class initialized using 'CodeIgniter\Session\Handlers\FileHandler' driver.
INFO - 2024-09-03 13:16:51 --> Session: Class initialized using 'CodeIgniter\Session\Handlers\FileHandler' driver.
INFO - 2024-09-03 13:17:14 --> Session: Class initialized using 'CodeIgniter\Session\Handlers\FileHandler' driver.
INFO - 2024-09-03 13:17:18 --> Session: Class initialized using 'CodeIgniter\Session\Handlers\FileHandler' driver.
INFO - 2024-09-03 13:17:54 --> Session: Class initialized using 'CodeIgniter\Session\Handlers\FileHandler' driver.
