INFO - 2023-09-06 07:30:13 --> Session: Class initialized using 'CodeIgniter\Session\Handlers\FileHandler' driver.
INFO - 2023-09-06 07:30:16 --> Session: Class initialized using 'CodeIgniter\Session\Handlers\FileHandler' driver.
CRITICAL - 2023-09-06 07:45:07 --> CodeIgniter\Database\BaseBuilder::like(): Argument #2 ($match) must be of type string, null given, called in C:\xampp\htdocs\secondary-back\app\Models\SchoolModel.php on line 132
in SYSTEMPATH\Database\BaseBuilder.php on line 984.
 1 APPPATH\Models\SchoolModel.php(132): CodeIgniter\Database\BaseBuilder->like('name', null)
 2 APPPATH\Controllers\SchoolController.php(17): App\Models\SchoolModel->findSchoolSearch(null)
 3 SYSTEMPATH\CodeIgniter.php(932): App\Controllers\SchoolController->school_filter()
 4 SYSTEMPATH\CodeIgniter.php(497): CodeIgniter\CodeIgniter->runController(Object(App\Controllers\SchoolController))
 5 SYSTEMPATH\CodeIgniter.php(366): CodeIgniter\CodeIgniter->handleRequest(null, Object(Config\Cache), false)
 6 FCPATH\index.php(67): CodeIgniter\CodeIgniter->run()
 7 SYSTEMPATH\Commands\Server\rewrite.php(47): require_once('C:\\xampp\\htdocs\\secondary-back\\public\\index.php')
CRITICAL - 2023-09-06 07:45:08 --> CodeIgniter\Database\BaseBuilder::like(): Argument #2 ($match) must be of type string, null given, called in C:\xampp\htdocs\secondary-back\app\Models\SchoolModel.php on line 132
in SYSTEMPATH\Database\BaseBuilder.php on line 984.
 1 APPPATH\Models\SchoolModel.php(132): CodeIgniter\Database\BaseBuilder->like('name', null)
 2 APPPATH\Controllers\SchoolController.php(17): App\Models\SchoolModel->findSchoolSearch(null)
 3 SYSTEMPATH\CodeIgniter.php(932): App\Controllers\SchoolController->school_filter()
 4 SYSTEMPATH\CodeIgniter.php(497): CodeIgniter\CodeIgniter->runController(Object(App\Controllers\SchoolController))
 5 SYSTEMPATH\CodeIgniter.php(366): CodeIgniter\CodeIgniter->handleRequest(null, Object(Config\Cache), false)
 6 FCPATH\index.php(67): CodeIgniter\CodeIgniter->run()
 7 SYSTEMPATH\Commands\Server\rewrite.php(47): require_once('C:\\xampp\\htdocs\\secondary-back\\public\\index.php')
CRITICAL - 2023-09-06 08:30:39 --> Expired token
in VENDORPATH\firebase\php-jwt\src\JWT.php on line 172.
 1 APPPATH\Filters\AuthFilter.php(52): Firebase\JWT\JWT::decode('eyJ0eXAiOiJKV1QiLCJhbGciOiJIUzI1NiJ9.eyJpc3MiOiJJc3N1ZXIgb2YgdGhlIEpXVCIsImF1ZCI6IkF1ZGllbmNlIHRoYXQgdGhlIEpXVCIsInN1YiI6IlN1YmplY3Qgb2YgdGhlIEpXVCIsImlhdCI6MTY5Mzk4NTQxNiwiZXhwIjoxNjkzOTg5MDE2LCJlbWFpbCI6InRha2FtIGFuZ2UifQ.tYvqXsTFNZ526pz9ufiHBERwFEQ59S3USYc0MwrsJGk', Object(Firebase\JWT\Key))
 2 SYSTEMPATH\Filters\Filters.php(173): App\Filters\AuthFilter->before(Object(CodeIgniter\HTTP\IncomingRequest), null)
 3 SYSTEMPATH\CodeIgniter.php(471): CodeIgniter\Filters\Filters->run('year/actif', 'before')
 4 SYSTEMPATH\CodeIgniter.php(366): CodeIgniter\CodeIgniter->handleRequest(null, Object(Config\Cache), false)
 5 FCPATH\index.php(67): CodeIgniter\CodeIgniter->run()
 6 SYSTEMPATH\Commands\Server\rewrite.php(47): require_once('C:\\xampp\\htdocs\\secondary-back\\public\\index.php')
CRITICAL - 2023-09-06 08:32:53 --> Expired token
in VENDORPATH\firebase\php-jwt\src\JWT.php on line 172.
 1 APPPATH\Filters\AuthFilter.php(52): Firebase\JWT\JWT::decode('eyJ0eXAiOiJKV1QiLCJhbGciOiJIUzI1NiJ9.eyJpc3MiOiJJc3N1ZXIgb2YgdGhlIEpXVCIsImF1ZCI6IkF1ZGllbmNlIHRoYXQgdGhlIEpXVCIsInN1YiI6IlN1YmplY3Qgb2YgdGhlIEpXVCIsImlhdCI6MTY5Mzk4NTQxNiwiZXhwIjoxNjkzOTg5MDE2LCJlbWFpbCI6InRha2FtIGFuZ2UifQ.tYvqXsTFNZ526pz9ufiHBERwFEQ59S3USYc0MwrsJGk', Object(Firebase\JWT\Key))
 2 SYSTEMPATH\Filters\Filters.php(173): App\Filters\AuthFilter->before(Object(CodeIgniter\HTTP\IncomingRequest), null)
 3 SYSTEMPATH\CodeIgniter.php(471): CodeIgniter\Filters\Filters->run('year/actif', 'before')
 4 SYSTEMPATH\CodeIgniter.php(366): CodeIgniter\CodeIgniter->handleRequest(null, Object(Config\Cache), false)
 5 FCPATH\index.php(67): CodeIgniter\CodeIgniter->run()
 6 SYSTEMPATH\Commands\Server\rewrite.php(47): require_once('C:\\xampp\\htdocs\\secondary-back\\public\\index.php')
CRITICAL - 2023-09-06 08:33:50 --> Expired token
in VENDORPATH\firebase\php-jwt\src\JWT.php on line 172.
 1 APPPATH\Filters\AuthFilter.php(52): Firebase\JWT\JWT::decode('eyJ0eXAiOiJKV1QiLCJhbGciOiJIUzI1NiJ9.eyJpc3MiOiJJc3N1ZXIgb2YgdGhlIEpXVCIsImF1ZCI6IkF1ZGllbmNlIHRoYXQgdGhlIEpXVCIsInN1YiI6IlN1YmplY3Qgb2YgdGhlIEpXVCIsImlhdCI6MTY5Mzk4NTQxNiwiZXhwIjoxNjkzOTg5MDE2LCJlbWFpbCI6InRha2FtIGFuZ2UifQ.tYvqXsTFNZ526pz9ufiHBERwFEQ59S3USYc0MwrsJGk', Object(Firebase\JWT\Key))
 2 SYSTEMPATH\Filters\Filters.php(173): App\Filters\AuthFilter->before(Object(CodeIgniter\HTTP\IncomingRequest), null)
 3 SYSTEMPATH\CodeIgniter.php(471): CodeIgniter\Filters\Filters->run('year/actif', 'before')
 4 SYSTEMPATH\CodeIgniter.php(366): CodeIgniter\CodeIgniter->handleRequest(null, Object(Config\Cache), false)
 5 FCPATH\index.php(67): CodeIgniter\CodeIgniter->run()
 6 SYSTEMPATH\Commands\Server\rewrite.php(47): require_once('C:\\xampp\\htdocs\\secondary-back\\public\\index.php')
CRITICAL - 2023-09-06 08:34:10 --> Expired token
in VENDORPATH\firebase\php-jwt\src\JWT.php on line 172.
 1 APPPATH\Filters\AuthFilter.php(52): Firebase\JWT\JWT::decode('eyJ0eXAiOiJKV1QiLCJhbGciOiJIUzI1NiJ9.eyJpc3MiOiJJc3N1ZXIgb2YgdGhlIEpXVCIsImF1ZCI6IkF1ZGllbmNlIHRoYXQgdGhlIEpXVCIsInN1YiI6IlN1YmplY3Qgb2YgdGhlIEpXVCIsImlhdCI6MTY5Mzk4NTQxNiwiZXhwIjoxNjkzOTg5MDE2LCJlbWFpbCI6InRha2FtIGFuZ2UifQ.tYvqXsTFNZ526pz9ufiHBERwFEQ59S3USYc0MwrsJGk', Object(Firebase\JWT\Key))
 2 SYSTEMPATH\Filters\Filters.php(173): App\Filters\AuthFilter->before(Object(CodeIgniter\HTTP\IncomingRequest), null)
 3 SYSTEMPATH\CodeIgniter.php(471): CodeIgniter\Filters\Filters->run('year/actif', 'before')
 4 SYSTEMPATH\CodeIgniter.php(366): CodeIgniter\CodeIgniter->handleRequest(null, Object(Config\Cache), false)
 5 FCPATH\index.php(67): CodeIgniter\CodeIgniter->run()
 6 SYSTEMPATH\Commands\Server\rewrite.php(47): require_once('C:\\xampp\\htdocs\\secondary-back\\public\\index.php')
CRITICAL - 2023-09-06 08:38:08 --> Expired token
in VENDORPATH\firebase\php-jwt\src\JWT.php on line 172.
 1 APPPATH\Filters\AuthFilter.php(52): Firebase\JWT\JWT::decode('eyJ0eXAiOiJKV1QiLCJhbGciOiJIUzI1NiJ9.eyJpc3MiOiJJc3N1ZXIgb2YgdGhlIEpXVCIsImF1ZCI6IkF1ZGllbmNlIHRoYXQgdGhlIEpXVCIsInN1YiI6IlN1YmplY3Qgb2YgdGhlIEpXVCIsImlhdCI6MTY5Mzk4NTQxNiwiZXhwIjoxNjkzOTg5MDE2LCJlbWFpbCI6InRha2FtIGFuZ2UifQ.tYvqXsTFNZ526pz9ufiHBERwFEQ59S3USYc0MwrsJGk', Object(Firebase\JWT\Key))
 2 SYSTEMPATH\Filters\Filters.php(173): App\Filters\AuthFilter->before(Object(CodeIgniter\HTTP\IncomingRequest), null)
 3 SYSTEMPATH\CodeIgniter.php(471): CodeIgniter\Filters\Filters->run('year/actif', 'before')
 4 SYSTEMPATH\CodeIgniter.php(366): CodeIgniter\CodeIgniter->handleRequest(null, Object(Config\Cache), false)
 5 FCPATH\index.php(67): CodeIgniter\CodeIgniter->run()
 6 SYSTEMPATH\Commands\Server\rewrite.php(47): require_once('C:\\xampp\\htdocs\\secondary-back\\public\\index.php')
CRITICAL - 2023-09-06 08:43:56 --> Expired token
in VENDORPATH\firebase\php-jwt\src\JWT.php on line 172.
 1 APPPATH\Filters\AuthFilter.php(52): Firebase\JWT\JWT::decode('eyJ0eXAiOiJKV1QiLCJhbGciOiJIUzI1NiJ9.eyJpc3MiOiJJc3N1ZXIgb2YgdGhlIEpXVCIsImF1ZCI6IkF1ZGllbmNlIHRoYXQgdGhlIEpXVCIsInN1YiI6IlN1YmplY3Qgb2YgdGhlIEpXVCIsImlhdCI6MTY5Mzk4NTQxNiwiZXhwIjoxNjkzOTg5MDE2LCJlbWFpbCI6InRha2FtIGFuZ2UifQ.tYvqXsTFNZ526pz9ufiHBERwFEQ59S3USYc0MwrsJGk', Object(Firebase\JWT\Key))
 2 SYSTEMPATH\Filters\Filters.php(173): App\Filters\AuthFilter->before(Object(CodeIgniter\HTTP\IncomingRequest), null)
 3 SYSTEMPATH\CodeIgniter.php(471): CodeIgniter\Filters\Filters->run('year/actif', 'before')
 4 SYSTEMPATH\CodeIgniter.php(366): CodeIgniter\CodeIgniter->handleRequest(null, Object(Config\Cache), false)
 5 FCPATH\index.php(67): CodeIgniter\CodeIgniter->run()
 6 SYSTEMPATH\Commands\Server\rewrite.php(47): require_once('C:\\xampp\\htdocs\\secondary-back\\public\\index.php')
CRITICAL - 2023-09-06 08:50:18 --> Expired token
in VENDORPATH\firebase\php-jwt\src\JWT.php on line 172.
 1 APPPATH\Filters\AuthFilter.php(52): Firebase\JWT\JWT::decode('eyJ0eXAiOiJKV1QiLCJhbGciOiJIUzI1NiJ9.eyJpc3MiOiJJc3N1ZXIgb2YgdGhlIEpXVCIsImF1ZCI6IkF1ZGllbmNlIHRoYXQgdGhlIEpXVCIsInN1YiI6IlN1YmplY3Qgb2YgdGhlIEpXVCIsImlhdCI6MTY5Mzk4NTQxNiwiZXhwIjoxNjkzOTg5MDE2LCJlbWFpbCI6InRha2FtIGFuZ2UifQ.tYvqXsTFNZ526pz9ufiHBERwFEQ59S3USYc0MwrsJGk', Object(Firebase\JWT\Key))
 2 SYSTEMPATH\Filters\Filters.php(173): App\Filters\AuthFilter->before(Object(CodeIgniter\HTTP\IncomingRequest), null)
 3 SYSTEMPATH\CodeIgniter.php(471): CodeIgniter\Filters\Filters->run('year/actif', 'before')
 4 SYSTEMPATH\CodeIgniter.php(366): CodeIgniter\CodeIgniter->handleRequest(null, Object(Config\Cache), false)
 5 FCPATH\index.php(67): CodeIgniter\CodeIgniter->run()
 6 SYSTEMPATH\Commands\Server\rewrite.php(47): require_once('C:\\xampp\\htdocs\\secondary-back\\public\\index.php')
CRITICAL - 2023-09-06 08:52:16 --> Expired token
in VENDORPATH\firebase\php-jwt\src\JWT.php on line 172.
 1 APPPATH\Filters\AuthFilter.php(52): Firebase\JWT\JWT::decode('eyJ0eXAiOiJKV1QiLCJhbGciOiJIUzI1NiJ9.eyJpc3MiOiJJc3N1ZXIgb2YgdGhlIEpXVCIsImF1ZCI6IkF1ZGllbmNlIHRoYXQgdGhlIEpXVCIsInN1YiI6IlN1YmplY3Qgb2YgdGhlIEpXVCIsImlhdCI6MTY5Mzk4NTQxNiwiZXhwIjoxNjkzOTg5MDE2LCJlbWFpbCI6InRha2FtIGFuZ2UifQ.tYvqXsTFNZ526pz9ufiHBERwFEQ59S3USYc0MwrsJGk', Object(Firebase\JWT\Key))
 2 SYSTEMPATH\Filters\Filters.php(173): App\Filters\AuthFilter->before(Object(CodeIgniter\HTTP\IncomingRequest), null)
 3 SYSTEMPATH\CodeIgniter.php(471): CodeIgniter\Filters\Filters->run('year/actif', 'before')
 4 SYSTEMPATH\CodeIgniter.php(366): CodeIgniter\CodeIgniter->handleRequest(null, Object(Config\Cache), false)
 5 FCPATH\index.php(67): CodeIgniter\CodeIgniter->run()
 6 SYSTEMPATH\Commands\Server\rewrite.php(47): require_once('C:\\xampp\\htdocs\\secondary-back\\public\\index.php')
CRITICAL - 2023-09-06 08:53:05 --> Expired token
in VENDORPATH\firebase\php-jwt\src\JWT.php on line 172.
 1 APPPATH\Filters\AuthFilter.php(52): Firebase\JWT\JWT::decode('eyJ0eXAiOiJKV1QiLCJhbGciOiJIUzI1NiJ9.eyJpc3MiOiJJc3N1ZXIgb2YgdGhlIEpXVCIsImF1ZCI6IkF1ZGllbmNlIHRoYXQgdGhlIEpXVCIsInN1YiI6IlN1YmplY3Qgb2YgdGhlIEpXVCIsImlhdCI6MTY5Mzk4NTQxNiwiZXhwIjoxNjkzOTg5MDE2LCJlbWFpbCI6InRha2FtIGFuZ2UifQ.tYvqXsTFNZ526pz9ufiHBERwFEQ59S3USYc0MwrsJGk', Object(Firebase\JWT\Key))
 2 SYSTEMPATH\Filters\Filters.php(173): App\Filters\AuthFilter->before(Object(CodeIgniter\HTTP\IncomingRequest), null)
 3 SYSTEMPATH\CodeIgniter.php(471): CodeIgniter\Filters\Filters->run('year/actif', 'before')
 4 SYSTEMPATH\CodeIgniter.php(366): CodeIgniter\CodeIgniter->handleRequest(null, Object(Config\Cache), false)
 5 FCPATH\index.php(67): CodeIgniter\CodeIgniter->run()
 6 SYSTEMPATH\Commands\Server\rewrite.php(47): require_once('C:\\xampp\\htdocs\\secondary-back\\public\\index.php')
INFO - 2023-09-06 09:54:32 --> Session: Class initialized using 'CodeIgniter\Session\Handlers\FileHandler' driver.
INFO - 2023-09-06 10:45:23 --> Session: Class initialized using 'CodeIgniter\Session\Handlers\FileHandler' driver.
INFO - 2023-09-06 10:48:57 --> Session: Class initialized using 'CodeIgniter\Session\Handlers\FileHandler' driver.
INFO - 2023-09-06 10:49:39 --> Session: Class initialized using 'CodeIgniter\Session\Handlers\FileHandler' driver.
INFO - 2023-09-06 10:52:31 --> Session: Class initialized using 'CodeIgniter\Session\Handlers\FileHandler' driver.
INFO - 2023-09-06 19:16:55 --> Session: Class initialized using 'CodeIgniter\Session\Handlers\FileHandler' driver.
INFO - 2023-09-06 19:17:05 --> Session: Class initialized using 'CodeIgniter\Session\Handlers\FileHandler' driver.
INFO - 2023-09-06 19:17:37 --> Session: Class initialized using 'CodeIgniter\Session\Handlers\FileHandler' driver.
INFO - 2023-09-06 19:28:46 --> Session: Class initialized using 'CodeIgniter\Session\Handlers\FileHandler' driver.
INFO - 2023-09-06 19:28:49 --> Session: Class initialized using 'CodeIgniter\Session\Handlers\FileHandler' driver.
INFO - 2023-09-06 19:29:08 --> Session: Class initialized using 'CodeIgniter\Session\Handlers\FileHandler' driver.
INFO - 2023-09-06 19:29:10 --> Session: Class initialized using 'CodeIgniter\Session\Handlers\FileHandler' driver.
CRITICAL - 2023-09-06 19:44:30 --> Too few arguments to function App\Models\SchoolModel::getSchool(), 1 passed in C:\xampp\htdocs\secondary-back\app\Controllers\SchoolController.php on line 352 and exactly 2 expected
in APPPATH\Models\SchoolModel.php on line 58.
 1 APPPATH\Controllers\SchoolController.php(352): App\Models\SchoolModel->getSchool('1')
 2 SYSTEMPATH\CodeIgniter.php(932): App\Controllers\SchoolController->selectschool('1')
 3 SYSTEMPATH\CodeIgniter.php(497): CodeIgniter\CodeIgniter->runController(Object(App\Controllers\SchoolController))
 4 SYSTEMPATH\CodeIgniter.php(366): CodeIgniter\CodeIgniter->handleRequest(null, Object(Config\Cache), false)
 5 FCPATH\index.php(67): CodeIgniter\CodeIgniter->run()
 6 SYSTEMPATH\Commands\Server\rewrite.php(47): require_once('C:\\xampp\\htdocs\\secondary-back\\public\\index.php')
CRITICAL - 2023-09-06 19:47:52 --> Array and string offset access syntax with curly braces is no longer supported
in APPPATH\Controllers\SchoolController.php on line 365.
 1 [internal function]: CodeIgniter\Debug\Exceptions->shutdownHandler()
INFO - 2023-09-06 19:50:08 --> Session: Class initialized using 'CodeIgniter\Session\Handlers\FileHandler' driver.
INFO - 2023-09-06 19:50:10 --> Session: Class initialized using 'CodeIgniter\Session\Handlers\FileHandler' driver.
INFO - 2023-09-06 20:00:08 --> Session: Class initialized using 'CodeIgniter\Session\Handlers\FileHandler' driver.
INFO - 2023-09-06 20:00:10 --> Session: Class initialized using 'CodeIgniter\Session\Handlers\FileHandler' driver.
CRITICAL - 2023-09-06 20:04:13 --> Too few arguments to function App\Models\SchoolModel::findAllSchoolByidSchool(), 0 passed in C:\xampp\htdocs\secondary-back\app\Controllers\SchoolController.php on line 37 and exactly 1 expected
in APPPATH\Models\SchoolModel.php on line 136.
 1 APPPATH\Controllers\SchoolController.php(37): App\Models\SchoolModel->findAllSchoolByidSchool()
 2 SYSTEMPATH\CodeIgniter.php(932): App\Controllers\SchoolController->liste_school('2')
 3 SYSTEMPATH\CodeIgniter.php(497): CodeIgniter\CodeIgniter->runController(Object(App\Controllers\SchoolController))
 4 SYSTEMPATH\CodeIgniter.php(366): CodeIgniter\CodeIgniter->handleRequest(null, Object(Config\Cache), false)
 5 FCPATH\index.php(67): CodeIgniter\CodeIgniter->run()
 6 SYSTEMPATH\Commands\Server\rewrite.php(47): require_once('C:\\xampp\\htdocs\\secondary-back\\public\\index.php')
INFO - 2023-09-06 20:04:57 --> Session: Class initialized using 'CodeIgniter\Session\Handlers\FileHandler' driver.
INFO - 2023-09-06 20:05:02 --> Session: Class initialized using 'CodeIgniter\Session\Handlers\FileHandler' driver.
INFO - 2023-09-06 20:08:45 --> Session: Class initialized using 'CodeIgniter\Session\Handlers\FileHandler' driver.
INFO - 2023-09-06 20:09:24 --> Session: Class initialized using 'CodeIgniter\Session\Handlers\FileHandler' driver.
INFO - 2023-09-06 20:09:41 --> Session: Class initialized using 'CodeIgniter\Session\Handlers\FileHandler' driver.
INFO - 2023-09-06 20:09:48 --> Session: Class initialized using 'CodeIgniter\Session\Handlers\FileHandler' driver.
INFO - 2023-09-06 20:14:24 --> Session: Class initialized using 'CodeIgniter\Session\Handlers\FileHandler' driver.
INFO - 2023-09-06 20:14:27 --> Session: Class initialized using 'CodeIgniter\Session\Handlers\FileHandler' driver.
