CRITICAL - 2023-08-22 16:10:36 --> syntax error, unexpected token ";", expecting "]"
in APPPATH\Controllers\SchoolController.php on line 171.
 1 SYSTEMPATH\Autoloader\Autoloader.php(289): CodeIgniter\Autoloader\Autoloader->includeFile('C:\\xampp\\htdocs\\secondary\\secondary-back\\app\\Controllers\\SchoolController.php')
 2 SYSTEMPATH\Autoloader\Autoloader.php(267): CodeIgniter\Autoloader\Autoloader->loadInNamespace('App\\Controllers\\SchoolController')
 3 [internal function]: CodeIgniter\Autoloader\Autoloader->loadClass('App\\Controllers\\SchoolController')
 4 SYSTEMPATH\CodeIgniter.php(890): class_exists('\\App\\Controllers\\SchoolController', true)
 5 SYSTEMPATH\CodeIgniter.php(484): CodeIgniter\CodeIgniter->startController()
 6 SYSTEMPATH\CodeIgniter.php(366): CodeIgniter\CodeIgniter->handleRequest(null, Object(Config\Cache), false)
 7 FCPATH\index.php(67): CodeIgniter\CodeIgniter->run()
 8 SYSTEMPATH\Commands\Server\rewrite.php(47): require_once('C:\\xampp\\htdocs\\secondary\\secondary-back\\public\\index.php')
CRITICAL - 2023-08-22 16:11:47 --> syntax error, unexpected token ";", expecting "]"
in APPPATH\Controllers\SchoolController.php on line 171.
 1 SYSTEMPATH\Autoloader\Autoloader.php(289): CodeIgniter\Autoloader\Autoloader->includeFile('C:\\xampp\\htdocs\\secondary\\secondary-back\\app\\Controllers\\SchoolController.php')
 2 SYSTEMPATH\Autoloader\Autoloader.php(267): CodeIgniter\Autoloader\Autoloader->loadInNamespace('App\\Controllers\\SchoolController')
 3 [internal function]: CodeIgniter\Autoloader\Autoloader->loadClass('App\\Controllers\\SchoolController')
 4 SYSTEMPATH\CodeIgniter.php(890): class_exists('\\App\\Controllers\\SchoolController', true)
 5 SYSTEMPATH\CodeIgniter.php(484): CodeIgniter\CodeIgniter->startController()
 6 SYSTEMPATH\CodeIgniter.php(366): CodeIgniter\CodeIgniter->handleRequest(null, Object(Config\Cache), false)
 7 FCPATH\index.php(67): CodeIgniter\CodeIgniter->run()
 8 SYSTEMPATH\Commands\Server\rewrite.php(47): require_once('C:\\xampp\\htdocs\\secondary\\secondary-back\\public\\index.php')
CRITICAL - 2023-08-22 16:13:27 --> Class "App\Controllers\DocumentModel" not found
in APPPATH\Controllers\DocumentController.php on line 19.
 1 SYSTEMPATH\CodeIgniter.php(932): App\Controllers\DocumentController->insertdocument()
 2 SYSTEMPATH\CodeIgniter.php(497): CodeIgniter\CodeIgniter->runController(Object(App\Controllers\DocumentController))
 3 SYSTEMPATH\CodeIgniter.php(366): CodeIgniter\CodeIgniter->handleRequest(null, Object(Config\Cache), false)
 4 FCPATH\index.php(67): CodeIgniter\CodeIgniter->run()
 5 SYSTEMPATH\Commands\Server\rewrite.php(47): require_once('C:\\xampp\\htdocs\\secondary\\secondary-back\\public\\index.php')
CRITICAL - 2023-08-22 16:16:22 --> syntax error, unexpected token "else"
in APPPATH\Controllers\SchoolController.php on line 213.
 1 SYSTEMPATH\Autoloader\Autoloader.php(289): CodeIgniter\Autoloader\Autoloader->includeFile('C:\\xampp\\htdocs\\secondary\\secondary-back\\app\\Controllers\\SchoolController.php')
 2 SYSTEMPATH\Autoloader\Autoloader.php(267): CodeIgniter\Autoloader\Autoloader->loadInNamespace('App\\Controllers\\SchoolController')
 3 [internal function]: CodeIgniter\Autoloader\Autoloader->loadClass('App\\Controllers\\SchoolController')
 4 SYSTEMPATH\CodeIgniter.php(890): class_exists('\\App\\Controllers\\SchoolController', true)
 5 SYSTEMPATH\CodeIgniter.php(484): CodeIgniter\CodeIgniter->startController()
 6 SYSTEMPATH\CodeIgniter.php(366): CodeIgniter\CodeIgniter->handleRequest(null, Object(Config\Cache), false)
 7 FCPATH\index.php(67): CodeIgniter\CodeIgniter->run()
 8 SYSTEMPATH\Commands\Server\rewrite.php(47): require_once('C:\\xampp\\htdocs\\secondary\\secondary-back\\public\\index.php')
CRITICAL - 2023-08-22 16:17:43 --> Namespace declaration statement has to be the very first statement or after any declare call in the script
in APPPATH\Controllers\SchoolController.php on line 3.
 1 [internal function]: CodeIgniter\Debug\Exceptions->shutdownHandler()
CRITICAL - 2023-08-22 16:18:13 --> Class "CodeIgniter\DotEnv\DotEnv" not found
in APPPATH\Controllers\SchoolController.php on line 16.
 1 SYSTEMPATH\CodeIgniter.php(932): App\Controllers\SchoolController->insertschool()
 2 SYSTEMPATH\CodeIgniter.php(497): CodeIgniter\CodeIgniter->runController(Object(App\Controllers\SchoolController))
 3 SYSTEMPATH\CodeIgniter.php(366): CodeIgniter\CodeIgniter->handleRequest(null, Object(Config\Cache), false)
 4 FCPATH\index.php(67): CodeIgniter\CodeIgniter->run()
 5 SYSTEMPATH\Commands\Server\rewrite.php(47): require_once('C:\\xampp\\htdocs\\secondary\\secondary-back\\public\\index.php')
