INFO - 2023-08-31 06:56:23 --> Session: Class initialized using 'CodeIgniter\Session\Handlers\FileHandler' driver.
INFO - 2023-08-31 06:56:30 --> Session: Class initialized using 'CodeIgniter\Session\Handlers\FileHandler' driver.
INFO - 2023-08-31 06:56:42 --> Session: Class initialized using 'CodeIgniter\Session\Handlers\FileHandler' driver.
INFO - 2023-08-31 06:56:49 --> Session: Class initialized using 'CodeIgniter\Session\Handlers\FileHandler' driver.
CRITICAL - 2023-08-31 07:50:43 --> Invalid file: "../components/footer.php"
in SYSTEMPATH\Exceptions\FrameworkException.php on line 33.
 1 SYSTEMPATH\View\View.php(212): CodeIgniter\Exceptions\FrameworkException::forInvalidFile('../components/footer.php')
 2 SYSTEMPATH\View\View.php(452): CodeIgniter\View\View->render('../components/footer.php', null, true)
 3 APPPATH\Views\school\save.php(154): CodeIgniter\View\View->include('../components/footer.php')
 4 SYSTEMPATH\View\View.php(224): include('C:\\xampp\\htdocs\\secondary-back\\app\\Views\\school\\save.php')
 5 SYSTEMPATH\View\View.php(227): CodeIgniter\View\View->CodeIgniter\View\{closure}()
 6 SYSTEMPATH\Common.php(1180): CodeIgniter\View\View->render('school/save.php', [], true)
 7 APPPATH\Controllers\Home.php(23): view('school/save.php')
 8 SYSTEMPATH\CodeIgniter.php(932): App\Controllers\Home->save()
 9 SYSTEMPATH\CodeIgniter.php(497): CodeIgniter\CodeIgniter->runController(Object(App\Controllers\Home))
10 SYSTEMPATH\CodeIgniter.php(366): CodeIgniter\CodeIgniter->handleRequest(null, Object(Config\Cache), false)
11 FCPATH\index.php(67): CodeIgniter\CodeIgniter->run()
12 SYSTEMPATH\Commands\Server\rewrite.php(47): require_once('C:\\xampp\\htdocs\\secondary-back\\public\\index.php')
INFO - 2023-08-31 18:18:28 --> Session: Class initialized using 'CodeIgniter\Session\Handlers\FileHandler' driver.
INFO - 2023-08-31 18:18:32 --> Session: Class initialized using 'CodeIgniter\Session\Handlers\FileHandler' driver.
CRITICAL - 2023-08-31 18:36:26 --> syntax error, unexpected identifier "code"
in APPPATH\Controllers\SchoolController.php on line 43.
 1 SYSTEMPATH\Autoloader\Autoloader.php(289): CodeIgniter\Autoloader\Autoloader->includeFile('C:\\xampp\\htdocs\\secondary-back\\app\\Controllers\\SchoolController.php')
 2 SYSTEMPATH\Autoloader\Autoloader.php(267): CodeIgniter\Autoloader\Autoloader->loadInNamespace('App\\Controllers\\SchoolController')
 3 [internal function]: CodeIgniter\Autoloader\Autoloader->loadClass('App\\Controllers\\SchoolController')
 4 SYSTEMPATH\CodeIgniter.php(890): class_exists('\\App\\Controllers\\SchoolController', true)
 5 SYSTEMPATH\CodeIgniter.php(484): CodeIgniter\CodeIgniter->startController()
 6 SYSTEMPATH\CodeIgniter.php(366): CodeIgniter\CodeIgniter->handleRequest(null, Object(Config\Cache), false)
 7 FCPATH\index.php(67): CodeIgniter\CodeIgniter->run()
 8 SYSTEMPATH\Commands\Server\rewrite.php(47): require_once('C:\\xampp\\htdocs\\secondary-back\\public\\index.php')
ERROR - 2023-08-31 18:53:02 --> ErrorException: SQLite3::exec(): table `year` already exists in C:\xampp\htdocs\secondary-back\vendor\codeigniter4\framework\system\Database\SQLite3\Connection.php:145
Stack trace:
#0 [internal function]: CodeIgniter\Debug\Exceptions->errorHandler(2, 'SQLite3::exec()...', 'C:\\xampp\\htdocs...', 145)
#1 C:\xampp\htdocs\secondary-back\vendor\codeigniter4\framework\system\Database\SQLite3\Connection.php(145): SQLite3->exec('CREATE TABLE `y...')
#2 C:\xampp\htdocs\secondary-back\vendor\codeigniter4\framework\system\Database\BaseConnection.php(692): CodeIgniter\Database\SQLite3\Connection->execute('CREATE TABLE `y...')
#3 C:\xampp\htdocs\secondary-back\vendor\codeigniter4\framework\system\Database\BaseConnection.php(606): CodeIgniter\Database\BaseConnection->simpleQuery('CREATE TABLE `y...')
#4 C:\xampp\htdocs\secondary-back\vendor\codeigniter4\framework\system\Database\Forge.php(546): CodeIgniter\Database\BaseConnection->query('CREATE TABLE `y...')
#5 C:\xampp\htdocs\secondary-back\app\Database\Migrations\2023-08-17-161143_YearMigrate.php(50): CodeIgniter\Database\Forge->createTable('year')
#6 C:\xampp\htdocs\secondary-back\vendor\codeigniter4\framework\system\Database\MigrationRunner.php(877): App\Database\Migrations\YearMigrate->up()
#7 C:\xampp\htdocs\secondary-back\vendor\codeigniter4\framework\system\Database\MigrationRunner.php(188): CodeIgniter\Database\MigrationRunner->migrate('up', Object(stdClass))
#8 C:\xampp\htdocs\secondary-back\vendor\codeigniter4\framework\system\Commands\Database\Migrate.php(84): CodeIgniter\Database\MigrationRunner->latest(NULL)
#9 C:\xampp\htdocs\secondary-back\vendor\codeigniter4\framework\system\CLI\Commands.php(65): CodeIgniter\Commands\Database\Migrate->run(Array)
#10 C:\xampp\htdocs\secondary-back\vendor\codeigniter4\framework\system\CLI\Console.php(37): CodeIgniter\CLI\Commands->run('migrate', Array)
#11 C:\xampp\htdocs\secondary-back\spark(97): CodeIgniter\CLI\Console->run()
#12 {main}
ERROR - 2023-08-31 18:53:27 --> ErrorException: SQLite3::exec(): table `year` already exists in C:\xampp\htdocs\secondary-back\vendor\codeigniter4\framework\system\Database\SQLite3\Connection.php:145
Stack trace:
#0 [internal function]: CodeIgniter\Debug\Exceptions->errorHandler(2, 'SQLite3::exec()...', 'C:\\xampp\\htdocs...', 145)
#1 C:\xampp\htdocs\secondary-back\vendor\codeigniter4\framework\system\Database\SQLite3\Connection.php(145): SQLite3->exec('CREATE TABLE `y...')
#2 C:\xampp\htdocs\secondary-back\vendor\codeigniter4\framework\system\Database\BaseConnection.php(692): CodeIgniter\Database\SQLite3\Connection->execute('CREATE TABLE `y...')
#3 C:\xampp\htdocs\secondary-back\vendor\codeigniter4\framework\system\Database\BaseConnection.php(606): CodeIgniter\Database\BaseConnection->simpleQuery('CREATE TABLE `y...')
#4 C:\xampp\htdocs\secondary-back\vendor\codeigniter4\framework\system\Database\Forge.php(546): CodeIgniter\Database\BaseConnection->query('CREATE TABLE `y...')
#5 C:\xampp\htdocs\secondary-back\app\Database\Migrations\2023-08-17-161143_YearMigrate.php(50): CodeIgniter\Database\Forge->createTable('year')
#6 C:\xampp\htdocs\secondary-back\vendor\codeigniter4\framework\system\Database\MigrationRunner.php(877): App\Database\Migrations\YearMigrate->up()
#7 C:\xampp\htdocs\secondary-back\vendor\codeigniter4\framework\system\Database\MigrationRunner.php(188): CodeIgniter\Database\MigrationRunner->migrate('up', Object(stdClass))
#8 C:\xampp\htdocs\secondary-back\vendor\codeigniter4\framework\system\Commands\Database\Migrate.php(84): CodeIgniter\Database\MigrationRunner->latest(NULL)
#9 C:\xampp\htdocs\secondary-back\vendor\codeigniter4\framework\system\CLI\Commands.php(65): CodeIgniter\Commands\Database\Migrate->run(Array)
#10 C:\xampp\htdocs\secondary-back\vendor\codeigniter4\framework\system\CLI\Console.php(37): CodeIgniter\CLI\Commands->run('migrate', Array)
#11 C:\xampp\htdocs\secondary-back\spark(97): CodeIgniter\CLI\Console->run()
#12 {main}
CRITICAL - 2023-08-31 19:16:57 --> Undefined variable $dotenv
in APPPATH\Controllers\SchoolController.php on line 82.
 1 APPPATH\Controllers\SchoolController.php(82): CodeIgniter\Debug\Exceptions->errorHandler(2, 'Undefined variable $dotenv', 'C:\\xampp\\htdocs\\secondary-back\\app\\Controllers\\SchoolController.php', 82)
 2 SYSTEMPATH\CodeIgniter.php(932): App\Controllers\SchoolController->insertschool()
 3 SYSTEMPATH\CodeIgniter.php(497): CodeIgniter\CodeIgniter->runController(Object(App\Controllers\SchoolController))
 4 SYSTEMPATH\CodeIgniter.php(366): CodeIgniter\CodeIgniter->handleRequest(null, Object(Config\Cache), false)
 5 FCPATH\index.php(67): CodeIgniter\CodeIgniter->run()
 6 SYSTEMPATH\Commands\Server\rewrite.php(47): require_once('C:\\xampp\\htdocs\\secondary-back\\public\\index.php')
CRITICAL - 2023-08-31 19:25:37 --> Expired token
in VENDORPATH\firebase\php-jwt\src\JWT.php on line 172.
 1 APPPATH\Filters\AuthFilter.php(52): Firebase\JWT\JWT::decode('eyJ0eXAiOiJKV1QiLCJhbGciOiJIUzI1NiJ9.eyJpc3MiOiJJc3N1ZXIgb2YgdGhlIEpXVCIsImF1ZCI6IkF1ZGllbmNlIHRoYXQgdGhlIEpXVCIsInN1YiI6IlN1YmplY3Qgb2YgdGhlIEpXVCIsImlhdCI6MTY5MzUwNTkxMiwiZXhwIjoxNjkzNTA5NTEyLCJlbWFpbCI6InRha2FtIGFuZ2UifQ.IYWjYtZx7SKqGIlXHd9nnkpJpepTkH76CPSWPMpsgCQ', Object(Firebase\JWT\Key))
 2 SYSTEMPATH\Filters\Filters.php(173): App\Filters\AuthFilter->before(Object(CodeIgniter\HTTP\IncomingRequest), null)
 3 SYSTEMPATH\CodeIgniter.php(471): CodeIgniter\Filters\Filters->run('school/insert', 'before')
 4 SYSTEMPATH\CodeIgniter.php(366): CodeIgniter\CodeIgniter->handleRequest(null, Object(Config\Cache), false)
 5 FCPATH\index.php(67): CodeIgniter\CodeIgniter->run()
 6 SYSTEMPATH\Commands\Server\rewrite.php(47): require_once('C:\\xampp\\htdocs\\secondary-back\\public\\index.php')
INFO - 2023-08-31 19:30:13 --> Session: Class initialized using 'CodeIgniter\Session\Handlers\FileHandler' driver.
INFO - 2023-08-31 19:30:59 --> Session: Class initialized using 'CodeIgniter\Session\Handlers\FileHandler' driver.
INFO - 2023-08-31 19:31:04 --> Session: Class initialized using 'CodeIgniter\Session\Handlers\FileHandler' driver.
INFO - 2023-08-31 19:31:07 --> Session: Class initialized using 'CodeIgniter\Session\Handlers\FileHandler' driver.
INFO - 2023-08-31 19:31:09 --> Session: Class initialized using 'CodeIgniter\Session\Handlers\FileHandler' driver.
INFO - 2023-08-31 19:31:13 --> Session: Class initialized using 'CodeIgniter\Session\Handlers\FileHandler' driver.
INFO - 2023-08-31 19:32:37 --> Session: Class initialized using 'CodeIgniter\Session\Handlers\FileHandler' driver.
INFO - 2023-08-31 19:32:39 --> Session: Class initialized using 'CodeIgniter\Session\Handlers\FileHandler' driver.
INFO - 2023-08-31 19:32:44 --> Session: Class initialized using 'CodeIgniter\Session\Handlers\FileHandler' driver.
INFO - 2023-08-31 19:33:15 --> Session: Class initialized using 'CodeIgniter\Session\Handlers\FileHandler' driver.
INFO - 2023-08-31 19:33:17 --> Session: Class initialized using 'CodeIgniter\Session\Handlers\FileHandler' driver.
INFO - 2023-08-31 19:34:12 --> Session: Class initialized using 'CodeIgniter\Session\Handlers\FileHandler' driver.
INFO - 2023-08-31 19:34:14 --> Session: Class initialized using 'CodeIgniter\Session\Handlers\FileHandler' driver.
INFO - 2023-08-31 19:34:17 --> Session: Class initialized using 'CodeIgniter\Session\Handlers\FileHandler' driver.
INFO - 2023-08-31 19:34:37 --> Session: Class initialized using 'CodeIgniter\Session\Handlers\FileHandler' driver.
INFO - 2023-08-31 19:34:42 --> Session: Class initialized using 'CodeIgniter\Session\Handlers\FileHandler' driver.
INFO - 2023-08-31 19:34:50 --> Session: Class initialized using 'CodeIgniter\Session\Handlers\FileHandler' driver.
INFO - 2023-08-31 19:34:52 --> Session: Class initialized using 'CodeIgniter\Session\Handlers\FileHandler' driver.
INFO - 2023-08-31 19:36:11 --> Session: Class initialized using 'CodeIgniter\Session\Handlers\FileHandler' driver.
INFO - 2023-08-31 19:36:16 --> Session: Class initialized using 'CodeIgniter\Session\Handlers\FileHandler' driver.
INFO - 2023-08-31 19:36:18 --> Session: Class initialized using 'CodeIgniter\Session\Handlers\FileHandler' driver.
INFO - 2023-08-31 19:36:53 --> Session: Class initialized using 'CodeIgniter\Session\Handlers\FileHandler' driver.
INFO - 2023-08-31 19:37:14 --> Session: Class initialized using 'CodeIgniter\Session\Handlers\FileHandler' driver.
INFO - 2023-08-31 19:37:15 --> Session: Class initialized using 'CodeIgniter\Session\Handlers\FileHandler' driver.
INFO - 2023-08-31 19:39:12 --> Session: Class initialized using 'CodeIgniter\Session\Handlers\FileHandler' driver.
INFO - 2023-08-31 19:39:16 --> Session: Class initialized using 'CodeIgniter\Session\Handlers\FileHandler' driver.
INFO - 2023-08-31 19:39:21 --> Session: Class initialized using 'CodeIgniter\Session\Handlers\FileHandler' driver.
INFO - 2023-08-31 19:39:24 --> Session: Class initialized using 'CodeIgniter\Session\Handlers\FileHandler' driver.
CRITICAL - 2023-08-31 19:40:03 --> Undefined variable $dotenv
in APPPATH\Controllers\SchoolController.php on line 82.
 1 APPPATH\Controllers\SchoolController.php(82): CodeIgniter\Debug\Exceptions->errorHandler(2, 'Undefined variable $dotenv', 'C:\\xampp\\htdocs\\secondary-back\\app\\Controllers\\SchoolController.php', 82)
 2 SYSTEMPATH\CodeIgniter.php(932): App\Controllers\SchoolController->insertschool()
 3 SYSTEMPATH\CodeIgniter.php(497): CodeIgniter\CodeIgniter->runController(Object(App\Controllers\SchoolController))
 4 SYSTEMPATH\CodeIgniter.php(366): CodeIgniter\CodeIgniter->handleRequest(null, Object(Config\Cache), false)
 5 FCPATH\index.php(67): CodeIgniter\CodeIgniter->run()
 6 SYSTEMPATH\Commands\Server\rewrite.php(47): require_once('C:\\xampp\\htdocs\\secondary-back\\public\\index.php')
CRITICAL - 2023-08-31 19:42:19 --> Undefined variable $verdic
in APPPATH\Controllers\SchoolController.php on line 85.
 1 APPPATH\Controllers\SchoolController.php(85): CodeIgniter\Debug\Exceptions->errorHandler(2, 'Undefined variable $verdic', 'C:\\xampp\\htdocs\\secondary-back\\app\\Controllers\\SchoolController.php', 85)
 2 SYSTEMPATH\CodeIgniter.php(932): App\Controllers\SchoolController->insertschool()
 3 SYSTEMPATH\CodeIgniter.php(497): CodeIgniter\CodeIgniter->runController(Object(App\Controllers\SchoolController))
 4 SYSTEMPATH\CodeIgniter.php(366): CodeIgniter\CodeIgniter->handleRequest(null, Object(Config\Cache), false)
 5 FCPATH\index.php(67): CodeIgniter\CodeIgniter->run()
 6 SYSTEMPATH\Commands\Server\rewrite.php(47): require_once('C:\\xampp\\htdocs\\secondary-back\\public\\index.php')
