ERROR - 2023-08-21 10:40:38 --> Error connecting to the database: Error: Class "SQLite3" not found in /var/www/html/secondary-back/vendor/codeigniter4/framework/system/Database/SQLite3/Connection.php:89
Stack trace:
#0 /var/www/html/secondary-back/vendor/codeigniter4/framework/system/Database/BaseConnection.php(391): CodeIgniter\Database\SQLite3\Connection->connect()
#1 /var/www/html/secondary-back/vendor/codeigniter4/framework/system/Database/SQLite3/Connection.php(59): CodeIgniter\Database\BaseConnection->initialize()
#2 /var/www/html/secondary-back/vendor/codeigniter4/framework/system/Database/BaseConnection.php(574): CodeIgniter\Database\SQLite3\Connection->initialize()
#3 /var/www/html/secondary-back/vendor/codeigniter4/framework/system/Database/BaseConnection.php(1409): CodeIgniter\Database\BaseConnection->query()
#4 /var/www/html/secondary-back/vendor/codeigniter4/framework/system/Database/BaseConnection.php(1428): CodeIgniter\Database\BaseConnection->listTables()
#5 /var/www/html/secondary-back/vendor/codeigniter4/framework/system/Database/MigrationRunner.php(768): CodeIgniter\Database\BaseConnection->tableExists()
#6 /var/www/html/secondary-back/vendor/codeigniter4/framework/system/Database/MigrationRunner.php(168): CodeIgniter\Database\MigrationRunner->ensureTable()
#7 /var/www/html/secondary-back/vendor/codeigniter4/framework/system/Commands/Database/Migrate.php(84): CodeIgniter\Database\MigrationRunner->latest()
#8 /var/www/html/secondary-back/vendor/codeigniter4/framework/system/CLI/Commands.php(65): CodeIgniter\Commands\Database\Migrate->run()
#9 /var/www/html/secondary-back/vendor/codeigniter4/framework/system/CLI/Console.php(37): CodeIgniter\CLI\Commands->run()
#10 /var/www/html/secondary-back/spark(97): CodeIgniter\CLI\Console->run()
#11 {main}
ERROR - 2023-08-21 10:53:33 --> Error connecting to the database: CodeIgniter\Database\Exceptions\DatabaseException: SQLite3 error: Unable to open database: unable to open database file in /var/www/html/secondary-back/vendor/codeigniter4/framework/system/Database/SQLite3/Connection.php:92
Stack trace:
#0 /var/www/html/secondary-back/vendor/codeigniter4/framework/system/Database/BaseConnection.php(391): CodeIgniter\Database\SQLite3\Connection->connect()
#1 /var/www/html/secondary-back/vendor/codeigniter4/framework/system/Database/SQLite3/Connection.php(59): CodeIgniter\Database\BaseConnection->initialize()
#2 /var/www/html/secondary-back/vendor/codeigniter4/framework/system/Database/BaseConnection.php(574): CodeIgniter\Database\SQLite3\Connection->initialize()
#3 /var/www/html/secondary-back/vendor/codeigniter4/framework/system/Database/BaseConnection.php(1409): CodeIgniter\Database\BaseConnection->query()
#4 /var/www/html/secondary-back/vendor/codeigniter4/framework/system/Database/BaseConnection.php(1428): CodeIgniter\Database\BaseConnection->listTables()
#5 /var/www/html/secondary-back/vendor/codeigniter4/framework/system/Database/MigrationRunner.php(768): CodeIgniter\Database\BaseConnection->tableExists()
#6 /var/www/html/secondary-back/vendor/codeigniter4/framework/system/Database/MigrationRunner.php(168): CodeIgniter\Database\MigrationRunner->ensureTable()
#7 /var/www/html/secondary-back/vendor/codeigniter4/framework/system/Commands/Database/Migrate.php(84): CodeIgniter\Database\MigrationRunner->latest()
#8 /var/www/html/secondary-back/vendor/codeigniter4/framework/system/CLI/Commands.php(65): CodeIgniter\Commands\Database\Migrate->run()
#9 /var/www/html/secondary-back/vendor/codeigniter4/framework/system/CLI/Console.php(37): CodeIgniter\CLI\Commands->run()
#10 /var/www/html/secondary-back/spark(97): CodeIgniter\CLI\Console->run()
#11 {main}
ERROR - 2023-08-21 11:20:58 --> Error connecting to the database: CodeIgniter\Database\Exceptions\DatabaseException: SQLite3 error: Unable to open database: unable to open database file in /var/www/html/secondary-back/vendor/codeigniter4/framework/system/Database/SQLite3/Connection.php:92
Stack trace:
#0 /var/www/html/secondary-back/vendor/codeigniter4/framework/system/Database/BaseConnection.php(391): CodeIgniter\Database\SQLite3\Connection->connect()
#1 /var/www/html/secondary-back/vendor/codeigniter4/framework/system/Database/SQLite3/Connection.php(59): CodeIgniter\Database\BaseConnection->initialize()
#2 /var/www/html/secondary-back/vendor/codeigniter4/framework/system/Database/BaseConnection.php(574): CodeIgniter\Database\SQLite3\Connection->initialize()
#3 /var/www/html/secondary-back/vendor/codeigniter4/framework/system/Database/BaseConnection.php(1409): CodeIgniter\Database\BaseConnection->query()
#4 /var/www/html/secondary-back/vendor/codeigniter4/framework/system/Database/BaseConnection.php(1428): CodeIgniter\Database\BaseConnection->listTables()
#5 /var/www/html/secondary-back/vendor/codeigniter4/framework/system/Database/MigrationRunner.php(768): CodeIgniter\Database\BaseConnection->tableExists()
#6 /var/www/html/secondary-back/vendor/codeigniter4/framework/system/Database/MigrationRunner.php(168): CodeIgniter\Database\MigrationRunner->ensureTable()
#7 /var/www/html/secondary-back/vendor/codeigniter4/framework/system/Commands/Database/Migrate.php(84): CodeIgniter\Database\MigrationRunner->latest()
#8 /var/www/html/secondary-back/vendor/codeigniter4/framework/system/CLI/Commands.php(65): CodeIgniter\Commands\Database\Migrate->run()
#9 /var/www/html/secondary-back/vendor/codeigniter4/framework/system/CLI/Console.php(37): CodeIgniter\CLI\Commands->run()
#10 /var/www/html/secondary-back/spark(97): CodeIgniter\CLI\Console->run()
#11 {main}
ERROR - 2023-08-21 11:26:12 --> Error connecting to the database: CodeIgniter\Database\Exceptions\DatabaseException: SQLite3 error: Unable to open database: unable to open database file in /var/www/html/secondary-back/vendor/codeigniter4/framework/system/Database/SQLite3/Connection.php:92
Stack trace:
#0 /var/www/html/secondary-back/vendor/codeigniter4/framework/system/Database/BaseConnection.php(391): CodeIgniter\Database\SQLite3\Connection->connect()
#1 /var/www/html/secondary-back/vendor/codeigniter4/framework/system/Database/SQLite3/Connection.php(59): CodeIgniter\Database\BaseConnection->initialize()
#2 /var/www/html/secondary-back/vendor/codeigniter4/framework/system/Database/BaseConnection.php(574): CodeIgniter\Database\SQLite3\Connection->initialize()
#3 /var/www/html/secondary-back/vendor/codeigniter4/framework/system/Database/BaseConnection.php(1409): CodeIgniter\Database\BaseConnection->query()
#4 /var/www/html/secondary-back/vendor/codeigniter4/framework/system/Database/BaseConnection.php(1428): CodeIgniter\Database\BaseConnection->listTables()
#5 /var/www/html/secondary-back/vendor/codeigniter4/framework/system/Database/MigrationRunner.php(768): CodeIgniter\Database\BaseConnection->tableExists()
#6 /var/www/html/secondary-back/vendor/codeigniter4/framework/system/Database/MigrationRunner.php(168): CodeIgniter\Database\MigrationRunner->ensureTable()
#7 /var/www/html/secondary-back/vendor/codeigniter4/framework/system/Commands/Database/Migrate.php(84): CodeIgniter\Database\MigrationRunner->latest()
#8 /var/www/html/secondary-back/vendor/codeigniter4/framework/system/CLI/Commands.php(65): CodeIgniter\Commands\Database\Migrate->run()
#9 /var/www/html/secondary-back/vendor/codeigniter4/framework/system/CLI/Console.php(37): CodeIgniter\CLI\Commands->run()
#10 /var/www/html/secondary-back/spark(97): CodeIgniter\CLI\Console->run()
#11 {main}
ERROR - 2023-08-21 11:26:27 --> Error connecting to the database: CodeIgniter\Database\Exceptions\DatabaseException: SQLite3 error: Unable to open database: unable to open database file in /var/www/html/secondary-back/vendor/codeigniter4/framework/system/Database/SQLite3/Connection.php:92
Stack trace:
#0 /var/www/html/secondary-back/vendor/codeigniter4/framework/system/Database/BaseConnection.php(391): CodeIgniter\Database\SQLite3\Connection->connect()
#1 /var/www/html/secondary-back/vendor/codeigniter4/framework/system/Database/SQLite3/Connection.php(59): CodeIgniter\Database\BaseConnection->initialize()
#2 /var/www/html/secondary-back/vendor/codeigniter4/framework/system/Database/BaseConnection.php(574): CodeIgniter\Database\SQLite3\Connection->initialize()
#3 /var/www/html/secondary-back/vendor/codeigniter4/framework/system/Database/BaseConnection.php(1409): CodeIgniter\Database\BaseConnection->query()
#4 /var/www/html/secondary-back/vendor/codeigniter4/framework/system/Database/BaseConnection.php(1428): CodeIgniter\Database\BaseConnection->listTables()
#5 /var/www/html/secondary-back/vendor/codeigniter4/framework/system/Database/MigrationRunner.php(768): CodeIgniter\Database\BaseConnection->tableExists()
#6 /var/www/html/secondary-back/vendor/codeigniter4/framework/system/Database/MigrationRunner.php(168): CodeIgniter\Database\MigrationRunner->ensureTable()
#7 /var/www/html/secondary-back/vendor/codeigniter4/framework/system/Commands/Database/Migrate.php(84): CodeIgniter\Database\MigrationRunner->latest()
#8 /var/www/html/secondary-back/vendor/codeigniter4/framework/system/CLI/Commands.php(65): CodeIgniter\Commands\Database\Migrate->run()
#9 /var/www/html/secondary-back/vendor/codeigniter4/framework/system/CLI/Console.php(37): CodeIgniter\CLI\Commands->run()
#10 /var/www/html/secondary-back/spark(97): CodeIgniter\CLI\Console->run()
#11 {main}
ERROR - 2023-08-21 11:30:04 --> Error connecting to the database: CodeIgniter\Database\Exceptions\DatabaseException: SQLite3 error: Unable to open database: unable to open database file in /var/www/html/secondary-back/vendor/codeigniter4/framework/system/Database/SQLite3/Connection.php:92
Stack trace:
#0 /var/www/html/secondary-back/vendor/codeigniter4/framework/system/Database/BaseConnection.php(391): CodeIgniter\Database\SQLite3\Connection->connect()
#1 /var/www/html/secondary-back/vendor/codeigniter4/framework/system/Database/SQLite3/Connection.php(59): CodeIgniter\Database\BaseConnection->initialize()
#2 /var/www/html/secondary-back/vendor/codeigniter4/framework/system/Database/BaseConnection.php(574): CodeIgniter\Database\SQLite3\Connection->initialize()
#3 /var/www/html/secondary-back/vendor/codeigniter4/framework/system/Database/BaseConnection.php(1409): CodeIgniter\Database\BaseConnection->query()
#4 /var/www/html/secondary-back/vendor/codeigniter4/framework/system/Database/BaseConnection.php(1428): CodeIgniter\Database\BaseConnection->listTables()
#5 /var/www/html/secondary-back/vendor/codeigniter4/framework/system/Database/MigrationRunner.php(768): CodeIgniter\Database\BaseConnection->tableExists()
#6 /var/www/html/secondary-back/vendor/codeigniter4/framework/system/Database/MigrationRunner.php(168): CodeIgniter\Database\MigrationRunner->ensureTable()
#7 /var/www/html/secondary-back/vendor/codeigniter4/framework/system/Commands/Database/Migrate.php(84): CodeIgniter\Database\MigrationRunner->latest()
#8 /var/www/html/secondary-back/vendor/codeigniter4/framework/system/CLI/Commands.php(65): CodeIgniter\Commands\Database\Migrate->run()
#9 /var/www/html/secondary-back/vendor/codeigniter4/framework/system/CLI/Console.php(37): CodeIgniter\CLI\Commands->run()
#10 /var/www/html/secondary-back/spark(97): CodeIgniter\CLI\Console->run()
#11 {main}
ERROR - 2023-08-21 11:30:36 --> Error connecting to the database: CodeIgniter\Database\Exceptions\DatabaseException: SQLite3 error: Unable to open database: unable to open database file in /var/www/html/secondary-back/vendor/codeigniter4/framework/system/Database/SQLite3/Connection.php:92
Stack trace:
#0 /var/www/html/secondary-back/vendor/codeigniter4/framework/system/Database/BaseConnection.php(391): CodeIgniter\Database\SQLite3\Connection->connect()
#1 /var/www/html/secondary-back/vendor/codeigniter4/framework/system/Database/SQLite3/Connection.php(59): CodeIgniter\Database\BaseConnection->initialize()
#2 /var/www/html/secondary-back/vendor/codeigniter4/framework/system/Database/BaseConnection.php(574): CodeIgniter\Database\SQLite3\Connection->initialize()
#3 /var/www/html/secondary-back/vendor/codeigniter4/framework/system/Database/BaseConnection.php(1409): CodeIgniter\Database\BaseConnection->query()
#4 /var/www/html/secondary-back/vendor/codeigniter4/framework/system/Database/BaseConnection.php(1428): CodeIgniter\Database\BaseConnection->listTables()
#5 /var/www/html/secondary-back/vendor/codeigniter4/framework/system/Database/MigrationRunner.php(768): CodeIgniter\Database\BaseConnection->tableExists()
#6 /var/www/html/secondary-back/vendor/codeigniter4/framework/system/Database/MigrationRunner.php(168): CodeIgniter\Database\MigrationRunner->ensureTable()
#7 /var/www/html/secondary-back/vendor/codeigniter4/framework/system/Commands/Database/Migrate.php(84): CodeIgniter\Database\MigrationRunner->latest()
#8 /var/www/html/secondary-back/vendor/codeigniter4/framework/system/CLI/Commands.php(65): CodeIgniter\Commands\Database\Migrate->run()
#9 /var/www/html/secondary-back/vendor/codeigniter4/framework/system/CLI/Console.php(37): CodeIgniter\CLI\Commands->run()
#10 /var/www/html/secondary-back/spark(97): CodeIgniter\CLI\Console->run()
#11 {main}

ERROR - 2023-08-21 15:23:52 --> Error connecting to the database: Error: Class "SQLite3" not found in C:\xampp\htdocs\secondary\secondary-back\vendor\codeigniter4\framework\system\Database\SQLite3\Connection.php:89
Stack trace:
#0 C:\xampp\htdocs\secondary\secondary-back\vendor\codeigniter4\framework\system\Database\BaseConnection.php(391): CodeIgniter\Database\SQLite3\Connection->connect(false)
#1 C:\xampp\htdocs\secondary\secondary-back\vendor\codeigniter4\framework\system\Database\SQLite3\Connection.php(59): CodeIgniter\Database\BaseConnection->initialize()
#2 C:\xampp\htdocs\secondary\secondary-back\vendor\codeigniter4\framework\system\Database\BaseConnection.php(574): CodeIgniter\Database\SQLite3\Connection->initialize()
#3 C:\xampp\htdocs\secondary\secondary-back\vendor\codeigniter4\framework\system\Database\BaseConnection.php(1409): CodeIgniter\Database\BaseConnection->query('SELECT "NAME" F...')
#4 C:\xampp\htdocs\secondary\secondary-back\vendor\codeigniter4\framework\system\Database\BaseConnection.php(1428): CodeIgniter\Database\BaseConnection->listTables()
#5 C:\xampp\htdocs\secondary\secondary-back\vendor\codeigniter4\framework\system\Database\MigrationRunner.php(768): CodeIgniter\Database\BaseConnection->tableExists('migrations')
#6 C:\xampp\htdocs\secondary\secondary-back\vendor\codeigniter4\framework\system\Database\MigrationRunner.php(168): CodeIgniter\Database\MigrationRunner->ensureTable()
#7 C:\xampp\htdocs\secondary\secondary-back\vendor\codeigniter4\framework\system\Commands\Database\Migrate.php(84): CodeIgniter\Database\MigrationRunner->latest(NULL)
#8 C:\xampp\htdocs\secondary\secondary-back\vendor\codeigniter4\framework\system\CLI\Commands.php(65): CodeIgniter\Commands\Database\Migrate->run(Array)
#9 C:\xampp\htdocs\secondary\secondary-back\vendor\codeigniter4\framework\system\CLI\Console.php(37): CodeIgniter\CLI\Commands->run('migrate', Array)
#10 C:\xampp\htdocs\secondary\secondary-back\spark(97): CodeIgniter\CLI\Console->run()
#11 {main}
