INFO - 2024-09-01 15:05:41 --> Session: Class initialized using 'CodeIgniter\Session\Handlers\FileHandler' driver.
INFO - 2024-09-01 15:06:26 --> Session: Class initialized using 'CodeIgniter\Session\Handlers\FileHandler' driver.
INFO - 2024-09-01 15:06:44 --> Session: Class initialized using 'CodeIgniter\Session\Handlers\FileHandler' driver.
INFO - 2024-09-01 15:07:06 --> Session: Class initialized using 'CodeIgniter\Session\Handlers\FileHandler' driver.
INFO - 2024-09-01 15:07:45 --> Session: Class initialized using 'CodeIgniter\Session\Handlers\FileHandler' driver.
INFO - 2024-09-01 15:07:55 --> Session: Class initialized using 'CodeIgniter\Session\Handlers\FileHandler' driver.
INFO - 2024-09-01 15:14:51 --> Session: Class initialized using 'CodeIgniter\Session\Handlers\FileHandler' driver.
INFO - 2024-09-01 15:15:09 --> Session: Class initialized using 'CodeIgniter\Session\Handlers\FileHandler' driver.
ERROR - 2024-09-01 15:15:09 --> ErrorException: SQLite3::query(): Unable to prepare statement: 1, no such column: teacher.connected in /home/takam/Bureau/smartSchool-secondary/vendor/codeigniter4/framework/system/Database/SQLite3/Connection.php:146
Stack trace:
#0 [internal function]: CodeIgniter\Debug\Exceptions->errorHandler()
#1 /home/takam/Bureau/smartSchool-secondary/vendor/codeigniter4/framework/system/Database/SQLite3/Connection.php(146): SQLite3->query()
#2 /home/takam/Bureau/smartSchool-secondary/vendor/codeigniter4/framework/system/Database/BaseConnection.php(692): CodeIgniter\Database\SQLite3\Connection->execute()
#3 /home/takam/Bureau/smartSchool-secondary/vendor/codeigniter4/framework/system/Database/BaseConnection.php(606): CodeIgniter\Database\BaseConnection->simpleQuery()
#4 /home/takam/Bureau/smartSchool-secondary/vendor/codeigniter4/framework/system/Database/BaseBuilder.php(1616): CodeIgniter\Database\BaseConnection->query()
#5 /home/takam/Bureau/smartSchool-secondary/app/Models/TeacherModel.php(331): CodeIgniter\Database\BaseBuilder->get()
#6 /home/takam/Bureau/smartSchool-secondary/app/Controllers/StatistiqueController.php(54): App\Models\TeacherModel->getAllConnectedBySchool()
#7 /home/takam/Bureau/smartSchool-secondary/vendor/codeigniter4/framework/system/CodeIgniter.php(932): App\Controllers\StatistiqueController->statistique1()
#8 /home/takam/Bureau/smartSchool-secondary/vendor/codeigniter4/framework/system/CodeIgniter.php(497): CodeIgniter\CodeIgniter->runController()
#9 /home/takam/Bureau/smartSchool-secondary/vendor/codeigniter4/framework/system/CodeIgniter.php(366): CodeIgniter\CodeIgniter->handleRequest()
#10 /home/takam/Bureau/smartSchool-secondary/public/index.php(67): CodeIgniter\CodeIgniter->run()
#11 /home/takam/Bureau/smartSchool-secondary/vendor/codeigniter4/framework/system/Commands/Server/rewrite.php(47): require_once('...')
#12 {main}
CRITICAL - 2024-09-01 15:15:09 --> SQLite3::query(): Unable to prepare statement: 1, no such column: teacher.connected
in SYSTEMPATH/Database/SQLite3/Connection.php on line 146.
 1 [internal function]: CodeIgniter\Debug\Exceptions->errorHandler()
 2 SYSTEMPATH/Database/SQLite3/Connection.php(146): SQLite3->query()
 3 SYSTEMPATH/Database/BaseConnection.php(692): CodeIgniter\Database\SQLite3\Connection->execute()
 4 SYSTEMPATH/Database/BaseConnection.php(606): CodeIgniter\Database\BaseConnection->simpleQuery()
 5 SYSTEMPATH/Database/BaseBuilder.php(1616): CodeIgniter\Database\BaseConnection->query()
 6 APPPATH/Models/TeacherModel.php(331): CodeIgniter\Database\BaseBuilder->get()
 7 APPPATH/Controllers/StatistiqueController.php(54): App\Models\TeacherModel->getAllConnectedBySchool()
 8 SYSTEMPATH/CodeIgniter.php(932): App\Controllers\StatistiqueController->statistique1()
 9 SYSTEMPATH/CodeIgniter.php(497): CodeIgniter\CodeIgniter->runController()
10 SYSTEMPATH/CodeIgniter.php(366): CodeIgniter\CodeIgniter->handleRequest()
11 FCPATH/index.php(67): CodeIgniter\CodeIgniter->run()
12 SYSTEMPATH/Commands/Server/rewrite.php(47): require_once('/home/takam/Bureau/smartSchool-secondary/public/index.php')
INFO - 2024-09-01 15:17:22 --> Session: Class initialized using 'CodeIgniter\Session\Handlers\FileHandler' driver.
INFO - 2024-09-01 15:17:52 --> Session: Class initialized using 'CodeIgniter\Session\Handlers\FileHandler' driver.
INFO - 2024-09-01 15:18:33 --> Session: Class initialized using 'CodeIgniter\Session\Handlers\FileHandler' driver.
INFO - 2024-09-01 15:18:50 --> Session: Class initialized using 'CodeIgniter\Session\Handlers\FileHandler' driver.
INFO - 2024-09-01 15:19:01 --> Session: Class initialized using 'CodeIgniter\Session\Handlers\FileHandler' driver.
INFO - 2024-09-01 15:19:05 --> Session: Class initialized using 'CodeIgniter\Session\Handlers\FileHandler' driver.
INFO - 2024-09-01 15:25:56 --> Session: Class initialized using 'CodeIgniter\Session\Handlers\FileHandler' driver.
INFO - 2024-09-01 15:26:19 --> Session: Class initialized using 'CodeIgniter\Session\Handlers\FileHandler' driver.
INFO - 2024-09-01 15:26:51 --> Session: Class initialized using 'CodeIgniter\Session\Handlers\FileHandler' driver.
INFO - 2024-09-01 15:26:59 --> Session: Class initialized using 'CodeIgniter\Session\Handlers\FileHandler' driver.
ERROR - 2024-09-01 15:26:59 --> ErrorException: SQLite3::query(): Unable to prepare statement: 1, no such column: teacher.connected in /home/takam/Bureau/smartSchool-secondary/vendor/codeigniter4/framework/system/Database/SQLite3/Connection.php:146
Stack trace:
#0 [internal function]: CodeIgniter\Debug\Exceptions->errorHandler()
#1 /home/takam/Bureau/smartSchool-secondary/vendor/codeigniter4/framework/system/Database/SQLite3/Connection.php(146): SQLite3->query()
#2 /home/takam/Bureau/smartSchool-secondary/vendor/codeigniter4/framework/system/Database/BaseConnection.php(692): CodeIgniter\Database\SQLite3\Connection->execute()
#3 /home/takam/Bureau/smartSchool-secondary/vendor/codeigniter4/framework/system/Database/BaseConnection.php(606): CodeIgniter\Database\BaseConnection->simpleQuery()
#4 /home/takam/Bureau/smartSchool-secondary/vendor/codeigniter4/framework/system/Database/BaseBuilder.php(1616): CodeIgniter\Database\BaseConnection->query()
#5 /home/takam/Bureau/smartSchool-secondary/app/Models/TeacherModel.php(331): CodeIgniter\Database\BaseBuilder->get()
#6 /home/takam/Bureau/smartSchool-secondary/app/Controllers/StatistiqueController.php(54): App\Models\TeacherModel->getAllConnectedBySchool()
#7 /home/takam/Bureau/smartSchool-secondary/vendor/codeigniter4/framework/system/CodeIgniter.php(932): App\Controllers\StatistiqueController->statistique1()
#8 /home/takam/Bureau/smartSchool-secondary/vendor/codeigniter4/framework/system/CodeIgniter.php(497): CodeIgniter\CodeIgniter->runController()
#9 /home/takam/Bureau/smartSchool-secondary/vendor/codeigniter4/framework/system/CodeIgniter.php(366): CodeIgniter\CodeIgniter->handleRequest()
#10 /home/takam/Bureau/smartSchool-secondary/public/index.php(67): CodeIgniter\CodeIgniter->run()
#11 /home/takam/Bureau/smartSchool-secondary/vendor/codeigniter4/framework/system/Commands/Server/rewrite.php(47): require_once('...')
#12 {main}
CRITICAL - 2024-09-01 15:26:59 --> SQLite3::query(): Unable to prepare statement: 1, no such column: teacher.connected
in SYSTEMPATH/Database/SQLite3/Connection.php on line 146.
 1 [internal function]: CodeIgniter\Debug\Exceptions->errorHandler()
 2 SYSTEMPATH/Database/SQLite3/Connection.php(146): SQLite3->query()
 3 SYSTEMPATH/Database/BaseConnection.php(692): CodeIgniter\Database\SQLite3\Connection->execute()
 4 SYSTEMPATH/Database/BaseConnection.php(606): CodeIgniter\Database\BaseConnection->simpleQuery()
 5 SYSTEMPATH/Database/BaseBuilder.php(1616): CodeIgniter\Database\BaseConnection->query()
 6 APPPATH/Models/TeacherModel.php(331): CodeIgniter\Database\BaseBuilder->get()
 7 APPPATH/Controllers/StatistiqueController.php(54): App\Models\TeacherModel->getAllConnectedBySchool()
 8 SYSTEMPATH/CodeIgniter.php(932): App\Controllers\StatistiqueController->statistique1()
 9 SYSTEMPATH/CodeIgniter.php(497): CodeIgniter\CodeIgniter->runController()
10 SYSTEMPATH/CodeIgniter.php(366): CodeIgniter\CodeIgniter->handleRequest()
11 FCPATH/index.php(67): CodeIgniter\CodeIgniter->run()
12 SYSTEMPATH/Commands/Server/rewrite.php(47): require_once('/home/takam/Bureau/smartSchool-secondary/public/index.php')
INFO - 2024-09-01 15:30:07 --> Session: Class initialized using 'CodeIgniter\Session\Handlers\FileHandler' driver.
INFO - 2024-09-01 15:30:19 --> Session: Class initialized using 'CodeIgniter\Session\Handlers\FileHandler' driver.
INFO - 2024-09-01 15:32:12 --> Session: Class initialized using 'CodeIgniter\Session\Handlers\FileHandler' driver.
INFO - 2024-09-01 15:32:21 --> Session: Class initialized using 'CodeIgniter\Session\Handlers\FileHandler' driver.
INFO - 2024-09-01 15:33:17 --> Session: Class initialized using 'CodeIgniter\Session\Handlers\FileHandler' driver.
INFO - 2024-09-01 15:33:27 --> Session: Class initialized using 'CodeIgniter\Session\Handlers\FileHandler' driver.
