INFO - 2023-10-12 18:33:13 --> Session: Class initialized using 'CodeIgniter\Session\Handlers\FileHandler' driver.
INFO - 2023-10-12 18:33:23 --> Session: Class initialized using 'CodeIgniter\Session\Handlers\FileHandler' driver.
INFO - 2023-10-12 18:33:40 --> Session: Class initialized using 'CodeIgniter\Session\Handlers\FileHandler' driver.
INFO - 2023-10-12 18:33:45 --> Session: Class initialized using 'CodeIgniter\Session\Handlers\FileHandler' driver.
INFO - 2023-10-12 18:33:59 --> Session: Class initialized using 'CodeIgniter\Session\Handlers\FileHandler' driver.
INFO - 2023-10-12 19:12:37 --> Session: Class initialized using 'CodeIgniter\Session\Handlers\FileHandler' driver.
INFO - 2023-10-12 19:14:33 --> Session: Class initialized using 'CodeIgniter\Session\Handlers\FileHandler' driver.
CRITICAL - 2023-10-12 19:45:39 --> Expired token
in VENDORPATH\firebase\php-jwt\src\JWT.php on line 172.
 1 APPPATH\Filters\AuthFilter.php(52): Firebase\JWT\JWT::decode('eyJ0eXAiOiJKV1QiLCJhbGciOiJIUzI1NiJ9.eyJpc3MiOiJJc3N1ZXIgb2YgdGhlIEpXVCIsImF1ZCI6IkF1ZGllbmNlIHRoYXQgdGhlIEpXVCIsInN1YiI6IlN1YmplY3Qgb2YgdGhlIEpXVCIsImlhdCI6MTY5NzEzNTYwMywiZXhwIjoxNjk3MTM5MjAzLCJlbWFpbCI6InRha2FtIGFuZ2UifQ.lj3X3dMw4TAH5XsQTTiXvWzXuRvebeLuljgzC1jSkWY', Object(Firebase\JWT\Key))
 2 SYSTEMPATH\Filters\Filters.php(173): App\Filters\AuthFilter->before(Object(CodeIgniter\HTTP\IncomingRequest), null)
 3 SYSTEMPATH\CodeIgniter.php(471): CodeIgniter\Filters\Filters->run('year/actif', 'before')
 4 SYSTEMPATH\CodeIgniter.php(366): CodeIgniter\CodeIgniter->handleRequest(null, Object(Config\Cache), false)
 5 FCPATH\index.php(67): CodeIgniter\CodeIgniter->run()
 6 SYSTEMPATH\Commands\Server\rewrite.php(47): require_once('C:\\xampp\\htdocs\\DEMETO\\secondary-back\\public\\index.php')
CRITICAL - 2023-10-12 19:45:39 --> Expired token
in VENDORPATH\firebase\php-jwt\src\JWT.php on line 172.
 1 APPPATH\Filters\AuthFilter.php(52): Firebase\JWT\JWT::decode('eyJ0eXAiOiJKV1QiLCJhbGciOiJIUzI1NiJ9.eyJpc3MiOiJJc3N1ZXIgb2YgdGhlIEpXVCIsImF1ZCI6IkF1ZGllbmNlIHRoYXQgdGhlIEpXVCIsInN1YiI6IlN1YmplY3Qgb2YgdGhlIEpXVCIsImlhdCI6MTY5NzEzNTYwMywiZXhwIjoxNjk3MTM5MjAzLCJlbWFpbCI6InRha2FtIGFuZ2UifQ.lj3X3dMw4TAH5XsQTTiXvWzXuRvebeLuljgzC1jSkWY', Object(Firebase\JWT\Key))
 2 SYSTEMPATH\Filters\Filters.php(173): App\Filters\AuthFilter->before(Object(CodeIgniter\HTTP\IncomingRequest), null)
 3 SYSTEMPATH\CodeIgniter.php(471): CodeIgniter\Filters\Filters->run('school/select/1', 'before')
 4 SYSTEMPATH\CodeIgniter.php(366): CodeIgniter\CodeIgniter->handleRequest(null, Object(Config\Cache), false)
 5 FCPATH\index.php(67): CodeIgniter\CodeIgniter->run()
 6 SYSTEMPATH\Commands\Server\rewrite.php(47): require_once('C:\\xampp\\htdocs\\DEMETO\\secondary-back\\public\\index.php')
CRITICAL - 2023-10-12 19:45:41 --> Expired token
in VENDORPATH\firebase\php-jwt\src\JWT.php on line 172.
 1 APPPATH\Filters\AuthFilter.php(52): Firebase\JWT\JWT::decode('eyJ0eXAiOiJKV1QiLCJhbGciOiJIUzI1NiJ9.eyJpc3MiOiJJc3N1ZXIgb2YgdGhlIEpXVCIsImF1ZCI6IkF1ZGllbmNlIHRoYXQgdGhlIEpXVCIsInN1YiI6IlN1YmplY3Qgb2YgdGhlIEpXVCIsImlhdCI6MTY5NzEzNTYwMywiZXhwIjoxNjk3MTM5MjAzLCJlbWFpbCI6InRha2FtIGFuZ2UifQ.lj3X3dMw4TAH5XsQTTiXvWzXuRvebeLuljgzC1jSkWY', Object(Firebase\JWT\Key))
 2 SYSTEMPATH\Filters\Filters.php(173): App\Filters\AuthFilter->before(Object(CodeIgniter\HTTP\IncomingRequest), null)
 3 SYSTEMPATH\CodeIgniter.php(471): CodeIgniter\Filters\Filters->run('history/list', 'before')
 4 SYSTEMPATH\CodeIgniter.php(366): CodeIgniter\CodeIgniter->handleRequest(null, Object(Config\Cache), false)
 5 FCPATH\index.php(67): CodeIgniter\CodeIgniter->run()
 6 SYSTEMPATH\Commands\Server\rewrite.php(47): require_once('C:\\xampp\\htdocs\\DEMETO\\secondary-back\\public\\index.php')
INFO - 2023-10-12 19:45:45 --> Session: Class initialized using 'CodeIgniter\Session\Handlers\FileHandler' driver.
INFO - 2023-10-12 19:48:09 --> Session: Class initialized using 'CodeIgniter\Session\Handlers\FileHandler' driver.
INFO - 2023-10-12 19:49:32 --> Session: Class initialized using 'CodeIgniter\Session\Handlers\FileHandler' driver.
INFO - 2023-10-12 19:51:13 --> Session: Class initialized using 'CodeIgniter\Session\Handlers\FileHandler' driver.
INFO - 2023-10-12 19:52:10 --> Session: Class initialized using 'CodeIgniter\Session\Handlers\FileHandler' driver.
INFO - 2023-10-12 19:58:19 --> Session: Class initialized using 'CodeIgniter\Session\Handlers\FileHandler' driver.
INFO - 2023-10-12 19:58:21 --> Session: Class initialized using 'CodeIgniter\Session\Handlers\FileHandler' driver.
INFO - 2023-10-12 19:58:48 --> Session: Class initialized using 'CodeIgniter\Session\Handlers\FileHandler' driver.
INFO - 2023-10-12 19:59:03 --> Session: Class initialized using 'CodeIgniter\Session\Handlers\FileHandler' driver.
INFO - 2023-10-12 19:59:46 --> Session: Class initialized using 'CodeIgniter\Session\Handlers\FileHandler' driver.
INFO - 2023-10-12 20:04:03 --> Session: Class initialized using 'CodeIgniter\Session\Handlers\FileHandler' driver.
INFO - 2023-10-12 20:04:35 --> Session: Class initialized using 'CodeIgniter\Session\Handlers\FileHandler' driver.
INFO - 2023-10-12 20:05:03 --> Session: Class initialized using 'CodeIgniter\Session\Handlers\FileHandler' driver.
