INFO - 2023-10-18 17:50:45 --> Session: Class initialized using 'CodeIgniter\Session\Handlers\FileHandler' driver.
INFO - 2023-10-18 17:50:53 --> Session: Class initialized using 'CodeIgniter\Session\Handlers\FileHandler' driver.
INFO - 2023-10-18 17:51:02 --> Session: Class initialized using 'CodeIgniter\Session\Handlers\FileHandler' driver.
INFO - 2023-10-18 17:51:09 --> Session: Class initialized using 'CodeIgniter\Session\Handlers\FileHandler' driver.
INFO - 2023-10-18 17:54:19 --> Session: Class initialized using 'CodeIgniter\Session\Handlers\FileHandler' driver.
INFO - 2023-10-18 17:54:28 --> Session: Class initialized using 'CodeIgniter\Session\Handlers\FileHandler' driver.
INFO - 2023-10-18 18:14:05 --> Session: Class initialized using 'CodeIgniter\Session\Handlers\FileHandler' driver.
INFO - 2023-10-18 18:25:55 --> Session: Class initialized using 'CodeIgniter\Session\Handlers\FileHandler' driver.
CRITICAL - 2023-10-18 18:26:13 --> Undefined variable $sizeof
in APPPATH\Controllers\TeacherController.php on line 75.
 1 APPPATH\Controllers\TeacherController.php(75): CodeIgniter\Debug\Exceptions->errorHandler(2, 'Undefined variable $sizeof', 'C:\\xampp\\htdocs\\DEMETO\\secondary-back\\app\\Controllers\\TeacherController.php', 75)
 2 SYSTEMPATH\CodeIgniter.php(932): App\Controllers\TeacherController->attribution_class()
 3 SYSTEMPATH\CodeIgniter.php(497): CodeIgniter\CodeIgniter->runController(Object(App\Controllers\TeacherController))
 4 SYSTEMPATH\CodeIgniter.php(366): CodeIgniter\CodeIgniter->handleRequest(null, Object(Config\Cache), false)
 5 FCPATH\index.php(67): CodeIgniter\CodeIgniter->run()
 6 SYSTEMPATH\Commands\Server\rewrite.php(47): require_once('C:\\xampp\\htdocs\\DEMETO\\secondary-back\\public\\index.php')
INFO - 2023-10-18 18:27:22 --> Session: Class initialized using 'CodeIgniter\Session\Handlers\FileHandler' driver.
CRITICAL - 2023-10-18 18:28:01 --> Undefined variable $sizeof
in APPPATH\Controllers\TeacherController.php on line 78.
 1 APPPATH\Controllers\TeacherController.php(78): CodeIgniter\Debug\Exceptions->errorHandler(2, 'Undefined variable $sizeof', 'C:\\xampp\\htdocs\\DEMETO\\secondary-back\\app\\Controllers\\TeacherController.php', 78)
 2 SYSTEMPATH\CodeIgniter.php(932): App\Controllers\TeacherController->attribution_class()
 3 SYSTEMPATH\CodeIgniter.php(497): CodeIgniter\CodeIgniter->runController(Object(App\Controllers\TeacherController))
 4 SYSTEMPATH\CodeIgniter.php(366): CodeIgniter\CodeIgniter->handleRequest(null, Object(Config\Cache), false)
 5 FCPATH\index.php(67): CodeIgniter\CodeIgniter->run()
 6 SYSTEMPATH\Commands\Server\rewrite.php(47): require_once('C:\\xampp\\htdocs\\DEMETO\\secondary-back\\public\\index.php')
CRITICAL - 2023-10-18 18:29:00 --> Undefined variable $sizeof
in APPPATH\Controllers\TeacherController.php on line 75.
 1 APPPATH\Controllers\TeacherController.php(75): CodeIgniter\Debug\Exceptions->errorHandler(2, 'Undefined variable $sizeof', 'C:\\xampp\\htdocs\\DEMETO\\secondary-back\\app\\Controllers\\TeacherController.php', 75)
 2 SYSTEMPATH\CodeIgniter.php(932): App\Controllers\TeacherController->attribution_class()
 3 SYSTEMPATH\CodeIgniter.php(497): CodeIgniter\CodeIgniter->runController(Object(App\Controllers\TeacherController))
 4 SYSTEMPATH\CodeIgniter.php(366): CodeIgniter\CodeIgniter->handleRequest(null, Object(Config\Cache), false)
 5 FCPATH\index.php(67): CodeIgniter\CodeIgniter->run()
 6 SYSTEMPATH\Commands\Server\rewrite.php(47): require_once('C:\\xampp\\htdocs\\DEMETO\\secondary-back\\public\\index.php')
ERROR - 2023-10-18 18:29:29 --> ErrorException: SQLite3::exec(): table teacher_class has no column named user_id in C:\xampp\htdocs\DEMETO\secondary-back\vendor\codeigniter4\framework\system\Database\SQLite3\Connection.php:145
Stack trace:
#0 [internal function]: CodeIgniter\Debug\Exceptions->errorHandler(2, 'SQLite3::exec()...', 'C:\\xampp\\htdocs...', 145)
#1 C:\xampp\htdocs\DEMETO\secondary-back\vendor\codeigniter4\framework\system\Database\SQLite3\Connection.php(145): SQLite3->exec('INSERT INTO `te...')
#2 C:\xampp\htdocs\DEMETO\secondary-back\vendor\codeigniter4\framework\system\Database\BaseConnection.php(692): CodeIgniter\Database\SQLite3\Connection->execute('INSERT INTO `te...')
#3 C:\xampp\htdocs\DEMETO\secondary-back\vendor\codeigniter4\framework\system\Database\BaseConnection.php(606): CodeIgniter\Database\BaseConnection->simpleQuery('INSERT INTO `te...')
#4 C:\xampp\htdocs\DEMETO\secondary-back\vendor\codeigniter4\framework\system\Database\BaseBuilder.php(2309): CodeIgniter\Database\BaseConnection->query('INSERT INTO `te...', Array, false)
#5 C:\xampp\htdocs\DEMETO\secondary-back\vendor\codeigniter4\framework\system\Model.php(330): CodeIgniter\Database\BaseBuilder->insert()
#6 C:\xampp\htdocs\DEMETO\secondary-back\vendor\codeigniter4\framework\system\BaseModel.php(782): CodeIgniter\Model->doInsert(Array)
#7 C:\xampp\htdocs\DEMETO\secondary-back\vendor\codeigniter4\framework\system\Model.php(730): CodeIgniter\BaseModel->insert(Array, false)
#8 C:\xampp\htdocs\DEMETO\secondary-back\vendor\codeigniter4\framework\system\BaseModel.php(692): CodeIgniter\Model->insert(Array, false)
#9 C:\xampp\htdocs\DEMETO\secondary-back\app\Controllers\TeacherController.php(91): CodeIgniter\BaseModel->save(Array)
#10 C:\xampp\htdocs\DEMETO\secondary-back\vendor\codeigniter4\framework\system\CodeIgniter.php(932): App\Controllers\TeacherController->attribution_class()
#11 C:\xampp\htdocs\DEMETO\secondary-back\vendor\codeigniter4\framework\system\CodeIgniter.php(497): CodeIgniter\CodeIgniter->runController(Object(App\Controllers\TeacherController))
#12 C:\xampp\htdocs\DEMETO\secondary-back\vendor\codeigniter4\framework\system\CodeIgniter.php(366): CodeIgniter\CodeIgniter->handleRequest(NULL, Object(Config\Cache), false)
#13 C:\xampp\htdocs\DEMETO\secondary-back\public\index.php(67): CodeIgniter\CodeIgniter->run()
#14 C:\xampp\htdocs\DEMETO\secondary-back\vendor\codeigniter4\framework\system\Commands\Server\rewrite.php(47): require_once('C:\\xampp\\htdocs...')
#15 {main}
CRITICAL - 2023-10-18 18:29:29 --> SQLite3::exec(): table teacher_class has no column named user_id
in SYSTEMPATH\Database\SQLite3\Connection.php on line 145.
 1 [internal function]: CodeIgniter\Debug\Exceptions->errorHandler(2, 'SQLite3::exec(): table teacher_class has no column named user_id', 'C:\\xampp\\htdocs\\DEMETO\\secondary-back\\vendor\\codeigniter4\\framework\\system\\Database\\SQLite3\\Connection.php', 145)
 2 SYSTEMPATH\Database\SQLite3\Connection.php(145): SQLite3->exec('INSERT INTO `teacher_class` (`class_id`, `teacher_id`, `year_id`, `user_id`, `etat_teacher_class`, `status_teacher_class`, `created_at`, `updated_at`) VALUES (\'4\', \'3\', 1, \'1\', \'actif\', 0, \'2023-10-18 18:10:29\', \'2023-10-18 18:10:29\')')
 3 SYSTEMPATH\Database\BaseConnection.php(692): CodeIgniter\Database\SQLite3\Connection->execute('INSERT INTO `teacher_class` (`class_id`, `teacher_id`, `year_id`, `user_id`, `etat_teacher_class`, `status_teacher_class`, `created_at`, `updated_at`) VALUES (\'4\', \'3\', 1, \'1\', \'actif\', 0, \'2023-10-18 18:10:29\', \'2023-10-18 18:10:29\')')
 4 SYSTEMPATH\Database\BaseConnection.php(606): CodeIgniter\Database\BaseConnection->simpleQuery('INSERT INTO `teacher_class` (`class_id`, `teacher_id`, `year_id`, `user_id`, `etat_teacher_class`, `status_teacher_class`, `created_at`, `updated_at`) VALUES (\'4\', \'3\', 1, \'1\', \'actif\', 0, \'2023-10-18 18:10:29\', \'2023-10-18 18:10:29\')')
 5 SYSTEMPATH\Database\BaseBuilder.php(2309): CodeIgniter\Database\BaseConnection->query('INSERT INTO `teacher_class` (`class_id`, `teacher_id`, `year_id`, `user_id`, `etat_teacher_class`, `status_teacher_class`, `created_at`, `updated_at`) VALUES (:class_id:, :teacher_id:, :year_id:, :user_id:, :etat_teacher_class:, :status_teacher_class:, :created_at:, :updated_at:)', [...], false)
 6 SYSTEMPATH\Model.php(330): CodeIgniter\Database\BaseBuilder->insert()
 7 SYSTEMPATH\BaseModel.php(782): CodeIgniter\Model->doInsert([...])
 8 SYSTEMPATH\Model.php(730): CodeIgniter\BaseModel->insert([...], false)
 9 SYSTEMPATH\BaseModel.php(692): CodeIgniter\Model->insert([...], false)
10 APPPATH\Controllers\TeacherController.php(91): CodeIgniter\BaseModel->save([...])
11 SYSTEMPATH\CodeIgniter.php(932): App\Controllers\TeacherController->attribution_class()
12 SYSTEMPATH\CodeIgniter.php(497): CodeIgniter\CodeIgniter->runController(Object(App\Controllers\TeacherController))
13 SYSTEMPATH\CodeIgniter.php(366): CodeIgniter\CodeIgniter->handleRequest(null, Object(Config\Cache), false)
14 FCPATH\index.php(67): CodeIgniter\CodeIgniter->run()
15 SYSTEMPATH\Commands\Server\rewrite.php(47): require_once('C:\\xampp\\htdocs\\DEMETO\\secondary-back\\public\\index.php')
INFO - 2023-10-18 18:30:29 --> Session: Class initialized using 'CodeIgniter\Session\Handlers\FileHandler' driver.
INFO - 2023-10-18 18:30:42 --> Session: Class initialized using 'CodeIgniter\Session\Handlers\FileHandler' driver.
INFO - 2023-10-18 18:31:05 --> Session: Class initialized using 'CodeIgniter\Session\Handlers\FileHandler' driver.
INFO - 2023-10-18 18:31:36 --> Session: Class initialized using 'CodeIgniter\Session\Handlers\FileHandler' driver.
INFO - 2023-10-18 18:31:40 --> Session: Class initialized using 'CodeIgniter\Session\Handlers\FileHandler' driver.
INFO - 2023-10-18 18:34:43 --> Session: Class initialized using 'CodeIgniter\Session\Handlers\FileHandler' driver.
CRITICAL - 2023-10-18 19:01:58 --> Expired token
in VENDORPATH\firebase\php-jwt\src\JWT.php on line 172.
 1 APPPATH\Filters\AuthFilter.php(52): Firebase\JWT\JWT::decode('eyJ0eXAiOiJKV1QiLCJhbGciOiJIUzI1NiJ9.eyJpc3MiOiJJc3N1ZXIgb2YgdGhlIEpXVCIsImF1ZCI6IkF1ZGllbmNlIHRoYXQgdGhlIEpXVCIsInN1YiI6IlN1YmplY3Qgb2YgdGhlIEpXVCIsImlhdCI6MTY5NzY1MTQ1MywiZXhwIjoxNjk3NjU1MDUzLCJlbWFpbCI6InRha2FtIGFuZ2UifQ.sK2NdmjBGjHVVcUVeFIJifjf5D-JO9J80XlmzsjSbW0', Object(Firebase\JWT\Key))
 2 SYSTEMPATH\Filters\Filters.php(173): App\Filters\AuthFilter->before(Object(CodeIgniter\HTTP\IncomingRequest), null)
 3 SYSTEMPATH\CodeIgniter.php(471): CodeIgniter\Filters\Filters->run('session/all/1', 'before')
 4 SYSTEMPATH\CodeIgniter.php(366): CodeIgniter\CodeIgniter->handleRequest(null, Object(Config\Cache), false)
 5 FCPATH\index.php(67): CodeIgniter\CodeIgniter->run()
 6 SYSTEMPATH\Commands\Server\rewrite.php(47): require_once('C:\\xampp\\htdocs\\DEMETO\\secondary-back\\public\\index.php')
INFO - 2023-10-18 19:02:05 --> Session: Class initialized using 'CodeIgniter\Session\Handlers\FileHandler' driver.
INFO - 2023-10-18 19:02:48 --> Session: Class initialized using 'CodeIgniter\Session\Handlers\FileHandler' driver.
INFO - 2023-10-18 19:02:55 --> Session: Class initialized using 'CodeIgniter\Session\Handlers\FileHandler' driver.
INFO - 2023-10-18 19:03:12 --> Session: Class initialized using 'CodeIgniter\Session\Handlers\FileHandler' driver.
CRITICAL - 2023-10-18 19:06:04 --> Undefined array key "surname"
in APPPATH\Controllers\TeacherController.php on line 542.
 1 APPPATH\Controllers\TeacherController.php(542): CodeIgniter\Debug\Exceptions->errorHandler(2, 'Undefined array key "surname"', 'C:\\xampp\\htdocs\\DEMETO\\secondary-back\\app\\Controllers\\TeacherController.php', 542)
 2 SYSTEMPATH\CodeIgniter.php(932): App\Controllers\TeacherController->GetTeacherSchoolClass('1', '1', '1')
 3 SYSTEMPATH\CodeIgniter.php(497): CodeIgniter\CodeIgniter->runController(Object(App\Controllers\TeacherController))
 4 SYSTEMPATH\CodeIgniter.php(366): CodeIgniter\CodeIgniter->handleRequest(null, Object(Config\Cache), false)
 5 FCPATH\index.php(67): CodeIgniter\CodeIgniter->run()
 6 SYSTEMPATH\Commands\Server\rewrite.php(47): require_once('C:\\xampp\\htdocs\\DEMETO\\secondary-back\\public\\index.php')
INFO - 2023-10-18 19:09:33 --> Session: Class initialized using 'CodeIgniter\Session\Handlers\FileHandler' driver.
INFO - 2023-10-18 19:09:45 --> Session: Class initialized using 'CodeIgniter\Session\Handlers\FileHandler' driver.
INFO - 2023-10-18 19:10:01 --> Session: Class initialized using 'CodeIgniter\Session\Handlers\FileHandler' driver.
INFO - 2023-10-18 19:16:13 --> Session: Class initialized using 'CodeIgniter\Session\Handlers\FileHandler' driver.
INFO - 2023-10-18 19:19:31 --> Session: Class initialized using 'CodeIgniter\Session\Handlers\FileHandler' driver.
INFO - 2023-10-18 19:19:35 --> Session: Class initialized using 'CodeIgniter\Session\Handlers\FileHandler' driver.
INFO - 2023-10-18 19:19:40 --> Session: Class initialized using 'CodeIgniter\Session\Handlers\FileHandler' driver.
INFO - 2023-10-18 19:20:21 --> Session: Class initialized using 'CodeIgniter\Session\Handlers\FileHandler' driver.
INFO - 2023-10-18 19:23:23 --> Session: Class initialized using 'CodeIgniter\Session\Handlers\FileHandler' driver.
INFO - 2023-10-18 19:23:53 --> Session: Class initialized using 'CodeIgniter\Session\Handlers\FileHandler' driver.
INFO - 2023-10-18 19:33:04 --> Session: Class initialized using 'CodeIgniter\Session\Handlers\FileHandler' driver.
INFO - 2023-10-18 19:57:54 --> Session: Class initialized using 'CodeIgniter\Session\Handlers\FileHandler' driver.
INFO - 2023-10-18 20:01:10 --> Session: Class initialized using 'CodeIgniter\Session\Handlers\FileHandler' driver.
INFO - 2023-10-18 20:01:32 --> Session: Class initialized using 'CodeIgniter\Session\Handlers\FileHandler' driver.
CRITICAL - 2023-10-18 20:03:41 --> Expired token
in VENDORPATH\firebase\php-jwt\src\JWT.php on line 172.
 1 APPPATH\Filters\AuthFilter.php(52): Firebase\JWT\JWT::decode('eyJ0eXAiOiJKV1QiLCJhbGciOiJIUzI1NiJ9.eyJpc3MiOiJJc3N1ZXIgb2YgdGhlIEpXVCIsImF1ZCI6IkF1ZGllbmNlIHRoYXQgdGhlIEpXVCIsInN1YiI6IlN1YmplY3Qgb2YgdGhlIEpXVCIsImlhdCI6MTY5NzY1NTc2OCwiZXhwIjoxNjk3NjU5MzY4LCJlbWFpbCI6InRha2FtIGFuZ2UifQ.nUk4Ni3bFDZzMnNNx_osyb0W6VttMrYa5IM1xHJFwLw', Object(Firebase\JWT\Key))
 2 SYSTEMPATH\Filters\Filters.php(173): App\Filters\AuthFilter->before(Object(CodeIgniter\HTTP\IncomingRequest), null)
 3 SYSTEMPATH\CodeIgniter.php(471): CodeIgniter\Filters\Filters->run('year/actif', 'before')
 4 SYSTEMPATH\CodeIgniter.php(366): CodeIgniter\CodeIgniter->handleRequest(null, Object(Config\Cache), false)
 5 FCPATH\index.php(67): CodeIgniter\CodeIgniter->run()
 6 SYSTEMPATH\Commands\Server\rewrite.php(47): require_once('C:\\xampp\\htdocs\\DEMETO\\secondary-back\\public\\index.php')
CRITICAL - 2023-10-18 20:03:42 --> Expired token
in VENDORPATH\firebase\php-jwt\src\JWT.php on line 172.
 1 APPPATH\Filters\AuthFilter.php(52): Firebase\JWT\JWT::decode('eyJ0eXAiOiJKV1QiLCJhbGciOiJIUzI1NiJ9.eyJpc3MiOiJJc3N1ZXIgb2YgdGhlIEpXVCIsImF1ZCI6IkF1ZGllbmNlIHRoYXQgdGhlIEpXVCIsInN1YiI6IlN1YmplY3Qgb2YgdGhlIEpXVCIsImlhdCI6MTY5NzY1NTc2OCwiZXhwIjoxNjk3NjU5MzY4LCJlbWFpbCI6InRha2FtIGFuZ2UifQ.nUk4Ni3bFDZzMnNNx_osyb0W6VttMrYa5IM1xHJFwLw', Object(Firebase\JWT\Key))
 2 SYSTEMPATH\Filters\Filters.php(173): App\Filters\AuthFilter->before(Object(CodeIgniter\HTTP\IncomingRequest), null)
 3 SYSTEMPATH\CodeIgniter.php(471): CodeIgniter\Filters\Filters->run('school/select/1', 'before')
 4 SYSTEMPATH\CodeIgniter.php(366): CodeIgniter\CodeIgniter->handleRequest(null, Object(Config\Cache), false)
 5 FCPATH\index.php(67): CodeIgniter\CodeIgniter->run()
 6 SYSTEMPATH\Commands\Server\rewrite.php(47): require_once('C:\\xampp\\htdocs\\DEMETO\\secondary-back\\public\\index.php')
INFO - 2023-10-18 20:05:07 --> Session: Class initialized using 'CodeIgniter\Session\Handlers\FileHandler' driver.
INFO - 2023-10-18 20:05:10 --> Session: Class initialized using 'CodeIgniter\Session\Handlers\FileHandler' driver.
INFO - 2023-10-18 20:05:17 --> Session: Class initialized using 'CodeIgniter\Session\Handlers\FileHandler' driver.
INFO - 2023-10-18 20:05:24 --> Session: Class initialized using 'CodeIgniter\Session\Handlers\FileHandler' driver.
INFO - 2023-10-18 20:07:12 --> Session: Class initialized using 'CodeIgniter\Session\Handlers\FileHandler' driver.
INFO - 2023-10-18 20:08:59 --> Session: Class initialized using 'CodeIgniter\Session\Handlers\FileHandler' driver.
INFO - 2023-10-18 20:09:45 --> Session: Class initialized using 'CodeIgniter\Session\Handlers\FileHandler' driver.
INFO - 2023-10-18 20:09:59 --> Session: Class initialized using 'CodeIgniter\Session\Handlers\FileHandler' driver.
INFO - 2023-10-18 20:12:47 --> Session: Class initialized using 'CodeIgniter\Session\Handlers\FileHandler' driver.
INFO - 2023-10-18 20:13:24 --> Session: Class initialized using 'CodeIgniter\Session\Handlers\FileHandler' driver.
INFO - 2023-10-18 20:14:30 --> Session: Class initialized using 'CodeIgniter\Session\Handlers\FileHandler' driver.
INFO - 2023-10-18 20:17:30 --> Session: Class initialized using 'CodeIgniter\Session\Handlers\FileHandler' driver.
INFO - 2023-10-18 20:18:12 --> Session: Class initialized using 'CodeIgniter\Session\Handlers\FileHandler' driver.
INFO - 2023-10-18 20:21:18 --> Session: Class initialized using 'CodeIgniter\Session\Handlers\FileHandler' driver.
INFO - 2023-10-18 20:21:55 --> Session: Class initialized using 'CodeIgniter\Session\Handlers\FileHandler' driver.
CRITICAL - 2023-10-18 20:21:59 --> Undefined array key "type_ens"
in APPPATH\Controllers\TeacherController.php on line 639.
 1 APPPATH\Controllers\TeacherController.php(639): CodeIgniter\Debug\Exceptions->errorHandler(2, 'Undefined array key "type_ens"', 'C:\\xampp\\htdocs\\DEMETO\\secondary-back\\app\\Controllers\\TeacherController.php', 639)
 2 SYSTEMPATH\CodeIgniter.php(932): App\Controllers\TeacherController->allTeacher('1', '0')
 3 SYSTEMPATH\CodeIgniter.php(497): CodeIgniter\CodeIgniter->runController(Object(App\Controllers\TeacherController))
 4 SYSTEMPATH\CodeIgniter.php(366): CodeIgniter\CodeIgniter->handleRequest(null, Object(Config\Cache), false)
 5 FCPATH\index.php(67): CodeIgniter\CodeIgniter->run()
 6 SYSTEMPATH\Commands\Server\rewrite.php(47): require_once('C:\\xampp\\htdocs\\DEMETO\\secondary-back\\public\\index.php')
CRITICAL - 2023-10-18 20:28:47 --> Undefined array key "type_ens"
in APPPATH\Controllers\TeacherController.php on line 671.
 1 APPPATH\Controllers\TeacherController.php(671): CodeIgniter\Debug\Exceptions->errorHandler(2, 'Undefined array key "type_ens"', 'C:\\xampp\\htdocs\\DEMETO\\secondary-back\\app\\Controllers\\TeacherController.php', 671)
 2 SYSTEMPATH\CodeIgniter.php(932): App\Controllers\TeacherController->allTeacher('1', '0')
 3 SYSTEMPATH\CodeIgniter.php(497): CodeIgniter\CodeIgniter->runController(Object(App\Controllers\TeacherController))
 4 SYSTEMPATH\CodeIgniter.php(366): CodeIgniter\CodeIgniter->handleRequest(null, Object(Config\Cache), false)
 5 FCPATH\index.php(67): CodeIgniter\CodeIgniter->run()
 6 SYSTEMPATH\Commands\Server\rewrite.php(47): require_once('C:\\xampp\\htdocs\\DEMETO\\secondary-back\\public\\index.php')
INFO - 2023-10-18 20:31:31 --> Session: Class initialized using 'CodeIgniter\Session\Handlers\FileHandler' driver.
CRITICAL - 2023-10-18 20:31:43 --> Undefined variable $id_school
in APPPATH\Controllers\TeacherController.php on line 66.
 1 APPPATH\Controllers\TeacherController.php(66): CodeIgniter\Debug\Exceptions->errorHandler(2, 'Undefined variable $id_school', 'C:\\xampp\\htdocs\\DEMETO\\secondary-back\\app\\Controllers\\TeacherController.php', 66)
 2 SYSTEMPATH\CodeIgniter.php(932): App\Controllers\TeacherController->findAllPersonnelBySchool('1')
 3 SYSTEMPATH\CodeIgniter.php(497): CodeIgniter\CodeIgniter->runController(Object(App\Controllers\TeacherController))
 4 SYSTEMPATH\CodeIgniter.php(366): CodeIgniter\CodeIgniter->handleRequest(null, Object(Config\Cache), false)
 5 FCPATH\index.php(67): CodeIgniter\CodeIgniter->run()
 6 SYSTEMPATH\Commands\Server\rewrite.php(47): require_once('C:\\xampp\\htdocs\\DEMETO\\secondary-back\\public\\index.php')
INFO - 2023-10-18 20:32:02 --> Session: Class initialized using 'CodeIgniter\Session\Handlers\FileHandler' driver.
CRITICAL - 2023-10-18 20:32:08 --> Too few arguments to function App\Models\TeacherModel::getAllTeacherBySchool(), 0 passed in C:\xampp\htdocs\DEMETO\secondary-back\app\Controllers\TeacherController.php on line 79 and exactly 1 expected
in APPPATH\Models\TeacherModel.php on line 66.
 1 APPPATH\Controllers\TeacherController.php(79): App\Models\TeacherModel->getAllTeacherBySchool()
 2 SYSTEMPATH\CodeIgniter.php(932): App\Controllers\TeacherController->findAllPersonnelBySchool('1')
 3 SYSTEMPATH\CodeIgniter.php(497): CodeIgniter\CodeIgniter->runController(Object(App\Controllers\TeacherController))
 4 SYSTEMPATH\CodeIgniter.php(366): CodeIgniter\CodeIgniter->handleRequest(null, Object(Config\Cache), false)
 5 FCPATH\index.php(67): CodeIgniter\CodeIgniter->run()
 6 SYSTEMPATH\Commands\Server\rewrite.php(47): require_once('C:\\xampp\\htdocs\\DEMETO\\secondary-back\\public\\index.php')
INFO - 2023-10-18 20:33:55 --> Session: Class initialized using 'CodeIgniter\Session\Handlers\FileHandler' driver.
INFO - 2023-10-18 21:34:31 --> Session: Class initialized using 'CodeIgniter\Session\Handlers\FileHandler' driver.
