INFO - 2023-09-14 10:31:19 --> Session: Class initialized using 'CodeIgniter\Session\Handlers\FileHandler' driver.
INFO - 2023-09-14 10:31:26 --> Session: Class initialized using 'CodeIgniter\Session\Handlers\FileHandler' driver.
INFO - 2023-09-14 12:00:57 --> Session: Class initialized using 'CodeIgniter\Session\Handlers\FileHandler' driver.
INFO - 2023-09-14 13:26:58 --> Session: Class initialized using 'CodeIgniter\Session\Handlers\FileHandler' driver.
INFO - 2023-09-14 14:22:12 --> Session: Class initialized using 'CodeIgniter\Session\Handlers\FileHandler' driver.
INFO - 2023-09-14 14:22:19 --> Session: Class initialized using 'CodeIgniter\Session\Handlers\FileHandler' driver.
INFO - 2023-09-14 16:02:09 --> Session: Class initialized using 'CodeIgniter\Session\Handlers\FileHandler' driver.
INFO - 2023-09-14 16:02:16 --> Session: Class initialized using 'CodeIgniter\Session\Handlers\FileHandler' driver.
CRITICAL - 2023-09-14 17:02:20 --> Expired token
in VENDORPATH\firebase\php-jwt\src\JWT.php on line 172.
 1 APPPATH\Filters\AuthFilter.php(52): Firebase\JWT\JWT::decode('eyJ0eXAiOiJKV1QiLCJhbGciOiJIUzI1NiJ9.eyJpc3MiOiJJc3N1ZXIgb2YgdGhlIEpXVCIsImF1ZCI6IkF1ZGllbmNlIHRoYXQgdGhlIEpXVCIsInN1YiI6IlN1YmplY3Qgb2YgdGhlIEpXVCIsImlhdCI6MTY5NDcwNzMzNiwiZXhwIjoxNjk0NzEwOTM2LCJlbWFpbCI6InRha2FtIGFuZ2UifQ.FoutIMoCRakznM0y5AY9LlOSoF0_N2FnuhaJSQBia1c', Object(Firebase\JWT\Key))
 2 SYSTEMPATH\Filters\Filters.php(173): App\Filters\AuthFilter->before(Object(CodeIgniter\HTTP\IncomingRequest), null)
 3 SYSTEMPATH\CodeIgniter.php(471): CodeIgniter\Filters\Filters->run('year/actif', 'before')
 4 SYSTEMPATH\CodeIgniter.php(366): CodeIgniter\CodeIgniter->handleRequest(null, Object(Config\Cache), false)
 5 FCPATH\index.php(67): CodeIgniter\CodeIgniter->run()
 6 SYSTEMPATH\Commands\Server\rewrite.php(47): require_once('C:\\xampp\\htdocs\\secondary-back\\public\\index.php')
CRITICAL - 2023-09-14 17:02:20 --> Expired token
in VENDORPATH\firebase\php-jwt\src\JWT.php on line 172.
 1 APPPATH\Filters\AuthFilter.php(52): Firebase\JWT\JWT::decode('eyJ0eXAiOiJKV1QiLCJhbGciOiJIUzI1NiJ9.eyJpc3MiOiJJc3N1ZXIgb2YgdGhlIEpXVCIsImF1ZCI6IkF1ZGllbmNlIHRoYXQgdGhlIEpXVCIsInN1YiI6IlN1YmplY3Qgb2YgdGhlIEpXVCIsImlhdCI6MTY5NDcwNzMzNiwiZXhwIjoxNjk0NzEwOTM2LCJlbWFpbCI6InRha2FtIGFuZ2UifQ.FoutIMoCRakznM0y5AY9LlOSoF0_N2FnuhaJSQBia1c', Object(Firebase\JWT\Key))
 2 SYSTEMPATH\Filters\Filters.php(173): App\Filters\AuthFilter->before(Object(CodeIgniter\HTTP\IncomingRequest), null)
 3 SYSTEMPATH\CodeIgniter.php(471): CodeIgniter\Filters\Filters->run('school/select/2', 'before')
 4 SYSTEMPATH\CodeIgniter.php(366): CodeIgniter\CodeIgniter->handleRequest(null, Object(Config\Cache), false)
 5 FCPATH\index.php(67): CodeIgniter\CodeIgniter->run()
 6 SYSTEMPATH\Commands\Server\rewrite.php(47): require_once('C:\\xampp\\htdocs\\secondary-back\\public\\index.php')
CRITICAL - 2023-09-14 17:02:22 --> Expired token
in VENDORPATH\firebase\php-jwt\src\JWT.php on line 172.
 1 APPPATH\Filters\AuthFilter.php(52): Firebase\JWT\JWT::decode('eyJ0eXAiOiJKV1QiLCJhbGciOiJIUzI1NiJ9.eyJpc3MiOiJJc3N1ZXIgb2YgdGhlIEpXVCIsImF1ZCI6IkF1ZGllbmNlIHRoYXQgdGhlIEpXVCIsInN1YiI6IlN1YmplY3Qgb2YgdGhlIEpXVCIsImlhdCI6MTY5NDcwNzMzNiwiZXhwIjoxNjk0NzEwOTM2LCJlbWFpbCI6InRha2FtIGFuZ2UifQ.FoutIMoCRakznM0y5AY9LlOSoF0_N2FnuhaJSQBia1c', Object(Firebase\JWT\Key))
 2 SYSTEMPATH\Filters\Filters.php(173): App\Filters\AuthFilter->before(Object(CodeIgniter\HTTP\IncomingRequest), null)
 3 SYSTEMPATH\CodeIgniter.php(471): CodeIgniter\Filters\Filters->run('school/SchoolFilter/2', 'before')
 4 SYSTEMPATH\CodeIgniter.php(366): CodeIgniter\CodeIgniter->handleRequest(null, Object(Config\Cache), false)
 5 FCPATH\index.php(67): CodeIgniter\CodeIgniter->run()
 6 SYSTEMPATH\Commands\Server\rewrite.php(47): require_once('C:\\xampp\\htdocs\\secondary-back\\public\\index.php')
CRITICAL - 2023-09-14 17:03:46 --> Expired token
in VENDORPATH\firebase\php-jwt\src\JWT.php on line 172.
 1 APPPATH\Filters\AuthFilter.php(52): Firebase\JWT\JWT::decode('eyJ0eXAiOiJKV1QiLCJhbGciOiJIUzI1NiJ9.eyJpc3MiOiJJc3N1ZXIgb2YgdGhlIEpXVCIsImF1ZCI6IkF1ZGllbmNlIHRoYXQgdGhlIEpXVCIsInN1YiI6IlN1YmplY3Qgb2YgdGhlIEpXVCIsImlhdCI6MTY5NDcwNzMzNiwiZXhwIjoxNjk0NzEwOTM2LCJlbWFpbCI6InRha2FtIGFuZ2UifQ.FoutIMoCRakznM0y5AY9LlOSoF0_N2FnuhaJSQBia1c', Object(Firebase\JWT\Key))
 2 SYSTEMPATH\Filters\Filters.php(173): App\Filters\AuthFilter->before(Object(CodeIgniter\HTTP\IncomingRequest), null)
 3 SYSTEMPATH\CodeIgniter.php(471): CodeIgniter\Filters\Filters->run('year/actif', 'before')
 4 SYSTEMPATH\CodeIgniter.php(366): CodeIgniter\CodeIgniter->handleRequest(null, Object(Config\Cache), false)
 5 FCPATH\index.php(67): CodeIgniter\CodeIgniter->run()
 6 SYSTEMPATH\Commands\Server\rewrite.php(47): require_once('C:\\xampp\\htdocs\\secondary-back\\public\\index.php')
CRITICAL - 2023-09-14 17:03:46 --> Expired token
in VENDORPATH\firebase\php-jwt\src\JWT.php on line 172.
 1 APPPATH\Filters\AuthFilter.php(52): Firebase\JWT\JWT::decode('eyJ0eXAiOiJKV1QiLCJhbGciOiJIUzI1NiJ9.eyJpc3MiOiJJc3N1ZXIgb2YgdGhlIEpXVCIsImF1ZCI6IkF1ZGllbmNlIHRoYXQgdGhlIEpXVCIsInN1YiI6IlN1YmplY3Qgb2YgdGhlIEpXVCIsImlhdCI6MTY5NDcwNzMzNiwiZXhwIjoxNjk0NzEwOTM2LCJlbWFpbCI6InRha2FtIGFuZ2UifQ.FoutIMoCRakznM0y5AY9LlOSoF0_N2FnuhaJSQBia1c', Object(Firebase\JWT\Key))
 2 SYSTEMPATH\Filters\Filters.php(173): App\Filters\AuthFilter->before(Object(CodeIgniter\HTTP\IncomingRequest), null)
 3 SYSTEMPATH\CodeIgniter.php(471): CodeIgniter\Filters\Filters->run('school/select/2', 'before')
 4 SYSTEMPATH\CodeIgniter.php(366): CodeIgniter\CodeIgniter->handleRequest(null, Object(Config\Cache), false)
 5 FCPATH\index.php(67): CodeIgniter\CodeIgniter->run()
 6 SYSTEMPATH\Commands\Server\rewrite.php(47): require_once('C:\\xampp\\htdocs\\secondary-back\\public\\index.php')
CRITICAL - 2023-09-14 17:03:49 --> Expired token
in VENDORPATH\firebase\php-jwt\src\JWT.php on line 172.
 1 APPPATH\Filters\AuthFilter.php(52): Firebase\JWT\JWT::decode('eyJ0eXAiOiJKV1QiLCJhbGciOiJIUzI1NiJ9.eyJpc3MiOiJJc3N1ZXIgb2YgdGhlIEpXVCIsImF1ZCI6IkF1ZGllbmNlIHRoYXQgdGhlIEpXVCIsInN1YiI6IlN1YmplY3Qgb2YgdGhlIEpXVCIsImlhdCI6MTY5NDcwNzMzNiwiZXhwIjoxNjk0NzEwOTM2LCJlbWFpbCI6InRha2FtIGFuZ2UifQ.FoutIMoCRakznM0y5AY9LlOSoF0_N2FnuhaJSQBia1c', Object(Firebase\JWT\Key))
 2 SYSTEMPATH\Filters\Filters.php(173): App\Filters\AuthFilter->before(Object(CodeIgniter\HTTP\IncomingRequest), null)
 3 SYSTEMPATH\CodeIgniter.php(471): CodeIgniter\Filters\Filters->run('school/SchoolFilter/2', 'before')
 4 SYSTEMPATH\CodeIgniter.php(366): CodeIgniter\CodeIgniter->handleRequest(null, Object(Config\Cache), false)
 5 FCPATH\index.php(67): CodeIgniter\CodeIgniter->run()
 6 SYSTEMPATH\Commands\Server\rewrite.php(47): require_once('C:\\xampp\\htdocs\\secondary-back\\public\\index.php')
CRITICAL - 2023-09-14 17:05:21 --> Expired token
in VENDORPATH\firebase\php-jwt\src\JWT.php on line 172.
 1 APPPATH\Filters\AuthFilter.php(52): Firebase\JWT\JWT::decode('eyJ0eXAiOiJKV1QiLCJhbGciOiJIUzI1NiJ9.eyJpc3MiOiJJc3N1ZXIgb2YgdGhlIEpXVCIsImF1ZCI6IkF1ZGllbmNlIHRoYXQgdGhlIEpXVCIsInN1YiI6IlN1YmplY3Qgb2YgdGhlIEpXVCIsImlhdCI6MTY5NDcwNzMzNiwiZXhwIjoxNjk0NzEwOTM2LCJlbWFpbCI6InRha2FtIGFuZ2UifQ.FoutIMoCRakznM0y5AY9LlOSoF0_N2FnuhaJSQBia1c', Object(Firebase\JWT\Key))
 2 SYSTEMPATH\Filters\Filters.php(173): App\Filters\AuthFilter->before(Object(CodeIgniter\HTTP\IncomingRequest), null)
 3 SYSTEMPATH\CodeIgniter.php(471): CodeIgniter\Filters\Filters->run('year/actif', 'before')
 4 SYSTEMPATH\CodeIgniter.php(366): CodeIgniter\CodeIgniter->handleRequest(null, Object(Config\Cache), false)
 5 FCPATH\index.php(67): CodeIgniter\CodeIgniter->run()
 6 SYSTEMPATH\Commands\Server\rewrite.php(47): require_once('C:\\xampp\\htdocs\\secondary-back\\public\\index.php')
CRITICAL - 2023-09-14 17:05:22 --> Expired token
in VENDORPATH\firebase\php-jwt\src\JWT.php on line 172.
 1 APPPATH\Filters\AuthFilter.php(52): Firebase\JWT\JWT::decode('eyJ0eXAiOiJKV1QiLCJhbGciOiJIUzI1NiJ9.eyJpc3MiOiJJc3N1ZXIgb2YgdGhlIEpXVCIsImF1ZCI6IkF1ZGllbmNlIHRoYXQgdGhlIEpXVCIsInN1YiI6IlN1YmplY3Qgb2YgdGhlIEpXVCIsImlhdCI6MTY5NDcwNzMzNiwiZXhwIjoxNjk0NzEwOTM2LCJlbWFpbCI6InRha2FtIGFuZ2UifQ.FoutIMoCRakznM0y5AY9LlOSoF0_N2FnuhaJSQBia1c', Object(Firebase\JWT\Key))
 2 SYSTEMPATH\Filters\Filters.php(173): App\Filters\AuthFilter->before(Object(CodeIgniter\HTTP\IncomingRequest), null)
 3 SYSTEMPATH\CodeIgniter.php(471): CodeIgniter\Filters\Filters->run('school/select/2', 'before')
 4 SYSTEMPATH\CodeIgniter.php(366): CodeIgniter\CodeIgniter->handleRequest(null, Object(Config\Cache), false)
 5 FCPATH\index.php(67): CodeIgniter\CodeIgniter->run()
 6 SYSTEMPATH\Commands\Server\rewrite.php(47): require_once('C:\\xampp\\htdocs\\secondary-back\\public\\index.php')
CRITICAL - 2023-09-14 17:05:24 --> Expired token
in VENDORPATH\firebase\php-jwt\src\JWT.php on line 172.
 1 APPPATH\Filters\AuthFilter.php(52): Firebase\JWT\JWT::decode('eyJ0eXAiOiJKV1QiLCJhbGciOiJIUzI1NiJ9.eyJpc3MiOiJJc3N1ZXIgb2YgdGhlIEpXVCIsImF1ZCI6IkF1ZGllbmNlIHRoYXQgdGhlIEpXVCIsInN1YiI6IlN1YmplY3Qgb2YgdGhlIEpXVCIsImlhdCI6MTY5NDcwNzMzNiwiZXhwIjoxNjk0NzEwOTM2LCJlbWFpbCI6InRha2FtIGFuZ2UifQ.FoutIMoCRakznM0y5AY9LlOSoF0_N2FnuhaJSQBia1c', Object(Firebase\JWT\Key))
 2 SYSTEMPATH\Filters\Filters.php(173): App\Filters\AuthFilter->before(Object(CodeIgniter\HTTP\IncomingRequest), null)
 3 SYSTEMPATH\CodeIgniter.php(471): CodeIgniter\Filters\Filters->run('school/SchoolFilter/2', 'before')
 4 SYSTEMPATH\CodeIgniter.php(366): CodeIgniter\CodeIgniter->handleRequest(null, Object(Config\Cache), false)
 5 FCPATH\index.php(67): CodeIgniter\CodeIgniter->run()
 6 SYSTEMPATH\Commands\Server\rewrite.php(47): require_once('C:\\xampp\\htdocs\\secondary-back\\public\\index.php')
CRITICAL - 2023-09-14 17:05:41 --> Expired token
in VENDORPATH\firebase\php-jwt\src\JWT.php on line 172.
 1 APPPATH\Filters\AuthFilter.php(52): Firebase\JWT\JWT::decode('eyJ0eXAiOiJKV1QiLCJhbGciOiJIUzI1NiJ9.eyJpc3MiOiJJc3N1ZXIgb2YgdGhlIEpXVCIsImF1ZCI6IkF1ZGllbmNlIHRoYXQgdGhlIEpXVCIsInN1YiI6IlN1YmplY3Qgb2YgdGhlIEpXVCIsImlhdCI6MTY5NDcwNzMzNiwiZXhwIjoxNjk0NzEwOTM2LCJlbWFpbCI6InRha2FtIGFuZ2UifQ.FoutIMoCRakznM0y5AY9LlOSoF0_N2FnuhaJSQBia1c', Object(Firebase\JWT\Key))
 2 SYSTEMPATH\Filters\Filters.php(173): App\Filters\AuthFilter->before(Object(CodeIgniter\HTTP\IncomingRequest), null)
 3 SYSTEMPATH\CodeIgniter.php(471): CodeIgniter\Filters\Filters->run('year/actif', 'before')
 4 SYSTEMPATH\CodeIgniter.php(366): CodeIgniter\CodeIgniter->handleRequest(null, Object(Config\Cache), false)
 5 FCPATH\index.php(67): CodeIgniter\CodeIgniter->run()
 6 SYSTEMPATH\Commands\Server\rewrite.php(47): require_once('C:\\xampp\\htdocs\\secondary-back\\public\\index.php')
CRITICAL - 2023-09-14 17:05:41 --> Expired token
in VENDORPATH\firebase\php-jwt\src\JWT.php on line 172.
 1 APPPATH\Filters\AuthFilter.php(52): Firebase\JWT\JWT::decode('eyJ0eXAiOiJKV1QiLCJhbGciOiJIUzI1NiJ9.eyJpc3MiOiJJc3N1ZXIgb2YgdGhlIEpXVCIsImF1ZCI6IkF1ZGllbmNlIHRoYXQgdGhlIEpXVCIsInN1YiI6IlN1YmplY3Qgb2YgdGhlIEpXVCIsImlhdCI6MTY5NDcwNzMzNiwiZXhwIjoxNjk0NzEwOTM2LCJlbWFpbCI6InRha2FtIGFuZ2UifQ.FoutIMoCRakznM0y5AY9LlOSoF0_N2FnuhaJSQBia1c', Object(Firebase\JWT\Key))
 2 SYSTEMPATH\Filters\Filters.php(173): App\Filters\AuthFilter->before(Object(CodeIgniter\HTTP\IncomingRequest), null)
 3 SYSTEMPATH\CodeIgniter.php(471): CodeIgniter\Filters\Filters->run('school/select/2', 'before')
 4 SYSTEMPATH\CodeIgniter.php(366): CodeIgniter\CodeIgniter->handleRequest(null, Object(Config\Cache), false)
 5 FCPATH\index.php(67): CodeIgniter\CodeIgniter->run()
 6 SYSTEMPATH\Commands\Server\rewrite.php(47): require_once('C:\\xampp\\htdocs\\secondary-back\\public\\index.php')
CRITICAL - 2023-09-14 17:05:44 --> Expired token
in VENDORPATH\firebase\php-jwt\src\JWT.php on line 172.
 1 APPPATH\Filters\AuthFilter.php(52): Firebase\JWT\JWT::decode('eyJ0eXAiOiJKV1QiLCJhbGciOiJIUzI1NiJ9.eyJpc3MiOiJJc3N1ZXIgb2YgdGhlIEpXVCIsImF1ZCI6IkF1ZGllbmNlIHRoYXQgdGhlIEpXVCIsInN1YiI6IlN1YmplY3Qgb2YgdGhlIEpXVCIsImlhdCI6MTY5NDcwNzMzNiwiZXhwIjoxNjk0NzEwOTM2LCJlbWFpbCI6InRha2FtIGFuZ2UifQ.FoutIMoCRakznM0y5AY9LlOSoF0_N2FnuhaJSQBia1c', Object(Firebase\JWT\Key))
 2 SYSTEMPATH\Filters\Filters.php(173): App\Filters\AuthFilter->before(Object(CodeIgniter\HTTP\IncomingRequest), null)
 3 SYSTEMPATH\CodeIgniter.php(471): CodeIgniter\Filters\Filters->run('school/SchoolFilter/2', 'before')
 4 SYSTEMPATH\CodeIgniter.php(366): CodeIgniter\CodeIgniter->handleRequest(null, Object(Config\Cache), false)
 5 FCPATH\index.php(67): CodeIgniter\CodeIgniter->run()
 6 SYSTEMPATH\Commands\Server\rewrite.php(47): require_once('C:\\xampp\\htdocs\\secondary-back\\public\\index.php')
CRITICAL - 2023-09-14 17:06:10 --> Expired token
in VENDORPATH\firebase\php-jwt\src\JWT.php on line 172.
 1 APPPATH\Filters\AuthFilter.php(52): Firebase\JWT\JWT::decode('eyJ0eXAiOiJKV1QiLCJhbGciOiJIUzI1NiJ9.eyJpc3MiOiJJc3N1ZXIgb2YgdGhlIEpXVCIsImF1ZCI6IkF1ZGllbmNlIHRoYXQgdGhlIEpXVCIsInN1YiI6IlN1YmplY3Qgb2YgdGhlIEpXVCIsImlhdCI6MTY5NDcwNzMzNiwiZXhwIjoxNjk0NzEwOTM2LCJlbWFpbCI6InRha2FtIGFuZ2UifQ.FoutIMoCRakznM0y5AY9LlOSoF0_N2FnuhaJSQBia1c', Object(Firebase\JWT\Key))
 2 SYSTEMPATH\Filters\Filters.php(173): App\Filters\AuthFilter->before(Object(CodeIgniter\HTTP\IncomingRequest), null)
 3 SYSTEMPATH\CodeIgniter.php(471): CodeIgniter\Filters\Filters->run('year/actif', 'before')
 4 SYSTEMPATH\CodeIgniter.php(366): CodeIgniter\CodeIgniter->handleRequest(null, Object(Config\Cache), false)
 5 FCPATH\index.php(67): CodeIgniter\CodeIgniter->run()
 6 SYSTEMPATH\Commands\Server\rewrite.php(47): require_once('C:\\xampp\\htdocs\\secondary-back\\public\\index.php')
CRITICAL - 2023-09-14 17:06:10 --> Expired token
in VENDORPATH\firebase\php-jwt\src\JWT.php on line 172.
 1 APPPATH\Filters\AuthFilter.php(52): Firebase\JWT\JWT::decode('eyJ0eXAiOiJKV1QiLCJhbGciOiJIUzI1NiJ9.eyJpc3MiOiJJc3N1ZXIgb2YgdGhlIEpXVCIsImF1ZCI6IkF1ZGllbmNlIHRoYXQgdGhlIEpXVCIsInN1YiI6IlN1YmplY3Qgb2YgdGhlIEpXVCIsImlhdCI6MTY5NDcwNzMzNiwiZXhwIjoxNjk0NzEwOTM2LCJlbWFpbCI6InRha2FtIGFuZ2UifQ.FoutIMoCRakznM0y5AY9LlOSoF0_N2FnuhaJSQBia1c', Object(Firebase\JWT\Key))
 2 SYSTEMPATH\Filters\Filters.php(173): App\Filters\AuthFilter->before(Object(CodeIgniter\HTTP\IncomingRequest), null)
 3 SYSTEMPATH\CodeIgniter.php(471): CodeIgniter\Filters\Filters->run('school/select/2', 'before')
 4 SYSTEMPATH\CodeIgniter.php(366): CodeIgniter\CodeIgniter->handleRequest(null, Object(Config\Cache), false)
 5 FCPATH\index.php(67): CodeIgniter\CodeIgniter->run()
 6 SYSTEMPATH\Commands\Server\rewrite.php(47): require_once('C:\\xampp\\htdocs\\secondary-back\\public\\index.php')
CRITICAL - 2023-09-14 17:06:13 --> Expired token
in VENDORPATH\firebase\php-jwt\src\JWT.php on line 172.
 1 APPPATH\Filters\AuthFilter.php(52): Firebase\JWT\JWT::decode('eyJ0eXAiOiJKV1QiLCJhbGciOiJIUzI1NiJ9.eyJpc3MiOiJJc3N1ZXIgb2YgdGhlIEpXVCIsImF1ZCI6IkF1ZGllbmNlIHRoYXQgdGhlIEpXVCIsInN1YiI6IlN1YmplY3Qgb2YgdGhlIEpXVCIsImlhdCI6MTY5NDcwNzMzNiwiZXhwIjoxNjk0NzEwOTM2LCJlbWFpbCI6InRha2FtIGFuZ2UifQ.FoutIMoCRakznM0y5AY9LlOSoF0_N2FnuhaJSQBia1c', Object(Firebase\JWT\Key))
 2 SYSTEMPATH\Filters\Filters.php(173): App\Filters\AuthFilter->before(Object(CodeIgniter\HTTP\IncomingRequest), null)
 3 SYSTEMPATH\CodeIgniter.php(471): CodeIgniter\Filters\Filters->run('school/SchoolFilter/2', 'before')
 4 SYSTEMPATH\CodeIgniter.php(366): CodeIgniter\CodeIgniter->handleRequest(null, Object(Config\Cache), false)
 5 FCPATH\index.php(67): CodeIgniter\CodeIgniter->run()
 6 SYSTEMPATH\Commands\Server\rewrite.php(47): require_once('C:\\xampp\\htdocs\\secondary-back\\public\\index.php')
CRITICAL - 2023-09-14 17:06:26 --> Expired token
in VENDORPATH\firebase\php-jwt\src\JWT.php on line 172.
 1 APPPATH\Filters\AuthFilter.php(52): Firebase\JWT\JWT::decode('eyJ0eXAiOiJKV1QiLCJhbGciOiJIUzI1NiJ9.eyJpc3MiOiJJc3N1ZXIgb2YgdGhlIEpXVCIsImF1ZCI6IkF1ZGllbmNlIHRoYXQgdGhlIEpXVCIsInN1YiI6IlN1YmplY3Qgb2YgdGhlIEpXVCIsImlhdCI6MTY5NDcwNzMzNiwiZXhwIjoxNjk0NzEwOTM2LCJlbWFpbCI6InRha2FtIGFuZ2UifQ.FoutIMoCRakznM0y5AY9LlOSoF0_N2FnuhaJSQBia1c', Object(Firebase\JWT\Key))
 2 SYSTEMPATH\Filters\Filters.php(173): App\Filters\AuthFilter->before(Object(CodeIgniter\HTTP\IncomingRequest), null)
 3 SYSTEMPATH\CodeIgniter.php(471): CodeIgniter\Filters\Filters->run('year/actif', 'before')
 4 SYSTEMPATH\CodeIgniter.php(366): CodeIgniter\CodeIgniter->handleRequest(null, Object(Config\Cache), false)
 5 FCPATH\index.php(67): CodeIgniter\CodeIgniter->run()
 6 SYSTEMPATH\Commands\Server\rewrite.php(47): require_once('C:\\xampp\\htdocs\\secondary-back\\public\\index.php')
CRITICAL - 2023-09-14 17:06:27 --> Expired token
in VENDORPATH\firebase\php-jwt\src\JWT.php on line 172.
 1 APPPATH\Filters\AuthFilter.php(52): Firebase\JWT\JWT::decode('eyJ0eXAiOiJKV1QiLCJhbGciOiJIUzI1NiJ9.eyJpc3MiOiJJc3N1ZXIgb2YgdGhlIEpXVCIsImF1ZCI6IkF1ZGllbmNlIHRoYXQgdGhlIEpXVCIsInN1YiI6IlN1YmplY3Qgb2YgdGhlIEpXVCIsImlhdCI6MTY5NDcwNzMzNiwiZXhwIjoxNjk0NzEwOTM2LCJlbWFpbCI6InRha2FtIGFuZ2UifQ.FoutIMoCRakznM0y5AY9LlOSoF0_N2FnuhaJSQBia1c', Object(Firebase\JWT\Key))
 2 SYSTEMPATH\Filters\Filters.php(173): App\Filters\AuthFilter->before(Object(CodeIgniter\HTTP\IncomingRequest), null)
 3 SYSTEMPATH\CodeIgniter.php(471): CodeIgniter\Filters\Filters->run('school/select/2', 'before')
 4 SYSTEMPATH\CodeIgniter.php(366): CodeIgniter\CodeIgniter->handleRequest(null, Object(Config\Cache), false)
 5 FCPATH\index.php(67): CodeIgniter\CodeIgniter->run()
 6 SYSTEMPATH\Commands\Server\rewrite.php(47): require_once('C:\\xampp\\htdocs\\secondary-back\\public\\index.php')
CRITICAL - 2023-09-14 17:06:30 --> Expired token
in VENDORPATH\firebase\php-jwt\src\JWT.php on line 172.
 1 APPPATH\Filters\AuthFilter.php(52): Firebase\JWT\JWT::decode('eyJ0eXAiOiJKV1QiLCJhbGciOiJIUzI1NiJ9.eyJpc3MiOiJJc3N1ZXIgb2YgdGhlIEpXVCIsImF1ZCI6IkF1ZGllbmNlIHRoYXQgdGhlIEpXVCIsInN1YiI6IlN1YmplY3Qgb2YgdGhlIEpXVCIsImlhdCI6MTY5NDcwNzMzNiwiZXhwIjoxNjk0NzEwOTM2LCJlbWFpbCI6InRha2FtIGFuZ2UifQ.FoutIMoCRakznM0y5AY9LlOSoF0_N2FnuhaJSQBia1c', Object(Firebase\JWT\Key))
 2 SYSTEMPATH\Filters\Filters.php(173): App\Filters\AuthFilter->before(Object(CodeIgniter\HTTP\IncomingRequest), null)
 3 SYSTEMPATH\CodeIgniter.php(471): CodeIgniter\Filters\Filters->run('school/SchoolFilter/2', 'before')
 4 SYSTEMPATH\CodeIgniter.php(366): CodeIgniter\CodeIgniter->handleRequest(null, Object(Config\Cache), false)
 5 FCPATH\index.php(67): CodeIgniter\CodeIgniter->run()
 6 SYSTEMPATH\Commands\Server\rewrite.php(47): require_once('C:\\xampp\\htdocs\\secondary-back\\public\\index.php')
CRITICAL - 2023-09-14 17:06:59 --> Expired token
in VENDORPATH\firebase\php-jwt\src\JWT.php on line 172.
 1 APPPATH\Filters\AuthFilter.php(52): Firebase\JWT\JWT::decode('eyJ0eXAiOiJKV1QiLCJhbGciOiJIUzI1NiJ9.eyJpc3MiOiJJc3N1ZXIgb2YgdGhlIEpXVCIsImF1ZCI6IkF1ZGllbmNlIHRoYXQgdGhlIEpXVCIsInN1YiI6IlN1YmplY3Qgb2YgdGhlIEpXVCIsImlhdCI6MTY5NDcwNzMzNiwiZXhwIjoxNjk0NzEwOTM2LCJlbWFpbCI6InRha2FtIGFuZ2UifQ.FoutIMoCRakznM0y5AY9LlOSoF0_N2FnuhaJSQBia1c', Object(Firebase\JWT\Key))
 2 SYSTEMPATH\Filters\Filters.php(173): App\Filters\AuthFilter->before(Object(CodeIgniter\HTTP\IncomingRequest), null)
 3 SYSTEMPATH\CodeIgniter.php(471): CodeIgniter\Filters\Filters->run('year/actif', 'before')
 4 SYSTEMPATH\CodeIgniter.php(366): CodeIgniter\CodeIgniter->handleRequest(null, Object(Config\Cache), false)
 5 FCPATH\index.php(67): CodeIgniter\CodeIgniter->run()
 6 SYSTEMPATH\Commands\Server\rewrite.php(47): require_once('C:\\xampp\\htdocs\\secondary-back\\public\\index.php')
CRITICAL - 2023-09-14 17:07:00 --> Expired token
in VENDORPATH\firebase\php-jwt\src\JWT.php on line 172.
 1 APPPATH\Filters\AuthFilter.php(52): Firebase\JWT\JWT::decode('eyJ0eXAiOiJKV1QiLCJhbGciOiJIUzI1NiJ9.eyJpc3MiOiJJc3N1ZXIgb2YgdGhlIEpXVCIsImF1ZCI6IkF1ZGllbmNlIHRoYXQgdGhlIEpXVCIsInN1YiI6IlN1YmplY3Qgb2YgdGhlIEpXVCIsImlhdCI6MTY5NDcwNzMzNiwiZXhwIjoxNjk0NzEwOTM2LCJlbWFpbCI6InRha2FtIGFuZ2UifQ.FoutIMoCRakznM0y5AY9LlOSoF0_N2FnuhaJSQBia1c', Object(Firebase\JWT\Key))
 2 SYSTEMPATH\Filters\Filters.php(173): App\Filters\AuthFilter->before(Object(CodeIgniter\HTTP\IncomingRequest), null)
 3 SYSTEMPATH\CodeIgniter.php(471): CodeIgniter\Filters\Filters->run('school/select/2', 'before')
 4 SYSTEMPATH\CodeIgniter.php(366): CodeIgniter\CodeIgniter->handleRequest(null, Object(Config\Cache), false)
 5 FCPATH\index.php(67): CodeIgniter\CodeIgniter->run()
 6 SYSTEMPATH\Commands\Server\rewrite.php(47): require_once('C:\\xampp\\htdocs\\secondary-back\\public\\index.php')
CRITICAL - 2023-09-14 17:07:02 --> Expired token
in VENDORPATH\firebase\php-jwt\src\JWT.php on line 172.
 1 APPPATH\Filters\AuthFilter.php(52): Firebase\JWT\JWT::decode('eyJ0eXAiOiJKV1QiLCJhbGciOiJIUzI1NiJ9.eyJpc3MiOiJJc3N1ZXIgb2YgdGhlIEpXVCIsImF1ZCI6IkF1ZGllbmNlIHRoYXQgdGhlIEpXVCIsInN1YiI6IlN1YmplY3Qgb2YgdGhlIEpXVCIsImlhdCI6MTY5NDcwNzMzNiwiZXhwIjoxNjk0NzEwOTM2LCJlbWFpbCI6InRha2FtIGFuZ2UifQ.FoutIMoCRakznM0y5AY9LlOSoF0_N2FnuhaJSQBia1c', Object(Firebase\JWT\Key))
 2 SYSTEMPATH\Filters\Filters.php(173): App\Filters\AuthFilter->before(Object(CodeIgniter\HTTP\IncomingRequest), null)
 3 SYSTEMPATH\CodeIgniter.php(471): CodeIgniter\Filters\Filters->run('school/SchoolFilter/2', 'before')
 4 SYSTEMPATH\CodeIgniter.php(366): CodeIgniter\CodeIgniter->handleRequest(null, Object(Config\Cache), false)
 5 FCPATH\index.php(67): CodeIgniter\CodeIgniter->run()
 6 SYSTEMPATH\Commands\Server\rewrite.php(47): require_once('C:\\xampp\\htdocs\\secondary-back\\public\\index.php')
INFO - 2023-09-14 17:07:56 --> Session: Class initialized using 'CodeIgniter\Session\Handlers\FileHandler' driver.
INFO - 2023-09-14 17:08:22 --> Session: Class initialized using 'CodeIgniter\Session\Handlers\FileHandler' driver.
ERROR - 2023-09-14 17:18:09 --> ErrorException: SQLite3::query(): Unable to prepare statement: 1, row value misused in C:\xampp\htdocs\secondary-back\vendor\codeigniter4\framework\system\Database\SQLite3\Connection.php:146
Stack trace:
#0 [internal function]: CodeIgniter\Debug\Exceptions->errorHandler(2, 'SQLite3::query(...', 'C:\\xampp\\htdocs...', 146)
#1 C:\xampp\htdocs\secondary-back\vendor\codeigniter4\framework\system\Database\SQLite3\Connection.php(146): SQLite3->query('SELECT *\nFROM `...')
#2 C:\xampp\htdocs\secondary-back\vendor\codeigniter4\framework\system\Database\BaseConnection.php(692): CodeIgniter\Database\SQLite3\Connection->execute('SELECT *\nFROM `...')
#3 C:\xampp\htdocs\secondary-back\vendor\codeigniter4\framework\system\Database\BaseConnection.php(606): CodeIgniter\Database\BaseConnection->simpleQuery('SELECT *\nFROM `...')
#4 C:\xampp\htdocs\secondary-back\vendor\codeigniter4\framework\system\Database\BaseBuilder.php(1616): CodeIgniter\Database\BaseConnection->query('SELECT *\nFROM `...', Array, false)
#5 C:\xampp\htdocs\secondary-back\app\Models\TeachingUnitModel.php(76): CodeIgniter\Database\BaseBuilder->get()
#6 C:\xampp\htdocs\secondary-back\app\Controllers\TeachingUnitController.php(128): App\Models\TeachingUnitModel->getTeaching(Array, 'ss', '5', 10)
#7 C:\xampp\htdocs\secondary-back\vendor\codeigniter4\framework\system\CodeIgniter.php(932): App\Controllers\TeachingUnitController->insertteaching()
#8 C:\xampp\htdocs\secondary-back\vendor\codeigniter4\framework\system\CodeIgniter.php(497): CodeIgniter\CodeIgniter->runController(Object(App\Controllers\TeachingUnitController))
#9 C:\xampp\htdocs\secondary-back\vendor\codeigniter4\framework\system\CodeIgniter.php(366): CodeIgniter\CodeIgniter->handleRequest(NULL, Object(Config\Cache), false)
#10 C:\xampp\htdocs\secondary-back\public\index.php(67): CodeIgniter\CodeIgniter->run()
#11 C:\xampp\htdocs\secondary-back\vendor\codeigniter4\framework\system\Commands\Server\rewrite.php(47): require_once('C:\\xampp\\htdocs...')
#12 {main}
CRITICAL - 2023-09-14 17:18:09 --> SQLite3::query(): Unable to prepare statement: 1, row value misused
in SYSTEMPATH\Database\SQLite3\Connection.php on line 146.
 1 [internal function]: CodeIgniter\Debug\Exceptions->errorHandler(2, 'SQLite3::query(): Unable to prepare statement: 1, row value misused', 'C:\\xampp\\htdocs\\secondary-back\\vendor\\codeigniter4\\framework\\system\\Database\\SQLite3\\Connection.php', 146)
 2 SYSTEMPATH\Database\SQLite3\Connection.php(146): SQLite3->query('SELECT *
FROM `teachingunit`
JOIN `class` ON `class`.`class_id`=`teachingunit`.`class_id`
JOIN `year` ON `year`.`year_id`=`teachingunit`.`year_id`
WHERE `teachingunit`.`code` = (\'\',\'s\')
AND `teachingunit`.`name` = \'ss\'
AND `teachingunit`.`class_id` = \'5\'
AND `teachingunit`.`year_id` = 10
AND `teachingunit`.`status_teachingunit` = 0
AND `teachingunit`.`etat_teachingunit` = \'actif\'
AND `class`.`status_class` = 0
AND `class`.`etat_class` = \'actif\'')
 3 SYSTEMPATH\Database\BaseConnection.php(692): CodeIgniter\Database\SQLite3\Connection->execute('SELECT *
FROM `teachingunit`
JOIN `class` ON `class`.`class_id`=`teachingunit`.`class_id`
JOIN `year` ON `year`.`year_id`=`teachingunit`.`year_id`
WHERE `teachingunit`.`code` = (\'\',\'s\')
AND `teachingunit`.`name` = \'ss\'
AND `teachingunit`.`class_id` = \'5\'
AND `teachingunit`.`year_id` = 10
AND `teachingunit`.`status_teachingunit` = 0
AND `teachingunit`.`etat_teachingunit` = \'actif\'
AND `class`.`status_class` = 0
AND `class`.`etat_class` = \'actif\'')
 4 SYSTEMPATH\Database\BaseConnection.php(606): CodeIgniter\Database\BaseConnection->simpleQuery('SELECT *
FROM `teachingunit`
JOIN `class` ON `class`.`class_id`=`teachingunit`.`class_id`
JOIN `year` ON `year`.`year_id`=`teachingunit`.`year_id`
WHERE `teachingunit`.`code` = (\'\',\'s\')
AND `teachingunit`.`name` = \'ss\'
AND `teachingunit`.`class_id` = \'5\'
AND `teachingunit`.`year_id` = 10
AND `teachingunit`.`status_teachingunit` = 0
AND `teachingunit`.`etat_teachingunit` = \'actif\'
AND `class`.`status_class` = 0
AND `class`.`etat_class` = \'actif\'')
 5 SYSTEMPATH\Database\BaseBuilder.php(1616): CodeIgniter\Database\BaseConnection->query('SELECT *
FROM `teachingunit`
JOIN `class` ON `class`.`class_id`=`teachingunit`.`class_id`
JOIN `year` ON `year`.`year_id`=`teachingunit`.`year_id`
WHERE `teachingunit`.`code` = :teachingunit.code:
AND `teachingunit`.`name` = :teachingunit.name:
AND `teachingunit`.`class_id` = :teachingunit.class_id:
AND `teachingunit`.`year_id` = :teachingunit.year_id:
AND `teachingunit`.`status_teachingunit` = :teachingunit.status_teachingunit:
AND `teachingunit`.`etat_teachingunit` = :teachingunit.etat_teachingunit:
AND `class`.`status_class` = :class.status_class:
AND `class`.`etat_class` = :class.etat_class:', [...], false)
 6 APPPATH\Models\TeachingUnitModel.php(76): CodeIgniter\Database\BaseBuilder->get()
 7 APPPATH\Controllers\TeachingUnitController.php(128): App\Models\TeachingUnitModel->getTeaching([...], 'ss', '5', 10)
 8 SYSTEMPATH\CodeIgniter.php(932): App\Controllers\TeachingUnitController->insertteaching()
 9 SYSTEMPATH\CodeIgniter.php(497): CodeIgniter\CodeIgniter->runController(Object(App\Controllers\TeachingUnitController))
10 SYSTEMPATH\CodeIgniter.php(366): CodeIgniter\CodeIgniter->handleRequest(null, Object(Config\Cache), false)
11 FCPATH\index.php(67): CodeIgniter\CodeIgniter->run()
12 SYSTEMPATH\Commands\Server\rewrite.php(47): require_once('C:\\xampp\\htdocs\\secondary-back\\public\\index.php')
ERROR - 2023-09-14 17:38:34 --> ErrorException: SQLite3::exec(): table teachingunit has no column named coefficient in C:\xampp\htdocs\secondary-back\vendor\codeigniter4\framework\system\Database\SQLite3\Connection.php:145
Stack trace:
#0 [internal function]: CodeIgniter\Debug\Exceptions->errorHandler(2, 'SQLite3::exec()...', 'C:\\xampp\\htdocs...', 145)
#1 C:\xampp\htdocs\secondary-back\vendor\codeigniter4\framework\system\Database\SQLite3\Connection.php(145): SQLite3->exec('INSERT INTO `te...')
#2 C:\xampp\htdocs\secondary-back\vendor\codeigniter4\framework\system\Database\BaseConnection.php(692): CodeIgniter\Database\SQLite3\Connection->execute('INSERT INTO `te...')
#3 C:\xampp\htdocs\secondary-back\vendor\codeigniter4\framework\system\Database\BaseConnection.php(606): CodeIgniter\Database\BaseConnection->simpleQuery('INSERT INTO `te...')
#4 C:\xampp\htdocs\secondary-back\vendor\codeigniter4\framework\system\Database\BaseBuilder.php(2309): CodeIgniter\Database\BaseConnection->query('INSERT INTO `te...', Array, false)
#5 C:\xampp\htdocs\secondary-back\vendor\codeigniter4\framework\system\Model.php(330): CodeIgniter\Database\BaseBuilder->insert()
#6 C:\xampp\htdocs\secondary-back\vendor\codeigniter4\framework\system\BaseModel.php(782): CodeIgniter\Model->doInsert(Array)
#7 C:\xampp\htdocs\secondary-back\vendor\codeigniter4\framework\system\Model.php(730): CodeIgniter\BaseModel->insert(Array, false)
#8 C:\xampp\htdocs\secondary-back\vendor\codeigniter4\framework\system\BaseModel.php(692): CodeIgniter\Model->insert(Array, false)
#9 C:\xampp\htdocs\secondary-back\app\Controllers\TeachingUnitController.php(145): CodeIgniter\BaseModel->save(Array)
#10 C:\xampp\htdocs\secondary-back\vendor\codeigniter4\framework\system\CodeIgniter.php(932): App\Controllers\TeachingUnitController->insertteaching()
#11 C:\xampp\htdocs\secondary-back\vendor\codeigniter4\framework\system\CodeIgniter.php(497): CodeIgniter\CodeIgniter->runController(Object(App\Controllers\TeachingUnitController))
#12 C:\xampp\htdocs\secondary-back\vendor\codeigniter4\framework\system\CodeIgniter.php(366): CodeIgniter\CodeIgniter->handleRequest(NULL, Object(Config\Cache), false)
#13 C:\xampp\htdocs\secondary-back\public\index.php(67): CodeIgniter\CodeIgniter->run()
#14 C:\xampp\htdocs\secondary-back\vendor\codeigniter4\framework\system\Commands\Server\rewrite.php(47): require_once('C:\\xampp\\htdocs...')
#15 {main}
CRITICAL - 2023-09-14 17:38:35 --> SQLite3::exec(): table teachingunit has no column named coefficient
in SYSTEMPATH\Database\SQLite3\Connection.php on line 145.
 1 [internal function]: CodeIgniter\Debug\Exceptions->errorHandler(2, 'SQLite3::exec(): table teachingunit has no column named coefficient', 'C:\\xampp\\htdocs\\secondary-back\\vendor\\codeigniter4\\framework\\system\\Database\\SQLite3\\Connection.php', 145)
 2 SYSTEMPATH\Database\SQLite3\Connection.php(145): SQLite3->exec('INSERT INTO `teachingunit` (`name`, `code`, `coefficient`, `year_id`, `user_id`, `class_id`, `status_teachingunit`, `etat_teachingunit`, `created_at`, `updated_at`) VALUES (\'gtrgt\', \'fdf\', \'14\', 10, \'1\', \'5\', 0, \'actif\', \'2023-09-14 17:09:34\', \'2023-09-14 17:09:34\')')
 3 SYSTEMPATH\Database\BaseConnection.php(692): CodeIgniter\Database\SQLite3\Connection->execute('INSERT INTO `teachingunit` (`name`, `code`, `coefficient`, `year_id`, `user_id`, `class_id`, `status_teachingunit`, `etat_teachingunit`, `created_at`, `updated_at`) VALUES (\'gtrgt\', \'fdf\', \'14\', 10, \'1\', \'5\', 0, \'actif\', \'2023-09-14 17:09:34\', \'2023-09-14 17:09:34\')')
 4 SYSTEMPATH\Database\BaseConnection.php(606): CodeIgniter\Database\BaseConnection->simpleQuery('INSERT INTO `teachingunit` (`name`, `code`, `coefficient`, `year_id`, `user_id`, `class_id`, `status_teachingunit`, `etat_teachingunit`, `created_at`, `updated_at`) VALUES (\'gtrgt\', \'fdf\', \'14\', 10, \'1\', \'5\', 0, \'actif\', \'2023-09-14 17:09:34\', \'2023-09-14 17:09:34\')')
 5 SYSTEMPATH\Database\BaseBuilder.php(2309): CodeIgniter\Database\BaseConnection->query('INSERT INTO `teachingunit` (`name`, `code`, `coefficient`, `year_id`, `user_id`, `class_id`, `status_teachingunit`, `etat_teachingunit`, `created_at`, `updated_at`) VALUES (:name:, :code:, :coefficient:, :year_id:, :user_id:, :class_id:, :status_teachingunit:, :etat_teachingunit:, :created_at:, :updated_at:)', [...], false)
 6 SYSTEMPATH\Model.php(330): CodeIgniter\Database\BaseBuilder->insert()
 7 SYSTEMPATH\BaseModel.php(782): CodeIgniter\Model->doInsert([...])
 8 SYSTEMPATH\Model.php(730): CodeIgniter\BaseModel->insert([...], false)
 9 SYSTEMPATH\BaseModel.php(692): CodeIgniter\Model->insert([...], false)
10 APPPATH\Controllers\TeachingUnitController.php(145): CodeIgniter\BaseModel->save([...])
11 SYSTEMPATH\CodeIgniter.php(932): App\Controllers\TeachingUnitController->insertteaching()
12 SYSTEMPATH\CodeIgniter.php(497): CodeIgniter\CodeIgniter->runController(Object(App\Controllers\TeachingUnitController))
13 SYSTEMPATH\CodeIgniter.php(366): CodeIgniter\CodeIgniter->handleRequest(null, Object(Config\Cache), false)
14 FCPATH\index.php(67): CodeIgniter\CodeIgniter->run()
15 SYSTEMPATH\Commands\Server\rewrite.php(47): require_once('C:\\xampp\\htdocs\\secondary-back\\public\\index.php')
CRITICAL - 2023-09-14 17:52:08 --> Invalid file: "teachingUnit/liste.php"
in SYSTEMPATH\Exceptions\FrameworkException.php on line 33.
 1 SYSTEMPATH\View\View.php(212): CodeIgniter\Exceptions\FrameworkException::forInvalidFile('teachingUnit/liste.php')
 2 SYSTEMPATH\Common.php(1180): CodeIgniter\View\View->render('teachingUnit/liste.php', [], true)
 3 APPPATH\Controllers\TeachingUnitController.php(24): view('teachingUnit/liste.php')
 4 SYSTEMPATH\CodeIgniter.php(932): App\Controllers\TeachingUnitController->liste()
 5 SYSTEMPATH\CodeIgniter.php(497): CodeIgniter\CodeIgniter->runController(Object(App\Controllers\TeachingUnitController))
 6 SYSTEMPATH\CodeIgniter.php(366): CodeIgniter\CodeIgniter->handleRequest(null, Object(Config\Cache), false)
 7 FCPATH\index.php(67): CodeIgniter\CodeIgniter->run()
 8 SYSTEMPATH\Commands\Server\rewrite.php(47): require_once('C:\\xampp\\htdocs\\secondary-back\\public\\index.php')
CRITICAL - 2023-09-14 18:20:41 --> Expired token
in VENDORPATH\firebase\php-jwt\src\JWT.php on line 172.
 1 APPPATH\Filters\AuthFilter.php(52): Firebase\JWT\JWT::decode('eyJ0eXAiOiJKV1QiLCJhbGciOiJIUzI1NiJ9.eyJpc3MiOiJJc3N1ZXIgb2YgdGhlIEpXVCIsImF1ZCI6IkF1ZGllbmNlIHRoYXQgdGhlIEpXVCIsInN1YiI6IlN1YmplY3Qgb2YgdGhlIEpXVCIsImlhdCI6MTY5NDcxMTMwMiwiZXhwIjoxNjk0NzE0OTAyLCJlbWFpbCI6InRha2FtIGFuZ2UifQ.XWeXGFPk2TVU7-aBClNwUpd8hQxupHoFBaJBx4tCzlE', Object(Firebase\JWT\Key))
 2 SYSTEMPATH\Filters\Filters.php(173): App\Filters\AuthFilter->before(Object(CodeIgniter\HTTP\IncomingRequest), null)
 3 SYSTEMPATH\CodeIgniter.php(471): CodeIgniter\Filters\Filters->run('year/actif', 'before')
 4 SYSTEMPATH\CodeIgniter.php(366): CodeIgniter\CodeIgniter->handleRequest(null, Object(Config\Cache), false)
 5 FCPATH\index.php(67): CodeIgniter\CodeIgniter->run()
 6 SYSTEMPATH\Commands\Server\rewrite.php(47): require_once('C:\\xampp\\htdocs\\secondary-back\\public\\index.php')
CRITICAL - 2023-09-14 18:20:42 --> Expired token
in VENDORPATH\firebase\php-jwt\src\JWT.php on line 172.
 1 APPPATH\Filters\AuthFilter.php(52): Firebase\JWT\JWT::decode('eyJ0eXAiOiJKV1QiLCJhbGciOiJIUzI1NiJ9.eyJpc3MiOiJJc3N1ZXIgb2YgdGhlIEpXVCIsImF1ZCI6IkF1ZGllbmNlIHRoYXQgdGhlIEpXVCIsInN1YiI6IlN1YmplY3Qgb2YgdGhlIEpXVCIsImlhdCI6MTY5NDcxMTMwMiwiZXhwIjoxNjk0NzE0OTAyLCJlbWFpbCI6InRha2FtIGFuZ2UifQ.XWeXGFPk2TVU7-aBClNwUpd8hQxupHoFBaJBx4tCzlE', Object(Firebase\JWT\Key))
 2 SYSTEMPATH\Filters\Filters.php(173): App\Filters\AuthFilter->before(Object(CodeIgniter\HTTP\IncomingRequest), null)
 3 SYSTEMPATH\CodeIgniter.php(471): CodeIgniter\Filters\Filters->run('school/select/2', 'before')
 4 SYSTEMPATH\CodeIgniter.php(366): CodeIgniter\CodeIgniter->handleRequest(null, Object(Config\Cache), false)
 5 FCPATH\index.php(67): CodeIgniter\CodeIgniter->run()
 6 SYSTEMPATH\Commands\Server\rewrite.php(47): require_once('C:\\xampp\\htdocs\\secondary-back\\public\\index.php')
CRITICAL - 2023-09-14 18:20:43 --> Expired token
in VENDORPATH\firebase\php-jwt\src\JWT.php on line 172.
 1 APPPATH\Filters\AuthFilter.php(52): Firebase\JWT\JWT::decode('eyJ0eXAiOiJKV1QiLCJhbGciOiJIUzI1NiJ9.eyJpc3MiOiJJc3N1ZXIgb2YgdGhlIEpXVCIsImF1ZCI6IkF1ZGllbmNlIHRoYXQgdGhlIEpXVCIsInN1YiI6IlN1YmplY3Qgb2YgdGhlIEpXVCIsImlhdCI6MTY5NDcxMTMwMiwiZXhwIjoxNjk0NzE0OTAyLCJlbWFpbCI6InRha2FtIGFuZ2UifQ.XWeXGFPk2TVU7-aBClNwUpd8hQxupHoFBaJBx4tCzlE', Object(Firebase\JWT\Key))
 2 SYSTEMPATH\Filters\Filters.php(173): App\Filters\AuthFilter->before(Object(CodeIgniter\HTTP\IncomingRequest), null)
 3 SYSTEMPATH\CodeIgniter.php(471): CodeIgniter\Filters\Filters->run('year/all', 'before')
 4 SYSTEMPATH\CodeIgniter.php(366): CodeIgniter\CodeIgniter->handleRequest(null, Object(Config\Cache), false)
 5 FCPATH\index.php(67): CodeIgniter\CodeIgniter->run()
 6 SYSTEMPATH\Commands\Server\rewrite.php(47): require_once('C:\\xampp\\htdocs\\secondary-back\\public\\index.php')
INFO - 2023-09-14 18:20:45 --> Session: Class initialized using 'CodeIgniter\Session\Handlers\FileHandler' driver.
INFO - 2023-09-14 18:20:48 --> Session: Class initialized using 'CodeIgniter\Session\Handlers\FileHandler' driver.
CRITICAL - 2023-09-14 18:33:09 --> Undefined variable $class_id
in APPPATH\Models\TeachingUnitModel.php on line 132.
 1 APPPATH\Models\TeachingUnitModel.php(132): CodeIgniter\Debug\Exceptions->errorHandler(2, 'Undefined variable $class_id', 'C:\\xampp\\htdocs\\secondary-back\\app\\Models\\TeachingUnitModel.php', 132)
 2 APPPATH\Controllers\TeachingUnitController.php(48): App\Models\TeachingUnitModel->getByIDClassByYear('6', 10)
 3 SYSTEMPATH\CodeIgniter.php(932): App\Controllers\TeachingUnitController->allTeachingUnit('6')
 4 SYSTEMPATH\CodeIgniter.php(497): CodeIgniter\CodeIgniter->runController(Object(App\Controllers\TeachingUnitController))
 5 SYSTEMPATH\CodeIgniter.php(366): CodeIgniter\CodeIgniter->handleRequest(null, Object(Config\Cache), false)
 6 FCPATH\index.php(67): CodeIgniter\CodeIgniter->run()
 7 SYSTEMPATH\Commands\Server\rewrite.php(47): require_once('C:\\xampp\\htdocs\\secondary-back\\public\\index.php')
ERROR - 2023-09-14 19:03:17 --> ErrorException: SQLite3::query(): Unable to prepare statement: 1, no such column: teachingunit.udated_at in C:\xampp\htdocs\secondary-back\vendor\codeigniter4\framework\system\Database\SQLite3\Connection.php:146
Stack trace:
#0 [internal function]: CodeIgniter\Debug\Exceptions->errorHandler(2, 'SQLite3::query(...', 'C:\\xampp\\htdocs...', 146)
#1 C:\xampp\htdocs\secondary-back\vendor\codeigniter4\framework\system\Database\SQLite3\Connection.php(146): SQLite3->query('SELECT `teachin...')
#2 C:\xampp\htdocs\secondary-back\vendor\codeigniter4\framework\system\Database\BaseConnection.php(692): CodeIgniter\Database\SQLite3\Connection->execute('SELECT `teachin...')
#3 C:\xampp\htdocs\secondary-back\vendor\codeigniter4\framework\system\Database\BaseConnection.php(606): CodeIgniter\Database\BaseConnection->simpleQuery('SELECT `teachin...')
#4 C:\xampp\htdocs\secondary-back\vendor\codeigniter4\framework\system\Database\BaseBuilder.php(1616): CodeIgniter\Database\BaseConnection->query('SELECT `teachin...', Array, false)
#5 C:\xampp\htdocs\secondary-back\app\Models\TeachingUnitModel.php(140): CodeIgniter\Database\BaseBuilder->get()
#6 C:\xampp\htdocs\secondary-back\app\Controllers\TeachingUnitController.php(48): App\Models\TeachingUnitModel->getByIDClassByYear('4', 10)
#7 C:\xampp\htdocs\secondary-back\vendor\codeigniter4\framework\system\CodeIgniter.php(932): App\Controllers\TeachingUnitController->allTeachingUnit('4')
#8 C:\xampp\htdocs\secondary-back\vendor\codeigniter4\framework\system\CodeIgniter.php(497): CodeIgniter\CodeIgniter->runController(Object(App\Controllers\TeachingUnitController))
#9 C:\xampp\htdocs\secondary-back\vendor\codeigniter4\framework\system\CodeIgniter.php(366): CodeIgniter\CodeIgniter->handleRequest(NULL, Object(Config\Cache), false)
#10 C:\xampp\htdocs\secondary-back\public\index.php(67): CodeIgniter\CodeIgniter->run()
#11 C:\xampp\htdocs\secondary-back\vendor\codeigniter4\framework\system\Commands\Server\rewrite.php(47): require_once('C:\\xampp\\htdocs...')
#12 {main}
CRITICAL - 2023-09-14 19:03:17 --> SQLite3::query(): Unable to prepare statement: 1, no such column: teachingunit.udated_at
in SYSTEMPATH\Database\SQLite3\Connection.php on line 146.
 1 [internal function]: CodeIgniter\Debug\Exceptions->errorHandler(2, 'SQLite3::query(): Unable to prepare statement: 1, no such column: teachingunit.udated_at', 'C:\\xampp\\htdocs\\secondary-back\\vendor\\codeigniter4\\framework\\system\\Database\\SQLite3\\Connection.php', 146)
 2 SYSTEMPATH\Database\SQLite3\Connection.php(146): SQLite3->query('SELECT `teachingunit`.`teachingunit_id`, `teachingunit`.`name`, `teachingunit`.`code`, `teachingunit`.`status_teachingunit`, `teachingunit`.`etat_teachingunit`, `teachingunit`.`created_at`, `teachingunit`.`udated_at`, `teachingunit`.`deleted_at`, `teachingunit`.`user_id`, `teachingunit`.`year_id`, `teachingunit`.`class_id`, `teachingunit`.`coefficient`
FROM `teachingunit`
JOIN `class` ON `class`.`class_id`=`teachingunit`.`class_id`
JOIN `year` ON `year`.`year_id`=`teachingunit`.`year_id`
WHERE `teachingunit`.`class_id` = \'4\'
AND `teachingunit`.`year_id` = 10
AND `teachingunit`.`status_teachingunit` = 0
AND `teachingunit`.`etat_teachingunit` = \'actif\'
AND `class`.`status_class` = 0
AND `class`.`etat_class` = \'actif\'')
 3 SYSTEMPATH\Database\BaseConnection.php(692): CodeIgniter\Database\SQLite3\Connection->execute('SELECT `teachingunit`.`teachingunit_id`, `teachingunit`.`name`, `teachingunit`.`code`, `teachingunit`.`status_teachingunit`, `teachingunit`.`etat_teachingunit`, `teachingunit`.`created_at`, `teachingunit`.`udated_at`, `teachingunit`.`deleted_at`, `teachingunit`.`user_id`, `teachingunit`.`year_id`, `teachingunit`.`class_id`, `teachingunit`.`coefficient`
FROM `teachingunit`
JOIN `class` ON `class`.`class_id`=`teachingunit`.`class_id`
JOIN `year` ON `year`.`year_id`=`teachingunit`.`year_id`
WHERE `teachingunit`.`class_id` = \'4\'
AND `teachingunit`.`year_id` = 10
AND `teachingunit`.`status_teachingunit` = 0
AND `teachingunit`.`etat_teachingunit` = \'actif\'
AND `class`.`status_class` = 0
AND `class`.`etat_class` = \'actif\'')
 4 SYSTEMPATH\Database\BaseConnection.php(606): CodeIgniter\Database\BaseConnection->simpleQuery('SELECT `teachingunit`.`teachingunit_id`, `teachingunit`.`name`, `teachingunit`.`code`, `teachingunit`.`status_teachingunit`, `teachingunit`.`etat_teachingunit`, `teachingunit`.`created_at`, `teachingunit`.`udated_at`, `teachingunit`.`deleted_at`, `teachingunit`.`user_id`, `teachingunit`.`year_id`, `teachingunit`.`class_id`, `teachingunit`.`coefficient`
FROM `teachingunit`
JOIN `class` ON `class`.`class_id`=`teachingunit`.`class_id`
JOIN `year` ON `year`.`year_id`=`teachingunit`.`year_id`
WHERE `teachingunit`.`class_id` = \'4\'
AND `teachingunit`.`year_id` = 10
AND `teachingunit`.`status_teachingunit` = 0
AND `teachingunit`.`etat_teachingunit` = \'actif\'
AND `class`.`status_class` = 0
AND `class`.`etat_class` = \'actif\'')
 5 SYSTEMPATH\Database\BaseBuilder.php(1616): CodeIgniter\Database\BaseConnection->query('SELECT `teachingunit`.`teachingunit_id`, `teachingunit`.`name`, `teachingunit`.`code`, `teachingunit`.`status_teachingunit`, `teachingunit`.`etat_teachingunit`, `teachingunit`.`created_at`, `teachingunit`.`udated_at`, `teachingunit`.`deleted_at`, `teachingunit`.`user_id`, `teachingunit`.`year_id`, `teachingunit`.`class_id`, `teachingunit`.`coefficient`
FROM `teachingunit`
JOIN `class` ON `class`.`class_id`=`teachingunit`.`class_id`
JOIN `year` ON `year`.`year_id`=`teachingunit`.`year_id`
WHERE `teachingunit`.`class_id` = :teachingunit.class_id:
AND `teachingunit`.`year_id` = :teachingunit.year_id:
AND `teachingunit`.`status_teachingunit` = :teachingunit.status_teachingunit:
AND `teachingunit`.`etat_teachingunit` = :teachingunit.etat_teachingunit:
AND `class`.`status_class` = :class.status_class:
AND `class`.`etat_class` = :class.etat_class:', [...], false)
 6 APPPATH\Models\TeachingUnitModel.php(140): CodeIgniter\Database\BaseBuilder->get()
 7 APPPATH\Controllers\TeachingUnitController.php(48): App\Models\TeachingUnitModel->getByIDClassByYear('4', 10)
 8 SYSTEMPATH\CodeIgniter.php(932): App\Controllers\TeachingUnitController->allTeachingUnit('4')
 9 SYSTEMPATH\CodeIgniter.php(497): CodeIgniter\CodeIgniter->runController(Object(App\Controllers\TeachingUnitController))
10 SYSTEMPATH\CodeIgniter.php(366): CodeIgniter\CodeIgniter->handleRequest(null, Object(Config\Cache), false)
11 FCPATH\index.php(67): CodeIgniter\CodeIgniter->run()
12 SYSTEMPATH\Commands\Server\rewrite.php(47): require_once('C:\\xampp\\htdocs\\secondary-back\\public\\index.php')
CRITICAL - 2023-09-14 19:21:04 --> Expired token
in VENDORPATH\firebase\php-jwt\src\JWT.php on line 172.
 1 APPPATH\Filters\AuthFilter.php(52): Firebase\JWT\JWT::decode('eyJ0eXAiOiJKV1QiLCJhbGciOiJIUzI1NiJ9.eyJpc3MiOiJJc3N1ZXIgb2YgdGhlIEpXVCIsImF1ZCI6IkF1ZGllbmNlIHRoYXQgdGhlIEpXVCIsInN1YiI6IlN1YmplY3Qgb2YgdGhlIEpXVCIsImlhdCI6MTY5NDcxNTY0OCwiZXhwIjoxNjk0NzE5MjQ4LCJlbWFpbCI6InRha2FtIGFuZ2UifQ.l94Myhl6iJNX6PlCc4WkpbCMXEx2cFPtpndTbkOWS80', Object(Firebase\JWT\Key))
 2 SYSTEMPATH\Filters\Filters.php(173): App\Filters\AuthFilter->before(Object(CodeIgniter\HTTP\IncomingRequest), null)
 3 SYSTEMPATH\CodeIgniter.php(471): CodeIgniter\Filters\Filters->run('year/actif', 'before')
 4 SYSTEMPATH\CodeIgniter.php(366): CodeIgniter\CodeIgniter->handleRequest(null, Object(Config\Cache), false)
 5 FCPATH\index.php(67): CodeIgniter\CodeIgniter->run()
 6 SYSTEMPATH\Commands\Server\rewrite.php(47): require_once('C:\\xampp\\htdocs\\secondary-back\\public\\index.php')
CRITICAL - 2023-09-14 19:21:04 --> Expired token
in VENDORPATH\firebase\php-jwt\src\JWT.php on line 172.
 1 APPPATH\Filters\AuthFilter.php(52): Firebase\JWT\JWT::decode('eyJ0eXAiOiJKV1QiLCJhbGciOiJIUzI1NiJ9.eyJpc3MiOiJJc3N1ZXIgb2YgdGhlIEpXVCIsImF1ZCI6IkF1ZGllbmNlIHRoYXQgdGhlIEpXVCIsInN1YiI6IlN1YmplY3Qgb2YgdGhlIEpXVCIsImlhdCI6MTY5NDcxNTY0OCwiZXhwIjoxNjk0NzE5MjQ4LCJlbWFpbCI6InRha2FtIGFuZ2UifQ.l94Myhl6iJNX6PlCc4WkpbCMXEx2cFPtpndTbkOWS80', Object(Firebase\JWT\Key))
 2 SYSTEMPATH\Filters\Filters.php(173): App\Filters\AuthFilter->before(Object(CodeIgniter\HTTP\IncomingRequest), null)
 3 SYSTEMPATH\CodeIgniter.php(471): CodeIgniter\Filters\Filters->run('school/select/2', 'before')
 4 SYSTEMPATH\CodeIgniter.php(366): CodeIgniter\CodeIgniter->handleRequest(null, Object(Config\Cache), false)
 5 FCPATH\index.php(67): CodeIgniter\CodeIgniter->run()
 6 SYSTEMPATH\Commands\Server\rewrite.php(47): require_once('C:\\xampp\\htdocs\\secondary-back\\public\\index.php')
CRITICAL - 2023-09-14 19:21:06 --> Expired token
in VENDORPATH\firebase\php-jwt\src\JWT.php on line 172.
 1 APPPATH\Filters\AuthFilter.php(52): Firebase\JWT\JWT::decode('eyJ0eXAiOiJKV1QiLCJhbGciOiJIUzI1NiJ9.eyJpc3MiOiJJc3N1ZXIgb2YgdGhlIEpXVCIsImF1ZCI6IkF1ZGllbmNlIHRoYXQgdGhlIEpXVCIsInN1YiI6IlN1YmplY3Qgb2YgdGhlIEpXVCIsImlhdCI6MTY5NDcxNTY0OCwiZXhwIjoxNjk0NzE5MjQ4LCJlbWFpbCI6InRha2FtIGFuZ2UifQ.l94Myhl6iJNX6PlCc4WkpbCMXEx2cFPtpndTbkOWS80', Object(Firebase\JWT\Key))
 2 SYSTEMPATH\Filters\Filters.php(173): App\Filters\AuthFilter->before(Object(CodeIgniter\HTTP\IncomingRequest), null)
 3 SYSTEMPATH\CodeIgniter.php(471): CodeIgniter\Filters\Filters->run('school/SchoolFilter/2', 'before')
 4 SYSTEMPATH\CodeIgniter.php(366): CodeIgniter\CodeIgniter->handleRequest(null, Object(Config\Cache), false)
 5 FCPATH\index.php(67): CodeIgniter\CodeIgniter->run()
 6 SYSTEMPATH\Commands\Server\rewrite.php(47): require_once('C:\\xampp\\htdocs\\secondary-back\\public\\index.php')
CRITICAL - 2023-09-14 19:22:50 --> Expired token
in VENDORPATH\firebase\php-jwt\src\JWT.php on line 172.
 1 APPPATH\Filters\AuthFilter.php(52): Firebase\JWT\JWT::decode('eyJ0eXAiOiJKV1QiLCJhbGciOiJIUzI1NiJ9.eyJpc3MiOiJJc3N1ZXIgb2YgdGhlIEpXVCIsImF1ZCI6IkF1ZGllbmNlIHRoYXQgdGhlIEpXVCIsInN1YiI6IlN1YmplY3Qgb2YgdGhlIEpXVCIsImlhdCI6MTY5NDcxNTY0OCwiZXhwIjoxNjk0NzE5MjQ4LCJlbWFpbCI6InRha2FtIGFuZ2UifQ.l94Myhl6iJNX6PlCc4WkpbCMXEx2cFPtpndTbkOWS80', Object(Firebase\JWT\Key))
 2 SYSTEMPATH\Filters\Filters.php(173): App\Filters\AuthFilter->before(Object(CodeIgniter\HTTP\IncomingRequest), null)
 3 SYSTEMPATH\CodeIgniter.php(471): CodeIgniter\Filters\Filters->run('year/actif', 'before')
 4 SYSTEMPATH\CodeIgniter.php(366): CodeIgniter\CodeIgniter->handleRequest(null, Object(Config\Cache), false)
 5 FCPATH\index.php(67): CodeIgniter\CodeIgniter->run()
 6 SYSTEMPATH\Commands\Server\rewrite.php(47): require_once('C:\\xampp\\htdocs\\secondary-back\\public\\index.php')
CRITICAL - 2023-09-14 19:22:50 --> Expired token
in VENDORPATH\firebase\php-jwt\src\JWT.php on line 172.
 1 APPPATH\Filters\AuthFilter.php(52): Firebase\JWT\JWT::decode('eyJ0eXAiOiJKV1QiLCJhbGciOiJIUzI1NiJ9.eyJpc3MiOiJJc3N1ZXIgb2YgdGhlIEpXVCIsImF1ZCI6IkF1ZGllbmNlIHRoYXQgdGhlIEpXVCIsInN1YiI6IlN1YmplY3Qgb2YgdGhlIEpXVCIsImlhdCI6MTY5NDcxNTY0OCwiZXhwIjoxNjk0NzE5MjQ4LCJlbWFpbCI6InRha2FtIGFuZ2UifQ.l94Myhl6iJNX6PlCc4WkpbCMXEx2cFPtpndTbkOWS80', Object(Firebase\JWT\Key))
 2 SYSTEMPATH\Filters\Filters.php(173): App\Filters\AuthFilter->before(Object(CodeIgniter\HTTP\IncomingRequest), null)
 3 SYSTEMPATH\CodeIgniter.php(471): CodeIgniter\Filters\Filters->run('school/select/2', 'before')
 4 SYSTEMPATH\CodeIgniter.php(366): CodeIgniter\CodeIgniter->handleRequest(null, Object(Config\Cache), false)
 5 FCPATH\index.php(67): CodeIgniter\CodeIgniter->run()
 6 SYSTEMPATH\Commands\Server\rewrite.php(47): require_once('C:\\xampp\\htdocs\\secondary-back\\public\\index.php')
CRITICAL - 2023-09-14 19:22:52 --> Expired token
in VENDORPATH\firebase\php-jwt\src\JWT.php on line 172.
 1 APPPATH\Filters\AuthFilter.php(52): Firebase\JWT\JWT::decode('eyJ0eXAiOiJKV1QiLCJhbGciOiJIUzI1NiJ9.eyJpc3MiOiJJc3N1ZXIgb2YgdGhlIEpXVCIsImF1ZCI6IkF1ZGllbmNlIHRoYXQgdGhlIEpXVCIsInN1YiI6IlN1YmplY3Qgb2YgdGhlIEpXVCIsImlhdCI6MTY5NDcxNTY0OCwiZXhwIjoxNjk0NzE5MjQ4LCJlbWFpbCI6InRha2FtIGFuZ2UifQ.l94Myhl6iJNX6PlCc4WkpbCMXEx2cFPtpndTbkOWS80', Object(Firebase\JWT\Key))
 2 SYSTEMPATH\Filters\Filters.php(173): App\Filters\AuthFilter->before(Object(CodeIgniter\HTTP\IncomingRequest), null)
 3 SYSTEMPATH\CodeIgniter.php(471): CodeIgniter\Filters\Filters->run('school/SchoolFilter/2', 'before')
 4 SYSTEMPATH\CodeIgniter.php(366): CodeIgniter\CodeIgniter->handleRequest(null, Object(Config\Cache), false)
 5 FCPATH\index.php(67): CodeIgniter\CodeIgniter->run()
 6 SYSTEMPATH\Commands\Server\rewrite.php(47): require_once('C:\\xampp\\htdocs\\secondary-back\\public\\index.php')
CRITICAL - 2023-09-14 19:23:07 --> Expired token
in VENDORPATH\firebase\php-jwt\src\JWT.php on line 172.
 1 APPPATH\Filters\AuthFilter.php(52): Firebase\JWT\JWT::decode('eyJ0eXAiOiJKV1QiLCJhbGciOiJIUzI1NiJ9.eyJpc3MiOiJJc3N1ZXIgb2YgdGhlIEpXVCIsImF1ZCI6IkF1ZGllbmNlIHRoYXQgdGhlIEpXVCIsInN1YiI6IlN1YmplY3Qgb2YgdGhlIEpXVCIsImlhdCI6MTY5NDcxNTY0OCwiZXhwIjoxNjk0NzE5MjQ4LCJlbWFpbCI6InRha2FtIGFuZ2UifQ.l94Myhl6iJNX6PlCc4WkpbCMXEx2cFPtpndTbkOWS80', Object(Firebase\JWT\Key))
 2 SYSTEMPATH\Filters\Filters.php(173): App\Filters\AuthFilter->before(Object(CodeIgniter\HTTP\IncomingRequest), null)
 3 SYSTEMPATH\CodeIgniter.php(471): CodeIgniter\Filters\Filters->run('year/actif', 'before')
 4 SYSTEMPATH\CodeIgniter.php(366): CodeIgniter\CodeIgniter->handleRequest(null, Object(Config\Cache), false)
 5 FCPATH\index.php(67): CodeIgniter\CodeIgniter->run()
 6 SYSTEMPATH\Commands\Server\rewrite.php(47): require_once('C:\\xampp\\htdocs\\secondary-back\\public\\index.php')
CRITICAL - 2023-09-14 19:23:07 --> Expired token
in VENDORPATH\firebase\php-jwt\src\JWT.php on line 172.
 1 APPPATH\Filters\AuthFilter.php(52): Firebase\JWT\JWT::decode('eyJ0eXAiOiJKV1QiLCJhbGciOiJIUzI1NiJ9.eyJpc3MiOiJJc3N1ZXIgb2YgdGhlIEpXVCIsImF1ZCI6IkF1ZGllbmNlIHRoYXQgdGhlIEpXVCIsInN1YiI6IlN1YmplY3Qgb2YgdGhlIEpXVCIsImlhdCI6MTY5NDcxNTY0OCwiZXhwIjoxNjk0NzE5MjQ4LCJlbWFpbCI6InRha2FtIGFuZ2UifQ.l94Myhl6iJNX6PlCc4WkpbCMXEx2cFPtpndTbkOWS80', Object(Firebase\JWT\Key))
 2 SYSTEMPATH\Filters\Filters.php(173): App\Filters\AuthFilter->before(Object(CodeIgniter\HTTP\IncomingRequest), null)
 3 SYSTEMPATH\CodeIgniter.php(471): CodeIgniter\Filters\Filters->run('school/select/2', 'before')
 4 SYSTEMPATH\CodeIgniter.php(366): CodeIgniter\CodeIgniter->handleRequest(null, Object(Config\Cache), false)
 5 FCPATH\index.php(67): CodeIgniter\CodeIgniter->run()
 6 SYSTEMPATH\Commands\Server\rewrite.php(47): require_once('C:\\xampp\\htdocs\\secondary-back\\public\\index.php')
CRITICAL - 2023-09-14 19:23:09 --> Expired token
in VENDORPATH\firebase\php-jwt\src\JWT.php on line 172.
 1 APPPATH\Filters\AuthFilter.php(52): Firebase\JWT\JWT::decode('eyJ0eXAiOiJKV1QiLCJhbGciOiJIUzI1NiJ9.eyJpc3MiOiJJc3N1ZXIgb2YgdGhlIEpXVCIsImF1ZCI6IkF1ZGllbmNlIHRoYXQgdGhlIEpXVCIsInN1YiI6IlN1YmplY3Qgb2YgdGhlIEpXVCIsImlhdCI6MTY5NDcxNTY0OCwiZXhwIjoxNjk0NzE5MjQ4LCJlbWFpbCI6InRha2FtIGFuZ2UifQ.l94Myhl6iJNX6PlCc4WkpbCMXEx2cFPtpndTbkOWS80', Object(Firebase\JWT\Key))
 2 SYSTEMPATH\Filters\Filters.php(173): App\Filters\AuthFilter->before(Object(CodeIgniter\HTTP\IncomingRequest), null)
 3 SYSTEMPATH\CodeIgniter.php(471): CodeIgniter\Filters\Filters->run('school/SchoolFilter/2', 'before')
 4 SYSTEMPATH\CodeIgniter.php(366): CodeIgniter\CodeIgniter->handleRequest(null, Object(Config\Cache), false)
 5 FCPATH\index.php(67): CodeIgniter\CodeIgniter->run()
 6 SYSTEMPATH\Commands\Server\rewrite.php(47): require_once('C:\\xampp\\htdocs\\secondary-back\\public\\index.php')
INFO - 2023-09-14 19:26:56 --> Session: Class initialized using 'CodeIgniter\Session\Handlers\FileHandler' driver.
INFO - 2023-09-14 19:27:41 --> Session: Class initialized using 'CodeIgniter\Session\Handlers\FileHandler' driver.
INFO - 2023-09-14 20:26:11 --> Session: Class initialized using 'CodeIgniter\Session\Handlers\FileHandler' driver.
INFO - 2023-09-14 20:26:45 --> Session: Class initialized using 'CodeIgniter\Session\Handlers\FileHandler' driver.
INFO - 2023-09-14 20:27:26 --> Session: Class initialized using 'CodeIgniter\Session\Handlers\FileHandler' driver.
CRITICAL - 2023-09-14 20:27:43 --> Expired token
in VENDORPATH\firebase\php-jwt\src\JWT.php on line 172.
 1 APPPATH\Filters\AuthFilter.php(52): Firebase\JWT\JWT::decode('eyJ0eXAiOiJKV1QiLCJhbGciOiJIUzI1NiJ9.eyJpc3MiOiJJc3N1ZXIgb2YgdGhlIEpXVCIsImF1ZCI6IkF1ZGllbmNlIHRoYXQgdGhlIEpXVCIsInN1YiI6IlN1YmplY3Qgb2YgdGhlIEpXVCIsImlhdCI6MTY5NDcxOTY2MSwiZXhwIjoxNjk0NzIzMjYxLCJlbWFpbCI6InRha2FtIGFuZ2UifQ.-6BoNRBa-u4HINrIcKGV1xManDI_rpRWPg9t6nOWPkg', Object(Firebase\JWT\Key))
 2 SYSTEMPATH\Filters\Filters.php(173): App\Filters\AuthFilter->before(Object(CodeIgniter\HTTP\IncomingRequest), null)
 3 SYSTEMPATH\CodeIgniter.php(471): CodeIgniter\Filters\Filters->run('sequence/insert', 'before')
 4 SYSTEMPATH\CodeIgniter.php(366): CodeIgniter\CodeIgniter->handleRequest(null, Object(Config\Cache), false)
 5 FCPATH\index.php(67): CodeIgniter\CodeIgniter->run()
 6 SYSTEMPATH\Commands\Server\rewrite.php(47): require_once('C:\\xampp\\htdocs\\secondary-back\\public\\index.php')
INFO - 2023-09-14 20:27:55 --> Session: Class initialized using 'CodeIgniter\Session\Handlers\FileHandler' driver.
INFO - 2023-09-14 20:27:57 --> Session: Class initialized using 'CodeIgniter\Session\Handlers\FileHandler' driver.
INFO - 2023-09-14 20:28:42 --> Session: Class initialized using 'CodeIgniter\Session\Handlers\FileHandler' driver.
INFO - 2023-09-14 20:29:11 --> Session: Class initialized using 'CodeIgniter\Session\Handlers\FileHandler' driver.
ERROR - 2023-09-14 21:18:19 --> ErrorException: SQLite3::query(): Unable to prepare statement: 1, no such column: birth_place.date_of_birth in C:\xampp\htdocs\secondary-back\vendor\codeigniter4\framework\system\Database\SQLite3\Connection.php:146
Stack trace:
#0 [internal function]: CodeIgniter\Debug\Exceptions->errorHandler(2, 'SQLite3::query(...', 'C:\\xampp\\htdocs...', 146)
#1 C:\xampp\htdocs\secondary-back\vendor\codeigniter4\framework\system\Database\SQLite3\Connection.php(146): SQLite3->query('SELECT `student...')
#2 C:\xampp\htdocs\secondary-back\vendor\codeigniter4\framework\system\Database\BaseConnection.php(692): CodeIgniter\Database\SQLite3\Connection->execute('SELECT `student...')
#3 C:\xampp\htdocs\secondary-back\vendor\codeigniter4\framework\system\Database\BaseConnection.php(606): CodeIgniter\Database\BaseConnection->simpleQuery('SELECT `student...')
#4 C:\xampp\htdocs\secondary-back\vendor\codeigniter4\framework\system\Database\BaseBuilder.php(1616): CodeIgniter\Database\BaseConnection->query('SELECT `student...', Array, false)
#5 C:\xampp\htdocs\secondary-back\app\Models\StudentModel.php(72): CodeIgniter\Database\BaseBuilder->get()
#6 C:\xampp\htdocs\secondary-back\app\Controllers\NoteController.php(32): App\Models\StudentModel->getStudentByClass('4', 10)
#7 C:\xampp\htdocs\secondary-back\vendor\codeigniter4\framework\system\CodeIgniter.php(932): App\Controllers\NoteController->GetnoteByTeachingUnit('4', '4')
#8 C:\xampp\htdocs\secondary-back\vendor\codeigniter4\framework\system\CodeIgniter.php(497): CodeIgniter\CodeIgniter->runController(Object(App\Controllers\NoteController))
#9 C:\xampp\htdocs\secondary-back\vendor\codeigniter4\framework\system\CodeIgniter.php(366): CodeIgniter\CodeIgniter->handleRequest(NULL, Object(Config\Cache), false)
#10 C:\xampp\htdocs\secondary-back\public\index.php(67): CodeIgniter\CodeIgniter->run()
#11 C:\xampp\htdocs\secondary-back\vendor\codeigniter4\framework\system\Commands\Server\rewrite.php(47): require_once('C:\\xampp\\htdocs...')
#12 {main}
CRITICAL - 2023-09-14 21:18:19 --> SQLite3::query(): Unable to prepare statement: 1, no such column: birth_place.date_of_birth
in SYSTEMPATH\Database\SQLite3\Connection.php on line 146.
 1 [internal function]: CodeIgniter\Debug\Exceptions->errorHandler(2, 'SQLite3::query(): Unable to prepare statement: 1, no such column: birth_place.date_of_birth', 'C:\\xampp\\htdocs\\secondary-back\\vendor\\codeigniter4\\framework\\system\\Database\\SQLite3\\Connection.php', 146)
 2 SYSTEMPATH\Database\SQLite3\Connection.php(146): SQLite3->query('SELECT `student`.`student_id`, `student`.`surname`, `student`.`name`, `student`.`birth_place`, `birth_place`.`date_of_birth`, `student`.`photo`, `student`.`nationality`, `student`.`sexe`, `student`.`matricule`, `student`.`status_student`, `student`.`etat_student`, `student`.`year_id`, `student`.`parent_id`, `student`.`created_at`, `student`.`updated_at`, `student`.`deleted_at`
FROM `student`
INNER JOIN `class` ON `class`.`class_id` = `student`.`class_id`
INNER JOIN `year` ON `year`.`year_id` = `student`.`year_id`
WHERE `student`.`class_id` = \'4\'
AND `student`.`year_id` = 10
AND `student`.`status_student` = 0
AND `student`.`etat_student` = \'actif\'
AND `class`.`status_class` = 0
AND `class`.`etat_class` = \'actif\'')
 3 SYSTEMPATH\Database\BaseConnection.php(692): CodeIgniter\Database\SQLite3\Connection->execute('SELECT `student`.`student_id`, `student`.`surname`, `student`.`name`, `student`.`birth_place`, `birth_place`.`date_of_birth`, `student`.`photo`, `student`.`nationality`, `student`.`sexe`, `student`.`matricule`, `student`.`status_student`, `student`.`etat_student`, `student`.`year_id`, `student`.`parent_id`, `student`.`created_at`, `student`.`updated_at`, `student`.`deleted_at`
FROM `student`
INNER JOIN `class` ON `class`.`class_id` = `student`.`class_id`
INNER JOIN `year` ON `year`.`year_id` = `student`.`year_id`
WHERE `student`.`class_id` = \'4\'
AND `student`.`year_id` = 10
AND `student`.`status_student` = 0
AND `student`.`etat_student` = \'actif\'
AND `class`.`status_class` = 0
AND `class`.`etat_class` = \'actif\'')
 4 SYSTEMPATH\Database\BaseConnection.php(606): CodeIgniter\Database\BaseConnection->simpleQuery('SELECT `student`.`student_id`, `student`.`surname`, `student`.`name`, `student`.`birth_place`, `birth_place`.`date_of_birth`, `student`.`photo`, `student`.`nationality`, `student`.`sexe`, `student`.`matricule`, `student`.`status_student`, `student`.`etat_student`, `student`.`year_id`, `student`.`parent_id`, `student`.`created_at`, `student`.`updated_at`, `student`.`deleted_at`
FROM `student`
INNER JOIN `class` ON `class`.`class_id` = `student`.`class_id`
INNER JOIN `year` ON `year`.`year_id` = `student`.`year_id`
WHERE `student`.`class_id` = \'4\'
AND `student`.`year_id` = 10
AND `student`.`status_student` = 0
AND `student`.`etat_student` = \'actif\'
AND `class`.`status_class` = 0
AND `class`.`etat_class` = \'actif\'')
 5 SYSTEMPATH\Database\BaseBuilder.php(1616): CodeIgniter\Database\BaseConnection->query('SELECT `student`.`student_id`, `student`.`surname`, `student`.`name`, `student`.`birth_place`, `birth_place`.`date_of_birth`, `student`.`photo`, `student`.`nationality`, `student`.`sexe`, `student`.`matricule`, `student`.`status_student`, `student`.`etat_student`, `student`.`year_id`, `student`.`parent_id`, `student`.`created_at`, `student`.`updated_at`, `student`.`deleted_at`
FROM `student`
INNER JOIN `class` ON `class`.`class_id` = `student`.`class_id`
INNER JOIN `year` ON `year`.`year_id` = `student`.`year_id`
WHERE `student`.`class_id` = :student.class_id:
AND `student`.`year_id` = :student.year_id:
AND `student`.`status_student` = :student.status_student:
AND `student`.`etat_student` = :student.etat_student:
AND `class`.`status_class` = :class.status_class:
AND `class`.`etat_class` = :class.etat_class:', [...], false)
 6 APPPATH\Models\StudentModel.php(72): CodeIgniter\Database\BaseBuilder->get()
 7 APPPATH\Controllers\NoteController.php(32): App\Models\StudentModel->getStudentByClass('4', 10)
 8 SYSTEMPATH\CodeIgniter.php(932): App\Controllers\NoteController->GetnoteByTeachingUnit('4', '4')
 9 SYSTEMPATH\CodeIgniter.php(497): CodeIgniter\CodeIgniter->runController(Object(App\Controllers\NoteController))
10 SYSTEMPATH\CodeIgniter.php(366): CodeIgniter\CodeIgniter->handleRequest(null, Object(Config\Cache), false)
11 FCPATH\index.php(67): CodeIgniter\CodeIgniter->run()
12 SYSTEMPATH\Commands\Server\rewrite.php(47): require_once('C:\\xampp\\htdocs\\secondary-back\\public\\index.php')
ERROR - 2023-09-14 21:18:46 --> ErrorException: SQLite3::query(): Unable to prepare statement: 1, no such column: student.class_id in C:\xampp\htdocs\secondary-back\vendor\codeigniter4\framework\system\Database\SQLite3\Connection.php:146
Stack trace:
#0 [internal function]: CodeIgniter\Debug\Exceptions->errorHandler(2, 'SQLite3::query(...', 'C:\\xampp\\htdocs...', 146)
#1 C:\xampp\htdocs\secondary-back\vendor\codeigniter4\framework\system\Database\SQLite3\Connection.php(146): SQLite3->query('SELECT `student...')
#2 C:\xampp\htdocs\secondary-back\vendor\codeigniter4\framework\system\Database\BaseConnection.php(692): CodeIgniter\Database\SQLite3\Connection->execute('SELECT `student...')
#3 C:\xampp\htdocs\secondary-back\vendor\codeigniter4\framework\system\Database\BaseConnection.php(606): CodeIgniter\Database\BaseConnection->simpleQuery('SELECT `student...')
#4 C:\xampp\htdocs\secondary-back\vendor\codeigniter4\framework\system\Database\BaseBuilder.php(1616): CodeIgniter\Database\BaseConnection->query('SELECT `student...', Array, false)
#5 C:\xampp\htdocs\secondary-back\app\Models\StudentModel.php(72): CodeIgniter\Database\BaseBuilder->get()
#6 C:\xampp\htdocs\secondary-back\app\Controllers\NoteController.php(32): App\Models\StudentModel->getStudentByClass('4', 10)
#7 C:\xampp\htdocs\secondary-back\vendor\codeigniter4\framework\system\CodeIgniter.php(932): App\Controllers\NoteController->GetnoteByTeachingUnit('4', '4')
#8 C:\xampp\htdocs\secondary-back\vendor\codeigniter4\framework\system\CodeIgniter.php(497): CodeIgniter\CodeIgniter->runController(Object(App\Controllers\NoteController))
#9 C:\xampp\htdocs\secondary-back\vendor\codeigniter4\framework\system\CodeIgniter.php(366): CodeIgniter\CodeIgniter->handleRequest(NULL, Object(Config\Cache), false)
#10 C:\xampp\htdocs\secondary-back\public\index.php(67): CodeIgniter\CodeIgniter->run()
#11 C:\xampp\htdocs\secondary-back\vendor\codeigniter4\framework\system\Commands\Server\rewrite.php(47): require_once('C:\\xampp\\htdocs...')
#12 {main}
CRITICAL - 2023-09-14 21:18:46 --> SQLite3::query(): Unable to prepare statement: 1, no such column: student.class_id
in SYSTEMPATH\Database\SQLite3\Connection.php on line 146.
 1 [internal function]: CodeIgniter\Debug\Exceptions->errorHandler(2, 'SQLite3::query(): Unable to prepare statement: 1, no such column: student.class_id', 'C:\\xampp\\htdocs\\secondary-back\\vendor\\codeigniter4\\framework\\system\\Database\\SQLite3\\Connection.php', 146)
 2 SYSTEMPATH\Database\SQLite3\Connection.php(146): SQLite3->query('SELECT `student`.`student_id`, `student`.`surname`, `student`.`name`, `student`.`birth_place`, `student`.`date_of_birth`, `student`.`photo`, `student`.`nationality`, `student`.`sexe`, `student`.`matricule`, `student`.`status_student`, `student`.`etat_student`, `student`.`year_id`, `student`.`parent_id`, `student`.`created_at`, `student`.`updated_at`, `student`.`deleted_at`
FROM `student`
INNER JOIN `class` ON `class`.`class_id` = `student`.`class_id`
INNER JOIN `year` ON `year`.`year_id` = `student`.`year_id`
WHERE `student`.`class_id` = \'4\'
AND `student`.`year_id` = 10
AND `student`.`status_student` = 0
AND `student`.`etat_student` = \'actif\'
AND `class`.`status_class` = 0
AND `class`.`etat_class` = \'actif\'')
 3 SYSTEMPATH\Database\BaseConnection.php(692): CodeIgniter\Database\SQLite3\Connection->execute('SELECT `student`.`student_id`, `student`.`surname`, `student`.`name`, `student`.`birth_place`, `student`.`date_of_birth`, `student`.`photo`, `student`.`nationality`, `student`.`sexe`, `student`.`matricule`, `student`.`status_student`, `student`.`etat_student`, `student`.`year_id`, `student`.`parent_id`, `student`.`created_at`, `student`.`updated_at`, `student`.`deleted_at`
FROM `student`
INNER JOIN `class` ON `class`.`class_id` = `student`.`class_id`
INNER JOIN `year` ON `year`.`year_id` = `student`.`year_id`
WHERE `student`.`class_id` = \'4\'
AND `student`.`year_id` = 10
AND `student`.`status_student` = 0
AND `student`.`etat_student` = \'actif\'
AND `class`.`status_class` = 0
AND `class`.`etat_class` = \'actif\'')
 4 SYSTEMPATH\Database\BaseConnection.php(606): CodeIgniter\Database\BaseConnection->simpleQuery('SELECT `student`.`student_id`, `student`.`surname`, `student`.`name`, `student`.`birth_place`, `student`.`date_of_birth`, `student`.`photo`, `student`.`nationality`, `student`.`sexe`, `student`.`matricule`, `student`.`status_student`, `student`.`etat_student`, `student`.`year_id`, `student`.`parent_id`, `student`.`created_at`, `student`.`updated_at`, `student`.`deleted_at`
FROM `student`
INNER JOIN `class` ON `class`.`class_id` = `student`.`class_id`
INNER JOIN `year` ON `year`.`year_id` = `student`.`year_id`
WHERE `student`.`class_id` = \'4\'
AND `student`.`year_id` = 10
AND `student`.`status_student` = 0
AND `student`.`etat_student` = \'actif\'
AND `class`.`status_class` = 0
AND `class`.`etat_class` = \'actif\'')
 5 SYSTEMPATH\Database\BaseBuilder.php(1616): CodeIgniter\Database\BaseConnection->query('SELECT `student`.`student_id`, `student`.`surname`, `student`.`name`, `student`.`birth_place`, `student`.`date_of_birth`, `student`.`photo`, `student`.`nationality`, `student`.`sexe`, `student`.`matricule`, `student`.`status_student`, `student`.`etat_student`, `student`.`year_id`, `student`.`parent_id`, `student`.`created_at`, `student`.`updated_at`, `student`.`deleted_at`
FROM `student`
INNER JOIN `class` ON `class`.`class_id` = `student`.`class_id`
INNER JOIN `year` ON `year`.`year_id` = `student`.`year_id`
WHERE `student`.`class_id` = :student.class_id:
AND `student`.`year_id` = :student.year_id:
AND `student`.`status_student` = :student.status_student:
AND `student`.`etat_student` = :student.etat_student:
AND `class`.`status_class` = :class.status_class:
AND `class`.`etat_class` = :class.etat_class:', [...], false)
 6 APPPATH\Models\StudentModel.php(72): CodeIgniter\Database\BaseBuilder->get()
 7 APPPATH\Controllers\NoteController.php(32): App\Models\StudentModel->getStudentByClass('4', 10)
 8 SYSTEMPATH\CodeIgniter.php(932): App\Controllers\NoteController->GetnoteByTeachingUnit('4', '4')
 9 SYSTEMPATH\CodeIgniter.php(497): CodeIgniter\CodeIgniter->runController(Object(App\Controllers\NoteController))
10 SYSTEMPATH\CodeIgniter.php(366): CodeIgniter\CodeIgniter->handleRequest(null, Object(Config\Cache), false)
11 FCPATH\index.php(67): CodeIgniter\CodeIgniter->run()
12 SYSTEMPATH\Commands\Server\rewrite.php(47): require_once('C:\\xampp\\htdocs\\secondary-back\\public\\index.php')
