INFO - 2023-09-11 07:47:47 --> Session: Class initialized using 'CodeIgniter\Session\Handlers\FileHandler' driver.
INFO - 2023-09-11 07:48:24 --> Session: Class initialized using 'CodeIgniter\Session\Handlers\FileHandler' driver.
INFO - 2023-09-11 07:49:22 --> Session: Class initialized using 'CodeIgniter\Session\Handlers\FileHandler' driver.
INFO - 2023-09-11 07:50:03 --> Session: Class initialized using 'CodeIgniter\Session\Handlers\FileHandler' driver.
INFO - 2023-09-11 09:39:31 --> Session: Class initialized using 'CodeIgniter\Session\Handlers\FileHandler' driver.
INFO - 2023-09-11 09:39:37 --> Session: Class initialized using 'CodeIgniter\Session\Handlers\FileHandler' driver.
INFO - 2023-09-11 09:39:59 --> Session: Class initialized using 'CodeIgniter\Session\Handlers\FileHandler' driver.
INFO - 2023-09-11 09:41:29 --> Session: Class initialized using 'CodeIgniter\Session\Handlers\FileHandler' driver.
INFO - 2023-09-11 10:02:17 --> Session: Class initialized using 'CodeIgniter\Session\Handlers\FileHandler' driver.
INFO - 2023-09-11 10:02:20 --> Session: Class initialized using 'CodeIgniter\Session\Handlers\FileHandler' driver.
ERROR - 2023-09-11 10:35:54 --> ErrorException: SQLite3::query(): Unable to prepare statement: 1, no such column: cycle.school_id in C:\xampp\htdocs\secondary-back\vendor\codeigniter4\framework\system\Database\SQLite3\Connection.php:146
Stack trace:
#0 [internal function]: CodeIgniter\Debug\Exceptions->errorHandler(2, 'SQLite3::query(...', 'C:\\xampp\\htdocs...', 146)
#1 C:\xampp\htdocs\secondary-back\vendor\codeigniter4\framework\system\Database\SQLite3\Connection.php(146): SQLite3->query('SELECT *\nFROM `...')
#2 C:\xampp\htdocs\secondary-back\vendor\codeigniter4\framework\system\Database\BaseConnection.php(692): CodeIgniter\Database\SQLite3\Connection->execute('SELECT *\nFROM `...')
#3 C:\xampp\htdocs\secondary-back\vendor\codeigniter4\framework\system\Database\BaseConnection.php(606): CodeIgniter\Database\BaseConnection->simpleQuery('SELECT *\nFROM `...')
#4 C:\xampp\htdocs\secondary-back\vendor\codeigniter4\framework\system\Database\BaseBuilder.php(1616): CodeIgniter\Database\BaseConnection->query('SELECT *\nFROM `...', Array, false)
#5 C:\xampp\htdocs\secondary-back\app\Models\SessionModel.php(66): CodeIgniter\Database\BaseBuilder->get()
#6 C:\xampp\htdocs\secondary-back\app\Controllers\SessionController.php(47): App\Models\SessionModel->getSession('anglophone', 'en', '2')
#7 C:\xampp\htdocs\secondary-back\vendor\codeigniter4\framework\system\CodeIgniter.php(932): App\Controllers\SessionController->insertsession()
#8 C:\xampp\htdocs\secondary-back\vendor\codeigniter4\framework\system\CodeIgniter.php(497): CodeIgniter\CodeIgniter->runController(Object(App\Controllers\SessionController))
#9 C:\xampp\htdocs\secondary-back\vendor\codeigniter4\framework\system\CodeIgniter.php(366): CodeIgniter\CodeIgniter->handleRequest(NULL, Object(Config\Cache), false)
#10 C:\xampp\htdocs\secondary-back\public\index.php(67): CodeIgniter\CodeIgniter->run()
#11 C:\xampp\htdocs\secondary-back\vendor\codeigniter4\framework\system\Commands\Server\rewrite.php(47): require_once('C:\\xampp\\htdocs...')
#12 {main}
CRITICAL - 2023-09-11 10:35:54 --> SQLite3::query(): Unable to prepare statement: 1, no such column: cycle.school_id
in SYSTEMPATH\Database\SQLite3\Connection.php on line 146.
 1 [internal function]: CodeIgniter\Debug\Exceptions->errorHandler(2, 'SQLite3::query(): Unable to prepare statement: 1, no such column: cycle.school_id', 'C:\\xampp\\htdocs\\secondary-back\\vendor\\codeigniter4\\framework\\system\\Database\\SQLite3\\Connection.php', 146)
 2 SYSTEMPATH\Database\SQLite3\Connection.php(146): SQLite3->query('SELECT *
FROM `session`
JOIN `school` ON `school`.`school_id`=`cycle`.`school_id`
WHERE `session`.`code_session` = \'en\'
AND `session`.`name_session` = \'anglophone\'
AND `session`.`school_id` = \'2\'
AND `session`.`status_session` = 0
AND `session`.`etat_session` = \'actif\'
AND `school`.`status_school` = 0
AND `school`.`etat_school` = \'actif\'')
 3 SYSTEMPATH\Database\BaseConnection.php(692): CodeIgniter\Database\SQLite3\Connection->execute('SELECT *
FROM `session`
JOIN `school` ON `school`.`school_id`=`cycle`.`school_id`
WHERE `session`.`code_session` = \'en\'
AND `session`.`name_session` = \'anglophone\'
AND `session`.`school_id` = \'2\'
AND `session`.`status_session` = 0
AND `session`.`etat_session` = \'actif\'
AND `school`.`status_school` = 0
AND `school`.`etat_school` = \'actif\'')
 4 SYSTEMPATH\Database\BaseConnection.php(606): CodeIgniter\Database\BaseConnection->simpleQuery('SELECT *
FROM `session`
JOIN `school` ON `school`.`school_id`=`cycle`.`school_id`
WHERE `session`.`code_session` = \'en\'
AND `session`.`name_session` = \'anglophone\'
AND `session`.`school_id` = \'2\'
AND `session`.`status_session` = 0
AND `session`.`etat_session` = \'actif\'
AND `school`.`status_school` = 0
AND `school`.`etat_school` = \'actif\'')
 5 SYSTEMPATH\Database\BaseBuilder.php(1616): CodeIgniter\Database\BaseConnection->query('SELECT *
FROM `session`
JOIN `school` ON `school`.`school_id`=`cycle`.`school_id`
WHERE `session`.`code_session` = :session.code_session:
AND `session`.`name_session` = :session.name_session:
AND `session`.`school_id` = :session.school_id:
AND `session`.`status_session` = :session.status_session:
AND `session`.`etat_session` = :session.etat_session:
AND `school`.`status_school` = :school.status_school:
AND `school`.`etat_school` = :school.etat_school:', [...], false)
 6 APPPATH\Models\SessionModel.php(66): CodeIgniter\Database\BaseBuilder->get()
 7 APPPATH\Controllers\SessionController.php(47): App\Models\SessionModel->getSession('anglophone', 'en', '2')
 8 SYSTEMPATH\CodeIgniter.php(932): App\Controllers\SessionController->insertsession()
 9 SYSTEMPATH\CodeIgniter.php(497): CodeIgniter\CodeIgniter->runController(Object(App\Controllers\SessionController))
10 SYSTEMPATH\CodeIgniter.php(366): CodeIgniter\CodeIgniter->handleRequest(null, Object(Config\Cache), false)
11 FCPATH\index.php(67): CodeIgniter\CodeIgniter->run()
12 SYSTEMPATH\Commands\Server\rewrite.php(47): require_once('C:\\xampp\\htdocs\\secondary-back\\public\\index.php')
ERROR - 2023-09-11 10:37:12 --> ErrorException: SQLite3::exec(): database is locked in C:\xampp\htdocs\secondary-back\vendor\codeigniter4\framework\system\Database\SQLite3\Connection.php:145
Stack trace:
#0 [internal function]: CodeIgniter\Debug\Exceptions->errorHandler(2, 'SQLite3::exec()...', 'C:\\xampp\\htdocs...', 145)
#1 C:\xampp\htdocs\secondary-back\vendor\codeigniter4\framework\system\Database\SQLite3\Connection.php(145): SQLite3->exec('INSERT INTO `se...')
#2 C:\xampp\htdocs\secondary-back\vendor\codeigniter4\framework\system\Database\BaseConnection.php(692): CodeIgniter\Database\SQLite3\Connection->execute('INSERT INTO `se...')
#3 C:\xampp\htdocs\secondary-back\vendor\codeigniter4\framework\system\Database\BaseConnection.php(606): CodeIgniter\Database\BaseConnection->simpleQuery('INSERT INTO `se...')
#4 C:\xampp\htdocs\secondary-back\vendor\codeigniter4\framework\system\Database\BaseBuilder.php(2309): CodeIgniter\Database\BaseConnection->query('INSERT INTO `se...', Array, false)
#5 C:\xampp\htdocs\secondary-back\vendor\codeigniter4\framework\system\Model.php(330): CodeIgniter\Database\BaseBuilder->insert()
#6 C:\xampp\htdocs\secondary-back\vendor\codeigniter4\framework\system\BaseModel.php(782): CodeIgniter\Model->doInsert(Array)
#7 C:\xampp\htdocs\secondary-back\vendor\codeigniter4\framework\system\Model.php(730): CodeIgniter\BaseModel->insert(Array, false)
#8 C:\xampp\htdocs\secondary-back\vendor\codeigniter4\framework\system\BaseModel.php(692): CodeIgniter\Model->insert(Array, false)
#9 C:\xampp\htdocs\secondary-back\app\Controllers\SessionController.php(71): CodeIgniter\BaseModel->save(Array)
#10 C:\xampp\htdocs\secondary-back\vendor\codeigniter4\framework\system\CodeIgniter.php(932): App\Controllers\SessionController->insertsession()
#11 C:\xampp\htdocs\secondary-back\vendor\codeigniter4\framework\system\CodeIgniter.php(497): CodeIgniter\CodeIgniter->runController(Object(App\Controllers\SessionController))
#12 C:\xampp\htdocs\secondary-back\vendor\codeigniter4\framework\system\CodeIgniter.php(366): CodeIgniter\CodeIgniter->handleRequest(NULL, Object(Config\Cache), false)
#13 C:\xampp\htdocs\secondary-back\public\index.php(67): CodeIgniter\CodeIgniter->run()
#14 C:\xampp\htdocs\secondary-back\vendor\codeigniter4\framework\system\Commands\Server\rewrite.php(47): require_once('C:\\xampp\\htdocs...')
#15 {main}
CRITICAL - 2023-09-11 10:37:12 --> SQLite3::exec(): database is locked
in SYSTEMPATH\Database\SQLite3\Connection.php on line 145.
 1 [internal function]: CodeIgniter\Debug\Exceptions->errorHandler(2, 'SQLite3::exec(): database is locked', 'C:\\xampp\\htdocs\\secondary-back\\vendor\\codeigniter4\\framework\\system\\Database\\SQLite3\\Connection.php', 145)
 2 SYSTEMPATH\Database\SQLite3\Connection.php(145): SQLite3->exec('INSERT INTO `session` (`code_session`, `id_user`, `school_id`, `status_session`, `etat_session`, `created_at`, `updated_at`) VALUES (\'en\', \'1\', \'2\', 0, \'actif\', \'2023-09-11 10:09:12\', \'2023-09-11 10:09:12\')')
 3 SYSTEMPATH\Database\BaseConnection.php(692): CodeIgniter\Database\SQLite3\Connection->execute('INSERT INTO `session` (`code_session`, `id_user`, `school_id`, `status_session`, `etat_session`, `created_at`, `updated_at`) VALUES (\'en\', \'1\', \'2\', 0, \'actif\', \'2023-09-11 10:09:12\', \'2023-09-11 10:09:12\')')
 4 SYSTEMPATH\Database\BaseConnection.php(606): CodeIgniter\Database\BaseConnection->simpleQuery('INSERT INTO `session` (`code_session`, `id_user`, `school_id`, `status_session`, `etat_session`, `created_at`, `updated_at`) VALUES (\'en\', \'1\', \'2\', 0, \'actif\', \'2023-09-11 10:09:12\', \'2023-09-11 10:09:12\')')
 5 SYSTEMPATH\Database\BaseBuilder.php(2309): CodeIgniter\Database\BaseConnection->query('INSERT INTO `session` (`code_session`, `id_user`, `school_id`, `status_session`, `etat_session`, `created_at`, `updated_at`) VALUES (:code_session:, :id_user:, :school_id:, :status_session:, :etat_session:, :created_at:, :updated_at:)', [...], false)
 6 SYSTEMPATH\Model.php(330): CodeIgniter\Database\BaseBuilder->insert()
 7 SYSTEMPATH\BaseModel.php(782): CodeIgniter\Model->doInsert([...])
 8 SYSTEMPATH\Model.php(730): CodeIgniter\BaseModel->insert([...], false)
 9 SYSTEMPATH\BaseModel.php(692): CodeIgniter\Model->insert([...], false)
10 APPPATH\Controllers\SessionController.php(71): CodeIgniter\BaseModel->save([...])
11 SYSTEMPATH\CodeIgniter.php(932): App\Controllers\SessionController->insertsession()
12 SYSTEMPATH\CodeIgniter.php(497): CodeIgniter\CodeIgniter->runController(Object(App\Controllers\SessionController))
13 SYSTEMPATH\CodeIgniter.php(366): CodeIgniter\CodeIgniter->handleRequest(null, Object(Config\Cache), false)
14 FCPATH\index.php(67): CodeIgniter\CodeIgniter->run()
15 SYSTEMPATH\Commands\Server\rewrite.php(47): require_once('C:\\xampp\\htdocs\\secondary-back\\public\\index.php')
ERROR - 2023-09-11 10:37:23 --> ErrorException: SQLite3::exec(): NOT NULL constraint failed: session.name_session in C:\xampp\htdocs\secondary-back\vendor\codeigniter4\framework\system\Database\SQLite3\Connection.php:145
Stack trace:
#0 [internal function]: CodeIgniter\Debug\Exceptions->errorHandler(2, 'SQLite3::exec()...', 'C:\\xampp\\htdocs...', 145)
#1 C:\xampp\htdocs\secondary-back\vendor\codeigniter4\framework\system\Database\SQLite3\Connection.php(145): SQLite3->exec('INSERT INTO `se...')
#2 C:\xampp\htdocs\secondary-back\vendor\codeigniter4\framework\system\Database\BaseConnection.php(692): CodeIgniter\Database\SQLite3\Connection->execute('INSERT INTO `se...')
#3 C:\xampp\htdocs\secondary-back\vendor\codeigniter4\framework\system\Database\BaseConnection.php(606): CodeIgniter\Database\BaseConnection->simpleQuery('INSERT INTO `se...')
#4 C:\xampp\htdocs\secondary-back\vendor\codeigniter4\framework\system\Database\BaseBuilder.php(2309): CodeIgniter\Database\BaseConnection->query('INSERT INTO `se...', Array, false)
#5 C:\xampp\htdocs\secondary-back\vendor\codeigniter4\framework\system\Model.php(330): CodeIgniter\Database\BaseBuilder->insert()
#6 C:\xampp\htdocs\secondary-back\vendor\codeigniter4\framework\system\BaseModel.php(782): CodeIgniter\Model->doInsert(Array)
#7 C:\xampp\htdocs\secondary-back\vendor\codeigniter4\framework\system\Model.php(730): CodeIgniter\BaseModel->insert(Array, false)
#8 C:\xampp\htdocs\secondary-back\vendor\codeigniter4\framework\system\BaseModel.php(692): CodeIgniter\Model->insert(Array, false)
#9 C:\xampp\htdocs\secondary-back\app\Controllers\SessionController.php(71): CodeIgniter\BaseModel->save(Array)
#10 C:\xampp\htdocs\secondary-back\vendor\codeigniter4\framework\system\CodeIgniter.php(932): App\Controllers\SessionController->insertsession()
#11 C:\xampp\htdocs\secondary-back\vendor\codeigniter4\framework\system\CodeIgniter.php(497): CodeIgniter\CodeIgniter->runController(Object(App\Controllers\SessionController))
#12 C:\xampp\htdocs\secondary-back\vendor\codeigniter4\framework\system\CodeIgniter.php(366): CodeIgniter\CodeIgniter->handleRequest(NULL, Object(Config\Cache), false)
#13 C:\xampp\htdocs\secondary-back\public\index.php(67): CodeIgniter\CodeIgniter->run()
#14 C:\xampp\htdocs\secondary-back\vendor\codeigniter4\framework\system\Commands\Server\rewrite.php(47): require_once('C:\\xampp\\htdocs...')
#15 {main}
CRITICAL - 2023-09-11 10:37:23 --> SQLite3::exec(): NOT NULL constraint failed: session.name_session
in SYSTEMPATH\Database\SQLite3\Connection.php on line 145.
 1 [internal function]: CodeIgniter\Debug\Exceptions->errorHandler(2, 'SQLite3::exec(): NOT NULL constraint failed: session.name_session', 'C:\\xampp\\htdocs\\secondary-back\\vendor\\codeigniter4\\framework\\system\\Database\\SQLite3\\Connection.php', 145)
 2 SYSTEMPATH\Database\SQLite3\Connection.php(145): SQLite3->exec('INSERT INTO `session` (`code_session`, `id_user`, `school_id`, `status_session`, `etat_session`, `created_at`, `updated_at`) VALUES (\'en\', \'1\', \'2\', 0, \'actif\', \'2023-09-11 10:09:23\', \'2023-09-11 10:09:23\')')
 3 SYSTEMPATH\Database\BaseConnection.php(692): CodeIgniter\Database\SQLite3\Connection->execute('INSERT INTO `session` (`code_session`, `id_user`, `school_id`, `status_session`, `etat_session`, `created_at`, `updated_at`) VALUES (\'en\', \'1\', \'2\', 0, \'actif\', \'2023-09-11 10:09:23\', \'2023-09-11 10:09:23\')')
 4 SYSTEMPATH\Database\BaseConnection.php(606): CodeIgniter\Database\BaseConnection->simpleQuery('INSERT INTO `session` (`code_session`, `id_user`, `school_id`, `status_session`, `etat_session`, `created_at`, `updated_at`) VALUES (\'en\', \'1\', \'2\', 0, \'actif\', \'2023-09-11 10:09:23\', \'2023-09-11 10:09:23\')')
 5 SYSTEMPATH\Database\BaseBuilder.php(2309): CodeIgniter\Database\BaseConnection->query('INSERT INTO `session` (`code_session`, `id_user`, `school_id`, `status_session`, `etat_session`, `created_at`, `updated_at`) VALUES (:code_session:, :id_user:, :school_id:, :status_session:, :etat_session:, :created_at:, :updated_at:)', [...], false)
 6 SYSTEMPATH\Model.php(330): CodeIgniter\Database\BaseBuilder->insert()
 7 SYSTEMPATH\BaseModel.php(782): CodeIgniter\Model->doInsert([...])
 8 SYSTEMPATH\Model.php(730): CodeIgniter\BaseModel->insert([...], false)
 9 SYSTEMPATH\BaseModel.php(692): CodeIgniter\Model->insert([...], false)
10 APPPATH\Controllers\SessionController.php(71): CodeIgniter\BaseModel->save([...])
11 SYSTEMPATH\CodeIgniter.php(932): App\Controllers\SessionController->insertsession()
12 SYSTEMPATH\CodeIgniter.php(497): CodeIgniter\CodeIgniter->runController(Object(App\Controllers\SessionController))
13 SYSTEMPATH\CodeIgniter.php(366): CodeIgniter\CodeIgniter->handleRequest(null, Object(Config\Cache), false)
14 FCPATH\index.php(67): CodeIgniter\CodeIgniter->run()
15 SYSTEMPATH\Commands\Server\rewrite.php(47): require_once('C:\\xampp\\htdocs\\secondary-back\\public\\index.php')
ERROR - 2023-09-11 10:38:13 --> ErrorException: SQLite3::exec(): NOT NULL constraint failed: session.name_session in C:\xampp\htdocs\secondary-back\vendor\codeigniter4\framework\system\Database\SQLite3\Connection.php:145
Stack trace:
#0 [internal function]: CodeIgniter\Debug\Exceptions->errorHandler(2, 'SQLite3::exec()...', 'C:\\xampp\\htdocs...', 145)
#1 C:\xampp\htdocs\secondary-back\vendor\codeigniter4\framework\system\Database\SQLite3\Connection.php(145): SQLite3->exec('INSERT INTO `se...')
#2 C:\xampp\htdocs\secondary-back\vendor\codeigniter4\framework\system\Database\BaseConnection.php(692): CodeIgniter\Database\SQLite3\Connection->execute('INSERT INTO `se...')
#3 C:\xampp\htdocs\secondary-back\vendor\codeigniter4\framework\system\Database\BaseConnection.php(606): CodeIgniter\Database\BaseConnection->simpleQuery('INSERT INTO `se...')
#4 C:\xampp\htdocs\secondary-back\vendor\codeigniter4\framework\system\Database\BaseBuilder.php(2309): CodeIgniter\Database\BaseConnection->query('INSERT INTO `se...', Array, false)
#5 C:\xampp\htdocs\secondary-back\vendor\codeigniter4\framework\system\Model.php(330): CodeIgniter\Database\BaseBuilder->insert()
#6 C:\xampp\htdocs\secondary-back\vendor\codeigniter4\framework\system\BaseModel.php(782): CodeIgniter\Model->doInsert(Array)
#7 C:\xampp\htdocs\secondary-back\vendor\codeigniter4\framework\system\Model.php(730): CodeIgniter\BaseModel->insert(Array, false)
#8 C:\xampp\htdocs\secondary-back\vendor\codeigniter4\framework\system\BaseModel.php(692): CodeIgniter\Model->insert(Array, false)
#9 C:\xampp\htdocs\secondary-back\app\Controllers\SessionController.php(71): CodeIgniter\BaseModel->save(Array)
#10 C:\xampp\htdocs\secondary-back\vendor\codeigniter4\framework\system\CodeIgniter.php(932): App\Controllers\SessionController->insertsession()
#11 C:\xampp\htdocs\secondary-back\vendor\codeigniter4\framework\system\CodeIgniter.php(497): CodeIgniter\CodeIgniter->runController(Object(App\Controllers\SessionController))
#12 C:\xampp\htdocs\secondary-back\vendor\codeigniter4\framework\system\CodeIgniter.php(366): CodeIgniter\CodeIgniter->handleRequest(NULL, Object(Config\Cache), false)
#13 C:\xampp\htdocs\secondary-back\public\index.php(67): CodeIgniter\CodeIgniter->run()
#14 C:\xampp\htdocs\secondary-back\vendor\codeigniter4\framework\system\Commands\Server\rewrite.php(47): require_once('C:\\xampp\\htdocs...')
#15 {main}
CRITICAL - 2023-09-11 10:38:13 --> SQLite3::exec(): NOT NULL constraint failed: session.name_session
in SYSTEMPATH\Database\SQLite3\Connection.php on line 145.
 1 [internal function]: CodeIgniter\Debug\Exceptions->errorHandler(2, 'SQLite3::exec(): NOT NULL constraint failed: session.name_session', 'C:\\xampp\\htdocs\\secondary-back\\vendor\\codeigniter4\\framework\\system\\Database\\SQLite3\\Connection.php', 145)
 2 SYSTEMPATH\Database\SQLite3\Connection.php(145): SQLite3->exec('INSERT INTO `session` (`code_session`, `id_user`, `school_id`, `status_session`, `etat_session`, `created_at`, `updated_at`) VALUES (\'en\', \'1\', \'2\', 0, \'actif\', \'2023-09-11 10:09:13\', \'2023-09-11 10:09:13\')')
 3 SYSTEMPATH\Database\BaseConnection.php(692): CodeIgniter\Database\SQLite3\Connection->execute('INSERT INTO `session` (`code_session`, `id_user`, `school_id`, `status_session`, `etat_session`, `created_at`, `updated_at`) VALUES (\'en\', \'1\', \'2\', 0, \'actif\', \'2023-09-11 10:09:13\', \'2023-09-11 10:09:13\')')
 4 SYSTEMPATH\Database\BaseConnection.php(606): CodeIgniter\Database\BaseConnection->simpleQuery('INSERT INTO `session` (`code_session`, `id_user`, `school_id`, `status_session`, `etat_session`, `created_at`, `updated_at`) VALUES (\'en\', \'1\', \'2\', 0, \'actif\', \'2023-09-11 10:09:13\', \'2023-09-11 10:09:13\')')
 5 SYSTEMPATH\Database\BaseBuilder.php(2309): CodeIgniter\Database\BaseConnection->query('INSERT INTO `session` (`code_session`, `id_user`, `school_id`, `status_session`, `etat_session`, `created_at`, `updated_at`) VALUES (:code_session:, :id_user:, :school_id:, :status_session:, :etat_session:, :created_at:, :updated_at:)', [...], false)
 6 SYSTEMPATH\Model.php(330): CodeIgniter\Database\BaseBuilder->insert()
 7 SYSTEMPATH\BaseModel.php(782): CodeIgniter\Model->doInsert([...])
 8 SYSTEMPATH\Model.php(730): CodeIgniter\BaseModel->insert([...], false)
 9 SYSTEMPATH\BaseModel.php(692): CodeIgniter\Model->insert([...], false)
10 APPPATH\Controllers\SessionController.php(71): CodeIgniter\BaseModel->save([...])
11 SYSTEMPATH\CodeIgniter.php(932): App\Controllers\SessionController->insertsession()
12 SYSTEMPATH\CodeIgniter.php(497): CodeIgniter\CodeIgniter->runController(Object(App\Controllers\SessionController))
13 SYSTEMPATH\CodeIgniter.php(366): CodeIgniter\CodeIgniter->handleRequest(null, Object(Config\Cache), false)
14 FCPATH\index.php(67): CodeIgniter\CodeIgniter->run()
15 SYSTEMPATH\Commands\Server\rewrite.php(47): require_once('C:\\xampp\\htdocs\\secondary-back\\public\\index.php')
INFO - 2023-09-11 10:39:36 --> Session: Class initialized using 'CodeIgniter\Session\Handlers\FileHandler' driver.
INFO - 2023-09-11 10:39:39 --> Session: Class initialized using 'CodeIgniter\Session\Handlers\FileHandler' driver.
INFO - 2023-09-11 10:42:55 --> Session: Class initialized using 'CodeIgniter\Session\Handlers\FileHandler' driver.
INFO - 2023-09-11 10:42:58 --> Session: Class initialized using 'CodeIgniter\Session\Handlers\FileHandler' driver.
INFO - 2023-09-11 10:47:51 --> Session: Class initialized using 'CodeIgniter\Session\Handlers\FileHandler' driver.
INFO - 2023-09-11 10:47:54 --> Session: Class initialized using 'CodeIgniter\Session\Handlers\FileHandler' driver.
CRITICAL - 2023-09-11 11:11:59 --> Undefined variable $coded_trimestre
in APPPATH\Controllers\TrimestreController.php on line 67.
 1 APPPATH\Controllers\TrimestreController.php(67): CodeIgniter\Debug\Exceptions->errorHandler(2, 'Undefined variable $coded_trimestre', 'C:\\xampp\\htdocs\\secondary-back\\app\\Controllers\\TrimestreController.php', 67)
 2 SYSTEMPATH\CodeIgniter.php(932): App\Controllers\TrimestreController->inserttrimestre()
 3 SYSTEMPATH\CodeIgniter.php(497): CodeIgniter\CodeIgniter->runController(Object(App\Controllers\TrimestreController))
 4 SYSTEMPATH\CodeIgniter.php(366): CodeIgniter\CodeIgniter->handleRequest(null, Object(Config\Cache), false)
 5 FCPATH\index.php(67): CodeIgniter\CodeIgniter->run()
 6 SYSTEMPATH\Commands\Server\rewrite.php(47): require_once('C:\\xampp\\htdocs\\secondary-back\\public\\index.php')
ERROR - 2023-09-11 11:13:01 --> ErrorException: SQLite3::exec(): table trimestre has no column named id_user in C:\xampp\htdocs\secondary-back\vendor\codeigniter4\framework\system\Database\SQLite3\Connection.php:145
Stack trace:
#0 [internal function]: CodeIgniter\Debug\Exceptions->errorHandler(2, 'SQLite3::exec()...', 'C:\\xampp\\htdocs...', 145)
#1 C:\xampp\htdocs\secondary-back\vendor\codeigniter4\framework\system\Database\SQLite3\Connection.php(145): SQLite3->exec('INSERT INTO `tr...')
#2 C:\xampp\htdocs\secondary-back\vendor\codeigniter4\framework\system\Database\BaseConnection.php(692): CodeIgniter\Database\SQLite3\Connection->execute('INSERT INTO `tr...')
#3 C:\xampp\htdocs\secondary-back\vendor\codeigniter4\framework\system\Database\BaseConnection.php(606): CodeIgniter\Database\BaseConnection->simpleQuery('INSERT INTO `tr...')
#4 C:\xampp\htdocs\secondary-back\vendor\codeigniter4\framework\system\Database\BaseBuilder.php(2309): CodeIgniter\Database\BaseConnection->query('INSERT INTO `tr...', Array, false)
#5 C:\xampp\htdocs\secondary-back\app\Models\TrimestreModel.php(76): CodeIgniter\Database\BaseBuilder->insert(Array)
#6 C:\xampp\htdocs\secondary-back\app\Controllers\TrimestreController.php(93): App\Models\TrimestreModel->inserttrimestre(Array)
#7 C:\xampp\htdocs\secondary-back\vendor\codeigniter4\framework\system\CodeIgniter.php(932): App\Controllers\TrimestreController->inserttrimestre()
#8 C:\xampp\htdocs\secondary-back\vendor\codeigniter4\framework\system\CodeIgniter.php(497): CodeIgniter\CodeIgniter->runController(Object(App\Controllers\TrimestreController))
#9 C:\xampp\htdocs\secondary-back\vendor\codeigniter4\framework\system\CodeIgniter.php(366): CodeIgniter\CodeIgniter->handleRequest(NULL, Object(Config\Cache), false)
#10 C:\xampp\htdocs\secondary-back\public\index.php(67): CodeIgniter\CodeIgniter->run()
#11 C:\xampp\htdocs\secondary-back\vendor\codeigniter4\framework\system\Commands\Server\rewrite.php(47): require_once('C:\\xampp\\htdocs...')
#12 {main}
CRITICAL - 2023-09-11 11:13:01 --> SQLite3::exec(): table trimestre has no column named id_user
in SYSTEMPATH\Database\SQLite3\Connection.php on line 145.
 1 [internal function]: CodeIgniter\Debug\Exceptions->errorHandler(2, 'SQLite3::exec(): table trimestre has no column named id_user', 'C:\\xampp\\htdocs\\secondary-back\\vendor\\codeigniter4\\framework\\system\\Database\\SQLite3\\Connection.php', 145)
 2 SYSTEMPATH\Database\SQLite3\Connection.php(145): SQLite3->exec('INSERT INTO `trimestre` (`name`, `coded`, `status_trimestre`, `etat_trimestre`, `id_user`, `session_id`, `cycle_id`, `class_id`, `created_at`, `updated_at`) VALUES (\'djfdb\', \'hdjfhf\', 0, \'actif\', \'1\', \'1\', \'4\', \'5\', \'2023-09-11 11:09:01\', \'2023-09-11 11:09:01\')')
 3 SYSTEMPATH\Database\BaseConnection.php(692): CodeIgniter\Database\SQLite3\Connection->execute('INSERT INTO `trimestre` (`name`, `coded`, `status_trimestre`, `etat_trimestre`, `id_user`, `session_id`, `cycle_id`, `class_id`, `created_at`, `updated_at`) VALUES (\'djfdb\', \'hdjfhf\', 0, \'actif\', \'1\', \'1\', \'4\', \'5\', \'2023-09-11 11:09:01\', \'2023-09-11 11:09:01\')')
 4 SYSTEMPATH\Database\BaseConnection.php(606): CodeIgniter\Database\BaseConnection->simpleQuery('INSERT INTO `trimestre` (`name`, `coded`, `status_trimestre`, `etat_trimestre`, `id_user`, `session_id`, `cycle_id`, `class_id`, `created_at`, `updated_at`) VALUES (\'djfdb\', \'hdjfhf\', 0, \'actif\', \'1\', \'1\', \'4\', \'5\', \'2023-09-11 11:09:01\', \'2023-09-11 11:09:01\')')
 5 SYSTEMPATH\Database\BaseBuilder.php(2309): CodeIgniter\Database\BaseConnection->query('INSERT INTO `trimestre` (`name`, `coded`, `status_trimestre`, `etat_trimestre`, `id_user`, `session_id`, `cycle_id`, `class_id`, `created_at`, `updated_at`) VALUES (:name:, :coded:, :status_trimestre:, :etat_trimestre:, :id_user:, :session_id:, :cycle_id:, :class_id:, :created_at:, :updated_at:)', [...], false)
 6 APPPATH\Models\TrimestreModel.php(76): CodeIgniter\Database\BaseBuilder->insert([...])
 7 APPPATH\Controllers\TrimestreController.php(93): App\Models\TrimestreModel->inserttrimestre([...])
 8 SYSTEMPATH\CodeIgniter.php(932): App\Controllers\TrimestreController->inserttrimestre()
 9 SYSTEMPATH\CodeIgniter.php(497): CodeIgniter\CodeIgniter->runController(Object(App\Controllers\TrimestreController))
10 SYSTEMPATH\CodeIgniter.php(366): CodeIgniter\CodeIgniter->handleRequest(null, Object(Config\Cache), false)
11 FCPATH\index.php(67): CodeIgniter\CodeIgniter->run()
12 SYSTEMPATH\Commands\Server\rewrite.php(47): require_once('C:\\xampp\\htdocs\\secondary-back\\public\\index.php')
ERROR - 2023-09-11 11:21:40 --> ErrorException: SQLite3::query(): Unable to prepare statement: 1, no such column: trimestre.session_id in C:\xampp\htdocs\secondary-back\vendor\codeigniter4\framework\system\Database\SQLite3\Connection.php:146
Stack trace:
#0 [internal function]: CodeIgniter\Debug\Exceptions->errorHandler(2, 'SQLite3::query(...', 'C:\\xampp\\htdocs...', 146)
#1 C:\xampp\htdocs\secondary-back\vendor\codeigniter4\framework\system\Database\SQLite3\Connection.php(146): SQLite3->query('SELECT *\nFROM `...')
#2 C:\xampp\htdocs\secondary-back\vendor\codeigniter4\framework\system\Database\BaseConnection.php(692): CodeIgniter\Database\SQLite3\Connection->execute('SELECT *\nFROM `...')
#3 C:\xampp\htdocs\secondary-back\vendor\codeigniter4\framework\system\Database\BaseConnection.php(606): CodeIgniter\Database\BaseConnection->simpleQuery('SELECT *\nFROM `...')
#4 C:\xampp\htdocs\secondary-back\vendor\codeigniter4\framework\system\Database\BaseBuilder.php(1616): CodeIgniter\Database\BaseConnection->query('SELECT *\nFROM `...', Array, false)
#5 C:\xampp\htdocs\secondary-back\app\Models\TrimestreModel.php(79): CodeIgniter\Database\BaseBuilder->get()
#6 C:\xampp\htdocs\secondary-back\app\Controllers\TrimestreController.php(67): App\Models\TrimestreModel->getTrim('djfdb', 'hdjfhf')
#7 C:\xampp\htdocs\secondary-back\vendor\codeigniter4\framework\system\CodeIgniter.php(932): App\Controllers\TrimestreController->inserttrimestre()
#8 C:\xampp\htdocs\secondary-back\vendor\codeigniter4\framework\system\CodeIgniter.php(497): CodeIgniter\CodeIgniter->runController(Object(App\Controllers\TrimestreController))
#9 C:\xampp\htdocs\secondary-back\vendor\codeigniter4\framework\system\CodeIgniter.php(366): CodeIgniter\CodeIgniter->handleRequest(NULL, Object(Config\Cache), false)
#10 C:\xampp\htdocs\secondary-back\public\index.php(67): CodeIgniter\CodeIgniter->run()
#11 C:\xampp\htdocs\secondary-back\vendor\codeigniter4\framework\system\Commands\Server\rewrite.php(47): require_once('C:\\xampp\\htdocs...')
#12 {main}
CRITICAL - 2023-09-11 11:21:40 --> SQLite3::query(): Unable to prepare statement: 1, no such column: trimestre.session_id
in SYSTEMPATH\Database\SQLite3\Connection.php on line 146.
 1 [internal function]: CodeIgniter\Debug\Exceptions->errorHandler(2, 'SQLite3::query(): Unable to prepare statement: 1, no such column: trimestre.session_id', 'C:\\xampp\\htdocs\\secondary-back\\vendor\\codeigniter4\\framework\\system\\Database\\SQLite3\\Connection.php', 146)
 2 SYSTEMPATH\Database\SQLite3\Connection.php(146): SQLite3->query('SELECT *
FROM `trimestre`
JOIN `session` ON `session`.`session_id`=`trimestre`.`session_id`
JOIN `cycle` ON `cycle`.`cycle_id`=`trimestre`.`cycle_id`
JOIN `class` ON `class`.`class_id`=`trimestre`.`class_id`
WHERE `trimestre`.`name` = \'djfdb\'
AND `trimestre`.`coded` = \'hdjfhf\'
AND `trimestre`.`status_trimestre` = 0
AND `trimestre`.`etat_trimestre` = \'actif\'
AND `session`.`status_session` = 0
AND `session`.`etat_session` = \'actif\'
AND `cycle`.`status_cycle` = 0
AND `cycle`.`etat_cycle` = \'actif\'
AND `class`.`status_class` = 0
AND `class`.`etat_class` = \'actif\'')
 3 SYSTEMPATH\Database\BaseConnection.php(692): CodeIgniter\Database\SQLite3\Connection->execute('SELECT *
FROM `trimestre`
JOIN `session` ON `session`.`session_id`=`trimestre`.`session_id`
JOIN `cycle` ON `cycle`.`cycle_id`=`trimestre`.`cycle_id`
JOIN `class` ON `class`.`class_id`=`trimestre`.`class_id`
WHERE `trimestre`.`name` = \'djfdb\'
AND `trimestre`.`coded` = \'hdjfhf\'
AND `trimestre`.`status_trimestre` = 0
AND `trimestre`.`etat_trimestre` = \'actif\'
AND `session`.`status_session` = 0
AND `session`.`etat_session` = \'actif\'
AND `cycle`.`status_cycle` = 0
AND `cycle`.`etat_cycle` = \'actif\'
AND `class`.`status_class` = 0
AND `class`.`etat_class` = \'actif\'')
 4 SYSTEMPATH\Database\BaseConnection.php(606): CodeIgniter\Database\BaseConnection->simpleQuery('SELECT *
FROM `trimestre`
JOIN `session` ON `session`.`session_id`=`trimestre`.`session_id`
JOIN `cycle` ON `cycle`.`cycle_id`=`trimestre`.`cycle_id`
JOIN `class` ON `class`.`class_id`=`trimestre`.`class_id`
WHERE `trimestre`.`name` = \'djfdb\'
AND `trimestre`.`coded` = \'hdjfhf\'
AND `trimestre`.`status_trimestre` = 0
AND `trimestre`.`etat_trimestre` = \'actif\'
AND `session`.`status_session` = 0
AND `session`.`etat_session` = \'actif\'
AND `cycle`.`status_cycle` = 0
AND `cycle`.`etat_cycle` = \'actif\'
AND `class`.`status_class` = 0
AND `class`.`etat_class` = \'actif\'')
 5 SYSTEMPATH\Database\BaseBuilder.php(1616): CodeIgniter\Database\BaseConnection->query('SELECT *
FROM `trimestre`
JOIN `session` ON `session`.`session_id`=`trimestre`.`session_id`
JOIN `cycle` ON `cycle`.`cycle_id`=`trimestre`.`cycle_id`
JOIN `class` ON `class`.`class_id`=`trimestre`.`class_id`
WHERE `trimestre`.`name` = :trimestre.name:
AND `trimestre`.`coded` = :trimestre.coded:
AND `trimestre`.`status_trimestre` = :trimestre.status_trimestre:
AND `trimestre`.`etat_trimestre` = :trimestre.etat_trimestre:
AND `session`.`status_session` = :session.status_session:
AND `session`.`etat_session` = :session.etat_session:
AND `cycle`.`status_cycle` = :cycle.status_cycle:
AND `cycle`.`etat_cycle` = :cycle.etat_cycle:
AND `class`.`status_class` = :class.status_class:
AND `class`.`etat_class` = :class.etat_class:', [...], false)
 6 APPPATH\Models\TrimestreModel.php(79): CodeIgniter\Database\BaseBuilder->get()
 7 APPPATH\Controllers\TrimestreController.php(67): App\Models\TrimestreModel->getTrim('djfdb', 'hdjfhf')
 8 SYSTEMPATH\CodeIgniter.php(932): App\Controllers\TrimestreController->inserttrimestre()
 9 SYSTEMPATH\CodeIgniter.php(497): CodeIgniter\CodeIgniter->runController(Object(App\Controllers\TrimestreController))
10 SYSTEMPATH\CodeIgniter.php(366): CodeIgniter\CodeIgniter->handleRequest(null, Object(Config\Cache), false)
11 FCPATH\index.php(67): CodeIgniter\CodeIgniter->run()
12 SYSTEMPATH\Commands\Server\rewrite.php(47): require_once('C:\\xampp\\htdocs\\secondary-back\\public\\index.php')
ERROR - 2023-09-11 11:22:33 --> ErrorException: SQLite3::exec(): NOT NULL constraint failed: trimestre.trimestre_id in C:\xampp\htdocs\secondary-back\vendor\codeigniter4\framework\system\Database\SQLite3\Connection.php:145
Stack trace:
#0 [internal function]: CodeIgniter\Debug\Exceptions->errorHandler(2, 'SQLite3::exec()...', 'C:\\xampp\\htdocs...', 145)
#1 C:\xampp\htdocs\secondary-back\vendor\codeigniter4\framework\system\Database\SQLite3\Connection.php(145): SQLite3->exec('INSERT INTO `tr...')
#2 C:\xampp\htdocs\secondary-back\vendor\codeigniter4\framework\system\Database\BaseConnection.php(692): CodeIgniter\Database\SQLite3\Connection->execute('INSERT INTO `tr...')
#3 C:\xampp\htdocs\secondary-back\vendor\codeigniter4\framework\system\Database\BaseConnection.php(606): CodeIgniter\Database\BaseConnection->simpleQuery('INSERT INTO `tr...')
#4 C:\xampp\htdocs\secondary-back\vendor\codeigniter4\framework\system\Database\BaseBuilder.php(2309): CodeIgniter\Database\BaseConnection->query('INSERT INTO `tr...', Array, false)
#5 C:\xampp\htdocs\secondary-back\app\Models\TrimestreModel.php(89): CodeIgniter\Database\BaseBuilder->insert(Array)
#6 C:\xampp\htdocs\secondary-back\app\Controllers\TrimestreController.php(93): App\Models\TrimestreModel->inserttrimestre(Array)
#7 C:\xampp\htdocs\secondary-back\vendor\codeigniter4\framework\system\CodeIgniter.php(932): App\Controllers\TrimestreController->inserttrimestre()
#8 C:\xampp\htdocs\secondary-back\vendor\codeigniter4\framework\system\CodeIgniter.php(497): CodeIgniter\CodeIgniter->runController(Object(App\Controllers\TrimestreController))
#9 C:\xampp\htdocs\secondary-back\vendor\codeigniter4\framework\system\CodeIgniter.php(366): CodeIgniter\CodeIgniter->handleRequest(NULL, Object(Config\Cache), false)
#10 C:\xampp\htdocs\secondary-back\public\index.php(67): CodeIgniter\CodeIgniter->run()
#11 C:\xampp\htdocs\secondary-back\vendor\codeigniter4\framework\system\Commands\Server\rewrite.php(47): require_once('C:\\xampp\\htdocs...')
#12 {main}
CRITICAL - 2023-09-11 11:22:33 --> SQLite3::exec(): NOT NULL constraint failed: trimestre.trimestre_id
in SYSTEMPATH\Database\SQLite3\Connection.php on line 145.
 1 [internal function]: CodeIgniter\Debug\Exceptions->errorHandler(2, 'SQLite3::exec(): NOT NULL constraint failed: trimestre.trimestre_id', 'C:\\xampp\\htdocs\\secondary-back\\vendor\\codeigniter4\\framework\\system\\Database\\SQLite3\\Connection.php', 145)
 2 SYSTEMPATH\Database\SQLite3\Connection.php(145): SQLite3->exec('INSERT INTO `trimestre` (`name`, `coded`, `status_trimestre`, `etat_trimestre`, `id_user`, `session_id`, `cycle_id`, `class_id`, `created_at`, `updated_at`) VALUES (\'djfdb\', \'hdjfhf\', 0, \'actif\', \'1\', \'1\', \'4\', \'5\', \'2023-09-11 11:09:33\', \'2023-09-11 11:09:33\')')
 3 SYSTEMPATH\Database\BaseConnection.php(692): CodeIgniter\Database\SQLite3\Connection->execute('INSERT INTO `trimestre` (`name`, `coded`, `status_trimestre`, `etat_trimestre`, `id_user`, `session_id`, `cycle_id`, `class_id`, `created_at`, `updated_at`) VALUES (\'djfdb\', \'hdjfhf\', 0, \'actif\', \'1\', \'1\', \'4\', \'5\', \'2023-09-11 11:09:33\', \'2023-09-11 11:09:33\')')
 4 SYSTEMPATH\Database\BaseConnection.php(606): CodeIgniter\Database\BaseConnection->simpleQuery('INSERT INTO `trimestre` (`name`, `coded`, `status_trimestre`, `etat_trimestre`, `id_user`, `session_id`, `cycle_id`, `class_id`, `created_at`, `updated_at`) VALUES (\'djfdb\', \'hdjfhf\', 0, \'actif\', \'1\', \'1\', \'4\', \'5\', \'2023-09-11 11:09:33\', \'2023-09-11 11:09:33\')')
 5 SYSTEMPATH\Database\BaseBuilder.php(2309): CodeIgniter\Database\BaseConnection->query('INSERT INTO `trimestre` (`name`, `coded`, `status_trimestre`, `etat_trimestre`, `id_user`, `session_id`, `cycle_id`, `class_id`, `created_at`, `updated_at`) VALUES (:name:, :coded:, :status_trimestre:, :etat_trimestre:, :id_user:, :session_id:, :cycle_id:, :class_id:, :created_at:, :updated_at:)', [...], false)
 6 APPPATH\Models\TrimestreModel.php(89): CodeIgniter\Database\BaseBuilder->insert([...])
 7 APPPATH\Controllers\TrimestreController.php(93): App\Models\TrimestreModel->inserttrimestre([...])
 8 SYSTEMPATH\CodeIgniter.php(932): App\Controllers\TrimestreController->inserttrimestre()
 9 SYSTEMPATH\CodeIgniter.php(497): CodeIgniter\CodeIgniter->runController(Object(App\Controllers\TrimestreController))
10 SYSTEMPATH\CodeIgniter.php(366): CodeIgniter\CodeIgniter->handleRequest(null, Object(Config\Cache), false)
11 FCPATH\index.php(67): CodeIgniter\CodeIgniter->run()
12 SYSTEMPATH\Commands\Server\rewrite.php(47): require_once('C:\\xampp\\htdocs\\secondary-back\\public\\index.php')
INFO - 2023-09-11 11:30:28 --> Session: Class initialized using 'CodeIgniter\Session\Handlers\FileHandler' driver.
INFO - 2023-09-11 11:30:35 --> Session: Class initialized using 'CodeIgniter\Session\Handlers\FileHandler' driver.
INFO - 2023-09-11 11:43:22 --> Session: Class initialized using 'CodeIgniter\Session\Handlers\FileHandler' driver.
CRITICAL - 2023-09-11 11:58:11 --> Expired token
in VENDORPATH\firebase\php-jwt\src\JWT.php on line 172.
 1 APPPATH\Filters\AuthFilter.php(52): Firebase\JWT\JWT::decode('eyJ0eXAiOiJKV1QiLCJhbGciOiJIUzI1NiJ9.eyJpc3MiOiJJc3N1ZXIgb2YgdGhlIEpXVCIsImF1ZCI6IkF1ZGllbmNlIHRoYXQgdGhlIEpXVCIsInN1YiI6IlN1YmplY3Qgb2YgdGhlIEpXVCIsImlhdCI6MTY5NDQyOTI3NCwiZXhwIjoxNjk0NDMyODc0LCJlbWFpbCI6InRha2FtIGFuZ2UifQ.61qlalLWc1WUoOwShQkvkUbcodJLQRPDbAny2fkljzM', Object(Firebase\JWT\Key))
 2 SYSTEMPATH\Filters\Filters.php(173): App\Filters\AuthFilter->before(Object(CodeIgniter\HTTP\IncomingRequest), null)
 3 SYSTEMPATH\CodeIgniter.php(471): CodeIgniter\Filters\Filters->run('year/actif', 'before')
 4 SYSTEMPATH\CodeIgniter.php(366): CodeIgniter\CodeIgniter->handleRequest(null, Object(Config\Cache), false)
 5 FCPATH\index.php(67): CodeIgniter\CodeIgniter->run()
 6 SYSTEMPATH\Commands\Server\rewrite.php(47): require_once('C:\\xampp\\htdocs\\secondary-back\\public\\index.php')
CRITICAL - 2023-09-11 11:58:11 --> Expired token
in VENDORPATH\firebase\php-jwt\src\JWT.php on line 172.
 1 APPPATH\Filters\AuthFilter.php(52): Firebase\JWT\JWT::decode('eyJ0eXAiOiJKV1QiLCJhbGciOiJIUzI1NiJ9.eyJpc3MiOiJJc3N1ZXIgb2YgdGhlIEpXVCIsImF1ZCI6IkF1ZGllbmNlIHRoYXQgdGhlIEpXVCIsInN1YiI6IlN1YmplY3Qgb2YgdGhlIEpXVCIsImlhdCI6MTY5NDQyOTI3NCwiZXhwIjoxNjk0NDMyODc0LCJlbWFpbCI6InRha2FtIGFuZ2UifQ.61qlalLWc1WUoOwShQkvkUbcodJLQRPDbAny2fkljzM', Object(Firebase\JWT\Key))
 2 SYSTEMPATH\Filters\Filters.php(173): App\Filters\AuthFilter->before(Object(CodeIgniter\HTTP\IncomingRequest), null)
 3 SYSTEMPATH\CodeIgniter.php(471): CodeIgniter\Filters\Filters->run('school/select/2', 'before')
 4 SYSTEMPATH\CodeIgniter.php(366): CodeIgniter\CodeIgniter->handleRequest(null, Object(Config\Cache), false)
 5 FCPATH\index.php(67): CodeIgniter\CodeIgniter->run()
 6 SYSTEMPATH\Commands\Server\rewrite.php(47): require_once('C:\\xampp\\htdocs\\secondary-back\\public\\index.php')
CRITICAL - 2023-09-11 12:00:51 --> Expired token
in VENDORPATH\firebase\php-jwt\src\JWT.php on line 172.
 1 APPPATH\Filters\AuthFilter.php(52): Firebase\JWT\JWT::decode('eyJ0eXAiOiJKV1QiLCJhbGciOiJIUzI1NiJ9.eyJpc3MiOiJJc3N1ZXIgb2YgdGhlIEpXVCIsImF1ZCI6IkF1ZGllbmNlIHRoYXQgdGhlIEpXVCIsInN1YiI6IlN1YmplY3Qgb2YgdGhlIEpXVCIsImlhdCI6MTY5NDQyOTI3NCwiZXhwIjoxNjk0NDMyODc0LCJlbWFpbCI6InRha2FtIGFuZ2UifQ.61qlalLWc1WUoOwShQkvkUbcodJLQRPDbAny2fkljzM', Object(Firebase\JWT\Key))
 2 SYSTEMPATH\Filters\Filters.php(173): App\Filters\AuthFilter->before(Object(CodeIgniter\HTTP\IncomingRequest), null)
 3 SYSTEMPATH\CodeIgniter.php(471): CodeIgniter\Filters\Filters->run('year/actif', 'before')
 4 SYSTEMPATH\CodeIgniter.php(366): CodeIgniter\CodeIgniter->handleRequest(null, Object(Config\Cache), false)
 5 FCPATH\index.php(67): CodeIgniter\CodeIgniter->run()
 6 SYSTEMPATH\Commands\Server\rewrite.php(47): require_once('C:\\xampp\\htdocs\\secondary-back\\public\\index.php')
CRITICAL - 2023-09-11 12:00:52 --> Expired token
in VENDORPATH\firebase\php-jwt\src\JWT.php on line 172.
 1 APPPATH\Filters\AuthFilter.php(52): Firebase\JWT\JWT::decode('eyJ0eXAiOiJKV1QiLCJhbGciOiJIUzI1NiJ9.eyJpc3MiOiJJc3N1ZXIgb2YgdGhlIEpXVCIsImF1ZCI6IkF1ZGllbmNlIHRoYXQgdGhlIEpXVCIsInN1YiI6IlN1YmplY3Qgb2YgdGhlIEpXVCIsImlhdCI6MTY5NDQyOTI3NCwiZXhwIjoxNjk0NDMyODc0LCJlbWFpbCI6InRha2FtIGFuZ2UifQ.61qlalLWc1WUoOwShQkvkUbcodJLQRPDbAny2fkljzM', Object(Firebase\JWT\Key))
 2 SYSTEMPATH\Filters\Filters.php(173): App\Filters\AuthFilter->before(Object(CodeIgniter\HTTP\IncomingRequest), null)
 3 SYSTEMPATH\CodeIgniter.php(471): CodeIgniter\Filters\Filters->run('school/select/2', 'before')
 4 SYSTEMPATH\CodeIgniter.php(366): CodeIgniter\CodeIgniter->handleRequest(null, Object(Config\Cache), false)
 5 FCPATH\index.php(67): CodeIgniter\CodeIgniter->run()
 6 SYSTEMPATH\Commands\Server\rewrite.php(47): require_once('C:\\xampp\\htdocs\\secondary-back\\public\\index.php')
CRITICAL - 2023-09-11 12:00:53 --> Expired token
in VENDORPATH\firebase\php-jwt\src\JWT.php on line 172.
 1 APPPATH\Filters\AuthFilter.php(52): Firebase\JWT\JWT::decode('eyJ0eXAiOiJKV1QiLCJhbGciOiJIUzI1NiJ9.eyJpc3MiOiJJc3N1ZXIgb2YgdGhlIEpXVCIsImF1ZCI6IkF1ZGllbmNlIHRoYXQgdGhlIEpXVCIsInN1YiI6IlN1YmplY3Qgb2YgdGhlIEpXVCIsImlhdCI6MTY5NDQyOTI3NCwiZXhwIjoxNjk0NDMyODc0LCJlbWFpbCI6InRha2FtIGFuZ2UifQ.61qlalLWc1WUoOwShQkvkUbcodJLQRPDbAny2fkljzM', Object(Firebase\JWT\Key))
 2 SYSTEMPATH\Filters\Filters.php(173): App\Filters\AuthFilter->before(Object(CodeIgniter\HTTP\IncomingRequest), null)
 3 SYSTEMPATH\CodeIgniter.php(471): CodeIgniter\Filters\Filters->run('trimestre/all/2', 'before')
 4 SYSTEMPATH\CodeIgniter.php(366): CodeIgniter\CodeIgniter->handleRequest(null, Object(Config\Cache), false)
 5 FCPATH\index.php(67): CodeIgniter\CodeIgniter->run()
 6 SYSTEMPATH\Commands\Server\rewrite.php(47): require_once('C:\\xampp\\htdocs\\secondary-back\\public\\index.php')
INFO - 2023-09-11 12:01:20 --> Session: Class initialized using 'CodeIgniter\Session\Handlers\FileHandler' driver.
INFO - 2023-09-11 12:01:25 --> Session: Class initialized using 'CodeIgniter\Session\Handlers\FileHandler' driver.
CRITICAL - 2023-09-11 12:03:32 --> Undefined variable $name_trimestre
in APPPATH\Models\TrimestreModel.php on line 60.
 1 APPPATH\Models\TrimestreModel.php(60): CodeIgniter\Debug\Exceptions->errorHandler(2, 'Undefined variable $name_trimestre', 'C:\\xampp\\htdocs\\secondary-back\\app\\Models\\TrimestreModel.php', 60)
 2 APPPATH\Controllers\TrimestreController.php(160): App\Models\TrimestreModel->getTrimestreBySchool('2')
 3 SYSTEMPATH\CodeIgniter.php(932): App\Controllers\TrimestreController->alltrimestre('2')
 4 SYSTEMPATH\CodeIgniter.php(497): CodeIgniter\CodeIgniter->runController(Object(App\Controllers\TrimestreController))
 5 SYSTEMPATH\CodeIgniter.php(366): CodeIgniter\CodeIgniter->handleRequest(null, Object(Config\Cache), false)
 6 FCPATH\index.php(67): CodeIgniter\CodeIgniter->run()
 7 SYSTEMPATH\Commands\Server\rewrite.php(47): require_once('C:\\xampp\\htdocs\\secondary-back\\public\\index.php')
