INFO - 2024-11-19 08:55:33 --> Session: Class initialized using 'CodeIgniter\Session\Handlers\FileHandler' driver.
INFO - 2024-11-19 08:55:35 --> Session: Class initialized using 'CodeIgniter\Session\Handlers\FileHandler' driver.
INFO - 2024-11-19 08:55:40 --> Session: Class initialized using 'CodeIgniter\Session\Handlers\FileHandler' driver.
INFO - 2024-11-19 08:55:41 --> Session: Class initialized using 'CodeIgniter\Session\Handlers\FileHandler' driver.
INFO - 2024-11-19 08:55:46 --> Session: Class initialized using 'CodeIgniter\Session\Handlers\FileHandler' driver.
INFO - 2024-11-19 08:55:55 --> Session: Class initialized using 'CodeIgniter\Session\Handlers\FileHandler' driver.
INFO - 2024-11-19 08:55:57 --> Session: Class initialized using 'CodeIgniter\Session\Handlers\FileHandler' driver.
CRITICAL - 2024-11-19 08:56:04 --> Undefined array key "matiere"
in APPPATH/Controllers/report/FPDF_BULLETIN.php on line 565.
 1 APPPATH/Controllers/report/FPDF_BULLETIN.php(565): CodeIgniter\Debug\Exceptions->errorHandler()
 2 APPPATH/Controllers/StudentController.php(2749): App\Controllers\BulletinPremierTrimestre->listing()
 3 SYSTEMPATH/CodeIgniter.php(932): App\Controllers\StudentController->print_all_bulletin()
 4 SYSTEMPATH/CodeIgniter.php(497): CodeIgniter\CodeIgniter->runController()
 5 SYSTEMPATH/CodeIgniter.php(366): CodeIgniter\CodeIgniter->handleRequest()
 6 FCPATH/index.php(67): CodeIgniter\CodeIgniter->run()
 7 SYSTEMPATH/Commands/Server/rewrite.php(47): require_once('/home/takam/Bureau/ecole-negou-new/public/index.php')
INFO - 2024-11-19 08:56:29 --> Session: Class initialized using 'CodeIgniter\Session\Handlers\FileHandler' driver.
INFO - 2024-11-19 08:56:31 --> Session: Class initialized using 'CodeIgniter\Session\Handlers\FileHandler' driver.
CRITICAL - 2024-11-19 08:58:33 --> Undefined array key "matiere"
in APPPATH/Controllers/report/FPDF_BULLETIN.php on line 565.
 1 APPPATH/Controllers/report/FPDF_BULLETIN.php(565): CodeIgniter\Debug\Exceptions->errorHandler()
 2 APPPATH/Controllers/StudentController.php(2729): App\Controllers\BulletinPremierTrimestre->listing()
 3 SYSTEMPATH/CodeIgniter.php(932): App\Controllers\StudentController->print_all_bulletin()
 4 SYSTEMPATH/CodeIgniter.php(497): CodeIgniter\CodeIgniter->runController()
 5 SYSTEMPATH/CodeIgniter.php(366): CodeIgniter\CodeIgniter->handleRequest()
 6 FCPATH/index.php(67): CodeIgniter\CodeIgniter->run()
 7 SYSTEMPATH/Commands/Server/rewrite.php(47): require_once('/home/takam/Bureau/ecole-negou-new/public/index.php')
CRITICAL - 2024-11-19 09:32:09 --> Attempt to read property "getTimestamp" on string
in APPPATH/Controllers/report/FPDF_BULLETIN.php on line 960.
 1 APPPATH/Controllers/report/FPDF_BULLETIN.php(960): CodeIgniter\Debug\Exceptions->errorHandler()
 2 APPPATH/Controllers/StudentController.php(2723): App\Controllers\BulletinPremierTrimestre->AddHeaderStudentAnglo()
 3 SYSTEMPATH/CodeIgniter.php(932): App\Controllers\StudentController->print_all_bulletin()
 4 SYSTEMPATH/CodeIgniter.php(497): CodeIgniter\CodeIgniter->runController()
 5 SYSTEMPATH/CodeIgniter.php(366): CodeIgniter\CodeIgniter->handleRequest()
 6 FCPATH/index.php(67): CodeIgniter\CodeIgniter->run()
 7 SYSTEMPATH/Commands/Server/rewrite.php(47): require_once('/home/takam/Bureau/ecole-negou-new/public/index.php')
CRITICAL - 2024-11-19 09:38:10 --> Class "App\Controllers\DateTime" not found
in APPPATH/Controllers/report/FPDF_BULLETIN.php on line 937.
 1 APPPATH/Controllers/StudentController.php(2723): App\Controllers\BulletinPremierTrimestre->AddHeaderStudentAnglo()
 2 SYSTEMPATH/CodeIgniter.php(932): App\Controllers\StudentController->print_all_bulletin()
 3 SYSTEMPATH/CodeIgniter.php(497): CodeIgniter\CodeIgniter->runController()
 4 SYSTEMPATH/CodeIgniter.php(366): CodeIgniter\CodeIgniter->handleRequest()
 5 FCPATH/index.php(67): CodeIgniter\CodeIgniter->run()
 6 SYSTEMPATH/Commands/Server/rewrite.php(47): require_once('/home/takam/Bureau/ecole-negou-new/public/index.php')
CRITICAL - 2024-11-19 09:44:50 --> Undefined variable $postx
in APPPATH/Controllers/report/FPDF_BULLETIN.php on line 972.
 1 APPPATH/Controllers/report/FPDF_BULLETIN.php(972): CodeIgniter\Debug\Exceptions->errorHandler()
 2 APPPATH/Controllers/StudentController.php(2723): App\Controllers\BulletinPremierTrimestre->AddHeaderStudentAnglo()
 3 SYSTEMPATH/CodeIgniter.php(932): App\Controllers\StudentController->print_all_bulletin()
 4 SYSTEMPATH/CodeIgniter.php(497): CodeIgniter\CodeIgniter->runController()
 5 SYSTEMPATH/CodeIgniter.php(366): CodeIgniter\CodeIgniter->handleRequest()
 6 FCPATH/index.php(67): CodeIgniter\CodeIgniter->run()
 7 SYSTEMPATH/Commands/Server/rewrite.php(47): require_once('/home/takam/Bureau/ecole-negou-new/public/index.php')
CRITICAL - 2024-11-19 09:45:49 --> Cannot redeclare App\Controllers\formatDate() (previously declared in /home/takam/Bureau/ecole-negou-new/app/Controllers/report/FPDF_BULLETIN.php:950)
in APPPATH/Controllers/report/FPDF_BULLETIN.php on line 950.
 1 [internal function]: CodeIgniter\Debug\Exceptions->shutdownHandler()
CRITICAL - 2024-11-19 09:46:37 --> Cannot redeclare App\Controllers\formatDate1() (previously declared in /home/takam/Bureau/ecole-negou-new/app/Controllers/report/FPDF_BULLETIN.php:950)
in APPPATH/Controllers/report/FPDF_BULLETIN.php on line 950.
 1 [internal function]: CodeIgniter\Debug\Exceptions->shutdownHandler()
CRITICAL - 2024-11-19 09:47:07 --> Call to undefined function App\Controllers\formatDate1()
in APPPATH/Controllers/report/FPDF_BULLETIN.php on line 987.
 1 APPPATH/Controllers/StudentController.php(2723): App\Controllers\BulletinPremierTrimestre->AddHeaderStudentAnglo()
 2 SYSTEMPATH/CodeIgniter.php(932): App\Controllers\StudentController->print_all_bulletin()
 3 SYSTEMPATH/CodeIgniter.php(497): CodeIgniter\CodeIgniter->runController()
 4 SYSTEMPATH/CodeIgniter.php(366): CodeIgniter\CodeIgniter->handleRequest()
 5 FCPATH/index.php(67): CodeIgniter\CodeIgniter->run()
 6 SYSTEMPATH/Commands/Server/rewrite.php(47): require_once('/home/takam/Bureau/ecole-negou-new/public/index.php')
INFO - 2024-11-19 10:03:23 --> Session: Class initialized using 'CodeIgniter\Session\Handlers\FileHandler' driver.
INFO - 2024-11-19 10:19:44 --> Session: Class initialized using 'CodeIgniter\Session\Handlers\FileHandler' driver.
INFO - 2024-11-19 10:19:49 --> Session: Class initialized using 'CodeIgniter\Session\Handlers\FileHandler' driver.
INFO - 2024-11-19 10:19:50 --> Session: Class initialized using 'CodeIgniter\Session\Handlers\FileHandler' driver.
INFO - 2024-11-19 10:19:54 --> Session: Class initialized using 'CodeIgniter\Session\Handlers\FileHandler' driver.
INFO - 2024-11-19 10:20:01 --> Session: Class initialized using 'CodeIgniter\Session\Handlers\FileHandler' driver.
INFO - 2024-11-19 10:20:03 --> Session: Class initialized using 'CodeIgniter\Session\Handlers\FileHandler' driver.
INFO - 2024-11-19 10:20:06 --> Session: Class initialized using 'CodeIgniter\Session\Handlers\FileHandler' driver.
INFO - 2024-11-19 12:01:23 --> Session: Class initialized using 'CodeIgniter\Session\Handlers\FileHandler' driver.
INFO - 2024-11-19 12:01:25 --> Session: Class initialized using 'CodeIgniter\Session\Handlers\FileHandler' driver.
INFO - 2024-11-19 12:03:51 --> Session: Class initialized using 'CodeIgniter\Session\Handlers\FileHandler' driver.
INFO - 2024-11-19 12:07:07 --> Session: Class initialized using 'CodeIgniter\Session\Handlers\FileHandler' driver.
INFO - 2024-11-19 12:07:10 --> Session: Class initialized using 'CodeIgniter\Session\Handlers\FileHandler' driver.
INFO - 2024-11-19 12:07:11 --> Session: Class initialized using 'CodeIgniter\Session\Handlers\FileHandler' driver.
INFO - 2024-11-19 12:07:13 --> Session: Class initialized using 'CodeIgniter\Session\Handlers\FileHandler' driver.
INFO - 2024-11-19 12:07:18 --> Session: Class initialized using 'CodeIgniter\Session\Handlers\FileHandler' driver.
INFO - 2024-11-19 12:07:20 --> Session: Class initialized using 'CodeIgniter\Session\Handlers\FileHandler' driver.
CRITICAL - 2024-11-19 12:28:23 --> Undefined variable $teaching
in APPPATH/Controllers/report/FPDF_BULLETIN.php on line 1041.
 1 APPPATH/Controllers/report/FPDF_BULLETIN.php(1041): CodeIgniter\Debug\Exceptions->errorHandler()
 2 APPPATH/Controllers/StudentController.php(2734): App\Controllers\BulletinPremierTrimestre->listingAnglo()
 3 SYSTEMPATH/CodeIgniter.php(932): App\Controllers\StudentController->print_all_bulletin()
 4 SYSTEMPATH/CodeIgniter.php(497): CodeIgniter\CodeIgniter->runController()
 5 SYSTEMPATH/CodeIgniter.php(366): CodeIgniter\CodeIgniter->handleRequest()
 6 FCPATH/index.php(67): CodeIgniter\CodeIgniter->run()
 7 SYSTEMPATH/Commands/Server/rewrite.php(47): require_once('/home/takam/Bureau/ecole-negou-new/public/index.php')
CRITICAL - 2024-11-19 12:28:59 --> Undefined array key "all_teaching"
in APPPATH/Controllers/report/FPDF_BULLETIN.php on line 1041.
 1 APPPATH/Controllers/report/FPDF_BULLETIN.php(1041): CodeIgniter\Debug\Exceptions->errorHandler()
 2 APPPATH/Controllers/StudentController.php(2734): App\Controllers\BulletinPremierTrimestre->listingAnglo()
 3 SYSTEMPATH/CodeIgniter.php(932): App\Controllers\StudentController->print_all_bulletin()
 4 SYSTEMPATH/CodeIgniter.php(497): CodeIgniter\CodeIgniter->runController()
 5 SYSTEMPATH/CodeIgniter.php(366): CodeIgniter\CodeIgniter->handleRequest()
 6 FCPATH/index.php(67): CodeIgniter\CodeIgniter->run()
 7 SYSTEMPATH/Commands/Server/rewrite.php(47): require_once('/home/takam/Bureau/ecole-negou-new/public/index.php')
CRITICAL - 2024-11-19 13:01:19 --> Undefined variable $teaching_class
in APPPATH/Controllers/report/FPDF_BULLETIN.php on line 1042.
 1 APPPATH/Controllers/report/FPDF_BULLETIN.php(1042): CodeIgniter\Debug\Exceptions->errorHandler()
 2 APPPATH/Controllers/StudentController.php(2735): App\Controllers\BulletinPremierTrimestre->listingAnglo()
 3 SYSTEMPATH/CodeIgniter.php(932): App\Controllers\StudentController->print_all_bulletin()
 4 SYSTEMPATH/CodeIgniter.php(497): CodeIgniter\CodeIgniter->runController()
 5 SYSTEMPATH/CodeIgniter.php(366): CodeIgniter\CodeIgniter->handleRequest()
 6 FCPATH/index.php(67): CodeIgniter\CodeIgniter->run()
 7 SYSTEMPATH/Commands/Server/rewrite.php(47): require_once('/home/takam/Bureau/ecole-negou-new/public/index.php')
CRITICAL - 2024-11-19 13:01:59 --> Undefined variable $teaching_class
in APPPATH/Controllers/report/FPDF_BULLETIN.php on line 1042.
 1 APPPATH/Controllers/report/FPDF_BULLETIN.php(1042): CodeIgniter\Debug\Exceptions->errorHandler()
 2 APPPATH/Controllers/StudentController.php(2735): App\Controllers\BulletinPremierTrimestre->listingAnglo()
 3 SYSTEMPATH/CodeIgniter.php(932): App\Controllers\StudentController->print_all_bulletin()
 4 SYSTEMPATH/CodeIgniter.php(497): CodeIgniter\CodeIgniter->runController()
 5 SYSTEMPATH/CodeIgniter.php(366): CodeIgniter\CodeIgniter->handleRequest()
 6 FCPATH/index.php(67): CodeIgniter\CodeIgniter->run()
 7 SYSTEMPATH/Commands/Server/rewrite.php(47): require_once('/home/takam/Bureau/ecole-negou-new/public/index.php')
CRITICAL - 2024-11-19 13:03:06 --> Undefined variable $teaching_class
in APPPATH/Controllers/report/FPDF_BULLETIN.php on line 1042.
 1 APPPATH/Controllers/report/FPDF_BULLETIN.php(1042): CodeIgniter\Debug\Exceptions->errorHandler()
 2 APPPATH/Controllers/StudentController.php(2735): App\Controllers\BulletinPremierTrimestre->listingAnglo()
 3 SYSTEMPATH/CodeIgniter.php(932): App\Controllers\StudentController->print_all_bulletin()
 4 SYSTEMPATH/CodeIgniter.php(497): CodeIgniter\CodeIgniter->runController()
 5 SYSTEMPATH/CodeIgniter.php(366): CodeIgniter\CodeIgniter->handleRequest()
 6 FCPATH/index.php(67): CodeIgniter\CodeIgniter->run()
 7 SYSTEMPATH/Commands/Server/rewrite.php(47): require_once('/home/takam/Bureau/ecole-negou-new/public/index.php')
INFO - 2024-11-19 13:08:28 --> Session: Class initialized using 'CodeIgniter\Session\Handlers\FileHandler' driver.
INFO - 2024-11-19 13:09:05 --> Session: Class initialized using 'CodeIgniter\Session\Handlers\FileHandler' driver.
INFO - 2024-11-19 13:09:09 --> Session: Class initialized using 'CodeIgniter\Session\Handlers\FileHandler' driver.
INFO - 2024-11-19 13:09:10 --> Session: Class initialized using 'CodeIgniter\Session\Handlers\FileHandler' driver.
INFO - 2024-11-19 13:09:20 --> Session: Class initialized using 'CodeIgniter\Session\Handlers\FileHandler' driver.
INFO - 2024-11-19 13:09:31 --> Session: Class initialized using 'CodeIgniter\Session\Handlers\FileHandler' driver.
INFO - 2024-11-19 13:09:32 --> Session: Class initialized using 'CodeIgniter\Session\Handlers\FileHandler' driver.
INFO - 2024-11-19 13:19:14 --> Session: Class initialized using 'CodeIgniter\Session\Handlers\FileHandler' driver.
INFO - 2024-11-19 13:19:16 --> Session: Class initialized using 'CodeIgniter\Session\Handlers\FileHandler' driver.
INFO - 2024-11-19 13:21:06 --> Session: Class initialized using 'CodeIgniter\Session\Handlers\FileHandler' driver.
INFO - 2024-11-19 13:21:16 --> Session: Class initialized using 'CodeIgniter\Session\Handlers\FileHandler' driver.
INFO - 2024-11-19 13:21:22 --> Session: Class initialized using 'CodeIgniter\Session\Handlers\FileHandler' driver.
INFO - 2024-11-19 13:21:24 --> Session: Class initialized using 'CodeIgniter\Session\Handlers\FileHandler' driver.
CRITICAL - 2024-11-19 13:22:24 --> Undefined array key "all_teaching"
in APPPATH/Controllers/report/FPDF_BULLETIN.php on line 1041.
 1 APPPATH/Controllers/report/FPDF_BULLETIN.php(1041): CodeIgniter\Debug\Exceptions->errorHandler()
 2 APPPATH/Controllers/StudentController.php(2734): App\Controllers\BulletinPremierTrimestre->listingAnglo()
 3 SYSTEMPATH/CodeIgniter.php(932): App\Controllers\StudentController->print_all_bulletin()
 4 SYSTEMPATH/CodeIgniter.php(497): CodeIgniter\CodeIgniter->runController()
 5 SYSTEMPATH/CodeIgniter.php(366): CodeIgniter\CodeIgniter->handleRequest()
 6 FCPATH/index.php(67): CodeIgniter\CodeIgniter->run()
 7 SYSTEMPATH/Commands/Server/rewrite.php(47): require_once('/home/takam/Bureau/ecole-negou-new/public/index.php')
INFO - 2024-11-19 14:32:46 --> Session: Class initialized using 'CodeIgniter\Session\Handlers\FileHandler' driver.
INFO - 2024-11-19 14:40:36 --> Session: Class initialized using 'CodeIgniter\Session\Handlers\FileHandler' driver.
INFO - 2024-11-19 14:40:40 --> Session: Class initialized using 'CodeIgniter\Session\Handlers\FileHandler' driver.
INFO - 2024-11-19 14:40:41 --> Session: Class initialized using 'CodeIgniter\Session\Handlers\FileHandler' driver.
INFO - 2024-11-19 14:40:45 --> Session: Class initialized using 'CodeIgniter\Session\Handlers\FileHandler' driver.
INFO - 2024-11-19 14:40:53 --> Session: Class initialized using 'CodeIgniter\Session\Handlers\FileHandler' driver.
INFO - 2024-11-19 14:40:55 --> Session: Class initialized using 'CodeIgniter\Session\Handlers\FileHandler' driver.
CRITICAL - 2024-11-19 14:40:59 --> Undefined array key "coefficient"
in APPPATH/Controllers/report/FPDF_BULLETIN.php on line 1081.
 1 APPPATH/Controllers/report/FPDF_BULLETIN.php(1081): CodeIgniter\Debug\Exceptions->errorHandler()
 2 APPPATH/Controllers/StudentController.php(2734): App\Controllers\BulletinPremierTrimestre->listingAnglo()
 3 SYSTEMPATH/CodeIgniter.php(932): App\Controllers\StudentController->print_all_bulletin()
 4 SYSTEMPATH/CodeIgniter.php(497): CodeIgniter\CodeIgniter->runController()
 5 SYSTEMPATH/CodeIgniter.php(366): CodeIgniter\CodeIgniter->handleRequest()
 6 FCPATH/index.php(67): CodeIgniter\CodeIgniter->run()
 7 SYSTEMPATH/Commands/Server/rewrite.php(47): require_once('/home/takam/Bureau/ecole-negou-new/public/index.php')
CRITICAL - 2024-11-19 14:41:15 --> Undefined array key "coefficient"
in APPPATH/Controllers/report/FPDF_BULLETIN.php on line 1081.
 1 APPPATH/Controllers/report/FPDF_BULLETIN.php(1081): CodeIgniter\Debug\Exceptions->errorHandler()
 2 APPPATH/Controllers/StudentController.php(2734): App\Controllers\BulletinPremierTrimestre->listingAnglo()
 3 SYSTEMPATH/CodeIgniter.php(932): App\Controllers\StudentController->print_all_bulletin()
 4 SYSTEMPATH/CodeIgniter.php(497): CodeIgniter\CodeIgniter->runController()
 5 SYSTEMPATH/CodeIgniter.php(366): CodeIgniter\CodeIgniter->handleRequest()
 6 FCPATH/index.php(67): CodeIgniter\CodeIgniter->run()
 7 SYSTEMPATH/Commands/Server/rewrite.php(47): require_once('/home/takam/Bureau/ecole-negou-new/public/index.php')
