CRITICAL - 2023-11-09 09:01:21 --> syntax error, unexpected token ","
in APPPATH\Controllers\StudentController.php on line 95.
 1 SYSTEMPATH\Autoloader\Autoloader.php(289): CodeIgniter\Autoloader\Autoloader->includeFile('C:\\xampp\\htdocs\\DEMETO\\secondary-back\\app\\Controllers\\StudentController.php')
 2 SYSTEMPATH\Autoloader\Autoloader.php(267): CodeIgniter\Autoloader\Autoloader->loadInNamespace('App\\Controllers\\StudentController')
 3 [internal function]: CodeIgniter\Autoloader\Autoloader->loadClass('App\\Controllers\\StudentController')
 4 SYSTEMPATH\CodeIgniter.php(890): class_exists('\\App\\Controllers\\StudentController', true)
 5 SYSTEMPATH\CodeIgniter.php(484): CodeIgniter\CodeIgniter->startController()
 6 SYSTEMPATH\CodeIgniter.php(366): CodeIgniter\CodeIgniter->handleRequest(null, Object(Config\Cache), false)
 7 FCPATH\index.php(67): CodeIgniter\CodeIgniter->run()
 8 SYSTEMPATH\Commands\Server\rewrite.php(47): require_once('C:\\xampp\\htdocs\\DEMETO\\secondary-back\\public\\index.php')
CRITICAL - 2023-11-09 09:01:43 --> syntax error, unexpected token ","
in APPPATH\Controllers\StudentController.php on line 95.
 1 SYSTEMPATH\Autoloader\Autoloader.php(289): CodeIgniter\Autoloader\Autoloader->includeFile('C:\\xampp\\htdocs\\DEMETO\\secondary-back\\app\\Controllers\\StudentController.php')
 2 SYSTEMPATH\Autoloader\Autoloader.php(267): CodeIgniter\Autoloader\Autoloader->loadInNamespace('App\\Controllers\\StudentController')
 3 [internal function]: CodeIgniter\Autoloader\Autoloader->loadClass('App\\Controllers\\StudentController')
 4 SYSTEMPATH\CodeIgniter.php(890): class_exists('\\App\\Controllers\\StudentController', true)
 5 SYSTEMPATH\CodeIgniter.php(484): CodeIgniter\CodeIgniter->startController()
 6 SYSTEMPATH\CodeIgniter.php(366): CodeIgniter\CodeIgniter->handleRequest(null, Object(Config\Cache), false)
 7 FCPATH\index.php(67): CodeIgniter\CodeIgniter->run()
 8 SYSTEMPATH\Commands\Server\rewrite.php(47): require_once('C:\\xampp\\htdocs\\DEMETO\\secondary-back\\public\\index.php')
INFO - 2023-11-09 09:02:00 --> Session: Class initialized using 'CodeIgniter\Session\Handlers\FileHandler' driver.
INFO - 2023-11-09 10:27:18 --> Session: Class initialized using 'CodeIgniter\Session\Handlers\FileHandler' driver.
INFO - 2023-11-09 10:27:24 --> Session: Class initialized using 'CodeIgniter\Session\Handlers\FileHandler' driver.
INFO - 2023-11-09 10:27:34 --> Session: Class initialized using 'CodeIgniter\Session\Handlers\FileHandler' driver.
INFO - 2023-11-09 10:28:15 --> Session: Class initialized using 'CodeIgniter\Session\Handlers\FileHandler' driver.
INFO - 2023-11-09 10:40:54 --> Session: Class initialized using 'CodeIgniter\Session\Handlers\FileHandler' driver.
INFO - 2023-11-09 10:42:36 --> Session: Class initialized using 'CodeIgniter\Session\Handlers\FileHandler' driver.
INFO - 2023-11-09 10:43:38 --> Session: Class initialized using 'CodeIgniter\Session\Handlers\FileHandler' driver.
INFO - 2023-11-09 10:43:45 --> Session: Class initialized using 'CodeIgniter\Session\Handlers\FileHandler' driver.
INFO - 2023-11-09 10:43:50 --> Session: Class initialized using 'CodeIgniter\Session\Handlers\FileHandler' driver.
INFO - 2023-11-09 10:44:01 --> Session: Class initialized using 'CodeIgniter\Session\Handlers\FileHandler' driver.
INFO - 2023-11-09 10:44:10 --> Session: Class initialized using 'CodeIgniter\Session\Handlers\FileHandler' driver.
INFO - 2023-11-09 10:44:19 --> Session: Class initialized using 'CodeIgniter\Session\Handlers\FileHandler' driver.
INFO - 2023-11-09 10:45:41 --> Session: Class initialized using 'CodeIgniter\Session\Handlers\FileHandler' driver.
INFO - 2023-11-09 10:45:45 --> Session: Class initialized using 'CodeIgniter\Session\Handlers\FileHandler' driver.
INFO - 2023-11-09 11:03:04 --> Session: Class initialized using 'CodeIgniter\Session\Handlers\FileHandler' driver.
INFO - 2023-11-09 11:03:22 --> Session: Class initialized using 'CodeIgniter\Session\Handlers\FileHandler' driver.
INFO - 2023-11-09 11:09:58 --> Session: Class initialized using 'CodeIgniter\Session\Handlers\FileHandler' driver.
INFO - 2023-11-09 11:10:41 --> Session: Class initialized using 'CodeIgniter\Session\Handlers\FileHandler' driver.
INFO - 2023-11-09 11:12:35 --> Session: Class initialized using 'CodeIgniter\Session\Handlers\FileHandler' driver.
INFO - 2023-11-09 11:15:07 --> Session: Class initialized using 'CodeIgniter\Session\Handlers\FileHandler' driver.
INFO - 2023-11-09 11:15:23 --> Session: Class initialized using 'CodeIgniter\Session\Handlers\FileHandler' driver.
ERROR - 2023-11-09 11:17:07 --> ErrorException: SQLite3::query(): Unable to prepare statement: 1, no such column: student.birth_palce in C:\xampp\htdocs\DEMETO\secondary-back\vendor\codeigniter4\framework\system\Database\SQLite3\Connection.php:146
Stack trace:
#0 [internal function]: CodeIgniter\Debug\Exceptions->errorHandler(2, 'SQLite3::query(...', 'C:\\xampp\\htdocs...', 146)
#1 C:\xampp\htdocs\DEMETO\secondary-back\vendor\codeigniter4\framework\system\Database\SQLite3\Connection.php(146): SQLite3->query('SELECT `student...')
#2 C:\xampp\htdocs\DEMETO\secondary-back\vendor\codeigniter4\framework\system\Database\BaseConnection.php(692): CodeIgniter\Database\SQLite3\Connection->execute('SELECT `student...')
#3 C:\xampp\htdocs\DEMETO\secondary-back\vendor\codeigniter4\framework\system\Database\BaseConnection.php(606): CodeIgniter\Database\BaseConnection->simpleQuery('SELECT `student...')
#4 C:\xampp\htdocs\DEMETO\secondary-back\vendor\codeigniter4\framework\system\Database\BaseBuilder.php(1616): CodeIgniter\Database\BaseConnection->query('SELECT `student...', Array, false)
#5 C:\xampp\htdocs\DEMETO\secondary-back\app\Models\StudentModel.php(439): CodeIgniter\Database\BaseBuilder->get()
#6 C:\xampp\htdocs\DEMETO\secondary-back\app\Controllers\StudentController.php(69): App\Models\StudentModel->getOneStudent('196')
#7 C:\xampp\htdocs\DEMETO\secondary-back\vendor\codeigniter4\framework\system\CodeIgniter.php(932): App\Controllers\StudentController->get_one_student('196')
#8 C:\xampp\htdocs\DEMETO\secondary-back\vendor\codeigniter4\framework\system\CodeIgniter.php(497): CodeIgniter\CodeIgniter->runController(Object(App\Controllers\StudentController))
#9 C:\xampp\htdocs\DEMETO\secondary-back\vendor\codeigniter4\framework\system\CodeIgniter.php(366): CodeIgniter\CodeIgniter->handleRequest(NULL, Object(Config\Cache), false)
#10 C:\xampp\htdocs\DEMETO\secondary-back\public\index.php(67): CodeIgniter\CodeIgniter->run()
#11 C:\xampp\htdocs\DEMETO\secondary-back\vendor\codeigniter4\framework\system\Commands\Server\rewrite.php(47): require_once('C:\\xampp\\htdocs...')
#12 {main}
CRITICAL - 2023-11-09 11:17:07 --> SQLite3::query(): Unable to prepare statement: 1, no such column: student.birth_palce
in SYSTEMPATH\Database\SQLite3\Connection.php on line 146.
 1 [internal function]: CodeIgniter\Debug\Exceptions->errorHandler(2, 'SQLite3::query(): Unable to prepare statement: 1, no such column: student.birth_palce', 'C:\\xampp\\htdocs\\DEMETO\\secondary-back\\vendor\\codeigniter4\\framework\\system\\Database\\SQLite3\\Connection.php', 146)
 2 SYSTEMPATH\Database\SQLite3\Connection.php(146): SQLite3->query('SELECT `student`.`student_id`, `student`.`name`, `student`.`surname`, `student`.`birth_palce`, `stduent`.`date_of_birth`, `student`.`matricule`, `student`.`sexe`, `student`.`photo`, `parent`.`parent_id`, `parent`.`mane_parent`, `parent`.`surnameParent`, `parent`.`emailParent`, `parent`.`professionParent`, `parent`.`contactParent`, `school`.`school_id`, `school`.`name` as `name_school`, `class`.`class_id`, `class`.`name` as `name_class`, `session`.`session_id`, `session`.`name_session`, `cycle`.`cycle_id`, `cycle`.`name_cycle`
FROM `student`
INNER JOIN `parent` ON `parent`.`parent_id` = `student`.`parent_id`
INNER JOIN `student_school` ON `student_school`.`student_id` = `student`.`student_id`
INNER JOIN `school` ON `school`.`school_id` = `student_school`.`school_id`
INNER JOIN `student_session` ON `student_session`.`student_id` = `student`.`student_id`
INNER JOIN `session` ON `session`.`session_id` = `student_session`.`school_id`
INNER JOIN `student_cycle` ON `student_cycle`.`student_id` = `cycle`.`cycle_id`
INNER JOIN `cycle` ON `cycle`.`cycle_id` = `student_cycle`.`cycle_id`
INNER JOIN `student_class` ON `student_class`.`student_id` = `student`.`student_id`
INNER JOIN `class` ON `class`.`class_id` = `student_class`.`class_id`
WHERE `student`.`student_id` = \'196\'
AND `student`.`status_student` = 0
AND `student`.`etat_student` = \'actif\'
AND `parent`.`status_parent` = 0
AND `parent`.`etat_parent` = \'actif\'
AND `school`.`status_school` = 0
AND `school`.`etat_school` = \'actif\'
AND `student_school`.`status_stu_scho` = 0
AND `student_school`.`etat_stu_scho` = \'actif\'
AND `session`.`status_session` = 0
AND `session`.`etat_session` = \'actif\'
AND `student_session`.`status_stu_sess` = 0
AND `student_session`.`etat_stu_sess` = \'actif\'
AND `cycle`.`status_cycle` = 0
AND `cycle`.`etat_cycle` = \'actif\'
AND `student_cycle`.`status_stu_cycle` = 0
AND `student_cycle`.`etat_stu_cycle` = \'actif\'
AND `class`.`status_class` = 0
AND `class`.`etat_class` = \'actif\'
AND `student_class`.`status_stu_class` = 0
AND `student_class`.`etat_stu_class` = \'actif\'')
 3 SYSTEMPATH\Database\BaseConnection.php(692): CodeIgniter\Database\SQLite3\Connection->execute('SELECT `student`.`student_id`, `student`.`name`, `student`.`surname`, `student`.`birth_palce`, `stduent`.`date_of_birth`, `student`.`matricule`, `student`.`sexe`, `student`.`photo`, `parent`.`parent_id`, `parent`.`mane_parent`, `parent`.`surnameParent`, `parent`.`emailParent`, `parent`.`professionParent`, `parent`.`contactParent`, `school`.`school_id`, `school`.`name` as `name_school`, `class`.`class_id`, `class`.`name` as `name_class`, `session`.`session_id`, `session`.`name_session`, `cycle`.`cycle_id`, `cycle`.`name_cycle`
FROM `student`
INNER JOIN `parent` ON `parent`.`parent_id` = `student`.`parent_id`
INNER JOIN `student_school` ON `student_school`.`student_id` = `student`.`student_id`
INNER JOIN `school` ON `school`.`school_id` = `student_school`.`school_id`
INNER JOIN `student_session` ON `student_session`.`student_id` = `student`.`student_id`
INNER JOIN `session` ON `session`.`session_id` = `student_session`.`school_id`
INNER JOIN `student_cycle` ON `student_cycle`.`student_id` = `cycle`.`cycle_id`
INNER JOIN `cycle` ON `cycle`.`cycle_id` = `student_cycle`.`cycle_id`
INNER JOIN `student_class` ON `student_class`.`student_id` = `student`.`student_id`
INNER JOIN `class` ON `class`.`class_id` = `student_class`.`class_id`
WHERE `student`.`student_id` = \'196\'
AND `student`.`status_student` = 0
AND `student`.`etat_student` = \'actif\'
AND `parent`.`status_parent` = 0
AND `parent`.`etat_parent` = \'actif\'
AND `school`.`status_school` = 0
AND `school`.`etat_school` = \'actif\'
AND `student_school`.`status_stu_scho` = 0
AND `student_school`.`etat_stu_scho` = \'actif\'
AND `session`.`status_session` = 0
AND `session`.`etat_session` = \'actif\'
AND `student_session`.`status_stu_sess` = 0
AND `student_session`.`etat_stu_sess` = \'actif\'
AND `cycle`.`status_cycle` = 0
AND `cycle`.`etat_cycle` = \'actif\'
AND `student_cycle`.`status_stu_cycle` = 0
AND `student_cycle`.`etat_stu_cycle` = \'actif\'
AND `class`.`status_class` = 0
AND `class`.`etat_class` = \'actif\'
AND `student_class`.`status_stu_class` = 0
AND `student_class`.`etat_stu_class` = \'actif\'')
 4 SYSTEMPATH\Database\BaseConnection.php(606): CodeIgniter\Database\BaseConnection->simpleQuery('SELECT `student`.`student_id`, `student`.`name`, `student`.`surname`, `student`.`birth_palce`, `stduent`.`date_of_birth`, `student`.`matricule`, `student`.`sexe`, `student`.`photo`, `parent`.`parent_id`, `parent`.`mane_parent`, `parent`.`surnameParent`, `parent`.`emailParent`, `parent`.`professionParent`, `parent`.`contactParent`, `school`.`school_id`, `school`.`name` as `name_school`, `class`.`class_id`, `class`.`name` as `name_class`, `session`.`session_id`, `session`.`name_session`, `cycle`.`cycle_id`, `cycle`.`name_cycle`
FROM `student`
INNER JOIN `parent` ON `parent`.`parent_id` = `student`.`parent_id`
INNER JOIN `student_school` ON `student_school`.`student_id` = `student`.`student_id`
INNER JOIN `school` ON `school`.`school_id` = `student_school`.`school_id`
INNER JOIN `student_session` ON `student_session`.`student_id` = `student`.`student_id`
INNER JOIN `session` ON `session`.`session_id` = `student_session`.`school_id`
INNER JOIN `student_cycle` ON `student_cycle`.`student_id` = `cycle`.`cycle_id`
INNER JOIN `cycle` ON `cycle`.`cycle_id` = `student_cycle`.`cycle_id`
INNER JOIN `student_class` ON `student_class`.`student_id` = `student`.`student_id`
INNER JOIN `class` ON `class`.`class_id` = `student_class`.`class_id`
WHERE `student`.`student_id` = \'196\'
AND `student`.`status_student` = 0
AND `student`.`etat_student` = \'actif\'
AND `parent`.`status_parent` = 0
AND `parent`.`etat_parent` = \'actif\'
AND `school`.`status_school` = 0
AND `school`.`etat_school` = \'actif\'
AND `student_school`.`status_stu_scho` = 0
AND `student_school`.`etat_stu_scho` = \'actif\'
AND `session`.`status_session` = 0
AND `session`.`etat_session` = \'actif\'
AND `student_session`.`status_stu_sess` = 0
AND `student_session`.`etat_stu_sess` = \'actif\'
AND `cycle`.`status_cycle` = 0
AND `cycle`.`etat_cycle` = \'actif\'
AND `student_cycle`.`status_stu_cycle` = 0
AND `student_cycle`.`etat_stu_cycle` = \'actif\'
AND `class`.`status_class` = 0
AND `class`.`etat_class` = \'actif\'
AND `student_class`.`status_stu_class` = 0
AND `student_class`.`etat_stu_class` = \'actif\'')
 5 SYSTEMPATH\Database\BaseBuilder.php(1616): CodeIgniter\Database\BaseConnection->query('SELECT `student`.`student_id`, `student`.`name`, `student`.`surname`, `student`.`birth_palce`, `stduent`.`date_of_birth`, `student`.`matricule`, `student`.`sexe`, `student`.`photo`, `parent`.`parent_id`, `parent`.`mane_parent`, `parent`.`surnameParent`, `parent`.`emailParent`, `parent`.`professionParent`, `parent`.`contactParent`, `school`.`school_id`, `school`.`name` as `name_school`, `class`.`class_id`, `class`.`name` as `name_class`, `session`.`session_id`, `session`.`name_session`, `cycle`.`cycle_id`, `cycle`.`name_cycle`
FROM `student`
INNER JOIN `parent` ON `parent`.`parent_id` = `student`.`parent_id`
INNER JOIN `student_school` ON `student_school`.`student_id` = `student`.`student_id`
INNER JOIN `school` ON `school`.`school_id` = `student_school`.`school_id`
INNER JOIN `student_session` ON `student_session`.`student_id` = `student`.`student_id`
INNER JOIN `session` ON `session`.`session_id` = `student_session`.`school_id`
INNER JOIN `student_cycle` ON `student_cycle`.`student_id` = `cycle`.`cycle_id`
INNER JOIN `cycle` ON `cycle`.`cycle_id` = `student_cycle`.`cycle_id`
INNER JOIN `student_class` ON `student_class`.`student_id` = `student`.`student_id`
INNER JOIN `class` ON `class`.`class_id` = `student_class`.`class_id`
WHERE `student`.`student_id` = :student.student_id:
AND `student`.`status_student` = :student.status_student:
AND `student`.`etat_student` = :student.etat_student:
AND `parent`.`status_parent` = :parent.status_parent:
AND `parent`.`etat_parent` = :parent.etat_parent:
AND `school`.`status_school` = :school.status_school:
AND `school`.`etat_school` = :school.etat_school:
AND `student_school`.`status_stu_scho` = :student_school.status_stu_scho:
AND `student_school`.`etat_stu_scho` = :student_school.etat_stu_scho:
AND `session`.`status_session` = :session.status_session:
AND `session`.`etat_session` = :session.etat_session:
AND `student_session`.`status_stu_sess` = :student_session.status_stu_sess:
AND `student_session`.`etat_stu_sess` = :student_session.etat_stu_sess:
AND `cycle`.`status_cycle` = :cycle.status_cycle:
AND `cycle`.`etat_cycle` = :cycle.etat_cycle:
AND `student_cycle`.`status_stu_cycle` = :student_cycle.status_stu_cycle:
AND `student_cycle`.`etat_stu_cycle` = :student_cycle.etat_stu_cycle:
AND `class`.`status_class` = :class.status_class:
AND `class`.`etat_class` = :class.etat_class:
AND `student_class`.`status_stu_class` = :student_class.status_stu_class:
AND `student_class`.`etat_stu_class` = :student_class.etat_stu_class:', [...], false)
 6 APPPATH\Models\StudentModel.php(439): CodeIgniter\Database\BaseBuilder->get()
 7 APPPATH\Controllers\StudentController.php(69): App\Models\StudentModel->getOneStudent('196')
 8 SYSTEMPATH\CodeIgniter.php(932): App\Controllers\StudentController->get_one_student('196')
 9 SYSTEMPATH\CodeIgniter.php(497): CodeIgniter\CodeIgniter->runController(Object(App\Controllers\StudentController))
10 SYSTEMPATH\CodeIgniter.php(366): CodeIgniter\CodeIgniter->handleRequest(null, Object(Config\Cache), false)
11 FCPATH\index.php(67): CodeIgniter\CodeIgniter->run()
12 SYSTEMPATH\Commands\Server\rewrite.php(47): require_once('C:\\xampp\\htdocs\\DEMETO\\secondary-back\\public\\index.php')
ERROR - 2023-11-09 11:17:55 --> ErrorException: SQLite3::query(): Unable to prepare statement: 1, no such column: stduent.date_of_birth in C:\xampp\htdocs\DEMETO\secondary-back\vendor\codeigniter4\framework\system\Database\SQLite3\Connection.php:146
Stack trace:
#0 [internal function]: CodeIgniter\Debug\Exceptions->errorHandler(2, 'SQLite3::query(...', 'C:\\xampp\\htdocs...', 146)
#1 C:\xampp\htdocs\DEMETO\secondary-back\vendor\codeigniter4\framework\system\Database\SQLite3\Connection.php(146): SQLite3->query('SELECT `student...')
#2 C:\xampp\htdocs\DEMETO\secondary-back\vendor\codeigniter4\framework\system\Database\BaseConnection.php(692): CodeIgniter\Database\SQLite3\Connection->execute('SELECT `student...')
#3 C:\xampp\htdocs\DEMETO\secondary-back\vendor\codeigniter4\framework\system\Database\BaseConnection.php(606): CodeIgniter\Database\BaseConnection->simpleQuery('SELECT `student...')
#4 C:\xampp\htdocs\DEMETO\secondary-back\vendor\codeigniter4\framework\system\Database\BaseBuilder.php(1616): CodeIgniter\Database\BaseConnection->query('SELECT `student...', Array, false)
#5 C:\xampp\htdocs\DEMETO\secondary-back\app\Models\StudentModel.php(439): CodeIgniter\Database\BaseBuilder->get()
#6 C:\xampp\htdocs\DEMETO\secondary-back\app\Controllers\StudentController.php(69): App\Models\StudentModel->getOneStudent('196')
#7 C:\xampp\htdocs\DEMETO\secondary-back\vendor\codeigniter4\framework\system\CodeIgniter.php(932): App\Controllers\StudentController->get_one_student('196')
#8 C:\xampp\htdocs\DEMETO\secondary-back\vendor\codeigniter4\framework\system\CodeIgniter.php(497): CodeIgniter\CodeIgniter->runController(Object(App\Controllers\StudentController))
#9 C:\xampp\htdocs\DEMETO\secondary-back\vendor\codeigniter4\framework\system\CodeIgniter.php(366): CodeIgniter\CodeIgniter->handleRequest(NULL, Object(Config\Cache), false)
#10 C:\xampp\htdocs\DEMETO\secondary-back\public\index.php(67): CodeIgniter\CodeIgniter->run()
#11 C:\xampp\htdocs\DEMETO\secondary-back\vendor\codeigniter4\framework\system\Commands\Server\rewrite.php(47): require_once('C:\\xampp\\htdocs...')
#12 {main}
CRITICAL - 2023-11-09 11:17:55 --> SQLite3::query(): Unable to prepare statement: 1, no such column: stduent.date_of_birth
in SYSTEMPATH\Database\SQLite3\Connection.php on line 146.
 1 [internal function]: CodeIgniter\Debug\Exceptions->errorHandler(2, 'SQLite3::query(): Unable to prepare statement: 1, no such column: stduent.date_of_birth', 'C:\\xampp\\htdocs\\DEMETO\\secondary-back\\vendor\\codeigniter4\\framework\\system\\Database\\SQLite3\\Connection.php', 146)
 2 SYSTEMPATH\Database\SQLite3\Connection.php(146): SQLite3->query('SELECT `student`.`student_id`, `student`.`name`, `student`.`surname`, `student`.`birth_place`, `stduent`.`date_of_birth`, `student`.`matricule`, `student`.`sexe`, `student`.`photo`, `parent`.`parent_id`, `parent`.`mane_parent`, `parent`.`surnameParent`, `parent`.`emailParent`, `parent`.`professionParent`, `parent`.`contactParent`, `school`.`school_id`, `school`.`name` as `name_school`, `class`.`class_id`, `class`.`name` as `name_class`, `session`.`session_id`, `session`.`name_session`, `cycle`.`cycle_id`, `cycle`.`name_cycle`
FROM `student`
INNER JOIN `parent` ON `parent`.`parent_id` = `student`.`parent_id`
INNER JOIN `student_school` ON `student_school`.`student_id` = `student`.`student_id`
INNER JOIN `school` ON `school`.`school_id` = `student_school`.`school_id`
INNER JOIN `student_session` ON `student_session`.`student_id` = `student`.`student_id`
INNER JOIN `session` ON `session`.`session_id` = `student_session`.`school_id`
INNER JOIN `student_cycle` ON `student_cycle`.`student_id` = `cycle`.`cycle_id`
INNER JOIN `cycle` ON `cycle`.`cycle_id` = `student_cycle`.`cycle_id`
INNER JOIN `student_class` ON `student_class`.`student_id` = `student`.`student_id`
INNER JOIN `class` ON `class`.`class_id` = `student_class`.`class_id`
WHERE `student`.`student_id` = \'196\'
AND `student`.`status_student` = 0
AND `student`.`etat_student` = \'actif\'
AND `parent`.`status_parent` = 0
AND `parent`.`etat_parent` = \'actif\'
AND `school`.`status_school` = 0
AND `school`.`etat_school` = \'actif\'
AND `student_school`.`status_stu_scho` = 0
AND `student_school`.`etat_stu_scho` = \'actif\'
AND `session`.`status_session` = 0
AND `session`.`etat_session` = \'actif\'
AND `student_session`.`status_stu_sess` = 0
AND `student_session`.`etat_stu_sess` = \'actif\'
AND `cycle`.`status_cycle` = 0
AND `cycle`.`etat_cycle` = \'actif\'
AND `student_cycle`.`status_stu_cycle` = 0
AND `student_cycle`.`etat_stu_cycle` = \'actif\'
AND `class`.`status_class` = 0
AND `class`.`etat_class` = \'actif\'
AND `student_class`.`status_stu_class` = 0
AND `student_class`.`etat_stu_class` = \'actif\'')
 3 SYSTEMPATH\Database\BaseConnection.php(692): CodeIgniter\Database\SQLite3\Connection->execute('SELECT `student`.`student_id`, `student`.`name`, `student`.`surname`, `student`.`birth_place`, `stduent`.`date_of_birth`, `student`.`matricule`, `student`.`sexe`, `student`.`photo`, `parent`.`parent_id`, `parent`.`mane_parent`, `parent`.`surnameParent`, `parent`.`emailParent`, `parent`.`professionParent`, `parent`.`contactParent`, `school`.`school_id`, `school`.`name` as `name_school`, `class`.`class_id`, `class`.`name` as `name_class`, `session`.`session_id`, `session`.`name_session`, `cycle`.`cycle_id`, `cycle`.`name_cycle`
FROM `student`
INNER JOIN `parent` ON `parent`.`parent_id` = `student`.`parent_id`
INNER JOIN `student_school` ON `student_school`.`student_id` = `student`.`student_id`
INNER JOIN `school` ON `school`.`school_id` = `student_school`.`school_id`
INNER JOIN `student_session` ON `student_session`.`student_id` = `student`.`student_id`
INNER JOIN `session` ON `session`.`session_id` = `student_session`.`school_id`
INNER JOIN `student_cycle` ON `student_cycle`.`student_id` = `cycle`.`cycle_id`
INNER JOIN `cycle` ON `cycle`.`cycle_id` = `student_cycle`.`cycle_id`
INNER JOIN `student_class` ON `student_class`.`student_id` = `student`.`student_id`
INNER JOIN `class` ON `class`.`class_id` = `student_class`.`class_id`
WHERE `student`.`student_id` = \'196\'
AND `student`.`status_student` = 0
AND `student`.`etat_student` = \'actif\'
AND `parent`.`status_parent` = 0
AND `parent`.`etat_parent` = \'actif\'
AND `school`.`status_school` = 0
AND `school`.`etat_school` = \'actif\'
AND `student_school`.`status_stu_scho` = 0
AND `student_school`.`etat_stu_scho` = \'actif\'
AND `session`.`status_session` = 0
AND `session`.`etat_session` = \'actif\'
AND `student_session`.`status_stu_sess` = 0
AND `student_session`.`etat_stu_sess` = \'actif\'
AND `cycle`.`status_cycle` = 0
AND `cycle`.`etat_cycle` = \'actif\'
AND `student_cycle`.`status_stu_cycle` = 0
AND `student_cycle`.`etat_stu_cycle` = \'actif\'
AND `class`.`status_class` = 0
AND `class`.`etat_class` = \'actif\'
AND `student_class`.`status_stu_class` = 0
AND `student_class`.`etat_stu_class` = \'actif\'')
 4 SYSTEMPATH\Database\BaseConnection.php(606): CodeIgniter\Database\BaseConnection->simpleQuery('SELECT `student`.`student_id`, `student`.`name`, `student`.`surname`, `student`.`birth_place`, `stduent`.`date_of_birth`, `student`.`matricule`, `student`.`sexe`, `student`.`photo`, `parent`.`parent_id`, `parent`.`mane_parent`, `parent`.`surnameParent`, `parent`.`emailParent`, `parent`.`professionParent`, `parent`.`contactParent`, `school`.`school_id`, `school`.`name` as `name_school`, `class`.`class_id`, `class`.`name` as `name_class`, `session`.`session_id`, `session`.`name_session`, `cycle`.`cycle_id`, `cycle`.`name_cycle`
FROM `student`
INNER JOIN `parent` ON `parent`.`parent_id` = `student`.`parent_id`
INNER JOIN `student_school` ON `student_school`.`student_id` = `student`.`student_id`
INNER JOIN `school` ON `school`.`school_id` = `student_school`.`school_id`
INNER JOIN `student_session` ON `student_session`.`student_id` = `student`.`student_id`
INNER JOIN `session` ON `session`.`session_id` = `student_session`.`school_id`
INNER JOIN `student_cycle` ON `student_cycle`.`student_id` = `cycle`.`cycle_id`
INNER JOIN `cycle` ON `cycle`.`cycle_id` = `student_cycle`.`cycle_id`
INNER JOIN `student_class` ON `student_class`.`student_id` = `student`.`student_id`
INNER JOIN `class` ON `class`.`class_id` = `student_class`.`class_id`
WHERE `student`.`student_id` = \'196\'
AND `student`.`status_student` = 0
AND `student`.`etat_student` = \'actif\'
AND `parent`.`status_parent` = 0
AND `parent`.`etat_parent` = \'actif\'
AND `school`.`status_school` = 0
AND `school`.`etat_school` = \'actif\'
AND `student_school`.`status_stu_scho` = 0
AND `student_school`.`etat_stu_scho` = \'actif\'
AND `session`.`status_session` = 0
AND `session`.`etat_session` = \'actif\'
AND `student_session`.`status_stu_sess` = 0
AND `student_session`.`etat_stu_sess` = \'actif\'
AND `cycle`.`status_cycle` = 0
AND `cycle`.`etat_cycle` = \'actif\'
AND `student_cycle`.`status_stu_cycle` = 0
AND `student_cycle`.`etat_stu_cycle` = \'actif\'
AND `class`.`status_class` = 0
AND `class`.`etat_class` = \'actif\'
AND `student_class`.`status_stu_class` = 0
AND `student_class`.`etat_stu_class` = \'actif\'')
 5 SYSTEMPATH\Database\BaseBuilder.php(1616): CodeIgniter\Database\BaseConnection->query('SELECT `student`.`student_id`, `student`.`name`, `student`.`surname`, `student`.`birth_place`, `stduent`.`date_of_birth`, `student`.`matricule`, `student`.`sexe`, `student`.`photo`, `parent`.`parent_id`, `parent`.`mane_parent`, `parent`.`surnameParent`, `parent`.`emailParent`, `parent`.`professionParent`, `parent`.`contactParent`, `school`.`school_id`, `school`.`name` as `name_school`, `class`.`class_id`, `class`.`name` as `name_class`, `session`.`session_id`, `session`.`name_session`, `cycle`.`cycle_id`, `cycle`.`name_cycle`
FROM `student`
INNER JOIN `parent` ON `parent`.`parent_id` = `student`.`parent_id`
INNER JOIN `student_school` ON `student_school`.`student_id` = `student`.`student_id`
INNER JOIN `school` ON `school`.`school_id` = `student_school`.`school_id`
INNER JOIN `student_session` ON `student_session`.`student_id` = `student`.`student_id`
INNER JOIN `session` ON `session`.`session_id` = `student_session`.`school_id`
INNER JOIN `student_cycle` ON `student_cycle`.`student_id` = `cycle`.`cycle_id`
INNER JOIN `cycle` ON `cycle`.`cycle_id` = `student_cycle`.`cycle_id`
INNER JOIN `student_class` ON `student_class`.`student_id` = `student`.`student_id`
INNER JOIN `class` ON `class`.`class_id` = `student_class`.`class_id`
WHERE `student`.`student_id` = :student.student_id:
AND `student`.`status_student` = :student.status_student:
AND `student`.`etat_student` = :student.etat_student:
AND `parent`.`status_parent` = :parent.status_parent:
AND `parent`.`etat_parent` = :parent.etat_parent:
AND `school`.`status_school` = :school.status_school:
AND `school`.`etat_school` = :school.etat_school:
AND `student_school`.`status_stu_scho` = :student_school.status_stu_scho:
AND `student_school`.`etat_stu_scho` = :student_school.etat_stu_scho:
AND `session`.`status_session` = :session.status_session:
AND `session`.`etat_session` = :session.etat_session:
AND `student_session`.`status_stu_sess` = :student_session.status_stu_sess:
AND `student_session`.`etat_stu_sess` = :student_session.etat_stu_sess:
AND `cycle`.`status_cycle` = :cycle.status_cycle:
AND `cycle`.`etat_cycle` = :cycle.etat_cycle:
AND `student_cycle`.`status_stu_cycle` = :student_cycle.status_stu_cycle:
AND `student_cycle`.`etat_stu_cycle` = :student_cycle.etat_stu_cycle:
AND `class`.`status_class` = :class.status_class:
AND `class`.`etat_class` = :class.etat_class:
AND `student_class`.`status_stu_class` = :student_class.status_stu_class:
AND `student_class`.`etat_stu_class` = :student_class.etat_stu_class:', [...], false)
 6 APPPATH\Models\StudentModel.php(439): CodeIgniter\Database\BaseBuilder->get()
 7 APPPATH\Controllers\StudentController.php(69): App\Models\StudentModel->getOneStudent('196')
 8 SYSTEMPATH\CodeIgniter.php(932): App\Controllers\StudentController->get_one_student('196')
 9 SYSTEMPATH\CodeIgniter.php(497): CodeIgniter\CodeIgniter->runController(Object(App\Controllers\StudentController))
10 SYSTEMPATH\CodeIgniter.php(366): CodeIgniter\CodeIgniter->handleRequest(null, Object(Config\Cache), false)
11 FCPATH\index.php(67): CodeIgniter\CodeIgniter->run()
12 SYSTEMPATH\Commands\Server\rewrite.php(47): require_once('C:\\xampp\\htdocs\\DEMETO\\secondary-back\\public\\index.php')
ERROR - 2023-11-09 11:18:50 --> ErrorException: SQLite3::query(): Unable to prepare statement: 1, no such column: stduent.date_of_birth in C:\xampp\htdocs\DEMETO\secondary-back\vendor\codeigniter4\framework\system\Database\SQLite3\Connection.php:146
Stack trace:
#0 [internal function]: CodeIgniter\Debug\Exceptions->errorHandler(2, 'SQLite3::query(...', 'C:\\xampp\\htdocs...', 146)
#1 C:\xampp\htdocs\DEMETO\secondary-back\vendor\codeigniter4\framework\system\Database\SQLite3\Connection.php(146): SQLite3->query('SELECT `student...')
#2 C:\xampp\htdocs\DEMETO\secondary-back\vendor\codeigniter4\framework\system\Database\BaseConnection.php(692): CodeIgniter\Database\SQLite3\Connection->execute('SELECT `student...')
#3 C:\xampp\htdocs\DEMETO\secondary-back\vendor\codeigniter4\framework\system\Database\BaseConnection.php(606): CodeIgniter\Database\BaseConnection->simpleQuery('SELECT `student...')
#4 C:\xampp\htdocs\DEMETO\secondary-back\vendor\codeigniter4\framework\system\Database\BaseBuilder.php(1616): CodeIgniter\Database\BaseConnection->query('SELECT `student...', Array, false)
#5 C:\xampp\htdocs\DEMETO\secondary-back\app\Models\StudentModel.php(439): CodeIgniter\Database\BaseBuilder->get()
#6 C:\xampp\htdocs\DEMETO\secondary-back\app\Controllers\StudentController.php(69): App\Models\StudentModel->getOneStudent('196')
#7 C:\xampp\htdocs\DEMETO\secondary-back\vendor\codeigniter4\framework\system\CodeIgniter.php(932): App\Controllers\StudentController->get_one_student('196')
#8 C:\xampp\htdocs\DEMETO\secondary-back\vendor\codeigniter4\framework\system\CodeIgniter.php(497): CodeIgniter\CodeIgniter->runController(Object(App\Controllers\StudentController))
#9 C:\xampp\htdocs\DEMETO\secondary-back\vendor\codeigniter4\framework\system\CodeIgniter.php(366): CodeIgniter\CodeIgniter->handleRequest(NULL, Object(Config\Cache), false)
#10 C:\xampp\htdocs\DEMETO\secondary-back\public\index.php(67): CodeIgniter\CodeIgniter->run()
#11 C:\xampp\htdocs\DEMETO\secondary-back\vendor\codeigniter4\framework\system\Commands\Server\rewrite.php(47): require_once('C:\\xampp\\htdocs...')
#12 {main}
CRITICAL - 2023-11-09 11:18:50 --> SQLite3::query(): Unable to prepare statement: 1, no such column: stduent.date_of_birth
in SYSTEMPATH\Database\SQLite3\Connection.php on line 146.
 1 [internal function]: CodeIgniter\Debug\Exceptions->errorHandler(2, 'SQLite3::query(): Unable to prepare statement: 1, no such column: stduent.date_of_birth', 'C:\\xampp\\htdocs\\DEMETO\\secondary-back\\vendor\\codeigniter4\\framework\\system\\Database\\SQLite3\\Connection.php', 146)
 2 SYSTEMPATH\Database\SQLite3\Connection.php(146): SQLite3->query('SELECT `student`.`student_id`, `student`.`name`, `student`.`surname`, `student`.`birth_place`, `stduent`.`date_of_birth`, `student`.`matricule`, `student`.`sexe`, `student`.`photo`, `parent`.`parent_id`, `parent`.`mane_parent`, `parent`.`surnameParent`, `parent`.`emailParent`, `parent`.`professionParent`, `parent`.`contactParent`, `school`.`school_id`, `school`.`name` as `name_school`, `class`.`class_id`, `class`.`name` as `name_class`, `session`.`session_id`, `session`.`name_session`, `cycle`.`cycle_id`, `cycle`.`name_cycle`
FROM `student`
INNER JOIN `parent` ON `parent`.`parent_id` = `student`.`parent_id`
INNER JOIN `student_school` ON `student_school`.`student_id` = `student`.`student_id`
INNER JOIN `school` ON `school`.`school_id` = `student_school`.`school_id`
INNER JOIN `student_session` ON `student_session`.`student_id` = `student`.`student_id`
INNER JOIN `session` ON `session`.`session_id` = `student_session`.`school_id`
INNER JOIN `student_cycle` ON `student_cycle`.`student_id` = `cycle`.`cycle_id`
INNER JOIN `cycle` ON `cycle`.`cycle_id` = `student_cycle`.`cycle_id`
INNER JOIN `student_class` ON `student_class`.`student_id` = `student`.`student_id`
INNER JOIN `class` ON `class`.`class_id` = `student_class`.`class_id`
WHERE `student`.`student_id` = \'196\'
AND `student`.`status_student` = 0
AND `student`.`etat_student` = \'actif\'
AND `parent`.`status_parent` = 0
AND `parent`.`etat_parent` = \'actif\'
AND `school`.`status_school` = 0
AND `school`.`etat_school` = \'actif\'
AND `student_school`.`status_stu_scho` = 0
AND `student_school`.`etat_stu_scho` = \'actif\'
AND `session`.`status_session` = 0
AND `session`.`etat_session` = \'actif\'
AND `student_session`.`status_stu_sess` = 0
AND `student_session`.`etat_stu_sess` = \'actif\'
AND `cycle`.`status_cycle` = 0
AND `cycle`.`etat_cycle` = \'actif\'
AND `student_cycle`.`status_stu_cycle` = 0
AND `student_cycle`.`etat_stu_cycle` = \'actif\'
AND `class`.`status_class` = 0
AND `class`.`etat_class` = \'actif\'
AND `student_class`.`status_stu_class` = 0
AND `student_class`.`etat_stu_class` = \'actif\'')
 3 SYSTEMPATH\Database\BaseConnection.php(692): CodeIgniter\Database\SQLite3\Connection->execute('SELECT `student`.`student_id`, `student`.`name`, `student`.`surname`, `student`.`birth_place`, `stduent`.`date_of_birth`, `student`.`matricule`, `student`.`sexe`, `student`.`photo`, `parent`.`parent_id`, `parent`.`mane_parent`, `parent`.`surnameParent`, `parent`.`emailParent`, `parent`.`professionParent`, `parent`.`contactParent`, `school`.`school_id`, `school`.`name` as `name_school`, `class`.`class_id`, `class`.`name` as `name_class`, `session`.`session_id`, `session`.`name_session`, `cycle`.`cycle_id`, `cycle`.`name_cycle`
FROM `student`
INNER JOIN `parent` ON `parent`.`parent_id` = `student`.`parent_id`
INNER JOIN `student_school` ON `student_school`.`student_id` = `student`.`student_id`
INNER JOIN `school` ON `school`.`school_id` = `student_school`.`school_id`
INNER JOIN `student_session` ON `student_session`.`student_id` = `student`.`student_id`
INNER JOIN `session` ON `session`.`session_id` = `student_session`.`school_id`
INNER JOIN `student_cycle` ON `student_cycle`.`student_id` = `cycle`.`cycle_id`
INNER JOIN `cycle` ON `cycle`.`cycle_id` = `student_cycle`.`cycle_id`
INNER JOIN `student_class` ON `student_class`.`student_id` = `student`.`student_id`
INNER JOIN `class` ON `class`.`class_id` = `student_class`.`class_id`
WHERE `student`.`student_id` = \'196\'
AND `student`.`status_student` = 0
AND `student`.`etat_student` = \'actif\'
AND `parent`.`status_parent` = 0
AND `parent`.`etat_parent` = \'actif\'
AND `school`.`status_school` = 0
AND `school`.`etat_school` = \'actif\'
AND `student_school`.`status_stu_scho` = 0
AND `student_school`.`etat_stu_scho` = \'actif\'
AND `session`.`status_session` = 0
AND `session`.`etat_session` = \'actif\'
AND `student_session`.`status_stu_sess` = 0
AND `student_session`.`etat_stu_sess` = \'actif\'
AND `cycle`.`status_cycle` = 0
AND `cycle`.`etat_cycle` = \'actif\'
AND `student_cycle`.`status_stu_cycle` = 0
AND `student_cycle`.`etat_stu_cycle` = \'actif\'
AND `class`.`status_class` = 0
AND `class`.`etat_class` = \'actif\'
AND `student_class`.`status_stu_class` = 0
AND `student_class`.`etat_stu_class` = \'actif\'')
 4 SYSTEMPATH\Database\BaseConnection.php(606): CodeIgniter\Database\BaseConnection->simpleQuery('SELECT `student`.`student_id`, `student`.`name`, `student`.`surname`, `student`.`birth_place`, `stduent`.`date_of_birth`, `student`.`matricule`, `student`.`sexe`, `student`.`photo`, `parent`.`parent_id`, `parent`.`mane_parent`, `parent`.`surnameParent`, `parent`.`emailParent`, `parent`.`professionParent`, `parent`.`contactParent`, `school`.`school_id`, `school`.`name` as `name_school`, `class`.`class_id`, `class`.`name` as `name_class`, `session`.`session_id`, `session`.`name_session`, `cycle`.`cycle_id`, `cycle`.`name_cycle`
FROM `student`
INNER JOIN `parent` ON `parent`.`parent_id` = `student`.`parent_id`
INNER JOIN `student_school` ON `student_school`.`student_id` = `student`.`student_id`
INNER JOIN `school` ON `school`.`school_id` = `student_school`.`school_id`
INNER JOIN `student_session` ON `student_session`.`student_id` = `student`.`student_id`
INNER JOIN `session` ON `session`.`session_id` = `student_session`.`school_id`
INNER JOIN `student_cycle` ON `student_cycle`.`student_id` = `cycle`.`cycle_id`
INNER JOIN `cycle` ON `cycle`.`cycle_id` = `student_cycle`.`cycle_id`
INNER JOIN `student_class` ON `student_class`.`student_id` = `student`.`student_id`
INNER JOIN `class` ON `class`.`class_id` = `student_class`.`class_id`
WHERE `student`.`student_id` = \'196\'
AND `student`.`status_student` = 0
AND `student`.`etat_student` = \'actif\'
AND `parent`.`status_parent` = 0
AND `parent`.`etat_parent` = \'actif\'
AND `school`.`status_school` = 0
AND `school`.`etat_school` = \'actif\'
AND `student_school`.`status_stu_scho` = 0
AND `student_school`.`etat_stu_scho` = \'actif\'
AND `session`.`status_session` = 0
AND `session`.`etat_session` = \'actif\'
AND `student_session`.`status_stu_sess` = 0
AND `student_session`.`etat_stu_sess` = \'actif\'
AND `cycle`.`status_cycle` = 0
AND `cycle`.`etat_cycle` = \'actif\'
AND `student_cycle`.`status_stu_cycle` = 0
AND `student_cycle`.`etat_stu_cycle` = \'actif\'
AND `class`.`status_class` = 0
AND `class`.`etat_class` = \'actif\'
AND `student_class`.`status_stu_class` = 0
AND `student_class`.`etat_stu_class` = \'actif\'')
 5 SYSTEMPATH\Database\BaseBuilder.php(1616): CodeIgniter\Database\BaseConnection->query('SELECT `student`.`student_id`, `student`.`name`, `student`.`surname`, `student`.`birth_place`, `stduent`.`date_of_birth`, `student`.`matricule`, `student`.`sexe`, `student`.`photo`, `parent`.`parent_id`, `parent`.`mane_parent`, `parent`.`surnameParent`, `parent`.`emailParent`, `parent`.`professionParent`, `parent`.`contactParent`, `school`.`school_id`, `school`.`name` as `name_school`, `class`.`class_id`, `class`.`name` as `name_class`, `session`.`session_id`, `session`.`name_session`, `cycle`.`cycle_id`, `cycle`.`name_cycle`
FROM `student`
INNER JOIN `parent` ON `parent`.`parent_id` = `student`.`parent_id`
INNER JOIN `student_school` ON `student_school`.`student_id` = `student`.`student_id`
INNER JOIN `school` ON `school`.`school_id` = `student_school`.`school_id`
INNER JOIN `student_session` ON `student_session`.`student_id` = `student`.`student_id`
INNER JOIN `session` ON `session`.`session_id` = `student_session`.`school_id`
INNER JOIN `student_cycle` ON `student_cycle`.`student_id` = `cycle`.`cycle_id`
INNER JOIN `cycle` ON `cycle`.`cycle_id` = `student_cycle`.`cycle_id`
INNER JOIN `student_class` ON `student_class`.`student_id` = `student`.`student_id`
INNER JOIN `class` ON `class`.`class_id` = `student_class`.`class_id`
WHERE `student`.`student_id` = :student.student_id:
AND `student`.`status_student` = :student.status_student:
AND `student`.`etat_student` = :student.etat_student:
AND `parent`.`status_parent` = :parent.status_parent:
AND `parent`.`etat_parent` = :parent.etat_parent:
AND `school`.`status_school` = :school.status_school:
AND `school`.`etat_school` = :school.etat_school:
AND `student_school`.`status_stu_scho` = :student_school.status_stu_scho:
AND `student_school`.`etat_stu_scho` = :student_school.etat_stu_scho:
AND `session`.`status_session` = :session.status_session:
AND `session`.`etat_session` = :session.etat_session:
AND `student_session`.`status_stu_sess` = :student_session.status_stu_sess:
AND `student_session`.`etat_stu_sess` = :student_session.etat_stu_sess:
AND `cycle`.`status_cycle` = :cycle.status_cycle:
AND `cycle`.`etat_cycle` = :cycle.etat_cycle:
AND `student_cycle`.`status_stu_cycle` = :student_cycle.status_stu_cycle:
AND `student_cycle`.`etat_stu_cycle` = :student_cycle.etat_stu_cycle:
AND `class`.`status_class` = :class.status_class:
AND `class`.`etat_class` = :class.etat_class:
AND `student_class`.`status_stu_class` = :student_class.status_stu_class:
AND `student_class`.`etat_stu_class` = :student_class.etat_stu_class:', [...], false)
 6 APPPATH\Models\StudentModel.php(439): CodeIgniter\Database\BaseBuilder->get()
 7 APPPATH\Controllers\StudentController.php(69): App\Models\StudentModel->getOneStudent('196')
 8 SYSTEMPATH\CodeIgniter.php(932): App\Controllers\StudentController->get_one_student('196')
 9 SYSTEMPATH\CodeIgniter.php(497): CodeIgniter\CodeIgniter->runController(Object(App\Controllers\StudentController))
10 SYSTEMPATH\CodeIgniter.php(366): CodeIgniter\CodeIgniter->handleRequest(null, Object(Config\Cache), false)
11 FCPATH\index.php(67): CodeIgniter\CodeIgniter->run()
12 SYSTEMPATH\Commands\Server\rewrite.php(47): require_once('C:\\xampp\\htdocs\\DEMETO\\secondary-back\\public\\index.php')
ERROR - 2023-11-09 11:19:09 --> ErrorException: SQLite3::query(): Unable to prepare statement: 1, no such column: parent.mane_parent in C:\xampp\htdocs\DEMETO\secondary-back\vendor\codeigniter4\framework\system\Database\SQLite3\Connection.php:146
Stack trace:
#0 [internal function]: CodeIgniter\Debug\Exceptions->errorHandler(2, 'SQLite3::query(...', 'C:\\xampp\\htdocs...', 146)
#1 C:\xampp\htdocs\DEMETO\secondary-back\vendor\codeigniter4\framework\system\Database\SQLite3\Connection.php(146): SQLite3->query('SELECT `student...')
#2 C:\xampp\htdocs\DEMETO\secondary-back\vendor\codeigniter4\framework\system\Database\BaseConnection.php(692): CodeIgniter\Database\SQLite3\Connection->execute('SELECT `student...')
#3 C:\xampp\htdocs\DEMETO\secondary-back\vendor\codeigniter4\framework\system\Database\BaseConnection.php(606): CodeIgniter\Database\BaseConnection->simpleQuery('SELECT `student...')
#4 C:\xampp\htdocs\DEMETO\secondary-back\vendor\codeigniter4\framework\system\Database\BaseBuilder.php(1616): CodeIgniter\Database\BaseConnection->query('SELECT `student...', Array, false)
#5 C:\xampp\htdocs\DEMETO\secondary-back\app\Models\StudentModel.php(439): CodeIgniter\Database\BaseBuilder->get()
#6 C:\xampp\htdocs\DEMETO\secondary-back\app\Controllers\StudentController.php(69): App\Models\StudentModel->getOneStudent('196')
#7 C:\xampp\htdocs\DEMETO\secondary-back\vendor\codeigniter4\framework\system\CodeIgniter.php(932): App\Controllers\StudentController->get_one_student('196')
#8 C:\xampp\htdocs\DEMETO\secondary-back\vendor\codeigniter4\framework\system\CodeIgniter.php(497): CodeIgniter\CodeIgniter->runController(Object(App\Controllers\StudentController))
#9 C:\xampp\htdocs\DEMETO\secondary-back\vendor\codeigniter4\framework\system\CodeIgniter.php(366): CodeIgniter\CodeIgniter->handleRequest(NULL, Object(Config\Cache), false)
#10 C:\xampp\htdocs\DEMETO\secondary-back\public\index.php(67): CodeIgniter\CodeIgniter->run()
#11 C:\xampp\htdocs\DEMETO\secondary-back\vendor\codeigniter4\framework\system\Commands\Server\rewrite.php(47): require_once('C:\\xampp\\htdocs...')
#12 {main}
CRITICAL - 2023-11-09 11:19:09 --> SQLite3::query(): Unable to prepare statement: 1, no such column: parent.mane_parent
in SYSTEMPATH\Database\SQLite3\Connection.php on line 146.
 1 [internal function]: CodeIgniter\Debug\Exceptions->errorHandler(2, 'SQLite3::query(): Unable to prepare statement: 1, no such column: parent.mane_parent', 'C:\\xampp\\htdocs\\DEMETO\\secondary-back\\vendor\\codeigniter4\\framework\\system\\Database\\SQLite3\\Connection.php', 146)
 2 SYSTEMPATH\Database\SQLite3\Connection.php(146): SQLite3->query('SELECT `student`.`student_id`, `student`.`name`, `student`.`surname`, `student`.`birth_place`, `student`.`date_of_birth`, `student`.`matricule`, `student`.`sexe`, `student`.`photo`, `parent`.`parent_id`, `parent`.`mane_parent`, `parent`.`surnameParent`, `parent`.`emailParent`, `parent`.`professionParent`, `parent`.`contactParent`, `school`.`school_id`, `school`.`name` as `name_school`, `class`.`class_id`, `class`.`name` as `name_class`, `session`.`session_id`, `session`.`name_session`, `cycle`.`cycle_id`, `cycle`.`name_cycle`
FROM `student`
INNER JOIN `parent` ON `parent`.`parent_id` = `student`.`parent_id`
INNER JOIN `student_school` ON `student_school`.`student_id` = `student`.`student_id`
INNER JOIN `school` ON `school`.`school_id` = `student_school`.`school_id`
INNER JOIN `student_session` ON `student_session`.`student_id` = `student`.`student_id`
INNER JOIN `session` ON `session`.`session_id` = `student_session`.`school_id`
INNER JOIN `student_cycle` ON `student_cycle`.`student_id` = `cycle`.`cycle_id`
INNER JOIN `cycle` ON `cycle`.`cycle_id` = `student_cycle`.`cycle_id`
INNER JOIN `student_class` ON `student_class`.`student_id` = `student`.`student_id`
INNER JOIN `class` ON `class`.`class_id` = `student_class`.`class_id`
WHERE `student`.`student_id` = \'196\'
AND `student`.`status_student` = 0
AND `student`.`etat_student` = \'actif\'
AND `parent`.`status_parent` = 0
AND `parent`.`etat_parent` = \'actif\'
AND `school`.`status_school` = 0
AND `school`.`etat_school` = \'actif\'
AND `student_school`.`status_stu_scho` = 0
AND `student_school`.`etat_stu_scho` = \'actif\'
AND `session`.`status_session` = 0
AND `session`.`etat_session` = \'actif\'
AND `student_session`.`status_stu_sess` = 0
AND `student_session`.`etat_stu_sess` = \'actif\'
AND `cycle`.`status_cycle` = 0
AND `cycle`.`etat_cycle` = \'actif\'
AND `student_cycle`.`status_stu_cycle` = 0
AND `student_cycle`.`etat_stu_cycle` = \'actif\'
AND `class`.`status_class` = 0
AND `class`.`etat_class` = \'actif\'
AND `student_class`.`status_stu_class` = 0
AND `student_class`.`etat_stu_class` = \'actif\'')
 3 SYSTEMPATH\Database\BaseConnection.php(692): CodeIgniter\Database\SQLite3\Connection->execute('SELECT `student`.`student_id`, `student`.`name`, `student`.`surname`, `student`.`birth_place`, `student`.`date_of_birth`, `student`.`matricule`, `student`.`sexe`, `student`.`photo`, `parent`.`parent_id`, `parent`.`mane_parent`, `parent`.`surnameParent`, `parent`.`emailParent`, `parent`.`professionParent`, `parent`.`contactParent`, `school`.`school_id`, `school`.`name` as `name_school`, `class`.`class_id`, `class`.`name` as `name_class`, `session`.`session_id`, `session`.`name_session`, `cycle`.`cycle_id`, `cycle`.`name_cycle`
FROM `student`
INNER JOIN `parent` ON `parent`.`parent_id` = `student`.`parent_id`
INNER JOIN `student_school` ON `student_school`.`student_id` = `student`.`student_id`
INNER JOIN `school` ON `school`.`school_id` = `student_school`.`school_id`
INNER JOIN `student_session` ON `student_session`.`student_id` = `student`.`student_id`
INNER JOIN `session` ON `session`.`session_id` = `student_session`.`school_id`
INNER JOIN `student_cycle` ON `student_cycle`.`student_id` = `cycle`.`cycle_id`
INNER JOIN `cycle` ON `cycle`.`cycle_id` = `student_cycle`.`cycle_id`
INNER JOIN `student_class` ON `student_class`.`student_id` = `student`.`student_id`
INNER JOIN `class` ON `class`.`class_id` = `student_class`.`class_id`
WHERE `student`.`student_id` = \'196\'
AND `student`.`status_student` = 0
AND `student`.`etat_student` = \'actif\'
AND `parent`.`status_parent` = 0
AND `parent`.`etat_parent` = \'actif\'
AND `school`.`status_school` = 0
AND `school`.`etat_school` = \'actif\'
AND `student_school`.`status_stu_scho` = 0
AND `student_school`.`etat_stu_scho` = \'actif\'
AND `session`.`status_session` = 0
AND `session`.`etat_session` = \'actif\'
AND `student_session`.`status_stu_sess` = 0
AND `student_session`.`etat_stu_sess` = \'actif\'
AND `cycle`.`status_cycle` = 0
AND `cycle`.`etat_cycle` = \'actif\'
AND `student_cycle`.`status_stu_cycle` = 0
AND `student_cycle`.`etat_stu_cycle` = \'actif\'
AND `class`.`status_class` = 0
AND `class`.`etat_class` = \'actif\'
AND `student_class`.`status_stu_class` = 0
AND `student_class`.`etat_stu_class` = \'actif\'')
 4 SYSTEMPATH\Database\BaseConnection.php(606): CodeIgniter\Database\BaseConnection->simpleQuery('SELECT `student`.`student_id`, `student`.`name`, `student`.`surname`, `student`.`birth_place`, `student`.`date_of_birth`, `student`.`matricule`, `student`.`sexe`, `student`.`photo`, `parent`.`parent_id`, `parent`.`mane_parent`, `parent`.`surnameParent`, `parent`.`emailParent`, `parent`.`professionParent`, `parent`.`contactParent`, `school`.`school_id`, `school`.`name` as `name_school`, `class`.`class_id`, `class`.`name` as `name_class`, `session`.`session_id`, `session`.`name_session`, `cycle`.`cycle_id`, `cycle`.`name_cycle`
FROM `student`
INNER JOIN `parent` ON `parent`.`parent_id` = `student`.`parent_id`
INNER JOIN `student_school` ON `student_school`.`student_id` = `student`.`student_id`
INNER JOIN `school` ON `school`.`school_id` = `student_school`.`school_id`
INNER JOIN `student_session` ON `student_session`.`student_id` = `student`.`student_id`
INNER JOIN `session` ON `session`.`session_id` = `student_session`.`school_id`
INNER JOIN `student_cycle` ON `student_cycle`.`student_id` = `cycle`.`cycle_id`
INNER JOIN `cycle` ON `cycle`.`cycle_id` = `student_cycle`.`cycle_id`
INNER JOIN `student_class` ON `student_class`.`student_id` = `student`.`student_id`
INNER JOIN `class` ON `class`.`class_id` = `student_class`.`class_id`
WHERE `student`.`student_id` = \'196\'
AND `student`.`status_student` = 0
AND `student`.`etat_student` = \'actif\'
AND `parent`.`status_parent` = 0
AND `parent`.`etat_parent` = \'actif\'
AND `school`.`status_school` = 0
AND `school`.`etat_school` = \'actif\'
AND `student_school`.`status_stu_scho` = 0
AND `student_school`.`etat_stu_scho` = \'actif\'
AND `session`.`status_session` = 0
AND `session`.`etat_session` = \'actif\'
AND `student_session`.`status_stu_sess` = 0
AND `student_session`.`etat_stu_sess` = \'actif\'
AND `cycle`.`status_cycle` = 0
AND `cycle`.`etat_cycle` = \'actif\'
AND `student_cycle`.`status_stu_cycle` = 0
AND `student_cycle`.`etat_stu_cycle` = \'actif\'
AND `class`.`status_class` = 0
AND `class`.`etat_class` = \'actif\'
AND `student_class`.`status_stu_class` = 0
AND `student_class`.`etat_stu_class` = \'actif\'')
 5 SYSTEMPATH\Database\BaseBuilder.php(1616): CodeIgniter\Database\BaseConnection->query('SELECT `student`.`student_id`, `student`.`name`, `student`.`surname`, `student`.`birth_place`, `student`.`date_of_birth`, `student`.`matricule`, `student`.`sexe`, `student`.`photo`, `parent`.`parent_id`, `parent`.`mane_parent`, `parent`.`surnameParent`, `parent`.`emailParent`, `parent`.`professionParent`, `parent`.`contactParent`, `school`.`school_id`, `school`.`name` as `name_school`, `class`.`class_id`, `class`.`name` as `name_class`, `session`.`session_id`, `session`.`name_session`, `cycle`.`cycle_id`, `cycle`.`name_cycle`
FROM `student`
INNER JOIN `parent` ON `parent`.`parent_id` = `student`.`parent_id`
INNER JOIN `student_school` ON `student_school`.`student_id` = `student`.`student_id`
INNER JOIN `school` ON `school`.`school_id` = `student_school`.`school_id`
INNER JOIN `student_session` ON `student_session`.`student_id` = `student`.`student_id`
INNER JOIN `session` ON `session`.`session_id` = `student_session`.`school_id`
INNER JOIN `student_cycle` ON `student_cycle`.`student_id` = `cycle`.`cycle_id`
INNER JOIN `cycle` ON `cycle`.`cycle_id` = `student_cycle`.`cycle_id`
INNER JOIN `student_class` ON `student_class`.`student_id` = `student`.`student_id`
INNER JOIN `class` ON `class`.`class_id` = `student_class`.`class_id`
WHERE `student`.`student_id` = :student.student_id:
AND `student`.`status_student` = :student.status_student:
AND `student`.`etat_student` = :student.etat_student:
AND `parent`.`status_parent` = :parent.status_parent:
AND `parent`.`etat_parent` = :parent.etat_parent:
AND `school`.`status_school` = :school.status_school:
AND `school`.`etat_school` = :school.etat_school:
AND `student_school`.`status_stu_scho` = :student_school.status_stu_scho:
AND `student_school`.`etat_stu_scho` = :student_school.etat_stu_scho:
AND `session`.`status_session` = :session.status_session:
AND `session`.`etat_session` = :session.etat_session:
AND `student_session`.`status_stu_sess` = :student_session.status_stu_sess:
AND `student_session`.`etat_stu_sess` = :student_session.etat_stu_sess:
AND `cycle`.`status_cycle` = :cycle.status_cycle:
AND `cycle`.`etat_cycle` = :cycle.etat_cycle:
AND `student_cycle`.`status_stu_cycle` = :student_cycle.status_stu_cycle:
AND `student_cycle`.`etat_stu_cycle` = :student_cycle.etat_stu_cycle:
AND `class`.`status_class` = :class.status_class:
AND `class`.`etat_class` = :class.etat_class:
AND `student_class`.`status_stu_class` = :student_class.status_stu_class:
AND `student_class`.`etat_stu_class` = :student_class.etat_stu_class:', [...], false)
 6 APPPATH\Models\StudentModel.php(439): CodeIgniter\Database\BaseBuilder->get()
 7 APPPATH\Controllers\StudentController.php(69): App\Models\StudentModel->getOneStudent('196')
 8 SYSTEMPATH\CodeIgniter.php(932): App\Controllers\StudentController->get_one_student('196')
 9 SYSTEMPATH\CodeIgniter.php(497): CodeIgniter\CodeIgniter->runController(Object(App\Controllers\StudentController))
10 SYSTEMPATH\CodeIgniter.php(366): CodeIgniter\CodeIgniter->handleRequest(null, Object(Config\Cache), false)
11 FCPATH\index.php(67): CodeIgniter\CodeIgniter->run()
12 SYSTEMPATH\Commands\Server\rewrite.php(47): require_once('C:\\xampp\\htdocs\\DEMETO\\secondary-back\\public\\index.php')
ERROR - 2023-11-09 11:19:46 --> ErrorException: SQLite3::query(): Unable to prepare statement: 1, no such column: student_session.school_id in C:\xampp\htdocs\DEMETO\secondary-back\vendor\codeigniter4\framework\system\Database\SQLite3\Connection.php:146
Stack trace:
#0 [internal function]: CodeIgniter\Debug\Exceptions->errorHandler(2, 'SQLite3::query(...', 'C:\\xampp\\htdocs...', 146)
#1 C:\xampp\htdocs\DEMETO\secondary-back\vendor\codeigniter4\framework\system\Database\SQLite3\Connection.php(146): SQLite3->query('SELECT `student...')
#2 C:\xampp\htdocs\DEMETO\secondary-back\vendor\codeigniter4\framework\system\Database\BaseConnection.php(692): CodeIgniter\Database\SQLite3\Connection->execute('SELECT `student...')
#3 C:\xampp\htdocs\DEMETO\secondary-back\vendor\codeigniter4\framework\system\Database\BaseConnection.php(606): CodeIgniter\Database\BaseConnection->simpleQuery('SELECT `student...')
#4 C:\xampp\htdocs\DEMETO\secondary-back\vendor\codeigniter4\framework\system\Database\BaseBuilder.php(1616): CodeIgniter\Database\BaseConnection->query('SELECT `student...', Array, false)
#5 C:\xampp\htdocs\DEMETO\secondary-back\app\Models\StudentModel.php(439): CodeIgniter\Database\BaseBuilder->get()
#6 C:\xampp\htdocs\DEMETO\secondary-back\app\Controllers\StudentController.php(69): App\Models\StudentModel->getOneStudent('196')
#7 C:\xampp\htdocs\DEMETO\secondary-back\vendor\codeigniter4\framework\system\CodeIgniter.php(932): App\Controllers\StudentController->get_one_student('196')
#8 C:\xampp\htdocs\DEMETO\secondary-back\vendor\codeigniter4\framework\system\CodeIgniter.php(497): CodeIgniter\CodeIgniter->runController(Object(App\Controllers\StudentController))
#9 C:\xampp\htdocs\DEMETO\secondary-back\vendor\codeigniter4\framework\system\CodeIgniter.php(366): CodeIgniter\CodeIgniter->handleRequest(NULL, Object(Config\Cache), false)
#10 C:\xampp\htdocs\DEMETO\secondary-back\public\index.php(67): CodeIgniter\CodeIgniter->run()
#11 C:\xampp\htdocs\DEMETO\secondary-back\vendor\codeigniter4\framework\system\Commands\Server\rewrite.php(47): require_once('C:\\xampp\\htdocs...')
#12 {main}
CRITICAL - 2023-11-09 11:19:46 --> SQLite3::query(): Unable to prepare statement: 1, no such column: student_session.school_id
in SYSTEMPATH\Database\SQLite3\Connection.php on line 146.
 1 [internal function]: CodeIgniter\Debug\Exceptions->errorHandler(2, 'SQLite3::query(): Unable to prepare statement: 1, no such column: student_session.school_id', 'C:\\xampp\\htdocs\\DEMETO\\secondary-back\\vendor\\codeigniter4\\framework\\system\\Database\\SQLite3\\Connection.php', 146)
 2 SYSTEMPATH\Database\SQLite3\Connection.php(146): SQLite3->query('SELECT `student`.`student_id`, `student`.`name`, `student`.`surname`, `student`.`birth_place`, `student`.`date_of_birth`, `student`.`matricule`, `student`.`sexe`, `student`.`photo`, `parent`.`parent_id`, `parent`.`name_parent`, `parent`.`surnameParent`, `parent`.`emailParent`, `parent`.`professionParent`, `parent`.`contactParent`, `school`.`school_id`, `school`.`name` as `name_school`, `class`.`class_id`, `class`.`name` as `name_class`, `session`.`session_id`, `session`.`name_session`, `cycle`.`cycle_id`, `cycle`.`name_cycle`
FROM `student`
INNER JOIN `parent` ON `parent`.`parent_id` = `student`.`parent_id`
INNER JOIN `student_school` ON `student_school`.`student_id` = `student`.`student_id`
INNER JOIN `school` ON `school`.`school_id` = `student_school`.`school_id`
INNER JOIN `student_session` ON `student_session`.`student_id` = `student`.`student_id`
INNER JOIN `session` ON `session`.`session_id` = `student_session`.`school_id`
INNER JOIN `student_cycle` ON `student_cycle`.`student_id` = `cycle`.`cycle_id`
INNER JOIN `cycle` ON `cycle`.`cycle_id` = `student_cycle`.`cycle_id`
INNER JOIN `student_class` ON `student_class`.`student_id` = `student`.`student_id`
INNER JOIN `class` ON `class`.`class_id` = `student_class`.`class_id`
WHERE `student`.`student_id` = \'196\'
AND `student`.`status_student` = 0
AND `student`.`etat_student` = \'actif\'
AND `parent`.`status_parent` = 0
AND `parent`.`etat_parent` = \'actif\'
AND `school`.`status_school` = 0
AND `school`.`etat_school` = \'actif\'
AND `student_school`.`status_stu_scho` = 0
AND `student_school`.`etat_stu_scho` = \'actif\'
AND `session`.`status_session` = 0
AND `session`.`etat_session` = \'actif\'
AND `student_session`.`status_stu_sess` = 0
AND `student_session`.`etat_stu_sess` = \'actif\'
AND `cycle`.`status_cycle` = 0
AND `cycle`.`etat_cycle` = \'actif\'
AND `student_cycle`.`status_stu_cycle` = 0
AND `student_cycle`.`etat_stu_cycle` = \'actif\'
AND `class`.`status_class` = 0
AND `class`.`etat_class` = \'actif\'
AND `student_class`.`status_stu_class` = 0
AND `student_class`.`etat_stu_class` = \'actif\'')
 3 SYSTEMPATH\Database\BaseConnection.php(692): CodeIgniter\Database\SQLite3\Connection->execute('SELECT `student`.`student_id`, `student`.`name`, `student`.`surname`, `student`.`birth_place`, `student`.`date_of_birth`, `student`.`matricule`, `student`.`sexe`, `student`.`photo`, `parent`.`parent_id`, `parent`.`name_parent`, `parent`.`surnameParent`, `parent`.`emailParent`, `parent`.`professionParent`, `parent`.`contactParent`, `school`.`school_id`, `school`.`name` as `name_school`, `class`.`class_id`, `class`.`name` as `name_class`, `session`.`session_id`, `session`.`name_session`, `cycle`.`cycle_id`, `cycle`.`name_cycle`
FROM `student`
INNER JOIN `parent` ON `parent`.`parent_id` = `student`.`parent_id`
INNER JOIN `student_school` ON `student_school`.`student_id` = `student`.`student_id`
INNER JOIN `school` ON `school`.`school_id` = `student_school`.`school_id`
INNER JOIN `student_session` ON `student_session`.`student_id` = `student`.`student_id`
INNER JOIN `session` ON `session`.`session_id` = `student_session`.`school_id`
INNER JOIN `student_cycle` ON `student_cycle`.`student_id` = `cycle`.`cycle_id`
INNER JOIN `cycle` ON `cycle`.`cycle_id` = `student_cycle`.`cycle_id`
INNER JOIN `student_class` ON `student_class`.`student_id` = `student`.`student_id`
INNER JOIN `class` ON `class`.`class_id` = `student_class`.`class_id`
WHERE `student`.`student_id` = \'196\'
AND `student`.`status_student` = 0
AND `student`.`etat_student` = \'actif\'
AND `parent`.`status_parent` = 0
AND `parent`.`etat_parent` = \'actif\'
AND `school`.`status_school` = 0
AND `school`.`etat_school` = \'actif\'
AND `student_school`.`status_stu_scho` = 0
AND `student_school`.`etat_stu_scho` = \'actif\'
AND `session`.`status_session` = 0
AND `session`.`etat_session` = \'actif\'
AND `student_session`.`status_stu_sess` = 0
AND `student_session`.`etat_stu_sess` = \'actif\'
AND `cycle`.`status_cycle` = 0
AND `cycle`.`etat_cycle` = \'actif\'
AND `student_cycle`.`status_stu_cycle` = 0
AND `student_cycle`.`etat_stu_cycle` = \'actif\'
AND `class`.`status_class` = 0
AND `class`.`etat_class` = \'actif\'
AND `student_class`.`status_stu_class` = 0
AND `student_class`.`etat_stu_class` = \'actif\'')
 4 SYSTEMPATH\Database\BaseConnection.php(606): CodeIgniter\Database\BaseConnection->simpleQuery('SELECT `student`.`student_id`, `student`.`name`, `student`.`surname`, `student`.`birth_place`, `student`.`date_of_birth`, `student`.`matricule`, `student`.`sexe`, `student`.`photo`, `parent`.`parent_id`, `parent`.`name_parent`, `parent`.`surnameParent`, `parent`.`emailParent`, `parent`.`professionParent`, `parent`.`contactParent`, `school`.`school_id`, `school`.`name` as `name_school`, `class`.`class_id`, `class`.`name` as `name_class`, `session`.`session_id`, `session`.`name_session`, `cycle`.`cycle_id`, `cycle`.`name_cycle`
FROM `student`
INNER JOIN `parent` ON `parent`.`parent_id` = `student`.`parent_id`
INNER JOIN `student_school` ON `student_school`.`student_id` = `student`.`student_id`
INNER JOIN `school` ON `school`.`school_id` = `student_school`.`school_id`
INNER JOIN `student_session` ON `student_session`.`student_id` = `student`.`student_id`
INNER JOIN `session` ON `session`.`session_id` = `student_session`.`school_id`
INNER JOIN `student_cycle` ON `student_cycle`.`student_id` = `cycle`.`cycle_id`
INNER JOIN `cycle` ON `cycle`.`cycle_id` = `student_cycle`.`cycle_id`
INNER JOIN `student_class` ON `student_class`.`student_id` = `student`.`student_id`
INNER JOIN `class` ON `class`.`class_id` = `student_class`.`class_id`
WHERE `student`.`student_id` = \'196\'
AND `student`.`status_student` = 0
AND `student`.`etat_student` = \'actif\'
AND `parent`.`status_parent` = 0
AND `parent`.`etat_parent` = \'actif\'
AND `school`.`status_school` = 0
AND `school`.`etat_school` = \'actif\'
AND `student_school`.`status_stu_scho` = 0
AND `student_school`.`etat_stu_scho` = \'actif\'
AND `session`.`status_session` = 0
AND `session`.`etat_session` = \'actif\'
AND `student_session`.`status_stu_sess` = 0
AND `student_session`.`etat_stu_sess` = \'actif\'
AND `cycle`.`status_cycle` = 0
AND `cycle`.`etat_cycle` = \'actif\'
AND `student_cycle`.`status_stu_cycle` = 0
AND `student_cycle`.`etat_stu_cycle` = \'actif\'
AND `class`.`status_class` = 0
AND `class`.`etat_class` = \'actif\'
AND `student_class`.`status_stu_class` = 0
AND `student_class`.`etat_stu_class` = \'actif\'')
 5 SYSTEMPATH\Database\BaseBuilder.php(1616): CodeIgniter\Database\BaseConnection->query('SELECT `student`.`student_id`, `student`.`name`, `student`.`surname`, `student`.`birth_place`, `student`.`date_of_birth`, `student`.`matricule`, `student`.`sexe`, `student`.`photo`, `parent`.`parent_id`, `parent`.`name_parent`, `parent`.`surnameParent`, `parent`.`emailParent`, `parent`.`professionParent`, `parent`.`contactParent`, `school`.`school_id`, `school`.`name` as `name_school`, `class`.`class_id`, `class`.`name` as `name_class`, `session`.`session_id`, `session`.`name_session`, `cycle`.`cycle_id`, `cycle`.`name_cycle`
FROM `student`
INNER JOIN `parent` ON `parent`.`parent_id` = `student`.`parent_id`
INNER JOIN `student_school` ON `student_school`.`student_id` = `student`.`student_id`
INNER JOIN `school` ON `school`.`school_id` = `student_school`.`school_id`
INNER JOIN `student_session` ON `student_session`.`student_id` = `student`.`student_id`
INNER JOIN `session` ON `session`.`session_id` = `student_session`.`school_id`
INNER JOIN `student_cycle` ON `student_cycle`.`student_id` = `cycle`.`cycle_id`
INNER JOIN `cycle` ON `cycle`.`cycle_id` = `student_cycle`.`cycle_id`
INNER JOIN `student_class` ON `student_class`.`student_id` = `student`.`student_id`
INNER JOIN `class` ON `class`.`class_id` = `student_class`.`class_id`
WHERE `student`.`student_id` = :student.student_id:
AND `student`.`status_student` = :student.status_student:
AND `student`.`etat_student` = :student.etat_student:
AND `parent`.`status_parent` = :parent.status_parent:
AND `parent`.`etat_parent` = :parent.etat_parent:
AND `school`.`status_school` = :school.status_school:
AND `school`.`etat_school` = :school.etat_school:
AND `student_school`.`status_stu_scho` = :student_school.status_stu_scho:
AND `student_school`.`etat_stu_scho` = :student_school.etat_stu_scho:
AND `session`.`status_session` = :session.status_session:
AND `session`.`etat_session` = :session.etat_session:
AND `student_session`.`status_stu_sess` = :student_session.status_stu_sess:
AND `student_session`.`etat_stu_sess` = :student_session.etat_stu_sess:
AND `cycle`.`status_cycle` = :cycle.status_cycle:
AND `cycle`.`etat_cycle` = :cycle.etat_cycle:
AND `student_cycle`.`status_stu_cycle` = :student_cycle.status_stu_cycle:
AND `student_cycle`.`etat_stu_cycle` = :student_cycle.etat_stu_cycle:
AND `class`.`status_class` = :class.status_class:
AND `class`.`etat_class` = :class.etat_class:
AND `student_class`.`status_stu_class` = :student_class.status_stu_class:
AND `student_class`.`etat_stu_class` = :student_class.etat_stu_class:', [...], false)
 6 APPPATH\Models\StudentModel.php(439): CodeIgniter\Database\BaseBuilder->get()
 7 APPPATH\Controllers\StudentController.php(69): App\Models\StudentModel->getOneStudent('196')
 8 SYSTEMPATH\CodeIgniter.php(932): App\Controllers\StudentController->get_one_student('196')
 9 SYSTEMPATH\CodeIgniter.php(497): CodeIgniter\CodeIgniter->runController(Object(App\Controllers\StudentController))
10 SYSTEMPATH\CodeIgniter.php(366): CodeIgniter\CodeIgniter->handleRequest(null, Object(Config\Cache), false)
11 FCPATH\index.php(67): CodeIgniter\CodeIgniter->run()
12 SYSTEMPATH\Commands\Server\rewrite.php(47): require_once('C:\\xampp\\htdocs\\DEMETO\\secondary-back\\public\\index.php')
CRITICAL - 2023-11-09 11:20:52 --> Undefined array key "adresseParent"
in APPPATH\Controllers\StudentController.php on line 95.
 1 APPPATH\Controllers\StudentController.php(95): CodeIgniter\Debug\Exceptions->errorHandler(2, 'Undefined array key "adresseParent"', 'C:\\xampp\\htdocs\\DEMETO\\secondary-back\\app\\Controllers\\StudentController.php', 95)
 2 SYSTEMPATH\CodeIgniter.php(932): App\Controllers\StudentController->get_one_student('196')
 3 SYSTEMPATH\CodeIgniter.php(497): CodeIgniter\CodeIgniter->runController(Object(App\Controllers\StudentController))
 4 SYSTEMPATH\CodeIgniter.php(366): CodeIgniter\CodeIgniter->handleRequest(null, Object(Config\Cache), false)
 5 FCPATH\index.php(67): CodeIgniter\CodeIgniter->run()
 6 SYSTEMPATH\Commands\Server\rewrite.php(47): require_once('C:\\xampp\\htdocs\\DEMETO\\secondary-back\\public\\index.php')
INFO - 2023-11-09 12:28:59 --> Session: Class initialized using 'CodeIgniter\Session\Handlers\FileHandler' driver.
INFO - 2023-11-09 12:35:48 --> Session: Class initialized using 'CodeIgniter\Session\Handlers\FileHandler' driver.
INFO - 2023-11-09 12:58:31 --> Session: Class initialized using 'CodeIgniter\Session\Handlers\FileHandler' driver.
INFO - 2023-11-09 12:58:41 --> Session: Class initialized using 'CodeIgniter\Session\Handlers\FileHandler' driver.
INFO - 2023-11-09 12:58:49 --> Session: Class initialized using 'CodeIgniter\Session\Handlers\FileHandler' driver.
INFO - 2023-11-09 13:59:38 --> Session: Class initialized using 'CodeIgniter\Session\Handlers\FileHandler' driver.
INFO - 2023-11-09 14:09:51 --> Session: Class initialized using 'CodeIgniter\Session\Handlers\FileHandler' driver.
INFO - 2023-11-09 14:10:04 --> Session: Class initialized using 'CodeIgniter\Session\Handlers\FileHandler' driver.
INFO - 2023-11-09 14:10:16 --> Session: Class initialized using 'CodeIgniter\Session\Handlers\FileHandler' driver.
INFO - 2023-11-09 14:10:26 --> Session: Class initialized using 'CodeIgniter\Session\Handlers\FileHandler' driver.
INFO - 2023-11-09 14:38:13 --> Session: Class initialized using 'CodeIgniter\Session\Handlers\FileHandler' driver.
INFO - 2023-11-09 14:40:12 --> Session: Class initialized using 'CodeIgniter\Session\Handlers\FileHandler' driver.
INFO - 2023-11-09 15:07:24 --> Session: Class initialized using 'CodeIgniter\Session\Handlers\FileHandler' driver.
INFO - 2023-11-09 15:07:53 --> Session: Class initialized using 'CodeIgniter\Session\Handlers\FileHandler' driver.
CRITICAL - 2023-11-09 15:15:02 --> Expired token
in VENDORPATH\firebase\php-jwt\src\JWT.php on line 172.
 1 APPPATH\Filters\AuthFilter.php(52): Firebase\JWT\JWT::decode('eyJ0eXAiOiJKV1QiLCJhbGciOiJIUzI1NiJ9.eyJpc3MiOiJJc3N1ZXIgb2YgdGhlIEpXVCIsImF1ZCI6IkF1ZGllbmNlIHRoYXQgdGhlIEpXVCIsInN1YiI6IlN1YmplY3Qgb2YgdGhlIEpXVCIsImlhdCI6MTY5OTUzODk5MSwiZXhwIjoxNjk5NTQyNTkxLCJlbWFpbCI6InRha2FtIGFuZ2UifQ.Gp_ud4daxnpWhpnsdB5ks7pwPNr9KxSgBrvx3hFaeuA', Object(Firebase\JWT\Key))
 2 SYSTEMPATH\Filters\Filters.php(173): App\Filters\AuthFilter->before(Object(CodeIgniter\HTTP\IncomingRequest), null)
 3 SYSTEMPATH\CodeIgniter.php(471): CodeIgniter\Filters\Filters->run('session/all/1', 'before')
 4 SYSTEMPATH\CodeIgniter.php(366): CodeIgniter\CodeIgniter->handleRequest(null, Object(Config\Cache), false)
 5 FCPATH\index.php(67): CodeIgniter\CodeIgniter->run()
 6 SYSTEMPATH\Commands\Server\rewrite.php(47): require_once('C:\\xampp\\htdocs\\DEMETO\\secondary-back\\public\\index.php')
INFO - 2023-11-09 15:15:19 --> Session: Class initialized using 'CodeIgniter\Session\Handlers\FileHandler' driver.
INFO - 2023-11-09 15:16:43 --> Session: Class initialized using 'CodeIgniter\Session\Handlers\FileHandler' driver.
INFO - 2023-11-09 15:16:53 --> Session: Class initialized using 'CodeIgniter\Session\Handlers\FileHandler' driver.
INFO - 2023-11-09 15:17:00 --> Session: Class initialized using 'CodeIgniter\Session\Handlers\FileHandler' driver.
INFO - 2023-11-09 15:17:15 --> Session: Class initialized using 'CodeIgniter\Session\Handlers\FileHandler' driver.
INFO - 2023-11-09 15:19:05 --> Session: Class initialized using 'CodeIgniter\Session\Handlers\FileHandler' driver.
INFO - 2023-11-09 15:31:23 --> Session: Class initialized using 'CodeIgniter\Session\Handlers\FileHandler' driver.
CRITICAL - 2023-11-09 15:31:31 --> Wrong number of segments
in VENDORPATH\firebase\php-jwt\src\JWT.php on line 109.
 1 APPPATH\Filters\AuthFilter.php(52): Firebase\JWT\JWT::decode('votre_token', Object(Firebase\JWT\Key))
 2 SYSTEMPATH\Filters\Filters.php(173): App\Filters\AuthFilter->before(Object(CodeIgniter\HTTP\IncomingRequest), null)
 3 SYSTEMPATH\CodeIgniter.php(471): CodeIgniter\Filters\Filters->run('school/AllSchool/1', 'before')
 4 SYSTEMPATH\CodeIgniter.php(366): CodeIgniter\CodeIgniter->handleRequest(null, Object(Config\Cache), false)
 5 FCPATH\index.php(67): CodeIgniter\CodeIgniter->run()
 6 SYSTEMPATH\Commands\Server\rewrite.php(47): require_once('C:\\xampp\\htdocs\\DEMETO\\secondary-back\\public\\index.php')
INFO - 2023-11-09 15:35:09 --> Session: Class initialized using 'CodeIgniter\Session\Handlers\FileHandler' driver.
INFO - 2023-11-09 15:35:19 --> Session: Class initialized using 'CodeIgniter\Session\Handlers\FileHandler' driver.
INFO - 2023-11-09 15:38:57 --> Session: Class initialized using 'CodeIgniter\Session\Handlers\FileHandler' driver.
INFO - 2023-11-09 15:39:28 --> Session: Class initialized using 'CodeIgniter\Session\Handlers\FileHandler' driver.
INFO - 2023-11-09 16:06:27 --> Session: Class initialized using 'CodeIgniter\Session\Handlers\FileHandler' driver.
INFO - 2023-11-09 16:06:38 --> Session: Class initialized using 'CodeIgniter\Session\Handlers\FileHandler' driver.
INFO - 2023-11-09 16:08:09 --> Session: Class initialized using 'CodeIgniter\Session\Handlers\FileHandler' driver.
INFO - 2023-11-09 16:08:35 --> Session: Class initialized using 'CodeIgniter\Session\Handlers\FileHandler' driver.
INFO - 2023-11-09 16:09:35 --> Session: Class initialized using 'CodeIgniter\Session\Handlers\FileHandler' driver.
CRITICAL - 2023-11-09 16:16:53 --> Expired token
in VENDORPATH\firebase\php-jwt\src\JWT.php on line 172.
 1 APPPATH\Filters\AuthFilter.php(52): Firebase\JWT\JWT::decode('eyJ0eXAiOiJKV1QiLCJhbGciOiJIUzI1NiJ9.eyJpc3MiOiJJc3N1ZXIgb2YgdGhlIEpXVCIsImF1ZCI6IkF1ZGllbmNlIHRoYXQgdGhlIEpXVCIsInN1YiI6IlN1YmplY3Qgb2YgdGhlIEpXVCIsImlhdCI6MTY5OTU0MzAwMywiZXhwIjoxNjk5NTQ2NjAzLCJlbWFpbCI6InRha2FtIGFuZ2UifQ.1CbKLGgtxK9IUthfCI6qSbKPRSqaCWnsTRkfDrGz0KU', Object(Firebase\JWT\Key))
 2 SYSTEMPATH\Filters\Filters.php(173): App\Filters\AuthFilter->before(Object(CodeIgniter\HTTP\IncomingRequest), null)
 3 SYSTEMPATH\CodeIgniter.php(471): CodeIgniter\Filters\Filters->run('year/actif', 'before')
 4 SYSTEMPATH\CodeIgniter.php(366): CodeIgniter\CodeIgniter->handleRequest(null, Object(Config\Cache), false)
 5 FCPATH\index.php(67): CodeIgniter\CodeIgniter->run()
 6 SYSTEMPATH\Commands\Server\rewrite.php(47): require_once('C:\\xampp\\htdocs\\DEMETO\\secondary-back\\public\\index.php')
CRITICAL - 2023-11-09 16:16:54 --> Expired token
in VENDORPATH\firebase\php-jwt\src\JWT.php on line 172.
 1 APPPATH\Filters\AuthFilter.php(52): Firebase\JWT\JWT::decode('eyJ0eXAiOiJKV1QiLCJhbGciOiJIUzI1NiJ9.eyJpc3MiOiJJc3N1ZXIgb2YgdGhlIEpXVCIsImF1ZCI6IkF1ZGllbmNlIHRoYXQgdGhlIEpXVCIsInN1YiI6IlN1YmplY3Qgb2YgdGhlIEpXVCIsImlhdCI6MTY5OTU0MzAwMywiZXhwIjoxNjk5NTQ2NjAzLCJlbWFpbCI6InRha2FtIGFuZ2UifQ.1CbKLGgtxK9IUthfCI6qSbKPRSqaCWnsTRkfDrGz0KU', Object(Firebase\JWT\Key))
 2 SYSTEMPATH\Filters\Filters.php(173): App\Filters\AuthFilter->before(Object(CodeIgniter\HTTP\IncomingRequest), null)
 3 SYSTEMPATH\CodeIgniter.php(471): CodeIgniter\Filters\Filters->run('school/select/1', 'before')
 4 SYSTEMPATH\CodeIgniter.php(366): CodeIgniter\CodeIgniter->handleRequest(null, Object(Config\Cache), false)
 5 FCPATH\index.php(67): CodeIgniter\CodeIgniter->run()
 6 SYSTEMPATH\Commands\Server\rewrite.php(47): require_once('C:\\xampp\\htdocs\\DEMETO\\secondary-back\\public\\index.php')
CRITICAL - 2023-11-09 16:16:55 --> Expired token
in VENDORPATH\firebase\php-jwt\src\JWT.php on line 172.
 1 APPPATH\Filters\AuthFilter.php(52): Firebase\JWT\JWT::decode('eyJ0eXAiOiJKV1QiLCJhbGciOiJIUzI1NiJ9.eyJpc3MiOiJJc3N1ZXIgb2YgdGhlIEpXVCIsImF1ZCI6IkF1ZGllbmNlIHRoYXQgdGhlIEpXVCIsInN1YiI6IlN1YmplY3Qgb2YgdGhlIEpXVCIsImlhdCI6MTY5OTU0MzAwMywiZXhwIjoxNjk5NTQ2NjAzLCJlbWFpbCI6InRha2FtIGFuZ2UifQ.1CbKLGgtxK9IUthfCI6qSbKPRSqaCWnsTRkfDrGz0KU', Object(Firebase\JWT\Key))
 2 SYSTEMPATH\Filters\Filters.php(173): App\Filters\AuthFilter->before(Object(CodeIgniter\HTTP\IncomingRequest), null)
 3 SYSTEMPATH\CodeIgniter.php(471): CodeIgniter\Filters\Filters->run('school/SchoolFilter/1', 'before')
 4 SYSTEMPATH\CodeIgniter.php(366): CodeIgniter\CodeIgniter->handleRequest(null, Object(Config\Cache), false)
 5 FCPATH\index.php(67): CodeIgniter\CodeIgniter->run()
 6 SYSTEMPATH\Commands\Server\rewrite.php(47): require_once('C:\\xampp\\htdocs\\DEMETO\\secondary-back\\public\\index.php')
INFO - 2023-11-09 16:17:07 --> Session: Class initialized using 'CodeIgniter\Session\Handlers\FileHandler' driver.
INFO - 2023-11-09 16:17:35 --> Session: Class initialized using 'CodeIgniter\Session\Handlers\FileHandler' driver.
INFO - 2023-11-09 16:17:46 --> Session: Class initialized using 'CodeIgniter\Session\Handlers\FileHandler' driver.
INFO - 2023-11-09 16:17:53 --> Session: Class initialized using 'CodeIgniter\Session\Handlers\FileHandler' driver.
INFO - 2023-11-09 16:18:02 --> Session: Class initialized using 'CodeIgniter\Session\Handlers\FileHandler' driver.
INFO - 2023-11-09 16:18:13 --> Session: Class initialized using 'CodeIgniter\Session\Handlers\FileHandler' driver.
INFO - 2023-11-09 16:18:21 --> Session: Class initialized using 'CodeIgniter\Session\Handlers\FileHandler' driver.
INFO - 2023-11-09 16:19:13 --> Session: Class initialized using 'CodeIgniter\Session\Handlers\FileHandler' driver.
INFO - 2023-11-09 16:19:49 --> Session: Class initialized using 'CodeIgniter\Session\Handlers\FileHandler' driver.
INFO - 2023-11-09 16:19:56 --> Session: Class initialized using 'CodeIgniter\Session\Handlers\FileHandler' driver.
INFO - 2023-11-09 16:21:53 --> Session: Class initialized using 'CodeIgniter\Session\Handlers\FileHandler' driver.
INFO - 2023-11-09 16:22:01 --> Session: Class initialized using 'CodeIgniter\Session\Handlers\FileHandler' driver.
INFO - 2023-11-09 16:22:09 --> Session: Class initialized using 'CodeIgniter\Session\Handlers\FileHandler' driver.
INFO - 2023-11-09 16:23:48 --> Session: Class initialized using 'CodeIgniter\Session\Handlers\FileHandler' driver.
INFO - 2023-11-09 16:24:15 --> Session: Class initialized using 'CodeIgniter\Session\Handlers\FileHandler' driver.
INFO - 2023-11-09 16:24:25 --> Session: Class initialized using 'CodeIgniter\Session\Handlers\FileHandler' driver.
INFO - 2023-11-09 16:24:54 --> Session: Class initialized using 'CodeIgniter\Session\Handlers\FileHandler' driver.
INFO - 2023-11-09 16:25:05 --> Session: Class initialized using 'CodeIgniter\Session\Handlers\FileHandler' driver.
INFO - 2023-11-09 16:25:17 --> Session: Class initialized using 'CodeIgniter\Session\Handlers\FileHandler' driver.
INFO - 2023-11-09 16:27:07 --> Session: Class initialized using 'CodeIgniter\Session\Handlers\FileHandler' driver.
