<<<<<<< HEAD
INFO - 2023-09-09 12:30:41 --> Session: Class initialized using 'CodeIgniter\Session\Handlers\FileHandler' driver.
=======
INFO - 2023-09-09 05:08:09 --> Session: Class initialized using 'CodeIgniter\Session\Handlers\FileHandler' driver.
INFO - 2023-09-09 05:09:15 --> Session: Class initialized using 'CodeIgniter\Session\Handlers\FileHandler' driver.
INFO - 2023-09-09 05:10:10 --> Session: Class initialized using 'CodeIgniter\Session\Handlers\FileHandler' driver.
INFO - 2023-09-09 05:11:37 --> Session: Class initialized using 'CodeIgniter\Session\Handlers\FileHandler' driver.
INFO - 2023-09-09 05:12:58 --> Session: Class initialized using 'CodeIgniter\Session\Handlers\FileHandler' driver.
INFO - 2023-09-09 05:13:03 --> Session: Class initialized using 'CodeIgniter\Session\Handlers\FileHandler' driver.
INFO - 2023-09-09 05:14:05 --> Session: Class initialized using 'CodeIgniter\Session\Handlers\FileHandler' driver.
INFO - 2023-09-09 05:17:13 --> Session: Class initialized using 'CodeIgniter\Session\Handlers\FileHandler' driver.
INFO - 2023-09-09 05:19:57 --> Session: Class initialized using 'CodeIgniter\Session\Handlers\FileHandler' driver.
INFO - 2023-09-09 05:20:42 --> Session: Class initialized using 'CodeIgniter\Session\Handlers\FileHandler' driver.
INFO - 2023-09-09 05:21:23 --> Session: Class initialized using 'CodeIgniter\Session\Handlers\FileHandler' driver.
INFO - 2023-09-09 05:22:33 --> Session: Class initialized using 'CodeIgniter\Session\Handlers\FileHandler' driver.
INFO - 2023-09-09 05:26:32 --> Session: Class initialized using 'CodeIgniter\Session\Handlers\FileHandler' driver.
INFO - 2023-09-09 05:27:05 --> Session: Class initialized using 'CodeIgniter\Session\Handlers\FileHandler' driver.
INFO - 2023-09-09 05:27:45 --> Session: Class initialized using 'CodeIgniter\Session\Handlers\FileHandler' driver.
INFO - 2023-09-09 05:28:04 --> Session: Class initialized using 'CodeIgniter\Session\Handlers\FileHandler' driver.
INFO - 2023-09-09 05:28:31 --> Session: Class initialized using 'CodeIgniter\Session\Handlers\FileHandler' driver.
INFO - 2023-09-09 05:33:06 --> Session: Class initialized using 'CodeIgniter\Session\Handlers\FileHandler' driver.
INFO - 2023-09-09 05:34:21 --> Session: Class initialized using 'CodeIgniter\Session\Handlers\FileHandler' driver.
INFO - 2023-09-09 05:34:54 --> Session: Class initialized using 'CodeIgniter\Session\Handlers\FileHandler' driver.
INFO - 2023-09-09 05:35:41 --> Session: Class initialized using 'CodeIgniter\Session\Handlers\FileHandler' driver.
INFO - 2023-09-09 05:35:43 --> Session: Class initialized using 'CodeIgniter\Session\Handlers\FileHandler' driver.
INFO - 2023-09-09 05:36:00 --> Session: Class initialized using 'CodeIgniter\Session\Handlers\FileHandler' driver.
INFO - 2023-09-09 05:36:43 --> Session: Class initialized using 'CodeIgniter\Session\Handlers\FileHandler' driver.
INFO - 2023-09-09 05:39:53 --> Session: Class initialized using 'CodeIgniter\Session\Handlers\FileHandler' driver.
INFO - 2023-09-09 05:41:03 --> Session: Class initialized using 'CodeIgniter\Session\Handlers\FileHandler' driver.
INFO - 2023-09-09 05:41:14 --> Session: Class initialized using 'CodeIgniter\Session\Handlers\FileHandler' driver.
INFO - 2023-09-09 05:41:29 --> Session: Class initialized using 'CodeIgniter\Session\Handlers\FileHandler' driver.
INFO - 2023-09-09 05:41:44 --> Session: Class initialized using 'CodeIgniter\Session\Handlers\FileHandler' driver.
INFO - 2023-09-09 05:44:10 --> Session: Class initialized using 'CodeIgniter\Session\Handlers\FileHandler' driver.
INFO - 2023-09-09 05:44:28 --> Session: Class initialized using 'CodeIgniter\Session\Handlers\FileHandler' driver.
INFO - 2023-09-09 05:44:37 --> Session: Class initialized using 'CodeIgniter\Session\Handlers\FileHandler' driver.
INFO - 2023-09-09 05:44:47 --> Session: Class initialized using 'CodeIgniter\Session\Handlers\FileHandler' driver.
INFO - 2023-09-09 05:44:56 --> Session: Class initialized using 'CodeIgniter\Session\Handlers\FileHandler' driver.
INFO - 2023-09-09 05:46:12 --> Session: Class initialized using 'CodeIgniter\Session\Handlers\FileHandler' driver.
INFO - 2023-09-09 05:48:01 --> Session: Class initialized using 'CodeIgniter\Session\Handlers\FileHandler' driver.
INFO - 2023-09-09 05:48:27 --> Session: Class initialized using 'CodeIgniter\Session\Handlers\FileHandler' driver.
INFO - 2023-09-09 05:49:58 --> Session: Class initialized using 'CodeIgniter\Session\Handlers\FileHandler' driver.
INFO - 2023-09-09 05:50:05 --> Session: Class initialized using 'CodeIgniter\Session\Handlers\FileHandler' driver.
INFO - 2023-09-09 06:09:36 --> Session: Class initialized using 'CodeIgniter\Session\Handlers\FileHandler' driver.
INFO - 2023-09-09 06:09:40 --> Session: Class initialized using 'CodeIgniter\Session\Handlers\FileHandler' driver.
INFO - 2023-09-09 06:12:09 --> Session: Class initialized using 'CodeIgniter\Session\Handlers\FileHandler' driver.
INFO - 2023-09-09 06:13:31 --> Session: Class initialized using 'CodeIgniter\Session\Handlers\FileHandler' driver.
INFO - 2023-09-09 06:20:54 --> Session: Class initialized using 'CodeIgniter\Session\Handlers\FileHandler' driver.
INFO - 2023-09-09 06:21:16 --> Session: Class initialized using 'CodeIgniter\Session\Handlers\FileHandler' driver.
INFO - 2023-09-09 06:29:33 --> Session: Class initialized using 'CodeIgniter\Session\Handlers\FileHandler' driver.
INFO - 2023-09-09 06:29:44 --> Session: Class initialized using 'CodeIgniter\Session\Handlers\FileHandler' driver.
INFO - 2023-09-09 17:33:01 --> Session: Class initialized using 'CodeIgniter\Session\Handlers\FileHandler' driver.
INFO - 2023-09-09 17:33:11 --> Session: Class initialized using 'CodeIgniter\Session\Handlers\FileHandler' driver.
INFO - 2023-09-09 17:33:21 --> Session: Class initialized using 'CodeIgniter\Session\Handlers\FileHandler' driver.
INFO - 2023-09-09 17:34:06 --> Session: Class initialized using 'CodeIgniter\Session\Handlers\FileHandler' driver.
INFO - 2023-09-09 17:36:51 --> Session: Class initialized using 'CodeIgniter\Session\Handlers\FileHandler' driver.
INFO - 2023-09-09 17:36:56 --> Session: Class initialized using 'CodeIgniter\Session\Handlers\FileHandler' driver.
INFO - 2023-09-09 19:23:03 --> Session: Class initialized using 'CodeIgniter\Session\Handlers\FileHandler' driver.
INFO - 2023-09-09 19:23:08 --> Session: Class initialized using 'CodeIgniter\Session\Handlers\FileHandler' driver.
CRITICAL - 2023-09-09 19:23:08 --> fopen(./data/1takam ange-918743531f62c6fc1c9a1402af6078f1-2023-09-09 19:09:08): Failed to open stream: No such file or directory
in APPPATH\Controllers\History\HistorySession.php on line 14.
 1 [internal function]: CodeIgniter\Debug\Exceptions->errorHandler(2, 'fopen(./data/1takam ange-918743531f62c6fc1c9a1402af6078f1-2023-09-09 19:09:08): Failed to open stream: No such file or directory', 'C:\\xampp\\htdocs\\secondary-back\\app\\Controllers\\History\\HistorySession.php', 14)
 2 APPPATH\Controllers\History\HistorySession.php(14): fopen('./data/1takam ange-918743531f62c6fc1c9a1402af6078f1-2023-09-09 19:09:08', 'w')
 3 APPPATH\Controllers\AuthController.php(143): App\Controllers\HistorySession->CreateFileHistory(1, 'admin', 'takam ange', '918743531f62c6fc1c9a1402af6078f1')
 4 SYSTEMPATH\CodeIgniter.php(932): App\Controllers\AuthController->authentification()
 5 SYSTEMPATH\CodeIgniter.php(497): CodeIgniter\CodeIgniter->runController(Object(App\Controllers\AuthController))
 6 SYSTEMPATH\CodeIgniter.php(366): CodeIgniter\CodeIgniter->handleRequest(null, Object(Config\Cache), false)
 7 FCPATH\index.php(67): CodeIgniter\CodeIgniter->run()
 8 SYSTEMPATH\Commands\Server\rewrite.php(47): require_once('C:\\xampp\\htdocs\\secondary-back\\public\\index.php')
INFO - 2023-09-09 19:24:14 --> Session: Class initialized using 'CodeIgniter\Session\Handlers\FileHandler' driver.
CRITICAL - 2023-09-09 19:24:14 --> fopen(1takam ange-918743531f62c6fc1c9a1402af6078f1-2023-09-09 19:09:14): Failed to open stream: No such file or directory
in APPPATH\Controllers\History\HistorySession.php on line 14.
 1 [internal function]: CodeIgniter\Debug\Exceptions->errorHandler(2, 'fopen(1takam ange-918743531f62c6fc1c9a1402af6078f1-2023-09-09 19:09:14): Failed to open stream: No such file or directory', 'C:\\xampp\\htdocs\\secondary-back\\app\\Controllers\\History\\HistorySession.php', 14)
 2 APPPATH\Controllers\History\HistorySession.php(14): fopen('1takam ange-918743531f62c6fc1c9a1402af6078f1-2023-09-09 19:09:14', 'w')
 3 APPPATH\Controllers\AuthController.php(143): App\Controllers\HistorySession->CreateFileHistory(1, 'admin', 'takam ange', '918743531f62c6fc1c9a1402af6078f1')
 4 SYSTEMPATH\CodeIgniter.php(932): App\Controllers\AuthController->authentification()
 5 SYSTEMPATH\CodeIgniter.php(497): CodeIgniter\CodeIgniter->runController(Object(App\Controllers\AuthController))
 6 SYSTEMPATH\CodeIgniter.php(366): CodeIgniter\CodeIgniter->handleRequest(null, Object(Config\Cache), false)
 7 FCPATH\index.php(67): CodeIgniter\CodeIgniter->run()
 8 SYSTEMPATH\Commands\Server\rewrite.php(47): require_once('C:\\xampp\\htdocs\\secondary-back\\public\\index.php')
INFO - 2023-09-09 19:28:40 --> Session: Class initialized using 'CodeIgniter\Session\Handlers\FileHandler' driver.
CRITICAL - 2023-09-09 19:28:40 --> touch(): Unable to create file 1takam ange-918743531f62c6fc1c9a1402af6078f1-2023-09-09 19:09:40 because No such file or directory
in APPPATH\Controllers\History\HistorySession.php on line 13.
 1 [internal function]: CodeIgniter\Debug\Exceptions->errorHandler(2, 'touch(): Unable to create file 1takam ange-918743531f62c6fc1c9a1402af6078f1-2023-09-09 19:09:40 because No such file or directory', 'C:\\xampp\\htdocs\\secondary-back\\app\\Controllers\\History\\HistorySession.php', 13)
 2 APPPATH\Controllers\History\HistorySession.php(13): touch('1takam ange-918743531f62c6fc1c9a1402af6078f1-2023-09-09 19:09:40')
 3 APPPATH\Controllers\AuthController.php(143): App\Controllers\HistorySession->CreateFileHistory(1, 'admin', 'takam ange', '918743531f62c6fc1c9a1402af6078f1')
 4 SYSTEMPATH\CodeIgniter.php(932): App\Controllers\AuthController->authentification()
 5 SYSTEMPATH\CodeIgniter.php(497): CodeIgniter\CodeIgniter->runController(Object(App\Controllers\AuthController))
 6 SYSTEMPATH\CodeIgniter.php(366): CodeIgniter\CodeIgniter->handleRequest(null, Object(Config\Cache), false)
 7 FCPATH\index.php(67): CodeIgniter\CodeIgniter->run()
 8 SYSTEMPATH\Commands\Server\rewrite.php(47): require_once('C:\\xampp\\htdocs\\secondary-back\\public\\index.php')
INFO - 2023-09-09 19:29:29 --> Session: Class initialized using 'CodeIgniter\Session\Handlers\FileHandler' driver.
CRITICAL - 2023-09-09 19:29:29 --> touch(): Unable to create file takam ange-918743531f62c6fc1c9a1402af6078f1-2023-09-09 19:09:29txt because No such file or directory
in APPPATH\Controllers\History\HistorySession.php on line 13.
 1 [internal function]: CodeIgniter\Debug\Exceptions->errorHandler(2, 'touch(): Unable to create file takam ange-918743531f62c6fc1c9a1402af6078f1-2023-09-09 19:09:29txt because No such file or directory', 'C:\\xampp\\htdocs\\secondary-back\\app\\Controllers\\History\\HistorySession.php', 13)
 2 APPPATH\Controllers\History\HistorySession.php(13): touch('takam ange-918743531f62c6fc1c9a1402af6078f1-2023-09-09 19:09:29txt')
 3 APPPATH\Controllers\AuthController.php(143): App\Controllers\HistorySession->CreateFileHistory(1, 'admin', 'takam ange', '918743531f62c6fc1c9a1402af6078f1')
 4 SYSTEMPATH\CodeIgniter.php(932): App\Controllers\AuthController->authentification()
 5 SYSTEMPATH\CodeIgniter.php(497): CodeIgniter\CodeIgniter->runController(Object(App\Controllers\AuthController))
 6 SYSTEMPATH\CodeIgniter.php(366): CodeIgniter\CodeIgniter->handleRequest(null, Object(Config\Cache), false)
 7 FCPATH\index.php(67): CodeIgniter\CodeIgniter->run()
 8 SYSTEMPATH\Commands\Server\rewrite.php(47): require_once('C:\\xampp\\htdocs\\secondary-back\\public\\index.php')
INFO - 2023-09-09 19:29:50 --> Session: Class initialized using 'CodeIgniter\Session\Handlers\FileHandler' driver.
CRITICAL - 2023-09-09 19:29:50 --> touch(): Unable to create file takam ange-918743531f62c6fc1c9a1402af6078f1-2023-09-09 19:09:50.txt because No such file or directory
in APPPATH\Controllers\History\HistorySession.php on line 13.
 1 [internal function]: CodeIgniter\Debug\Exceptions->errorHandler(2, 'touch(): Unable to create file takam ange-918743531f62c6fc1c9a1402af6078f1-2023-09-09 19:09:50.txt because No such file or directory', 'C:\\xampp\\htdocs\\secondary-back\\app\\Controllers\\History\\HistorySession.php', 13)
 2 APPPATH\Controllers\History\HistorySession.php(13): touch('takam ange-918743531f62c6fc1c9a1402af6078f1-2023-09-09 19:09:50.txt')
 3 APPPATH\Controllers\AuthController.php(143): App\Controllers\HistorySession->CreateFileHistory(1, 'admin', 'takam ange', '918743531f62c6fc1c9a1402af6078f1')
 4 SYSTEMPATH\CodeIgniter.php(932): App\Controllers\AuthController->authentification()
 5 SYSTEMPATH\CodeIgniter.php(497): CodeIgniter\CodeIgniter->runController(Object(App\Controllers\AuthController))
 6 SYSTEMPATH\CodeIgniter.php(366): CodeIgniter\CodeIgniter->handleRequest(null, Object(Config\Cache), false)
 7 FCPATH\index.php(67): CodeIgniter\CodeIgniter->run()
 8 SYSTEMPATH\Commands\Server\rewrite.php(47): require_once('C:\\xampp\\htdocs\\secondary-back\\public\\index.php')
INFO - 2023-09-09 19:32:20 --> Session: Class initialized using 'CodeIgniter\Session\Handlers\FileHandler' driver.
CRITICAL - 2023-09-09 19:32:20 --> touch(): Unable to create file C:/xampp/htdocs/secondary-back/app/Controllers/History/data/takam ange-918743531f62c6fc1c9a1402af6078f1-2023-09-09 19:09:20.txt because No such file or directory
in APPPATH\Controllers\History\HistorySession.php on line 13.
 1 [internal function]: CodeIgniter\Debug\Exceptions->errorHandler(2, 'touch(): Unable to create file C:/xampp/htdocs/secondary-back/app/Controllers/History/data/takam ange-918743531f62c6fc1c9a1402af6078f1-2023-09-09 19:09:20.txt because No such file or directory', 'C:\\xampp\\htdocs\\secondary-back\\app\\Controllers\\History\\HistorySession.php', 13)
 2 APPPATH\Controllers\History\HistorySession.php(13): touch('C:/xampp/htdocs/secondary-back/app/Controllers/History/data/takam ange-918743531f62c6fc1c9a1402af6078f1-2023-09-09 19:09:20.txt')
 3 APPPATH\Controllers\AuthController.php(143): App\Controllers\HistorySession->CreateFileHistory(1, 'admin', 'takam ange', '918743531f62c6fc1c9a1402af6078f1')
 4 SYSTEMPATH\CodeIgniter.php(932): App\Controllers\AuthController->authentification()
 5 SYSTEMPATH\CodeIgniter.php(497): CodeIgniter\CodeIgniter->runController(Object(App\Controllers\AuthController))
 6 SYSTEMPATH\CodeIgniter.php(366): CodeIgniter\CodeIgniter->handleRequest(null, Object(Config\Cache), false)
 7 FCPATH\index.php(67): CodeIgniter\CodeIgniter->run()
 8 SYSTEMPATH\Commands\Server\rewrite.php(47): require_once('C:\\xampp\\htdocs\\secondary-back\\public\\index.php')
INFO - 2023-09-09 19:33:09 --> Session: Class initialized using 'CodeIgniter\Session\Handlers\FileHandler' driver.
CRITICAL - 2023-09-09 19:33:09 --> touch(): Unable to create file C:/xampp/htdocs/secondary-back/app/Controllers/History/data/takam ange-918743531f62c6fc1c9a1402af6078f1-2023-09-09 19:09:09.txt because No such file or directory
in APPPATH\Controllers\History\HistorySession.php on line 13.
 1 [internal function]: CodeIgniter\Debug\Exceptions->errorHandler(2, 'touch(): Unable to create file C:/xampp/htdocs/secondary-back/app/Controllers/History/data/takam ange-918743531f62c6fc1c9a1402af6078f1-2023-09-09 19:09:09.txt because No such file or directory', 'C:\\xampp\\htdocs\\secondary-back\\app\\Controllers\\History\\HistorySession.php', 13)
 2 APPPATH\Controllers\History\HistorySession.php(13): touch('C:/xampp/htdocs/secondary-back/app/Controllers/History/data/takam ange-918743531f62c6fc1c9a1402af6078f1-2023-09-09 19:09:09.txt')
 3 APPPATH\Controllers\AuthController.php(143): App\Controllers\HistorySession->CreateFileHistory(1, 'admin', 'takam ange', '918743531f62c6fc1c9a1402af6078f1')
 4 SYSTEMPATH\CodeIgniter.php(932): App\Controllers\AuthController->authentification()
 5 SYSTEMPATH\CodeIgniter.php(497): CodeIgniter\CodeIgniter->runController(Object(App\Controllers\AuthController))
 6 SYSTEMPATH\CodeIgniter.php(366): CodeIgniter\CodeIgniter->handleRequest(null, Object(Config\Cache), false)
 7 FCPATH\index.php(67): CodeIgniter\CodeIgniter->run()
 8 SYSTEMPATH\Commands\Server\rewrite.php(47): require_once('C:\\xampp\\htdocs\\secondary-back\\public\\index.php')
INFO - 2023-09-09 19:33:47 --> Session: Class initialized using 'CodeIgniter\Session\Handlers\FileHandler' driver.
INFO - 2023-09-09 19:37:47 --> Session: Class initialized using 'CodeIgniter\Session\Handlers\FileHandler' driver.
INFO - 2023-09-09 19:37:51 --> Session: Class initialized using 'CodeIgniter\Session\Handlers\FileHandler' driver.
CRITICAL - 2023-09-09 19:37:51 --> fopen(history/data/takam_ange-918743531f62c6fc1c9a1402af6078f1-2023-09-09_19:09:51.txt): Failed to open stream: No such file or directory
in APPPATH\Controllers\History\HistorySession.php on line 15.
 1 [internal function]: CodeIgniter\Debug\Exceptions->errorHandler(2, 'fopen(history/data/takam_ange-918743531f62c6fc1c9a1402af6078f1-2023-09-09_19:09:51.txt): Failed to open stream: No such file or directory', 'C:\\xampp\\htdocs\\secondary-back\\app\\Controllers\\History\\HistorySession.php', 15)
 2 APPPATH\Controllers\History\HistorySession.php(15): fopen('history/data/takam_ange-918743531f62c6fc1c9a1402af6078f1-2023-09-09_19:09:51.txt', 'w')
 3 APPPATH\Controllers\AuthController.php(143): App\Controllers\HistorySession->CreateFileHistory(1, 'admin', 'takam_ange', '918743531f62c6fc1c9a1402af6078f1')
 4 SYSTEMPATH\CodeIgniter.php(932): App\Controllers\AuthController->authentification()
 5 SYSTEMPATH\CodeIgniter.php(497): CodeIgniter\CodeIgniter->runController(Object(App\Controllers\AuthController))
 6 SYSTEMPATH\CodeIgniter.php(366): CodeIgniter\CodeIgniter->handleRequest(null, Object(Config\Cache), false)
 7 FCPATH\index.php(67): CodeIgniter\CodeIgniter->run()
 8 SYSTEMPATH\Commands\Server\rewrite.php(47): require_once('C:\\xampp\\htdocs\\secondary-back\\public\\index.php')
INFO - 2023-09-09 19:39:13 --> Session: Class initialized using 'CodeIgniter\Session\Handlers\FileHandler' driver.
INFO - 2023-09-09 19:39:40 --> Session: Class initialized using 'CodeIgniter\Session\Handlers\FileHandler' driver.
INFO - 2023-09-09 19:39:54 --> Session: Class initialized using 'CodeIgniter\Session\Handlers\FileHandler' driver.
CRITICAL - 2023-09-09 19:39:54 --> Undefined variable $fichier
in APPPATH\Controllers\History\HistorySession.php on line 17.
 1 APPPATH\Controllers\History\HistorySession.php(17): CodeIgniter\Debug\Exceptions->errorHandler(2, 'Undefined variable $fichier', 'C:\\xampp\\htdocs\\secondary-back\\app\\Controllers\\History\\HistorySession.php', 17)
 2 APPPATH\Controllers\AuthController.php(143): App\Controllers\HistorySession->CreateFileHistory(1, 'admin', 'takam_ange', '918743531f62c6fc1c9a1402af6078f1')
 3 SYSTEMPATH\CodeIgniter.php(932): App\Controllers\AuthController->authentification()
 4 SYSTEMPATH\CodeIgniter.php(497): CodeIgniter\CodeIgniter->runController(Object(App\Controllers\AuthController))
 5 SYSTEMPATH\CodeIgniter.php(366): CodeIgniter\CodeIgniter->handleRequest(null, Object(Config\Cache), false)
 6 FCPATH\index.php(67): CodeIgniter\CodeIgniter->run()
 7 SYSTEMPATH\Commands\Server\rewrite.php(47): require_once('C:\\xampp\\htdocs\\secondary-back\\public\\index.php')
INFO - 2023-09-09 19:40:25 --> Session: Class initialized using 'CodeIgniter\Session\Handlers\FileHandler' driver.
INFO - 2023-09-09 19:40:31 --> Session: Class initialized using 'CodeIgniter\Session\Handlers\FileHandler' driver.
CRITICAL - 2023-09-09 19:40:31 --> Undefined variable $fichier
in APPPATH\Controllers\History\HistorySession.php on line 32.
 1 APPPATH\Controllers\History\HistorySession.php(32): CodeIgniter\Debug\Exceptions->errorHandler(2, 'Undefined variable $fichier', 'C:\\xampp\\htdocs\\secondary-back\\app\\Controllers\\History\\HistorySession.php', 32)
 2 APPPATH\Controllers\History\HistorySession.php(18): App\Controllers\HistorySession->ReadOpération(1, 'admin', '2023-09-09 19:09:31', 'Authentification', 'Utilisateur', '::1', 'Default Browser', 'Nouvelle session initialisée')
 3 APPPATH\Controllers\AuthController.php(143): App\Controllers\HistorySession->CreateFileHistory(1, 'admin', 'takam_ange', '918743531f62c6fc1c9a1402af6078f1')
 4 SYSTEMPATH\CodeIgniter.php(932): App\Controllers\AuthController->authentification()
 5 SYSTEMPATH\CodeIgniter.php(497): CodeIgniter\CodeIgniter->runController(Object(App\Controllers\AuthController))
 6 SYSTEMPATH\CodeIgniter.php(366): CodeIgniter\CodeIgniter->handleRequest(null, Object(Config\Cache), false)
 7 FCPATH\index.php(67): CodeIgniter\CodeIgniter->run()
 8 SYSTEMPATH\Commands\Server\rewrite.php(47): require_once('C:\\xampp\\htdocs\\secondary-back\\public\\index.php')
INFO - 2023-09-09 19:40:48 --> Session: Class initialized using 'CodeIgniter\Session\Handlers\FileHandler' driver.
INFO - 2023-09-09 19:40:55 --> Session: Class initialized using 'CodeIgniter\Session\Handlers\FileHandler' driver.
CRITICAL - 2023-09-09 19:40:55 --> Undefined variable $fichier
in APPPATH\Controllers\History\HistorySession.php on line 34.
 1 APPPATH\Controllers\History\HistorySession.php(34): CodeIgniter\Debug\Exceptions->errorHandler(2, 'Undefined variable $fichier', 'C:\\xampp\\htdocs\\secondary-back\\app\\Controllers\\History\\HistorySession.php', 34)
 2 APPPATH\Controllers\History\HistorySession.php(18): App\Controllers\HistorySession->ReadOpération(1, 'admin', '2023-09-09 19:09:55', 'Authentification', 'Utilisateur', '::1', 'Default Browser', 'Nouvelle session initialisée')
 3 APPPATH\Controllers\AuthController.php(143): App\Controllers\HistorySession->CreateFileHistory(1, 'admin', 'takam_ange', '918743531f62c6fc1c9a1402af6078f1')
 4 SYSTEMPATH\CodeIgniter.php(932): App\Controllers\AuthController->authentification()
 5 SYSTEMPATH\CodeIgniter.php(497): CodeIgniter\CodeIgniter->runController(Object(App\Controllers\AuthController))
 6 SYSTEMPATH\CodeIgniter.php(366): CodeIgniter\CodeIgniter->handleRequest(null, Object(Config\Cache), false)
 7 FCPATH\index.php(67): CodeIgniter\CodeIgniter->run()
 8 SYSTEMPATH\Commands\Server\rewrite.php(47): require_once('C:\\xampp\\htdocs\\secondary-back\\public\\index.php')
INFO - 2023-09-09 19:42:48 --> Session: Class initialized using 'CodeIgniter\Session\Handlers\FileHandler' driver.
INFO - 2023-09-09 19:42:57 --> Session: Class initialized using 'CodeIgniter\Session\Handlers\FileHandler' driver.
INFO - 2023-09-09 19:46:43 --> Session: Class initialized using 'CodeIgniter\Session\Handlers\FileHandler' driver.
INFO - 2023-09-09 19:46:51 --> Session: Class initialized using 'CodeIgniter\Session\Handlers\FileHandler' driver.
INFO - 2023-09-09 19:49:19 --> Session: Class initialized using 'CodeIgniter\Session\Handlers\FileHandler' driver.
INFO - 2023-09-09 19:49:24 --> Session: Class initialized using 'CodeIgniter\Session\Handlers\FileHandler' driver.
INFO - 2023-09-09 19:50:49 --> Session: Class initialized using 'CodeIgniter\Session\Handlers\FileHandler' driver.
INFO - 2023-09-09 19:50:53 --> Session: Class initialized using 'CodeIgniter\Session\Handlers\FileHandler' driver.
INFO - 2023-09-09 20:04:49 --> Session: Class initialized using 'CodeIgniter\Session\Handlers\FileHandler' driver.
INFO - 2023-09-09 20:05:56 --> Session: Class initialized using 'CodeIgniter\Session\Handlers\FileHandler' driver.
INFO - 2023-09-09 20:08:17 --> Session: Class initialized using 'CodeIgniter\Session\Handlers\FileHandler' driver.
INFO - 2023-09-09 20:09:42 --> Session: Class initialized using 'CodeIgniter\Session\Handlers\FileHandler' driver.
INFO - 2023-09-09 20:10:11 --> Session: Class initialized using 'CodeIgniter\Session\Handlers\FileHandler' driver.
INFO - 2023-09-09 20:11:02 --> Session: Class initialized using 'CodeIgniter\Session\Handlers\FileHandler' driver.
INFO - 2023-09-09 20:12:13 --> Session: Class initialized using 'CodeIgniter\Session\Handlers\FileHandler' driver.
INFO - 2023-09-09 20:12:57 --> Session: Class initialized using 'CodeIgniter\Session\Handlers\FileHandler' driver.
>>>>>>> bcd32097fee96d1a41b30665451a2665dd89094f
