INFO - 2023-11-08 08:27:41 --> Session: Class initialized using 'CodeIgniter\Session\Handlers\FileHandler' driver.
INFO - 2023-11-08 08:29:16 --> Session: Class initialized using 'CodeIgniter\Session\Handlers\FileHandler' driver.
INFO - 2023-11-08 08:29:28 --> Session: Class initialized using 'CodeIgniter\Session\Handlers\FileHandler' driver.
INFO - 2023-11-08 08:29:36 --> Session: Class initialized using 'CodeIgniter\Session\Handlers\FileHandler' driver.
INFO - 2023-11-08 08:30:40 --> Session: Class initialized using 'CodeIgniter\Session\Handlers\FileHandler' driver.
INFO - 2023-11-08 08:30:43 --> Session: Class initialized using 'CodeIgniter\Session\Handlers\FileHandler' driver.
INFO - 2023-11-08 08:32:11 --> Session: Class initialized using 'CodeIgniter\Session\Handlers\FileHandler' driver.
INFO - 2023-11-08 08:34:16 --> Session: Class initialized using 'CodeIgniter\Session\Handlers\FileHandler' driver.
INFO - 2023-11-08 08:35:09 --> Session: Class initialized using 'CodeIgniter\Session\Handlers\FileHandler' driver.
INFO - 2023-11-08 08:35:39 --> Session: Class initialized using 'CodeIgniter\Session\Handlers\FileHandler' driver.
INFO - 2023-11-08 08:35:50 --> Session: Class initialized using 'CodeIgniter\Session\Handlers\FileHandler' driver.
INFO - 2023-11-08 08:36:04 --> Session: Class initialized using 'CodeIgniter\Session\Handlers\FileHandler' driver.
INFO - 2023-11-08 08:37:38 --> Session: Class initialized using 'CodeIgniter\Session\Handlers\FileHandler' driver.
INFO - 2023-11-08 08:38:26 --> Session: Class initialized using 'CodeIgniter\Session\Handlers\FileHandler' driver.
INFO - 2023-11-08 08:39:38 --> Session: Class initialized using 'CodeIgniter\Session\Handlers\FileHandler' driver.
INFO - 2023-11-08 08:42:45 --> Session: Class initialized using 'CodeIgniter\Session\Handlers\FileHandler' driver.
INFO - 2023-11-08 08:42:58 --> Session: Class initialized using 'CodeIgniter\Session\Handlers\FileHandler' driver.
INFO - 2023-11-08 08:43:09 --> Session: Class initialized using 'CodeIgniter\Session\Handlers\FileHandler' driver.
INFO - 2023-11-08 08:43:36 --> Session: Class initialized using 'CodeIgniter\Session\Handlers\FileHandler' driver.
WARNING - 2023-11-08 08:44:04 --> [DEPRECATED] Function utf8_decode() is deprecated in APPPATH\Controllers\report\FPDF_CERT.php on line 55.
 1 APPPATH\Controllers\CertificatController.php(203): App\Controllers\FPDF_CERT->header_portrait('2023 / 2024', 'GROUPE SCOLAIRE BILINGUE DEMETO', '699-209-063,683-091-381', 'CMAUTH2021')
 2 SYSTEMPATH\CodeIgniter.php(932): App\Controllers\CertificatController->print_certificat_class_one('196', '1', '1', '1', '4')
 3 SYSTEMPATH\CodeIgniter.php(497): CodeIgniter\CodeIgniter->runController(Object(App\Controllers\CertificatController))
 4 SYSTEMPATH\CodeIgniter.php(366): CodeIgniter\CodeIgniter->handleRequest(null, Object(Config\Cache), false)
 5 FCPATH\index.php(67): CodeIgniter\CodeIgniter->run()
 6 SYSTEMPATH\Commands\Server\rewrite.php(47): require_once('C:\\xampp\\htdocs\\DEMETO\\secondary-back\\public\\index.php')
WARNING - 2023-11-08 08:44:04 --> [DEPRECATED] Function utf8_decode() is deprecated in APPPATH\Controllers\report\FPDF_CERT.php on line 57.
 1 APPPATH\Controllers\CertificatController.php(203): App\Controllers\FPDF_CERT->header_portrait('2023 / 2024', 'GROUPE SCOLAIRE BILINGUE DEMETO', '699-209-063,683-091-381', 'CMAUTH2021')
 2 SYSTEMPATH\CodeIgniter.php(932): App\Controllers\CertificatController->print_certificat_class_one('196', '1', '1', '1', '4')
 3 SYSTEMPATH\CodeIgniter.php(497): CodeIgniter\CodeIgniter->runController(Object(App\Controllers\CertificatController))
 4 SYSTEMPATH\CodeIgniter.php(366): CodeIgniter\CodeIgniter->handleRequest(null, Object(Config\Cache), false)
 5 FCPATH\index.php(67): CodeIgniter\CodeIgniter->run()
 6 SYSTEMPATH\Commands\Server\rewrite.php(47): require_once('C:\\xampp\\htdocs\\DEMETO\\secondary-back\\public\\index.php')
WARNING - 2023-11-08 08:44:04 --> [DEPRECATED] Function utf8_decode() is deprecated in APPPATH\Controllers\report\FPDF_CERT.php on line 59.
 1 APPPATH\Controllers\CertificatController.php(203): App\Controllers\FPDF_CERT->header_portrait('2023 / 2024', 'GROUPE SCOLAIRE BILINGUE DEMETO', '699-209-063,683-091-381', 'CMAUTH2021')
 2 SYSTEMPATH\CodeIgniter.php(932): App\Controllers\CertificatController->print_certificat_class_one('196', '1', '1', '1', '4')
 3 SYSTEMPATH\CodeIgniter.php(497): CodeIgniter\CodeIgniter->runController(Object(App\Controllers\CertificatController))
 4 SYSTEMPATH\CodeIgniter.php(366): CodeIgniter\CodeIgniter->handleRequest(null, Object(Config\Cache), false)
 5 FCPATH\index.php(67): CodeIgniter\CodeIgniter->run()
 6 SYSTEMPATH\Commands\Server\rewrite.php(47): require_once('C:\\xampp\\htdocs\\DEMETO\\secondary-back\\public\\index.php')
WARNING - 2023-11-08 08:44:04 --> [DEPRECATED] Function utf8_decode() is deprecated in APPPATH\Controllers\report\FPDF_CERT.php on line 61.
 1 APPPATH\Controllers\CertificatController.php(203): App\Controllers\FPDF_CERT->header_portrait('2023 / 2024', 'GROUPE SCOLAIRE BILINGUE DEMETO', '699-209-063,683-091-381', 'CMAUTH2021')
 2 SYSTEMPATH\CodeIgniter.php(932): App\Controllers\CertificatController->print_certificat_class_one('196', '1', '1', '1', '4')
 3 SYSTEMPATH\CodeIgniter.php(497): CodeIgniter\CodeIgniter->runController(Object(App\Controllers\CertificatController))
 4 SYSTEMPATH\CodeIgniter.php(366): CodeIgniter\CodeIgniter->handleRequest(null, Object(Config\Cache), false)
 5 FCPATH\index.php(67): CodeIgniter\CodeIgniter->run()
 6 SYSTEMPATH\Commands\Server\rewrite.php(47): require_once('C:\\xampp\\htdocs\\DEMETO\\secondary-back\\public\\index.php')
WARNING - 2023-11-08 08:44:04 --> [DEPRECATED] Function utf8_decode() is deprecated in APPPATH\Controllers\report\FPDF_CERT.php on line 63.
 1 APPPATH\Controllers\CertificatController.php(203): App\Controllers\FPDF_CERT->header_portrait('2023 / 2024', 'GROUPE SCOLAIRE BILINGUE DEMETO', '699-209-063,683-091-381', 'CMAUTH2021')
 2 SYSTEMPATH\CodeIgniter.php(932): App\Controllers\CertificatController->print_certificat_class_one('196', '1', '1', '1', '4')
 3 SYSTEMPATH\CodeIgniter.php(497): CodeIgniter\CodeIgniter->runController(Object(App\Controllers\CertificatController))
 4 SYSTEMPATH\CodeIgniter.php(366): CodeIgniter\CodeIgniter->handleRequest(null, Object(Config\Cache), false)
 5 FCPATH\index.php(67): CodeIgniter\CodeIgniter->run()
 6 SYSTEMPATH\Commands\Server\rewrite.php(47): require_once('C:\\xampp\\htdocs\\DEMETO\\secondary-back\\public\\index.php')
WARNING - 2023-11-08 08:44:04 --> [DEPRECATED] Function utf8_decode() is deprecated in APPPATH\Controllers\report\FPDF_CERT.php on line 65.
 1 APPPATH\Controllers\CertificatController.php(203): App\Controllers\FPDF_CERT->header_portrait('2023 / 2024', 'GROUPE SCOLAIRE BILINGUE DEMETO', '699-209-063,683-091-381', 'CMAUTH2021')
 2 SYSTEMPATH\CodeIgniter.php(932): App\Controllers\CertificatController->print_certificat_class_one('196', '1', '1', '1', '4')
 3 SYSTEMPATH\CodeIgniter.php(497): CodeIgniter\CodeIgniter->runController(Object(App\Controllers\CertificatController))
 4 SYSTEMPATH\CodeIgniter.php(366): CodeIgniter\CodeIgniter->handleRequest(null, Object(Config\Cache), false)
 5 FCPATH\index.php(67): CodeIgniter\CodeIgniter->run()
 6 SYSTEMPATH\Commands\Server\rewrite.php(47): require_once('C:\\xampp\\htdocs\\DEMETO\\secondary-back\\public\\index.php')
WARNING - 2023-11-08 08:44:04 --> [DEPRECATED] Function utf8_decode() is deprecated in APPPATH\Controllers\report\FPDF_CERT.php on line 67.
 1 APPPATH\Controllers\CertificatController.php(203): App\Controllers\FPDF_CERT->header_portrait('2023 / 2024', 'GROUPE SCOLAIRE BILINGUE DEMETO', '699-209-063,683-091-381', 'CMAUTH2021')
 2 SYSTEMPATH\CodeIgniter.php(932): App\Controllers\CertificatController->print_certificat_class_one('196', '1', '1', '1', '4')
 3 SYSTEMPATH\CodeIgniter.php(497): CodeIgniter\CodeIgniter->runController(Object(App\Controllers\CertificatController))
 4 SYSTEMPATH\CodeIgniter.php(366): CodeIgniter\CodeIgniter->handleRequest(null, Object(Config\Cache), false)
 5 FCPATH\index.php(67): CodeIgniter\CodeIgniter->run()
 6 SYSTEMPATH\Commands\Server\rewrite.php(47): require_once('C:\\xampp\\htdocs\\DEMETO\\secondary-back\\public\\index.php')
WARNING - 2023-11-08 08:44:04 --> [DEPRECATED] Function utf8_decode() is deprecated in APPPATH\Controllers\report\FPDF_CERT.php on line 69.
 1 APPPATH\Controllers\CertificatController.php(203): App\Controllers\FPDF_CERT->header_portrait('2023 / 2024', 'GROUPE SCOLAIRE BILINGUE DEMETO', '699-209-063,683-091-381', 'CMAUTH2021')
 2 SYSTEMPATH\CodeIgniter.php(932): App\Controllers\CertificatController->print_certificat_class_one('196', '1', '1', '1', '4')
 3 SYSTEMPATH\CodeIgniter.php(497): CodeIgniter\CodeIgniter->runController(Object(App\Controllers\CertificatController))
 4 SYSTEMPATH\CodeIgniter.php(366): CodeIgniter\CodeIgniter->handleRequest(null, Object(Config\Cache), false)
 5 FCPATH\index.php(67): CodeIgniter\CodeIgniter->run()
 6 SYSTEMPATH\Commands\Server\rewrite.php(47): require_once('C:\\xampp\\htdocs\\DEMETO\\secondary-back\\public\\index.php')
WARNING - 2023-11-08 08:44:04 --> [DEPRECATED] Function utf8_decode() is deprecated in APPPATH\Controllers\report\FPDF_CERT.php on line 71.
 1 APPPATH\Controllers\CertificatController.php(203): App\Controllers\FPDF_CERT->header_portrait('2023 / 2024', 'GROUPE SCOLAIRE BILINGUE DEMETO', '699-209-063,683-091-381', 'CMAUTH2021')
 2 SYSTEMPATH\CodeIgniter.php(932): App\Controllers\CertificatController->print_certificat_class_one('196', '1', '1', '1', '4')
 3 SYSTEMPATH\CodeIgniter.php(497): CodeIgniter\CodeIgniter->runController(Object(App\Controllers\CertificatController))
 4 SYSTEMPATH\CodeIgniter.php(366): CodeIgniter\CodeIgniter->handleRequest(null, Object(Config\Cache), false)
 5 FCPATH\index.php(67): CodeIgniter\CodeIgniter->run()
 6 SYSTEMPATH\Commands\Server\rewrite.php(47): require_once('C:\\xampp\\htdocs\\DEMETO\\secondary-back\\public\\index.php')
WARNING - 2023-11-08 08:44:04 --> [DEPRECATED] Function utf8_decode() is deprecated in APPPATH\Controllers\report\FPDF_CERT.php on line 73.
 1 APPPATH\Controllers\CertificatController.php(203): App\Controllers\FPDF_CERT->header_portrait('2023 / 2024', 'GROUPE SCOLAIRE BILINGUE DEMETO', '699-209-063,683-091-381', 'CMAUTH2021')
 2 SYSTEMPATH\CodeIgniter.php(932): App\Controllers\CertificatController->print_certificat_class_one('196', '1', '1', '1', '4')
 3 SYSTEMPATH\CodeIgniter.php(497): CodeIgniter\CodeIgniter->runController(Object(App\Controllers\CertificatController))
 4 SYSTEMPATH\CodeIgniter.php(366): CodeIgniter\CodeIgniter->handleRequest(null, Object(Config\Cache), false)
 5 FCPATH\index.php(67): CodeIgniter\CodeIgniter->run()
 6 SYSTEMPATH\Commands\Server\rewrite.php(47): require_once('C:\\xampp\\htdocs\\DEMETO\\secondary-back\\public\\index.php')
WARNING - 2023-11-08 08:44:04 --> [DEPRECATED] Function utf8_decode() is deprecated in APPPATH\Controllers\report\FPDF_CERT.php on line 75.
 1 APPPATH\Controllers\CertificatController.php(203): App\Controllers\FPDF_CERT->header_portrait('2023 / 2024', 'GROUPE SCOLAIRE BILINGUE DEMETO', '699-209-063,683-091-381', 'CMAUTH2021')
 2 SYSTEMPATH\CodeIgniter.php(932): App\Controllers\CertificatController->print_certificat_class_one('196', '1', '1', '1', '4')
 3 SYSTEMPATH\CodeIgniter.php(497): CodeIgniter\CodeIgniter->runController(Object(App\Controllers\CertificatController))
 4 SYSTEMPATH\CodeIgniter.php(366): CodeIgniter\CodeIgniter->handleRequest(null, Object(Config\Cache), false)
 5 FCPATH\index.php(67): CodeIgniter\CodeIgniter->run()
 6 SYSTEMPATH\Commands\Server\rewrite.php(47): require_once('C:\\xampp\\htdocs\\DEMETO\\secondary-back\\public\\index.php')
WARNING - 2023-11-08 08:44:04 --> [DEPRECATED] Function utf8_decode() is deprecated in APPPATH\Controllers\report\FPDF_CERT.php on line 77.
 1 APPPATH\Controllers\CertificatController.php(203): App\Controllers\FPDF_CERT->header_portrait('2023 / 2024', 'GROUPE SCOLAIRE BILINGUE DEMETO', '699-209-063,683-091-381', 'CMAUTH2021')
 2 SYSTEMPATH\CodeIgniter.php(932): App\Controllers\CertificatController->print_certificat_class_one('196', '1', '1', '1', '4')
 3 SYSTEMPATH\CodeIgniter.php(497): CodeIgniter\CodeIgniter->runController(Object(App\Controllers\CertificatController))
 4 SYSTEMPATH\CodeIgniter.php(366): CodeIgniter\CodeIgniter->handleRequest(null, Object(Config\Cache), false)
 5 FCPATH\index.php(67): CodeIgniter\CodeIgniter->run()
 6 SYSTEMPATH\Commands\Server\rewrite.php(47): require_once('C:\\xampp\\htdocs\\DEMETO\\secondary-back\\public\\index.php')
WARNING - 2023-11-08 08:44:04 --> [DEPRECATED] Function utf8_decode() is deprecated in APPPATH\Controllers\report\FPDF_CERT.php on line 80.
 1 APPPATH\Controllers\CertificatController.php(203): App\Controllers\FPDF_CERT->header_portrait('2023 / 2024', 'GROUPE SCOLAIRE BILINGUE DEMETO', '699-209-063,683-091-381', 'CMAUTH2021')
 2 SYSTEMPATH\CodeIgniter.php(932): App\Controllers\CertificatController->print_certificat_class_one('196', '1', '1', '1', '4')
 3 SYSTEMPATH\CodeIgniter.php(497): CodeIgniter\CodeIgniter->runController(Object(App\Controllers\CertificatController))
 4 SYSTEMPATH\CodeIgniter.php(366): CodeIgniter\CodeIgniter->handleRequest(null, Object(Config\Cache), false)
 5 FCPATH\index.php(67): CodeIgniter\CodeIgniter->run()
 6 SYSTEMPATH\Commands\Server\rewrite.php(47): require_once('C:\\xampp\\htdocs\\DEMETO\\secondary-back\\public\\index.php')
WARNING - 2023-11-08 08:44:04 --> [DEPRECATED] Function utf8_decode() is deprecated in APPPATH\Controllers\report\FPDF_CERT.php on line 83.
 1 APPPATH\Controllers\CertificatController.php(203): App\Controllers\FPDF_CERT->header_portrait('2023 / 2024', 'GROUPE SCOLAIRE BILINGUE DEMETO', '699-209-063,683-091-381', 'CMAUTH2021')
 2 SYSTEMPATH\CodeIgniter.php(932): App\Controllers\CertificatController->print_certificat_class_one('196', '1', '1', '1', '4')
 3 SYSTEMPATH\CodeIgniter.php(497): CodeIgniter\CodeIgniter->runController(Object(App\Controllers\CertificatController))
 4 SYSTEMPATH\CodeIgniter.php(366): CodeIgniter\CodeIgniter->handleRequest(null, Object(Config\Cache), false)
 5 FCPATH\index.php(67): CodeIgniter\CodeIgniter->run()
 6 SYSTEMPATH\Commands\Server\rewrite.php(47): require_once('C:\\xampp\\htdocs\\DEMETO\\secondary-back\\public\\index.php')
WARNING - 2023-11-08 08:44:04 --> [DEPRECATED] Function utf8_decode() is deprecated in APPPATH\Controllers\report\FPDF_CERT.php on line 85.
 1 APPPATH\Controllers\CertificatController.php(203): App\Controllers\FPDF_CERT->header_portrait('2023 / 2024', 'GROUPE SCOLAIRE BILINGUE DEMETO', '699-209-063,683-091-381', 'CMAUTH2021')
 2 SYSTEMPATH\CodeIgniter.php(932): App\Controllers\CertificatController->print_certificat_class_one('196', '1', '1', '1', '4')
 3 SYSTEMPATH\CodeIgniter.php(497): CodeIgniter\CodeIgniter->runController(Object(App\Controllers\CertificatController))
 4 SYSTEMPATH\CodeIgniter.php(366): CodeIgniter\CodeIgniter->handleRequest(null, Object(Config\Cache), false)
 5 FCPATH\index.php(67): CodeIgniter\CodeIgniter->run()
 6 SYSTEMPATH\Commands\Server\rewrite.php(47): require_once('C:\\xampp\\htdocs\\DEMETO\\secondary-back\\public\\index.php')
WARNING - 2023-11-08 08:44:04 --> [DEPRECATED] Function utf8_decode() is deprecated in APPPATH\Controllers\report\FPDF_CERT.php on line 90.
 1 APPPATH\Controllers\CertificatController.php(203): App\Controllers\FPDF_CERT->header_portrait('2023 / 2024', 'GROUPE SCOLAIRE BILINGUE DEMETO', '699-209-063,683-091-381', 'CMAUTH2021')
 2 SYSTEMPATH\CodeIgniter.php(932): App\Controllers\CertificatController->print_certificat_class_one('196', '1', '1', '1', '4')
 3 SYSTEMPATH\CodeIgniter.php(497): CodeIgniter\CodeIgniter->runController(Object(App\Controllers\CertificatController))
 4 SYSTEMPATH\CodeIgniter.php(366): CodeIgniter\CodeIgniter->handleRequest(null, Object(Config\Cache), false)
 5 FCPATH\index.php(67): CodeIgniter\CodeIgniter->run()
 6 SYSTEMPATH\Commands\Server\rewrite.php(47): require_once('C:\\xampp\\htdocs\\DEMETO\\secondary-back\\public\\index.php')
WARNING - 2023-11-08 08:44:04 --> [DEPRECATED] Function utf8_decode() is deprecated in APPPATH\Controllers\report\FPDF_CERT.php on line 93.
 1 APPPATH\Controllers\CertificatController.php(203): App\Controllers\FPDF_CERT->header_portrait('2023 / 2024', 'GROUPE SCOLAIRE BILINGUE DEMETO', '699-209-063,683-091-381', 'CMAUTH2021')
 2 SYSTEMPATH\CodeIgniter.php(932): App\Controllers\CertificatController->print_certificat_class_one('196', '1', '1', '1', '4')
 3 SYSTEMPATH\CodeIgniter.php(497): CodeIgniter\CodeIgniter->runController(Object(App\Controllers\CertificatController))
 4 SYSTEMPATH\CodeIgniter.php(366): CodeIgniter\CodeIgniter->handleRequest(null, Object(Config\Cache), false)
 5 FCPATH\index.php(67): CodeIgniter\CodeIgniter->run()
 6 SYSTEMPATH\Commands\Server\rewrite.php(47): require_once('C:\\xampp\\htdocs\\DEMETO\\secondary-back\\public\\index.php')
WARNING - 2023-11-08 08:44:04 --> [DEPRECATED] Function utf8_decode() is deprecated in APPPATH\Controllers\report\FPDF_CERT.php on line 96.
 1 APPPATH\Controllers\CertificatController.php(203): App\Controllers\FPDF_CERT->header_portrait('2023 / 2024', 'GROUPE SCOLAIRE BILINGUE DEMETO', '699-209-063,683-091-381', 'CMAUTH2021')
 2 SYSTEMPATH\CodeIgniter.php(932): App\Controllers\CertificatController->print_certificat_class_one('196', '1', '1', '1', '4')
 3 SYSTEMPATH\CodeIgniter.php(497): CodeIgniter\CodeIgniter->runController(Object(App\Controllers\CertificatController))
 4 SYSTEMPATH\CodeIgniter.php(366): CodeIgniter\CodeIgniter->handleRequest(null, Object(Config\Cache), false)
 5 FCPATH\index.php(67): CodeIgniter\CodeIgniter->run()
 6 SYSTEMPATH\Commands\Server\rewrite.php(47): require_once('C:\\xampp\\htdocs\\DEMETO\\secondary-back\\public\\index.php')
WARNING - 2023-11-08 08:44:04 --> [DEPRECATED] Function utf8_decode() is deprecated in APPPATH\Controllers\report\FPDF_CERT.php on line 99.
 1 APPPATH\Controllers\CertificatController.php(203): App\Controllers\FPDF_CERT->header_portrait('2023 / 2024', 'GROUPE SCOLAIRE BILINGUE DEMETO', '699-209-063,683-091-381', 'CMAUTH2021')
 2 SYSTEMPATH\CodeIgniter.php(932): App\Controllers\CertificatController->print_certificat_class_one('196', '1', '1', '1', '4')
 3 SYSTEMPATH\CodeIgniter.php(497): CodeIgniter\CodeIgniter->runController(Object(App\Controllers\CertificatController))
 4 SYSTEMPATH\CodeIgniter.php(366): CodeIgniter\CodeIgniter->handleRequest(null, Object(Config\Cache), false)
 5 FCPATH\index.php(67): CodeIgniter\CodeIgniter->run()
 6 SYSTEMPATH\Commands\Server\rewrite.php(47): require_once('C:\\xampp\\htdocs\\DEMETO\\secondary-back\\public\\index.php')
WARNING - 2023-11-08 08:44:04 --> [DEPRECATED] Function utf8_decode() is deprecated in APPPATH\Controllers\report\FPDF_CERT.php on line 104.
 1 APPPATH\Controllers\CertificatController.php(203): App\Controllers\FPDF_CERT->header_portrait('2023 / 2024', 'GROUPE SCOLAIRE BILINGUE DEMETO', '699-209-063,683-091-381', 'CMAUTH2021')
 2 SYSTEMPATH\CodeIgniter.php(932): App\Controllers\CertificatController->print_certificat_class_one('196', '1', '1', '1', '4')
 3 SYSTEMPATH\CodeIgniter.php(497): CodeIgniter\CodeIgniter->runController(Object(App\Controllers\CertificatController))
 4 SYSTEMPATH\CodeIgniter.php(366): CodeIgniter\CodeIgniter->handleRequest(null, Object(Config\Cache), false)
 5 FCPATH\index.php(67): CodeIgniter\CodeIgniter->run()
 6 SYSTEMPATH\Commands\Server\rewrite.php(47): require_once('C:\\xampp\\htdocs\\DEMETO\\secondary-back\\public\\index.php')
WARNING - 2023-11-08 08:44:04 --> [DEPRECATED] Function utf8_decode() is deprecated in APPPATH\Controllers\report\FPDF_CERT.php on line 106.
 1 APPPATH\Controllers\CertificatController.php(203): App\Controllers\FPDF_CERT->header_portrait('2023 / 2024', 'GROUPE SCOLAIRE BILINGUE DEMETO', '699-209-063,683-091-381', 'CMAUTH2021')
 2 SYSTEMPATH\CodeIgniter.php(932): App\Controllers\CertificatController->print_certificat_class_one('196', '1', '1', '1', '4')
 3 SYSTEMPATH\CodeIgniter.php(497): CodeIgniter\CodeIgniter->runController(Object(App\Controllers\CertificatController))
 4 SYSTEMPATH\CodeIgniter.php(366): CodeIgniter\CodeIgniter->handleRequest(null, Object(Config\Cache), false)
 5 FCPATH\index.php(67): CodeIgniter\CodeIgniter->run()
 6 SYSTEMPATH\Commands\Server\rewrite.php(47): require_once('C:\\xampp\\htdocs\\DEMETO\\secondary-back\\public\\index.php')
WARNING - 2023-11-08 08:44:04 --> [DEPRECATED] Function utf8_decode() is deprecated in APPPATH\Controllers\report\FPDF_CERT.php on line 108.
 1 APPPATH\Controllers\CertificatController.php(203): App\Controllers\FPDF_CERT->header_portrait('2023 / 2024', 'GROUPE SCOLAIRE BILINGUE DEMETO', '699-209-063,683-091-381', 'CMAUTH2021')
 2 SYSTEMPATH\CodeIgniter.php(932): App\Controllers\CertificatController->print_certificat_class_one('196', '1', '1', '1', '4')
 3 SYSTEMPATH\CodeIgniter.php(497): CodeIgniter\CodeIgniter->runController(Object(App\Controllers\CertificatController))
 4 SYSTEMPATH\CodeIgniter.php(366): CodeIgniter\CodeIgniter->handleRequest(null, Object(Config\Cache), false)
 5 FCPATH\index.php(67): CodeIgniter\CodeIgniter->run()
 6 SYSTEMPATH\Commands\Server\rewrite.php(47): require_once('C:\\xampp\\htdocs\\DEMETO\\secondary-back\\public\\index.php')
WARNING - 2023-11-08 08:44:04 --> [DEPRECATED] Function utf8_decode() is deprecated in APPPATH\Controllers\report\FPDF_CERT.php on line 110.
 1 APPPATH\Controllers\CertificatController.php(203): App\Controllers\FPDF_CERT->header_portrait('2023 / 2024', 'GROUPE SCOLAIRE BILINGUE DEMETO', '699-209-063,683-091-381', 'CMAUTH2021')
 2 SYSTEMPATH\CodeIgniter.php(932): App\Controllers\CertificatController->print_certificat_class_one('196', '1', '1', '1', '4')
 3 SYSTEMPATH\CodeIgniter.php(497): CodeIgniter\CodeIgniter->runController(Object(App\Controllers\CertificatController))
 4 SYSTEMPATH\CodeIgniter.php(366): CodeIgniter\CodeIgniter->handleRequest(null, Object(Config\Cache), false)
 5 FCPATH\index.php(67): CodeIgniter\CodeIgniter->run()
 6 SYSTEMPATH\Commands\Server\rewrite.php(47): require_once('C:\\xampp\\htdocs\\DEMETO\\secondary-back\\public\\index.php')
WARNING - 2023-11-08 08:44:04 --> [DEPRECATED] Function utf8_decode() is deprecated in APPPATH\Controllers\report\FPDF_CERT.php on line 112.
 1 APPPATH\Controllers\CertificatController.php(203): App\Controllers\FPDF_CERT->header_portrait('2023 / 2024', 'GROUPE SCOLAIRE BILINGUE DEMETO', '699-209-063,683-091-381', 'CMAUTH2021')
 2 SYSTEMPATH\CodeIgniter.php(932): App\Controllers\CertificatController->print_certificat_class_one('196', '1', '1', '1', '4')
 3 SYSTEMPATH\CodeIgniter.php(497): CodeIgniter\CodeIgniter->runController(Object(App\Controllers\CertificatController))
 4 SYSTEMPATH\CodeIgniter.php(366): CodeIgniter\CodeIgniter->handleRequest(null, Object(Config\Cache), false)
 5 FCPATH\index.php(67): CodeIgniter\CodeIgniter->run()
 6 SYSTEMPATH\Commands\Server\rewrite.php(47): require_once('C:\\xampp\\htdocs\\DEMETO\\secondary-back\\public\\index.php')
WARNING - 2023-11-08 08:44:04 --> [DEPRECATED] Function utf8_decode() is deprecated in APPPATH\Controllers\report\FPDF_CERT.php on line 114.
 1 APPPATH\Controllers\CertificatController.php(203): App\Controllers\FPDF_CERT->header_portrait('2023 / 2024', 'GROUPE SCOLAIRE BILINGUE DEMETO', '699-209-063,683-091-381', 'CMAUTH2021')
 2 SYSTEMPATH\CodeIgniter.php(932): App\Controllers\CertificatController->print_certificat_class_one('196', '1', '1', '1', '4')
 3 SYSTEMPATH\CodeIgniter.php(497): CodeIgniter\CodeIgniter->runController(Object(App\Controllers\CertificatController))
 4 SYSTEMPATH\CodeIgniter.php(366): CodeIgniter\CodeIgniter->handleRequest(null, Object(Config\Cache), false)
 5 FCPATH\index.php(67): CodeIgniter\CodeIgniter->run()
 6 SYSTEMPATH\Commands\Server\rewrite.php(47): require_once('C:\\xampp\\htdocs\\DEMETO\\secondary-back\\public\\index.php')
WARNING - 2023-11-08 08:44:04 --> [DEPRECATED] Function utf8_decode() is deprecated in APPPATH\Controllers\report\FPDF_CERT.php on line 116.
 1 APPPATH\Controllers\CertificatController.php(203): App\Controllers\FPDF_CERT->header_portrait('2023 / 2024', 'GROUPE SCOLAIRE BILINGUE DEMETO', '699-209-063,683-091-381', 'CMAUTH2021')
 2 SYSTEMPATH\CodeIgniter.php(932): App\Controllers\CertificatController->print_certificat_class_one('196', '1', '1', '1', '4')
 3 SYSTEMPATH\CodeIgniter.php(497): CodeIgniter\CodeIgniter->runController(Object(App\Controllers\CertificatController))
 4 SYSTEMPATH\CodeIgniter.php(366): CodeIgniter\CodeIgniter->handleRequest(null, Object(Config\Cache), false)
 5 FCPATH\index.php(67): CodeIgniter\CodeIgniter->run()
 6 SYSTEMPATH\Commands\Server\rewrite.php(47): require_once('C:\\xampp\\htdocs\\DEMETO\\secondary-back\\public\\index.php')
WARNING - 2023-11-08 08:44:04 --> [DEPRECATED] Function utf8_decode() is deprecated in APPPATH\Controllers\report\FPDF_CERT.php on line 118.
 1 APPPATH\Controllers\CertificatController.php(203): App\Controllers\FPDF_CERT->header_portrait('2023 / 2024', 'GROUPE SCOLAIRE BILINGUE DEMETO', '699-209-063,683-091-381', 'CMAUTH2021')
 2 SYSTEMPATH\CodeIgniter.php(932): App\Controllers\CertificatController->print_certificat_class_one('196', '1', '1', '1', '4')
 3 SYSTEMPATH\CodeIgniter.php(497): CodeIgniter\CodeIgniter->runController(Object(App\Controllers\CertificatController))
 4 SYSTEMPATH\CodeIgniter.php(366): CodeIgniter\CodeIgniter->handleRequest(null, Object(Config\Cache), false)
 5 FCPATH\index.php(67): CodeIgniter\CodeIgniter->run()
 6 SYSTEMPATH\Commands\Server\rewrite.php(47): require_once('C:\\xampp\\htdocs\\DEMETO\\secondary-back\\public\\index.php')
WARNING - 2023-11-08 08:44:04 --> [DEPRECATED] Function utf8_decode() is deprecated in APPPATH\Controllers\report\FPDF_CERT.php on line 120.
 1 APPPATH\Controllers\CertificatController.php(203): App\Controllers\FPDF_CERT->header_portrait('2023 / 2024', 'GROUPE SCOLAIRE BILINGUE DEMETO', '699-209-063,683-091-381', 'CMAUTH2021')
 2 SYSTEMPATH\CodeIgniter.php(932): App\Controllers\CertificatController->print_certificat_class_one('196', '1', '1', '1', '4')
 3 SYSTEMPATH\CodeIgniter.php(497): CodeIgniter\CodeIgniter->runController(Object(App\Controllers\CertificatController))
 4 SYSTEMPATH\CodeIgniter.php(366): CodeIgniter\CodeIgniter->handleRequest(null, Object(Config\Cache), false)
 5 FCPATH\index.php(67): CodeIgniter\CodeIgniter->run()
 6 SYSTEMPATH\Commands\Server\rewrite.php(47): require_once('C:\\xampp\\htdocs\\DEMETO\\secondary-back\\public\\index.php')
WARNING - 2023-11-08 08:44:04 --> [DEPRECATED] Function utf8_decode() is deprecated in APPPATH\Controllers\report\FPDF_CERT.php on line 122.
 1 APPPATH\Controllers\CertificatController.php(203): App\Controllers\FPDF_CERT->header_portrait('2023 / 2024', 'GROUPE SCOLAIRE BILINGUE DEMETO', '699-209-063,683-091-381', 'CMAUTH2021')
 2 SYSTEMPATH\CodeIgniter.php(932): App\Controllers\CertificatController->print_certificat_class_one('196', '1', '1', '1', '4')
 3 SYSTEMPATH\CodeIgniter.php(497): CodeIgniter\CodeIgniter->runController(Object(App\Controllers\CertificatController))
 4 SYSTEMPATH\CodeIgniter.php(366): CodeIgniter\CodeIgniter->handleRequest(null, Object(Config\Cache), false)
 5 FCPATH\index.php(67): CodeIgniter\CodeIgniter->run()
 6 SYSTEMPATH\Commands\Server\rewrite.php(47): require_once('C:\\xampp\\htdocs\\DEMETO\\secondary-back\\public\\index.php')
WARNING - 2023-11-08 08:44:04 --> [DEPRECATED] Function utf8_decode() is deprecated in APPPATH\Controllers\report\FPDF_CERT.php on line 124.
 1 APPPATH\Controllers\CertificatController.php(203): App\Controllers\FPDF_CERT->header_portrait('2023 / 2024', 'GROUPE SCOLAIRE BILINGUE DEMETO', '699-209-063,683-091-381', 'CMAUTH2021')
 2 SYSTEMPATH\CodeIgniter.php(932): App\Controllers\CertificatController->print_certificat_class_one('196', '1', '1', '1', '4')
 3 SYSTEMPATH\CodeIgniter.php(497): CodeIgniter\CodeIgniter->runController(Object(App\Controllers\CertificatController))
 4 SYSTEMPATH\CodeIgniter.php(366): CodeIgniter\CodeIgniter->handleRequest(null, Object(Config\Cache), false)
 5 FCPATH\index.php(67): CodeIgniter\CodeIgniter->run()
 6 SYSTEMPATH\Commands\Server\rewrite.php(47): require_once('C:\\xampp\\htdocs\\DEMETO\\secondary-back\\public\\index.php')
WARNING - 2023-11-08 08:44:04 --> [DEPRECATED] Function utf8_decode() is deprecated in APPPATH\Controllers\report\FPDF_CERT.php on line 126.
 1 APPPATH\Controllers\CertificatController.php(203): App\Controllers\FPDF_CERT->header_portrait('2023 / 2024', 'GROUPE SCOLAIRE BILINGUE DEMETO', '699-209-063,683-091-381', 'CMAUTH2021')
 2 SYSTEMPATH\CodeIgniter.php(932): App\Controllers\CertificatController->print_certificat_class_one('196', '1', '1', '1', '4')
 3 SYSTEMPATH\CodeIgniter.php(497): CodeIgniter\CodeIgniter->runController(Object(App\Controllers\CertificatController))
 4 SYSTEMPATH\CodeIgniter.php(366): CodeIgniter\CodeIgniter->handleRequest(null, Object(Config\Cache), false)
 5 FCPATH\index.php(67): CodeIgniter\CodeIgniter->run()
 6 SYSTEMPATH\Commands\Server\rewrite.php(47): require_once('C:\\xampp\\htdocs\\DEMETO\\secondary-back\\public\\index.php')
WARNING - 2023-11-08 08:44:04 --> [DEPRECATED] Function utf8_decode() is deprecated in APPPATH\Controllers\report\FPDF_CERT.php on line 129.
 1 APPPATH\Controllers\CertificatController.php(203): App\Controllers\FPDF_CERT->header_portrait('2023 / 2024', 'GROUPE SCOLAIRE BILINGUE DEMETO', '699-209-063,683-091-381', 'CMAUTH2021')
 2 SYSTEMPATH\CodeIgniter.php(932): App\Controllers\CertificatController->print_certificat_class_one('196', '1', '1', '1', '4')
 3 SYSTEMPATH\CodeIgniter.php(497): CodeIgniter\CodeIgniter->runController(Object(App\Controllers\CertificatController))
 4 SYSTEMPATH\CodeIgniter.php(366): CodeIgniter\CodeIgniter->handleRequest(null, Object(Config\Cache), false)
 5 FCPATH\index.php(67): CodeIgniter\CodeIgniter->run()
 6 SYSTEMPATH\Commands\Server\rewrite.php(47): require_once('C:\\xampp\\htdocs\\DEMETO\\secondary-back\\public\\index.php')
WARNING - 2023-11-08 08:44:04 --> [DEPRECATED] Function utf8_decode() is deprecated in APPPATH\Controllers\report\FPDF_CERT.php on line 132.
 1 APPPATH\Controllers\CertificatController.php(203): App\Controllers\FPDF_CERT->header_portrait('2023 / 2024', 'GROUPE SCOLAIRE BILINGUE DEMETO', '699-209-063,683-091-381', 'CMAUTH2021')
 2 SYSTEMPATH\CodeIgniter.php(932): App\Controllers\CertificatController->print_certificat_class_one('196', '1', '1', '1', '4')
 3 SYSTEMPATH\CodeIgniter.php(497): CodeIgniter\CodeIgniter->runController(Object(App\Controllers\CertificatController))
 4 SYSTEMPATH\CodeIgniter.php(366): CodeIgniter\CodeIgniter->handleRequest(null, Object(Config\Cache), false)
 5 FCPATH\index.php(67): CodeIgniter\CodeIgniter->run()
 6 SYSTEMPATH\Commands\Server\rewrite.php(47): require_once('C:\\xampp\\htdocs\\DEMETO\\secondary-back\\public\\index.php')
WARNING - 2023-11-08 08:44:04 --> [DEPRECATED] Function utf8_decode() is deprecated in APPPATH\Controllers\report\FPDF_CERT.php on line 134.
 1 APPPATH\Controllers\CertificatController.php(203): App\Controllers\FPDF_CERT->header_portrait('2023 / 2024', 'GROUPE SCOLAIRE BILINGUE DEMETO', '699-209-063,683-091-381', 'CMAUTH2021')
 2 SYSTEMPATH\CodeIgniter.php(932): App\Controllers\CertificatController->print_certificat_class_one('196', '1', '1', '1', '4')
 3 SYSTEMPATH\CodeIgniter.php(497): CodeIgniter\CodeIgniter->runController(Object(App\Controllers\CertificatController))
 4 SYSTEMPATH\CodeIgniter.php(366): CodeIgniter\CodeIgniter->handleRequest(null, Object(Config\Cache), false)
 5 FCPATH\index.php(67): CodeIgniter\CodeIgniter->run()
 6 SYSTEMPATH\Commands\Server\rewrite.php(47): require_once('C:\\xampp\\htdocs\\DEMETO\\secondary-back\\public\\index.php')
WARNING - 2023-11-08 08:44:04 --> [DEPRECATED] Function utf8_decode() is deprecated in APPPATH\Controllers\report\FPDF_CERT.php on line 237.
 1 APPPATH\Controllers\CertificatController.php(224): App\Controllers\FPDF_CERT->body_certifica([...], '2023_2024', 'GROUPE SCOLAIRE BILINGUE DEMETO', 'TAGNE ZAC')
 2 SYSTEMPATH\CodeIgniter.php(932): App\Controllers\CertificatController->print_certificat_class_one('196', '1', '1', '1', '4')
 3 SYSTEMPATH\CodeIgniter.php(497): CodeIgniter\CodeIgniter->runController(Object(App\Controllers\CertificatController))
 4 SYSTEMPATH\CodeIgniter.php(366): CodeIgniter\CodeIgniter->handleRequest(null, Object(Config\Cache), false)
 5 FCPATH\index.php(67): CodeIgniter\CodeIgniter->run()
 6 SYSTEMPATH\Commands\Server\rewrite.php(47): require_once('C:\\xampp\\htdocs\\DEMETO\\secondary-back\\public\\index.php')
WARNING - 2023-11-08 08:44:04 --> [DEPRECATED] Function utf8_decode() is deprecated in APPPATH\Controllers\report\FPDF_CERT.php on line 256.
 1 APPPATH\Controllers\CertificatController.php(224): App\Controllers\FPDF_CERT->body_certifica([...], '2023_2024', 'GROUPE SCOLAIRE BILINGUE DEMETO', 'TAGNE ZAC')
 2 SYSTEMPATH\CodeIgniter.php(932): App\Controllers\CertificatController->print_certificat_class_one('196', '1', '1', '1', '4')
 3 SYSTEMPATH\CodeIgniter.php(497): CodeIgniter\CodeIgniter->runController(Object(App\Controllers\CertificatController))
 4 SYSTEMPATH\CodeIgniter.php(366): CodeIgniter\CodeIgniter->handleRequest(null, Object(Config\Cache), false)
 5 FCPATH\index.php(67): CodeIgniter\CodeIgniter->run()
 6 SYSTEMPATH\Commands\Server\rewrite.php(47): require_once('C:\\xampp\\htdocs\\DEMETO\\secondary-back\\public\\index.php')
WARNING - 2023-11-08 08:44:04 --> [DEPRECATED] Function utf8_decode() is deprecated in APPPATH\Controllers\report\FPDF_CERT.php on line 277.
 1 APPPATH\Controllers\CertificatController.php(224): App\Controllers\FPDF_CERT->body_certifica([...], '2023_2024', 'GROUPE SCOLAIRE BILINGUE DEMETO', 'TAGNE ZAC')
 2 SYSTEMPATH\CodeIgniter.php(932): App\Controllers\CertificatController->print_certificat_class_one('196', '1', '1', '1', '4')
 3 SYSTEMPATH\CodeIgniter.php(497): CodeIgniter\CodeIgniter->runController(Object(App\Controllers\CertificatController))
 4 SYSTEMPATH\CodeIgniter.php(366): CodeIgniter\CodeIgniter->handleRequest(null, Object(Config\Cache), false)
 5 FCPATH\index.php(67): CodeIgniter\CodeIgniter->run()
 6 SYSTEMPATH\Commands\Server\rewrite.php(47): require_once('C:\\xampp\\htdocs\\DEMETO\\secondary-back\\public\\index.php')
WARNING - 2023-11-08 08:44:04 --> [DEPRECATED] Function utf8_decode() is deprecated in APPPATH\Controllers\report\FPDF_CERT.php on line 284.
 1 APPPATH\Controllers\CertificatController.php(224): App\Controllers\FPDF_CERT->body_certifica([...], '2023_2024', 'GROUPE SCOLAIRE BILINGUE DEMETO', 'TAGNE ZAC')
 2 SYSTEMPATH\CodeIgniter.php(932): App\Controllers\CertificatController->print_certificat_class_one('196', '1', '1', '1', '4')
 3 SYSTEMPATH\CodeIgniter.php(497): CodeIgniter\CodeIgniter->runController(Object(App\Controllers\CertificatController))
 4 SYSTEMPATH\CodeIgniter.php(366): CodeIgniter\CodeIgniter->handleRequest(null, Object(Config\Cache), false)
 5 FCPATH\index.php(67): CodeIgniter\CodeIgniter->run()
 6 SYSTEMPATH\Commands\Server\rewrite.php(47): require_once('C:\\xampp\\htdocs\\DEMETO\\secondary-back\\public\\index.php')
INFO - 2023-11-08 08:46:49 --> Session: Class initialized using 'CodeIgniter\Session\Handlers\FileHandler' driver.
INFO - 2023-11-08 08:46:56 --> Session: Class initialized using 'CodeIgniter\Session\Handlers\FileHandler' driver.
INFO - 2023-11-08 08:47:15 --> Session: Class initialized using 'CodeIgniter\Session\Handlers\FileHandler' driver.
INFO - 2023-11-08 08:47:24 --> Session: Class initialized using 'CodeIgniter\Session\Handlers\FileHandler' driver.
INFO - 2023-11-08 08:47:35 --> Session: Class initialized using 'CodeIgniter\Session\Handlers\FileHandler' driver.
INFO - 2023-11-08 08:53:07 --> Session: Class initialized using 'CodeIgniter\Session\Handlers\FileHandler' driver.
INFO - 2023-11-08 08:54:45 --> Session: Class initialized using 'CodeIgniter\Session\Handlers\FileHandler' driver.
INFO - 2023-11-08 08:57:07 --> Session: Class initialized using 'CodeIgniter\Session\Handlers\FileHandler' driver.
INFO - 2023-11-08 09:08:41 --> Session: Class initialized using 'CodeIgniter\Session\Handlers\FileHandler' driver.
INFO - 2023-11-08 09:12:02 --> Session: Class initialized using 'CodeIgniter\Session\Handlers\FileHandler' driver.
INFO - 2023-11-08 09:24:53 --> Session: Class initialized using 'CodeIgniter\Session\Handlers\FileHandler' driver.
INFO - 2023-11-08 09:25:08 --> Session: Class initialized using 'CodeIgniter\Session\Handlers\FileHandler' driver.
INFO - 2023-11-08 09:25:36 --> Session: Class initialized using 'CodeIgniter\Session\Handlers\FileHandler' driver.
INFO - 2023-11-08 09:25:44 --> Session: Class initialized using 'CodeIgniter\Session\Handlers\FileHandler' driver.
INFO - 2023-11-08 09:26:00 --> Session: Class initialized using 'CodeIgniter\Session\Handlers\FileHandler' driver.
INFO - 2023-11-08 09:26:02 --> Session: Class initialized using 'CodeIgniter\Session\Handlers\FileHandler' driver.
INFO - 2023-11-08 09:27:09 --> Session: Class initialized using 'CodeIgniter\Session\Handlers\FileHandler' driver.
INFO - 2023-11-08 09:28:31 --> Session: Class initialized using 'CodeIgniter\Session\Handlers\FileHandler' driver.
INFO - 2023-11-08 09:29:46 --> Session: Class initialized using 'CodeIgniter\Session\Handlers\FileHandler' driver.
INFO - 2023-11-08 09:31:15 --> Session: Class initialized using 'CodeIgniter\Session\Handlers\FileHandler' driver.
INFO - 2023-11-08 09:31:52 --> Session: Class initialized using 'CodeIgniter\Session\Handlers\FileHandler' driver.
INFO - 2023-11-08 09:34:05 --> Session: Class initialized using 'CodeIgniter\Session\Handlers\FileHandler' driver.
INFO - 2023-11-08 09:34:53 --> Session: Class initialized using 'CodeIgniter\Session\Handlers\FileHandler' driver.
INFO - 2023-11-08 09:35:39 --> Session: Class initialized using 'CodeIgniter\Session\Handlers\FileHandler' driver.
INFO - 2023-11-08 09:36:46 --> Session: Class initialized using 'CodeIgniter\Session\Handlers\FileHandler' driver.
INFO - 2023-11-08 09:57:20 --> Session: Class initialized using 'CodeIgniter\Session\Handlers\FileHandler' driver.
INFO - 2023-11-08 09:58:30 --> Session: Class initialized using 'CodeIgniter\Session\Handlers\FileHandler' driver.
CRITICAL - 2023-11-08 10:08:36 --> syntax error, unexpected token ","
in APPPATH\Controllers\StudentController.php on line 66.
 1 SYSTEMPATH\Autoloader\Autoloader.php(289): CodeIgniter\Autoloader\Autoloader->includeFile('C:\\xampp\\htdocs\\DEMETO\\secondary-back\\app\\Controllers\\StudentController.php')
 2 SYSTEMPATH\Autoloader\Autoloader.php(267): CodeIgniter\Autoloader\Autoloader->loadInNamespace('App\\Controllers\\StudentController')
 3 [internal function]: CodeIgniter\Autoloader\Autoloader->loadClass('App\\Controllers\\StudentController')
 4 SYSTEMPATH\CodeIgniter.php(890): class_exists('\\App\\Controllers\\StudentController', true)
 5 SYSTEMPATH\CodeIgniter.php(484): CodeIgniter\CodeIgniter->startController()
 6 SYSTEMPATH\CodeIgniter.php(366): CodeIgniter\CodeIgniter->handleRequest(null, Object(Config\Cache), false)
 7 FCPATH\index.php(67): CodeIgniter\CodeIgniter->run()
 8 SYSTEMPATH\Commands\Server\rewrite.php(47): require_once('C:\\xampp\\htdocs\\DEMETO\\secondary-back\\public\\index.php')
INFO - 2023-11-08 10:08:45 --> Session: Class initialized using 'CodeIgniter\Session\Handlers\FileHandler' driver.
INFO - 2023-11-08 11:16:23 --> Session: Class initialized using 'CodeIgniter\Session\Handlers\FileHandler' driver.
INFO - 2023-11-08 11:19:01 --> Session: Class initialized using 'CodeIgniter\Session\Handlers\FileHandler' driver.
INFO - 2023-11-08 11:19:10 --> Session: Class initialized using 'CodeIgniter\Session\Handlers\FileHandler' driver.
INFO - 2023-11-08 11:19:12 --> Session: Class initialized using 'CodeIgniter\Session\Handlers\FileHandler' driver.
INFO - 2023-11-08 11:19:18 --> Session: Class initialized using 'CodeIgniter\Session\Handlers\FileHandler' driver.
INFO - 2023-11-08 11:19:34 --> Session: Class initialized using 'CodeIgniter\Session\Handlers\FileHandler' driver.
INFO - 2023-11-08 11:20:05 --> Session: Class initialized using 'CodeIgniter\Session\Handlers\FileHandler' driver.
INFO - 2023-11-08 11:20:19 --> Session: Class initialized using 'CodeIgniter\Session\Handlers\FileHandler' driver.
INFO - 2023-11-08 11:20:32 --> Session: Class initialized using 'CodeIgniter\Session\Handlers\FileHandler' driver.
INFO - 2023-11-08 11:20:37 --> Session: Class initialized using 'CodeIgniter\Session\Handlers\FileHandler' driver.
INFO - 2023-11-08 11:20:50 --> Session: Class initialized using 'CodeIgniter\Session\Handlers\FileHandler' driver.
INFO - 2023-11-08 11:22:08 --> Session: Class initialized using 'CodeIgniter\Session\Handlers\FileHandler' driver.
INFO - 2023-11-08 13:06:32 --> Session: Class initialized using 'CodeIgniter\Session\Handlers\FileHandler' driver.
INFO - 2023-11-08 13:06:40 --> Session: Class initialized using 'CodeIgniter\Session\Handlers\FileHandler' driver.
INFO - 2023-11-08 13:06:53 --> Session: Class initialized using 'CodeIgniter\Session\Handlers\FileHandler' driver.
INFO - 2023-11-08 13:10:18 --> Session: Class initialized using 'CodeIgniter\Session\Handlers\FileHandler' driver.
INFO - 2023-11-08 13:10:32 --> Session: Class initialized using 'CodeIgniter\Session\Handlers\FileHandler' driver.
INFO - 2023-11-08 13:11:55 --> Session: Class initialized using 'CodeIgniter\Session\Handlers\FileHandler' driver.
INFO - 2023-11-08 13:12:11 --> Session: Class initialized using 'CodeIgniter\Session\Handlers\FileHandler' driver.
INFO - 2023-11-08 13:15:20 --> Session: Class initialized using 'CodeIgniter\Session\Handlers\FileHandler' driver.
INFO - 2023-11-08 13:16:33 --> Session: Class initialized using 'CodeIgniter\Session\Handlers\FileHandler' driver.
WARNING - 2023-11-08 13:16:51 --> [DEPRECATED] Function utf8_decode() is deprecated in APPPATH\Controllers\report\FPDF_RECU.php on line 297.
 1 APPPATH\Controllers\TeacherController.php(1136): App\Controllers\FPDF_RECU->header_recu([...], 0)
 2 APPPATH\Controllers\TeacherController.php(145): App\Controllers\TeacherController->printRecus([...])
 3 SYSTEMPATH\CodeIgniter.php(932): App\Controllers\TeacherController->payer_salaire()
 4 SYSTEMPATH\CodeIgniter.php(497): CodeIgniter\CodeIgniter->runController(Object(App\Controllers\TeacherController))
 5 SYSTEMPATH\CodeIgniter.php(366): CodeIgniter\CodeIgniter->handleRequest(null, Object(Config\Cache), false)
 6 FCPATH\index.php(67): CodeIgniter\CodeIgniter->run()
 7 SYSTEMPATH\Commands\Server\rewrite.php(47): require_once('C:\\xampp\\htdocs\\DEMETO\\secondary-back\\public\\index.php')
WARNING - 2023-11-08 13:16:51 --> [DEPRECATED] Function utf8_decode() is deprecated in APPPATH\Controllers\report\FPDF_RECU.php on line 299.
 1 APPPATH\Controllers\TeacherController.php(1136): App\Controllers\FPDF_RECU->header_recu([...], 0)
 2 APPPATH\Controllers\TeacherController.php(145): App\Controllers\TeacherController->printRecus([...])
 3 SYSTEMPATH\CodeIgniter.php(932): App\Controllers\TeacherController->payer_salaire()
 4 SYSTEMPATH\CodeIgniter.php(497): CodeIgniter\CodeIgniter->runController(Object(App\Controllers\TeacherController))
 5 SYSTEMPATH\CodeIgniter.php(366): CodeIgniter\CodeIgniter->handleRequest(null, Object(Config\Cache), false)
 6 FCPATH\index.php(67): CodeIgniter\CodeIgniter->run()
 7 SYSTEMPATH\Commands\Server\rewrite.php(47): require_once('C:\\xampp\\htdocs\\DEMETO\\secondary-back\\public\\index.php')
WARNING - 2023-11-08 13:16:51 --> [DEPRECATED] Function utf8_decode() is deprecated in APPPATH\Controllers\report\FPDF_RECU.php on line 302.
 1 APPPATH\Controllers\TeacherController.php(1136): App\Controllers\FPDF_RECU->header_recu([...], 0)
 2 APPPATH\Controllers\TeacherController.php(145): App\Controllers\TeacherController->printRecus([...])
 3 SYSTEMPATH\CodeIgniter.php(932): App\Controllers\TeacherController->payer_salaire()
 4 SYSTEMPATH\CodeIgniter.php(497): CodeIgniter\CodeIgniter->runController(Object(App\Controllers\TeacherController))
 5 SYSTEMPATH\CodeIgniter.php(366): CodeIgniter\CodeIgniter->handleRequest(null, Object(Config\Cache), false)
 6 FCPATH\index.php(67): CodeIgniter\CodeIgniter->run()
 7 SYSTEMPATH\Commands\Server\rewrite.php(47): require_once('C:\\xampp\\htdocs\\DEMETO\\secondary-back\\public\\index.php')
WARNING - 2023-11-08 13:16:51 --> [DEPRECATED] Function utf8_decode() is deprecated in APPPATH\Controllers\report\FPDF_RECU.php on line 306.
 1 APPPATH\Controllers\TeacherController.php(1136): App\Controllers\FPDF_RECU->header_recu([...], 0)
 2 APPPATH\Controllers\TeacherController.php(145): App\Controllers\TeacherController->printRecus([...])
 3 SYSTEMPATH\CodeIgniter.php(932): App\Controllers\TeacherController->payer_salaire()
 4 SYSTEMPATH\CodeIgniter.php(497): CodeIgniter\CodeIgniter->runController(Object(App\Controllers\TeacherController))
 5 SYSTEMPATH\CodeIgniter.php(366): CodeIgniter\CodeIgniter->handleRequest(null, Object(Config\Cache), false)
 6 FCPATH\index.php(67): CodeIgniter\CodeIgniter->run()
 7 SYSTEMPATH\Commands\Server\rewrite.php(47): require_once('C:\\xampp\\htdocs\\DEMETO\\secondary-back\\public\\index.php')
WARNING - 2023-11-08 13:16:51 --> [DEPRECATED] Function utf8_decode() is deprecated in APPPATH\Controllers\report\FPDF_RECU.php on line 308.
 1 APPPATH\Controllers\TeacherController.php(1136): App\Controllers\FPDF_RECU->header_recu([...], 0)
 2 APPPATH\Controllers\TeacherController.php(145): App\Controllers\TeacherController->printRecus([...])
 3 SYSTEMPATH\CodeIgniter.php(932): App\Controllers\TeacherController->payer_salaire()
 4 SYSTEMPATH\CodeIgniter.php(497): CodeIgniter\CodeIgniter->runController(Object(App\Controllers\TeacherController))
 5 SYSTEMPATH\CodeIgniter.php(366): CodeIgniter\CodeIgniter->handleRequest(null, Object(Config\Cache), false)
 6 FCPATH\index.php(67): CodeIgniter\CodeIgniter->run()
 7 SYSTEMPATH\Commands\Server\rewrite.php(47): require_once('C:\\xampp\\htdocs\\DEMETO\\secondary-back\\public\\index.php')
WARNING - 2023-11-08 13:16:51 --> [DEPRECATED] Function utf8_decode() is deprecated in APPPATH\Controllers\report\FPDF_RECU.php on line 311.
 1 APPPATH\Controllers\TeacherController.php(1136): App\Controllers\FPDF_RECU->header_recu([...], 0)
 2 APPPATH\Controllers\TeacherController.php(145): App\Controllers\TeacherController->printRecus([...])
 3 SYSTEMPATH\CodeIgniter.php(932): App\Controllers\TeacherController->payer_salaire()
 4 SYSTEMPATH\CodeIgniter.php(497): CodeIgniter\CodeIgniter->runController(Object(App\Controllers\TeacherController))
 5 SYSTEMPATH\CodeIgniter.php(366): CodeIgniter\CodeIgniter->handleRequest(null, Object(Config\Cache), false)
 6 FCPATH\index.php(67): CodeIgniter\CodeIgniter->run()
 7 SYSTEMPATH\Commands\Server\rewrite.php(47): require_once('C:\\xampp\\htdocs\\DEMETO\\secondary-back\\public\\index.php')
WARNING - 2023-11-08 13:16:51 --> [DEPRECATED] Function utf8_decode() is deprecated in APPPATH\Controllers\report\FPDF_RECU.php on line 328.
 1 APPPATH\Controllers\TeacherController.php(1136): App\Controllers\FPDF_RECU->header_recu([...], 0)
 2 APPPATH\Controllers\TeacherController.php(145): App\Controllers\TeacherController->printRecus([...])
 3 SYSTEMPATH\CodeIgniter.php(932): App\Controllers\TeacherController->payer_salaire()
 4 SYSTEMPATH\CodeIgniter.php(497): CodeIgniter\CodeIgniter->runController(Object(App\Controllers\TeacherController))
 5 SYSTEMPATH\CodeIgniter.php(366): CodeIgniter\CodeIgniter->handleRequest(null, Object(Config\Cache), false)
 6 FCPATH\index.php(67): CodeIgniter\CodeIgniter->run()
 7 SYSTEMPATH\Commands\Server\rewrite.php(47): require_once('C:\\xampp\\htdocs\\DEMETO\\secondary-back\\public\\index.php')
WARNING - 2023-11-08 13:16:51 --> [DEPRECATED] Function utf8_decode() is deprecated in APPPATH\Controllers\report\FPDF_RECU.php on line 332.
 1 APPPATH\Controllers\TeacherController.php(1136): App\Controllers\FPDF_RECU->header_recu([...], 0)
 2 APPPATH\Controllers\TeacherController.php(145): App\Controllers\TeacherController->printRecus([...])
 3 SYSTEMPATH\CodeIgniter.php(932): App\Controllers\TeacherController->payer_salaire()
 4 SYSTEMPATH\CodeIgniter.php(497): CodeIgniter\CodeIgniter->runController(Object(App\Controllers\TeacherController))
 5 SYSTEMPATH\CodeIgniter.php(366): CodeIgniter\CodeIgniter->handleRequest(null, Object(Config\Cache), false)
 6 FCPATH\index.php(67): CodeIgniter\CodeIgniter->run()
 7 SYSTEMPATH\Commands\Server\rewrite.php(47): require_once('C:\\xampp\\htdocs\\DEMETO\\secondary-back\\public\\index.php')
WARNING - 2023-11-08 13:16:51 --> [DEPRECATED] Function utf8_decode() is deprecated in APPPATH\Controllers\report\FPDF_RECU.php on line 335.
 1 APPPATH\Controllers\TeacherController.php(1136): App\Controllers\FPDF_RECU->header_recu([...], 0)
 2 APPPATH\Controllers\TeacherController.php(145): App\Controllers\TeacherController->printRecus([...])
 3 SYSTEMPATH\CodeIgniter.php(932): App\Controllers\TeacherController->payer_salaire()
 4 SYSTEMPATH\CodeIgniter.php(497): CodeIgniter\CodeIgniter->runController(Object(App\Controllers\TeacherController))
 5 SYSTEMPATH\CodeIgniter.php(366): CodeIgniter\CodeIgniter->handleRequest(null, Object(Config\Cache), false)
 6 FCPATH\index.php(67): CodeIgniter\CodeIgniter->run()
 7 SYSTEMPATH\Commands\Server\rewrite.php(47): require_once('C:\\xampp\\htdocs\\DEMETO\\secondary-back\\public\\index.php')
WARNING - 2023-11-08 13:16:51 --> [DEPRECATED] Function utf8_decode() is deprecated in APPPATH\Controllers\report\FPDF_RECU.php on line 338.
 1 APPPATH\Controllers\TeacherController.php(1136): App\Controllers\FPDF_RECU->header_recu([...], 0)
 2 APPPATH\Controllers\TeacherController.php(145): App\Controllers\TeacherController->printRecus([...])
 3 SYSTEMPATH\CodeIgniter.php(932): App\Controllers\TeacherController->payer_salaire()
 4 SYSTEMPATH\CodeIgniter.php(497): CodeIgniter\CodeIgniter->runController(Object(App\Controllers\TeacherController))
 5 SYSTEMPATH\CodeIgniter.php(366): CodeIgniter\CodeIgniter->handleRequest(null, Object(Config\Cache), false)
 6 FCPATH\index.php(67): CodeIgniter\CodeIgniter->run()
 7 SYSTEMPATH\Commands\Server\rewrite.php(47): require_once('C:\\xampp\\htdocs\\DEMETO\\secondary-back\\public\\index.php')
WARNING - 2023-11-08 13:16:51 --> [DEPRECATED] Function utf8_decode() is deprecated in APPPATH\Controllers\report\FPDF_RECU.php on line 341.
 1 APPPATH\Controllers\TeacherController.php(1136): App\Controllers\FPDF_RECU->header_recu([...], 0)
 2 APPPATH\Controllers\TeacherController.php(145): App\Controllers\TeacherController->printRecus([...])
 3 SYSTEMPATH\CodeIgniter.php(932): App\Controllers\TeacherController->payer_salaire()
 4 SYSTEMPATH\CodeIgniter.php(497): CodeIgniter\CodeIgniter->runController(Object(App\Controllers\TeacherController))
 5 SYSTEMPATH\CodeIgniter.php(366): CodeIgniter\CodeIgniter->handleRequest(null, Object(Config\Cache), false)
 6 FCPATH\index.php(67): CodeIgniter\CodeIgniter->run()
 7 SYSTEMPATH\Commands\Server\rewrite.php(47): require_once('C:\\xampp\\htdocs\\DEMETO\\secondary-back\\public\\index.php')
WARNING - 2023-11-08 13:16:51 --> [DEPRECATED] Function utf8_decode() is deprecated in APPPATH\Controllers\report\FPDF_RECU.php on line 344.
 1 APPPATH\Controllers\TeacherController.php(1136): App\Controllers\FPDF_RECU->header_recu([...], 0)
 2 APPPATH\Controllers\TeacherController.php(145): App\Controllers\TeacherController->printRecus([...])
 3 SYSTEMPATH\CodeIgniter.php(932): App\Controllers\TeacherController->payer_salaire()
 4 SYSTEMPATH\CodeIgniter.php(497): CodeIgniter\CodeIgniter->runController(Object(App\Controllers\TeacherController))
 5 SYSTEMPATH\CodeIgniter.php(366): CodeIgniter\CodeIgniter->handleRequest(null, Object(Config\Cache), false)
 6 FCPATH\index.php(67): CodeIgniter\CodeIgniter->run()
 7 SYSTEMPATH\Commands\Server\rewrite.php(47): require_once('C:\\xampp\\htdocs\\DEMETO\\secondary-back\\public\\index.php')
WARNING - 2023-11-08 13:16:51 --> [DEPRECATED] Function utf8_decode() is deprecated in APPPATH\Controllers\report\FPDF_RECU.php on line 347.
 1 APPPATH\Controllers\TeacherController.php(1136): App\Controllers\FPDF_RECU->header_recu([...], 0)
 2 APPPATH\Controllers\TeacherController.php(145): App\Controllers\TeacherController->printRecus([...])
 3 SYSTEMPATH\CodeIgniter.php(932): App\Controllers\TeacherController->payer_salaire()
 4 SYSTEMPATH\CodeIgniter.php(497): CodeIgniter\CodeIgniter->runController(Object(App\Controllers\TeacherController))
 5 SYSTEMPATH\CodeIgniter.php(366): CodeIgniter\CodeIgniter->handleRequest(null, Object(Config\Cache), false)
 6 FCPATH\index.php(67): CodeIgniter\CodeIgniter->run()
 7 SYSTEMPATH\Commands\Server\rewrite.php(47): require_once('C:\\xampp\\htdocs\\DEMETO\\secondary-back\\public\\index.php')
WARNING - 2023-11-08 13:16:51 --> [DEPRECATED] Function utf8_decode() is deprecated in APPPATH\Controllers\report\FPDF_RECU.php on line 359.
 1 APPPATH\Controllers\TeacherController.php(1136): App\Controllers\FPDF_RECU->header_recu([...], 0)
 2 APPPATH\Controllers\TeacherController.php(145): App\Controllers\TeacherController->printRecus([...])
 3 SYSTEMPATH\CodeIgniter.php(932): App\Controllers\TeacherController->payer_salaire()
 4 SYSTEMPATH\CodeIgniter.php(497): CodeIgniter\CodeIgniter->runController(Object(App\Controllers\TeacherController))
 5 SYSTEMPATH\CodeIgniter.php(366): CodeIgniter\CodeIgniter->handleRequest(null, Object(Config\Cache), false)
 6 FCPATH\index.php(67): CodeIgniter\CodeIgniter->run()
 7 SYSTEMPATH\Commands\Server\rewrite.php(47): require_once('C:\\xampp\\htdocs\\DEMETO\\secondary-back\\public\\index.php')
WARNING - 2023-11-08 13:16:51 --> [DEPRECATED] Function utf8_decode() is deprecated in APPPATH\Controllers\report\FPDF_RECU.php on line 368.
 1 APPPATH\Controllers\TeacherController.php(1136): App\Controllers\FPDF_RECU->header_recu([...], 0)
 2 APPPATH\Controllers\TeacherController.php(145): App\Controllers\TeacherController->printRecus([...])
 3 SYSTEMPATH\CodeIgniter.php(932): App\Controllers\TeacherController->payer_salaire()
 4 SYSTEMPATH\CodeIgniter.php(497): CodeIgniter\CodeIgniter->runController(Object(App\Controllers\TeacherController))
 5 SYSTEMPATH\CodeIgniter.php(366): CodeIgniter\CodeIgniter->handleRequest(null, Object(Config\Cache), false)
 6 FCPATH\index.php(67): CodeIgniter\CodeIgniter->run()
 7 SYSTEMPATH\Commands\Server\rewrite.php(47): require_once('C:\\xampp\\htdocs\\DEMETO\\secondary-back\\public\\index.php')
WARNING - 2023-11-08 13:16:51 --> [DEPRECATED] Function utf8_decode() is deprecated in APPPATH\Controllers\report\FPDF_RECU.php on line 297.
 1 APPPATH\Controllers\TeacherController.php(1138): App\Controllers\FPDF_RECU->header_recu([...], 146)
 2 APPPATH\Controllers\TeacherController.php(145): App\Controllers\TeacherController->printRecus([...])
 3 SYSTEMPATH\CodeIgniter.php(932): App\Controllers\TeacherController->payer_salaire()
 4 SYSTEMPATH\CodeIgniter.php(497): CodeIgniter\CodeIgniter->runController(Object(App\Controllers\TeacherController))
 5 SYSTEMPATH\CodeIgniter.php(366): CodeIgniter\CodeIgniter->handleRequest(null, Object(Config\Cache), false)
 6 FCPATH\index.php(67): CodeIgniter\CodeIgniter->run()
 7 SYSTEMPATH\Commands\Server\rewrite.php(47): require_once('C:\\xampp\\htdocs\\DEMETO\\secondary-back\\public\\index.php')
WARNING - 2023-11-08 13:16:51 --> [DEPRECATED] Function utf8_decode() is deprecated in APPPATH\Controllers\report\FPDF_RECU.php on line 299.
 1 APPPATH\Controllers\TeacherController.php(1138): App\Controllers\FPDF_RECU->header_recu([...], 146)
 2 APPPATH\Controllers\TeacherController.php(145): App\Controllers\TeacherController->printRecus([...])
 3 SYSTEMPATH\CodeIgniter.php(932): App\Controllers\TeacherController->payer_salaire()
 4 SYSTEMPATH\CodeIgniter.php(497): CodeIgniter\CodeIgniter->runController(Object(App\Controllers\TeacherController))
 5 SYSTEMPATH\CodeIgniter.php(366): CodeIgniter\CodeIgniter->handleRequest(null, Object(Config\Cache), false)
 6 FCPATH\index.php(67): CodeIgniter\CodeIgniter->run()
 7 SYSTEMPATH\Commands\Server\rewrite.php(47): require_once('C:\\xampp\\htdocs\\DEMETO\\secondary-back\\public\\index.php')
WARNING - 2023-11-08 13:16:51 --> [DEPRECATED] Function utf8_decode() is deprecated in APPPATH\Controllers\report\FPDF_RECU.php on line 302.
 1 APPPATH\Controllers\TeacherController.php(1138): App\Controllers\FPDF_RECU->header_recu([...], 146)
 2 APPPATH\Controllers\TeacherController.php(145): App\Controllers\TeacherController->printRecus([...])
 3 SYSTEMPATH\CodeIgniter.php(932): App\Controllers\TeacherController->payer_salaire()
 4 SYSTEMPATH\CodeIgniter.php(497): CodeIgniter\CodeIgniter->runController(Object(App\Controllers\TeacherController))
 5 SYSTEMPATH\CodeIgniter.php(366): CodeIgniter\CodeIgniter->handleRequest(null, Object(Config\Cache), false)
 6 FCPATH\index.php(67): CodeIgniter\CodeIgniter->run()
 7 SYSTEMPATH\Commands\Server\rewrite.php(47): require_once('C:\\xampp\\htdocs\\DEMETO\\secondary-back\\public\\index.php')
WARNING - 2023-11-08 13:16:51 --> [DEPRECATED] Function utf8_decode() is deprecated in APPPATH\Controllers\report\FPDF_RECU.php on line 306.
 1 APPPATH\Controllers\TeacherController.php(1138): App\Controllers\FPDF_RECU->header_recu([...], 146)
 2 APPPATH\Controllers\TeacherController.php(145): App\Controllers\TeacherController->printRecus([...])
 3 SYSTEMPATH\CodeIgniter.php(932): App\Controllers\TeacherController->payer_salaire()
 4 SYSTEMPATH\CodeIgniter.php(497): CodeIgniter\CodeIgniter->runController(Object(App\Controllers\TeacherController))
 5 SYSTEMPATH\CodeIgniter.php(366): CodeIgniter\CodeIgniter->handleRequest(null, Object(Config\Cache), false)
 6 FCPATH\index.php(67): CodeIgniter\CodeIgniter->run()
 7 SYSTEMPATH\Commands\Server\rewrite.php(47): require_once('C:\\xampp\\htdocs\\DEMETO\\secondary-back\\public\\index.php')
WARNING - 2023-11-08 13:16:51 --> [DEPRECATED] Function utf8_decode() is deprecated in APPPATH\Controllers\report\FPDF_RECU.php on line 308.
 1 APPPATH\Controllers\TeacherController.php(1138): App\Controllers\FPDF_RECU->header_recu([...], 146)
 2 APPPATH\Controllers\TeacherController.php(145): App\Controllers\TeacherController->printRecus([...])
 3 SYSTEMPATH\CodeIgniter.php(932): App\Controllers\TeacherController->payer_salaire()
 4 SYSTEMPATH\CodeIgniter.php(497): CodeIgniter\CodeIgniter->runController(Object(App\Controllers\TeacherController))
 5 SYSTEMPATH\CodeIgniter.php(366): CodeIgniter\CodeIgniter->handleRequest(null, Object(Config\Cache), false)
 6 FCPATH\index.php(67): CodeIgniter\CodeIgniter->run()
 7 SYSTEMPATH\Commands\Server\rewrite.php(47): require_once('C:\\xampp\\htdocs\\DEMETO\\secondary-back\\public\\index.php')
WARNING - 2023-11-08 13:16:51 --> [DEPRECATED] Function utf8_decode() is deprecated in APPPATH\Controllers\report\FPDF_RECU.php on line 311.
 1 APPPATH\Controllers\TeacherController.php(1138): App\Controllers\FPDF_RECU->header_recu([...], 146)
 2 APPPATH\Controllers\TeacherController.php(145): App\Controllers\TeacherController->printRecus([...])
 3 SYSTEMPATH\CodeIgniter.php(932): App\Controllers\TeacherController->payer_salaire()
 4 SYSTEMPATH\CodeIgniter.php(497): CodeIgniter\CodeIgniter->runController(Object(App\Controllers\TeacherController))
 5 SYSTEMPATH\CodeIgniter.php(366): CodeIgniter\CodeIgniter->handleRequest(null, Object(Config\Cache), false)
 6 FCPATH\index.php(67): CodeIgniter\CodeIgniter->run()
 7 SYSTEMPATH\Commands\Server\rewrite.php(47): require_once('C:\\xampp\\htdocs\\DEMETO\\secondary-back\\public\\index.php')
WARNING - 2023-11-08 13:16:51 --> [DEPRECATED] Function utf8_decode() is deprecated in APPPATH\Controllers\report\FPDF_RECU.php on line 328.
 1 APPPATH\Controllers\TeacherController.php(1138): App\Controllers\FPDF_RECU->header_recu([...], 146)
 2 APPPATH\Controllers\TeacherController.php(145): App\Controllers\TeacherController->printRecus([...])
 3 SYSTEMPATH\CodeIgniter.php(932): App\Controllers\TeacherController->payer_salaire()
 4 SYSTEMPATH\CodeIgniter.php(497): CodeIgniter\CodeIgniter->runController(Object(App\Controllers\TeacherController))
 5 SYSTEMPATH\CodeIgniter.php(366): CodeIgniter\CodeIgniter->handleRequest(null, Object(Config\Cache), false)
 6 FCPATH\index.php(67): CodeIgniter\CodeIgniter->run()
 7 SYSTEMPATH\Commands\Server\rewrite.php(47): require_once('C:\\xampp\\htdocs\\DEMETO\\secondary-back\\public\\index.php')
WARNING - 2023-11-08 13:16:51 --> [DEPRECATED] Function utf8_decode() is deprecated in APPPATH\Controllers\report\FPDF_RECU.php on line 332.
 1 APPPATH\Controllers\TeacherController.php(1138): App\Controllers\FPDF_RECU->header_recu([...], 146)
 2 APPPATH\Controllers\TeacherController.php(145): App\Controllers\TeacherController->printRecus([...])
 3 SYSTEMPATH\CodeIgniter.php(932): App\Controllers\TeacherController->payer_salaire()
 4 SYSTEMPATH\CodeIgniter.php(497): CodeIgniter\CodeIgniter->runController(Object(App\Controllers\TeacherController))
 5 SYSTEMPATH\CodeIgniter.php(366): CodeIgniter\CodeIgniter->handleRequest(null, Object(Config\Cache), false)
 6 FCPATH\index.php(67): CodeIgniter\CodeIgniter->run()
 7 SYSTEMPATH\Commands\Server\rewrite.php(47): require_once('C:\\xampp\\htdocs\\DEMETO\\secondary-back\\public\\index.php')
WARNING - 2023-11-08 13:16:51 --> [DEPRECATED] Function utf8_decode() is deprecated in APPPATH\Controllers\report\FPDF_RECU.php on line 335.
 1 APPPATH\Controllers\TeacherController.php(1138): App\Controllers\FPDF_RECU->header_recu([...], 146)
 2 APPPATH\Controllers\TeacherController.php(145): App\Controllers\TeacherController->printRecus([...])
 3 SYSTEMPATH\CodeIgniter.php(932): App\Controllers\TeacherController->payer_salaire()
 4 SYSTEMPATH\CodeIgniter.php(497): CodeIgniter\CodeIgniter->runController(Object(App\Controllers\TeacherController))
 5 SYSTEMPATH\CodeIgniter.php(366): CodeIgniter\CodeIgniter->handleRequest(null, Object(Config\Cache), false)
 6 FCPATH\index.php(67): CodeIgniter\CodeIgniter->run()
 7 SYSTEMPATH\Commands\Server\rewrite.php(47): require_once('C:\\xampp\\htdocs\\DEMETO\\secondary-back\\public\\index.php')
WARNING - 2023-11-08 13:16:51 --> [DEPRECATED] Function utf8_decode() is deprecated in APPPATH\Controllers\report\FPDF_RECU.php on line 338.
 1 APPPATH\Controllers\TeacherController.php(1138): App\Controllers\FPDF_RECU->header_recu([...], 146)
 2 APPPATH\Controllers\TeacherController.php(145): App\Controllers\TeacherController->printRecus([...])
 3 SYSTEMPATH\CodeIgniter.php(932): App\Controllers\TeacherController->payer_salaire()
 4 SYSTEMPATH\CodeIgniter.php(497): CodeIgniter\CodeIgniter->runController(Object(App\Controllers\TeacherController))
 5 SYSTEMPATH\CodeIgniter.php(366): CodeIgniter\CodeIgniter->handleRequest(null, Object(Config\Cache), false)
 6 FCPATH\index.php(67): CodeIgniter\CodeIgniter->run()
 7 SYSTEMPATH\Commands\Server\rewrite.php(47): require_once('C:\\xampp\\htdocs\\DEMETO\\secondary-back\\public\\index.php')
WARNING - 2023-11-08 13:16:51 --> [DEPRECATED] Function utf8_decode() is deprecated in APPPATH\Controllers\report\FPDF_RECU.php on line 341.
 1 APPPATH\Controllers\TeacherController.php(1138): App\Controllers\FPDF_RECU->header_recu([...], 146)
 2 APPPATH\Controllers\TeacherController.php(145): App\Controllers\TeacherController->printRecus([...])
 3 SYSTEMPATH\CodeIgniter.php(932): App\Controllers\TeacherController->payer_salaire()
 4 SYSTEMPATH\CodeIgniter.php(497): CodeIgniter\CodeIgniter->runController(Object(App\Controllers\TeacherController))
 5 SYSTEMPATH\CodeIgniter.php(366): CodeIgniter\CodeIgniter->handleRequest(null, Object(Config\Cache), false)
 6 FCPATH\index.php(67): CodeIgniter\CodeIgniter->run()
 7 SYSTEMPATH\Commands\Server\rewrite.php(47): require_once('C:\\xampp\\htdocs\\DEMETO\\secondary-back\\public\\index.php')
WARNING - 2023-11-08 13:16:51 --> [DEPRECATED] Function utf8_decode() is deprecated in APPPATH\Controllers\report\FPDF_RECU.php on line 344.
 1 APPPATH\Controllers\TeacherController.php(1138): App\Controllers\FPDF_RECU->header_recu([...], 146)
 2 APPPATH\Controllers\TeacherController.php(145): App\Controllers\TeacherController->printRecus([...])
 3 SYSTEMPATH\CodeIgniter.php(932): App\Controllers\TeacherController->payer_salaire()
 4 SYSTEMPATH\CodeIgniter.php(497): CodeIgniter\CodeIgniter->runController(Object(App\Controllers\TeacherController))
 5 SYSTEMPATH\CodeIgniter.php(366): CodeIgniter\CodeIgniter->handleRequest(null, Object(Config\Cache), false)
 6 FCPATH\index.php(67): CodeIgniter\CodeIgniter->run()
 7 SYSTEMPATH\Commands\Server\rewrite.php(47): require_once('C:\\xampp\\htdocs\\DEMETO\\secondary-back\\public\\index.php')
WARNING - 2023-11-08 13:16:51 --> [DEPRECATED] Function utf8_decode() is deprecated in APPPATH\Controllers\report\FPDF_RECU.php on line 347.
 1 APPPATH\Controllers\TeacherController.php(1138): App\Controllers\FPDF_RECU->header_recu([...], 146)
 2 APPPATH\Controllers\TeacherController.php(145): App\Controllers\TeacherController->printRecus([...])
 3 SYSTEMPATH\CodeIgniter.php(932): App\Controllers\TeacherController->payer_salaire()
 4 SYSTEMPATH\CodeIgniter.php(497): CodeIgniter\CodeIgniter->runController(Object(App\Controllers\TeacherController))
 5 SYSTEMPATH\CodeIgniter.php(366): CodeIgniter\CodeIgniter->handleRequest(null, Object(Config\Cache), false)
 6 FCPATH\index.php(67): CodeIgniter\CodeIgniter->run()
 7 SYSTEMPATH\Commands\Server\rewrite.php(47): require_once('C:\\xampp\\htdocs\\DEMETO\\secondary-back\\public\\index.php')
WARNING - 2023-11-08 13:16:51 --> [DEPRECATED] Function utf8_decode() is deprecated in APPPATH\Controllers\report\FPDF_RECU.php on line 359.
 1 APPPATH\Controllers\TeacherController.php(1138): App\Controllers\FPDF_RECU->header_recu([...], 146)
 2 APPPATH\Controllers\TeacherController.php(145): App\Controllers\TeacherController->printRecus([...])
 3 SYSTEMPATH\CodeIgniter.php(932): App\Controllers\TeacherController->payer_salaire()
 4 SYSTEMPATH\CodeIgniter.php(497): CodeIgniter\CodeIgniter->runController(Object(App\Controllers\TeacherController))
 5 SYSTEMPATH\CodeIgniter.php(366): CodeIgniter\CodeIgniter->handleRequest(null, Object(Config\Cache), false)
 6 FCPATH\index.php(67): CodeIgniter\CodeIgniter->run()
 7 SYSTEMPATH\Commands\Server\rewrite.php(47): require_once('C:\\xampp\\htdocs\\DEMETO\\secondary-back\\public\\index.php')
WARNING - 2023-11-08 13:16:51 --> [DEPRECATED] Function utf8_decode() is deprecated in APPPATH\Controllers\report\FPDF_RECU.php on line 368.
 1 APPPATH\Controllers\TeacherController.php(1138): App\Controllers\FPDF_RECU->header_recu([...], 146)
 2 APPPATH\Controllers\TeacherController.php(145): App\Controllers\TeacherController->printRecus([...])
 3 SYSTEMPATH\CodeIgniter.php(932): App\Controllers\TeacherController->payer_salaire()
 4 SYSTEMPATH\CodeIgniter.php(497): CodeIgniter\CodeIgniter->runController(Object(App\Controllers\TeacherController))
 5 SYSTEMPATH\CodeIgniter.php(366): CodeIgniter\CodeIgniter->handleRequest(null, Object(Config\Cache), false)
 6 FCPATH\index.php(67): CodeIgniter\CodeIgniter->run()
 7 SYSTEMPATH\Commands\Server\rewrite.php(47): require_once('C:\\xampp\\htdocs\\DEMETO\\secondary-back\\public\\index.php')
WARNING - 2023-11-08 13:16:51 --> [DEPRECATED] Function utf8_decode() is deprecated in APPPATH\Controllers\report\FPDF_RECU.php on line 460.
 1 APPPATH\Controllers\TeacherController.php(1141): App\Controllers\FPDF_RECU->footer_listing('Bafoussam le 2023-11-08', 0, 1)
 2 APPPATH\Controllers\TeacherController.php(145): App\Controllers\TeacherController->printRecus([...])
 3 SYSTEMPATH\CodeIgniter.php(932): App\Controllers\TeacherController->payer_salaire()
 4 SYSTEMPATH\CodeIgniter.php(497): CodeIgniter\CodeIgniter->runController(Object(App\Controllers\TeacherController))
 5 SYSTEMPATH\CodeIgniter.php(366): CodeIgniter\CodeIgniter->handleRequest(null, Object(Config\Cache), false)
 6 FCPATH\index.php(67): CodeIgniter\CodeIgniter->run()
 7 SYSTEMPATH\Commands\Server\rewrite.php(47): require_once('C:\\xampp\\htdocs\\DEMETO\\secondary-back\\public\\index.php')
WARNING - 2023-11-08 13:16:51 --> [DEPRECATED] Function utf8_decode() is deprecated in APPPATH\Controllers\report\FPDF_RECU.php on line 462.
 1 APPPATH\Controllers\TeacherController.php(1141): App\Controllers\FPDF_RECU->footer_listing('Bafoussam le 2023-11-08', 0, 1)
 2 APPPATH\Controllers\TeacherController.php(145): App\Controllers\TeacherController->printRecus([...])
 3 SYSTEMPATH\CodeIgniter.php(932): App\Controllers\TeacherController->payer_salaire()
 4 SYSTEMPATH\CodeIgniter.php(497): CodeIgniter\CodeIgniter->runController(Object(App\Controllers\TeacherController))
 5 SYSTEMPATH\CodeIgniter.php(366): CodeIgniter\CodeIgniter->handleRequest(null, Object(Config\Cache), false)
 6 FCPATH\index.php(67): CodeIgniter\CodeIgniter->run()
 7 SYSTEMPATH\Commands\Server\rewrite.php(47): require_once('C:\\xampp\\htdocs\\DEMETO\\secondary-back\\public\\index.php')
WARNING - 2023-11-08 13:16:51 --> [DEPRECATED] Function utf8_decode() is deprecated in APPPATH\Controllers\report\FPDF_RECU.php on line 464.
 1 APPPATH\Controllers\TeacherController.php(1141): App\Controllers\FPDF_RECU->footer_listing('Bafoussam le 2023-11-08', 0, 1)
 2 APPPATH\Controllers\TeacherController.php(145): App\Controllers\TeacherController->printRecus([...])
 3 SYSTEMPATH\CodeIgniter.php(932): App\Controllers\TeacherController->payer_salaire()
 4 SYSTEMPATH\CodeIgniter.php(497): CodeIgniter\CodeIgniter->runController(Object(App\Controllers\TeacherController))
 5 SYSTEMPATH\CodeIgniter.php(366): CodeIgniter\CodeIgniter->handleRequest(null, Object(Config\Cache), false)
 6 FCPATH\index.php(67): CodeIgniter\CodeIgniter->run()
 7 SYSTEMPATH\Commands\Server\rewrite.php(47): require_once('C:\\xampp\\htdocs\\DEMETO\\secondary-back\\public\\index.php')
WARNING - 2023-11-08 13:16:51 --> [DEPRECATED] Function utf8_decode() is deprecated in APPPATH\Controllers\report\FPDF_RECU.php on line 467.
 1 APPPATH\Controllers\TeacherController.php(1141): App\Controllers\FPDF_RECU->footer_listing('Bafoussam le 2023-11-08', 0, 1)
 2 APPPATH\Controllers\TeacherController.php(145): App\Controllers\TeacherController->printRecus([...])
 3 SYSTEMPATH\CodeIgniter.php(932): App\Controllers\TeacherController->payer_salaire()
 4 SYSTEMPATH\CodeIgniter.php(497): CodeIgniter\CodeIgniter->runController(Object(App\Controllers\TeacherController))
 5 SYSTEMPATH\CodeIgniter.php(366): CodeIgniter\CodeIgniter->handleRequest(null, Object(Config\Cache), false)
 6 FCPATH\index.php(67): CodeIgniter\CodeIgniter->run()
 7 SYSTEMPATH\Commands\Server\rewrite.php(47): require_once('C:\\xampp\\htdocs\\DEMETO\\secondary-back\\public\\index.php')
WARNING - 2023-11-08 13:16:51 --> [DEPRECATED] Function utf8_decode() is deprecated in APPPATH\Controllers\report\FPDF_RECU.php on line 470.
 1 APPPATH\Controllers\TeacherController.php(1141): App\Controllers\FPDF_RECU->footer_listing('Bafoussam le 2023-11-08', 0, 1)
 2 APPPATH\Controllers\TeacherController.php(145): App\Controllers\TeacherController->printRecus([...])
 3 SYSTEMPATH\CodeIgniter.php(932): App\Controllers\TeacherController->payer_salaire()
 4 SYSTEMPATH\CodeIgniter.php(497): CodeIgniter\CodeIgniter->runController(Object(App\Controllers\TeacherController))
 5 SYSTEMPATH\CodeIgniter.php(366): CodeIgniter\CodeIgniter->handleRequest(null, Object(Config\Cache), false)
 6 FCPATH\index.php(67): CodeIgniter\CodeIgniter->run()
 7 SYSTEMPATH\Commands\Server\rewrite.php(47): require_once('C:\\xampp\\htdocs\\DEMETO\\secondary-back\\public\\index.php')
WARNING - 2023-11-08 13:16:51 --> [DEPRECATED] Function utf8_decode() is deprecated in APPPATH\Controllers\report\FPDF_RECU.php on line 460.
 1 APPPATH\Controllers\TeacherController.php(1143): App\Controllers\FPDF_RECU->footer_listing('Bafoussam le 2023-11-08', 146, 2)
 2 APPPATH\Controllers\TeacherController.php(145): App\Controllers\TeacherController->printRecus([...])
 3 SYSTEMPATH\CodeIgniter.php(932): App\Controllers\TeacherController->payer_salaire()
 4 SYSTEMPATH\CodeIgniter.php(497): CodeIgniter\CodeIgniter->runController(Object(App\Controllers\TeacherController))
 5 SYSTEMPATH\CodeIgniter.php(366): CodeIgniter\CodeIgniter->handleRequest(null, Object(Config\Cache), false)
 6 FCPATH\index.php(67): CodeIgniter\CodeIgniter->run()
 7 SYSTEMPATH\Commands\Server\rewrite.php(47): require_once('C:\\xampp\\htdocs\\DEMETO\\secondary-back\\public\\index.php')
WARNING - 2023-11-08 13:16:51 --> [DEPRECATED] Function utf8_decode() is deprecated in APPPATH\Controllers\report\FPDF_RECU.php on line 462.
 1 APPPATH\Controllers\TeacherController.php(1143): App\Controllers\FPDF_RECU->footer_listing('Bafoussam le 2023-11-08', 146, 2)
 2 APPPATH\Controllers\TeacherController.php(145): App\Controllers\TeacherController->printRecus([...])
 3 SYSTEMPATH\CodeIgniter.php(932): App\Controllers\TeacherController->payer_salaire()
 4 SYSTEMPATH\CodeIgniter.php(497): CodeIgniter\CodeIgniter->runController(Object(App\Controllers\TeacherController))
 5 SYSTEMPATH\CodeIgniter.php(366): CodeIgniter\CodeIgniter->handleRequest(null, Object(Config\Cache), false)
 6 FCPATH\index.php(67): CodeIgniter\CodeIgniter->run()
 7 SYSTEMPATH\Commands\Server\rewrite.php(47): require_once('C:\\xampp\\htdocs\\DEMETO\\secondary-back\\public\\index.php')
WARNING - 2023-11-08 13:16:51 --> [DEPRECATED] Function utf8_decode() is deprecated in APPPATH\Controllers\report\FPDF_RECU.php on line 464.
 1 APPPATH\Controllers\TeacherController.php(1143): App\Controllers\FPDF_RECU->footer_listing('Bafoussam le 2023-11-08', 146, 2)
 2 APPPATH\Controllers\TeacherController.php(145): App\Controllers\TeacherController->printRecus([...])
 3 SYSTEMPATH\CodeIgniter.php(932): App\Controllers\TeacherController->payer_salaire()
 4 SYSTEMPATH\CodeIgniter.php(497): CodeIgniter\CodeIgniter->runController(Object(App\Controllers\TeacherController))
 5 SYSTEMPATH\CodeIgniter.php(366): CodeIgniter\CodeIgniter->handleRequest(null, Object(Config\Cache), false)
 6 FCPATH\index.php(67): CodeIgniter\CodeIgniter->run()
 7 SYSTEMPATH\Commands\Server\rewrite.php(47): require_once('C:\\xampp\\htdocs\\DEMETO\\secondary-back\\public\\index.php')
WARNING - 2023-11-08 13:16:51 --> [DEPRECATED] Function utf8_decode() is deprecated in APPPATH\Controllers\report\FPDF_RECU.php on line 467.
 1 APPPATH\Controllers\TeacherController.php(1143): App\Controllers\FPDF_RECU->footer_listing('Bafoussam le 2023-11-08', 146, 2)
 2 APPPATH\Controllers\TeacherController.php(145): App\Controllers\TeacherController->printRecus([...])
 3 SYSTEMPATH\CodeIgniter.php(932): App\Controllers\TeacherController->payer_salaire()
 4 SYSTEMPATH\CodeIgniter.php(497): CodeIgniter\CodeIgniter->runController(Object(App\Controllers\TeacherController))
 5 SYSTEMPATH\CodeIgniter.php(366): CodeIgniter\CodeIgniter->handleRequest(null, Object(Config\Cache), false)
 6 FCPATH\index.php(67): CodeIgniter\CodeIgniter->run()
 7 SYSTEMPATH\Commands\Server\rewrite.php(47): require_once('C:\\xampp\\htdocs\\DEMETO\\secondary-back\\public\\index.php')
WARNING - 2023-11-08 13:16:51 --> [DEPRECATED] Function utf8_decode() is deprecated in APPPATH\Controllers\report\FPDF_RECU.php on line 470.
 1 APPPATH\Controllers\TeacherController.php(1143): App\Controllers\FPDF_RECU->footer_listing('Bafoussam le 2023-11-08', 146, 2)
 2 APPPATH\Controllers\TeacherController.php(145): App\Controllers\TeacherController->printRecus([...])
 3 SYSTEMPATH\CodeIgniter.php(932): App\Controllers\TeacherController->payer_salaire()
 4 SYSTEMPATH\CodeIgniter.php(497): CodeIgniter\CodeIgniter->runController(Object(App\Controllers\TeacherController))
 5 SYSTEMPATH\CodeIgniter.php(366): CodeIgniter\CodeIgniter->handleRequest(null, Object(Config\Cache), false)
 6 FCPATH\index.php(67): CodeIgniter\CodeIgniter->run()
 7 SYSTEMPATH\Commands\Server\rewrite.php(47): require_once('C:\\xampp\\htdocs\\DEMETO\\secondary-back\\public\\index.php')
WARNING - 2023-11-08 13:16:51 --> [DEPRECATED] Function utf8_decode() is deprecated in APPPATH\Controllers\report\FPDF_RECU.php on line 394.
 1 APPPATH\Controllers\TeacherController.php(1146): App\Controllers\FPDF_RECU->content([...], 0)
 2 APPPATH\Controllers\TeacherController.php(145): App\Controllers\TeacherController->printRecus([...])
 3 SYSTEMPATH\CodeIgniter.php(932): App\Controllers\TeacherController->payer_salaire()
 4 SYSTEMPATH\CodeIgniter.php(497): CodeIgniter\CodeIgniter->runController(Object(App\Controllers\TeacherController))
 5 SYSTEMPATH\CodeIgniter.php(366): CodeIgniter\CodeIgniter->handleRequest(null, Object(Config\Cache), false)
 6 FCPATH\index.php(67): CodeIgniter\CodeIgniter->run()
 7 SYSTEMPATH\Commands\Server\rewrite.php(47): require_once('C:\\xampp\\htdocs\\DEMETO\\secondary-back\\public\\index.php')
WARNING - 2023-11-08 13:16:51 --> [DEPRECATED] Function utf8_decode() is deprecated in APPPATH\Controllers\report\FPDF_RECU.php on line 401.
 1 APPPATH\Controllers\TeacherController.php(1146): App\Controllers\FPDF_RECU->content([...], 0)
 2 APPPATH\Controllers\TeacherController.php(145): App\Controllers\TeacherController->printRecus([...])
 3 SYSTEMPATH\CodeIgniter.php(932): App\Controllers\TeacherController->payer_salaire()
 4 SYSTEMPATH\CodeIgniter.php(497): CodeIgniter\CodeIgniter->runController(Object(App\Controllers\TeacherController))
 5 SYSTEMPATH\CodeIgniter.php(366): CodeIgniter\CodeIgniter->handleRequest(null, Object(Config\Cache), false)
 6 FCPATH\index.php(67): CodeIgniter\CodeIgniter->run()
 7 SYSTEMPATH\Commands\Server\rewrite.php(47): require_once('C:\\xampp\\htdocs\\DEMETO\\secondary-back\\public\\index.php')
WARNING - 2023-11-08 13:16:51 --> [DEPRECATED] Function utf8_decode() is deprecated in APPPATH\Controllers\report\FPDF_RECU.php on line 403.
 1 APPPATH\Controllers\TeacherController.php(1146): App\Controllers\FPDF_RECU->content([...], 0)
 2 APPPATH\Controllers\TeacherController.php(145): App\Controllers\TeacherController->printRecus([...])
 3 SYSTEMPATH\CodeIgniter.php(932): App\Controllers\TeacherController->payer_salaire()
 4 SYSTEMPATH\CodeIgniter.php(497): CodeIgniter\CodeIgniter->runController(Object(App\Controllers\TeacherController))
 5 SYSTEMPATH\CodeIgniter.php(366): CodeIgniter\CodeIgniter->handleRequest(null, Object(Config\Cache), false)
 6 FCPATH\index.php(67): CodeIgniter\CodeIgniter->run()
 7 SYSTEMPATH\Commands\Server\rewrite.php(47): require_once('C:\\xampp\\htdocs\\DEMETO\\secondary-back\\public\\index.php')
WARNING - 2023-11-08 13:16:51 --> [DEPRECATED] Function utf8_decode() is deprecated in APPPATH\Controllers\report\FPDF_RECU.php on line 409.
 1 APPPATH\Controllers\TeacherController.php(1146): App\Controllers\FPDF_RECU->content([...], 0)
 2 APPPATH\Controllers\TeacherController.php(145): App\Controllers\TeacherController->printRecus([...])
 3 SYSTEMPATH\CodeIgniter.php(932): App\Controllers\TeacherController->payer_salaire()
 4 SYSTEMPATH\CodeIgniter.php(497): CodeIgniter\CodeIgniter->runController(Object(App\Controllers\TeacherController))
 5 SYSTEMPATH\CodeIgniter.php(366): CodeIgniter\CodeIgniter->handleRequest(null, Object(Config\Cache), false)
 6 FCPATH\index.php(67): CodeIgniter\CodeIgniter->run()
 7 SYSTEMPATH\Commands\Server\rewrite.php(47): require_once('C:\\xampp\\htdocs\\DEMETO\\secondary-back\\public\\index.php')
WARNING - 2023-11-08 13:16:51 --> [DEPRECATED] Function utf8_decode() is deprecated in APPPATH\Controllers\report\FPDF_RECU.php on line 411.
 1 APPPATH\Controllers\TeacherController.php(1146): App\Controllers\FPDF_RECU->content([...], 0)
 2 APPPATH\Controllers\TeacherController.php(145): App\Controllers\TeacherController->printRecus([...])
 3 SYSTEMPATH\CodeIgniter.php(932): App\Controllers\TeacherController->payer_salaire()
 4 SYSTEMPATH\CodeIgniter.php(497): CodeIgniter\CodeIgniter->runController(Object(App\Controllers\TeacherController))
 5 SYSTEMPATH\CodeIgniter.php(366): CodeIgniter\CodeIgniter->handleRequest(null, Object(Config\Cache), false)
 6 FCPATH\index.php(67): CodeIgniter\CodeIgniter->run()
 7 SYSTEMPATH\Commands\Server\rewrite.php(47): require_once('C:\\xampp\\htdocs\\DEMETO\\secondary-back\\public\\index.php')
WARNING - 2023-11-08 13:16:51 --> [DEPRECATED] Function utf8_decode() is deprecated in APPPATH\Controllers\report\FPDF_RECU.php on line 417.
 1 APPPATH\Controllers\TeacherController.php(1146): App\Controllers\FPDF_RECU->content([...], 0)
 2 APPPATH\Controllers\TeacherController.php(145): App\Controllers\TeacherController->printRecus([...])
 3 SYSTEMPATH\CodeIgniter.php(932): App\Controllers\TeacherController->payer_salaire()
 4 SYSTEMPATH\CodeIgniter.php(497): CodeIgniter\CodeIgniter->runController(Object(App\Controllers\TeacherController))
 5 SYSTEMPATH\CodeIgniter.php(366): CodeIgniter\CodeIgniter->handleRequest(null, Object(Config\Cache), false)
 6 FCPATH\index.php(67): CodeIgniter\CodeIgniter->run()
 7 SYSTEMPATH\Commands\Server\rewrite.php(47): require_once('C:\\xampp\\htdocs\\DEMETO\\secondary-back\\public\\index.php')
WARNING - 2023-11-08 13:16:51 --> [DEPRECATED] Function utf8_decode() is deprecated in APPPATH\Controllers\report\FPDF_RECU.php on line 419.
 1 APPPATH\Controllers\TeacherController.php(1146): App\Controllers\FPDF_RECU->content([...], 0)
 2 APPPATH\Controllers\TeacherController.php(145): App\Controllers\TeacherController->printRecus([...])
 3 SYSTEMPATH\CodeIgniter.php(932): App\Controllers\TeacherController->payer_salaire()
 4 SYSTEMPATH\CodeIgniter.php(497): CodeIgniter\CodeIgniter->runController(Object(App\Controllers\TeacherController))
 5 SYSTEMPATH\CodeIgniter.php(366): CodeIgniter\CodeIgniter->handleRequest(null, Object(Config\Cache), false)
 6 FCPATH\index.php(67): CodeIgniter\CodeIgniter->run()
 7 SYSTEMPATH\Commands\Server\rewrite.php(47): require_once('C:\\xampp\\htdocs\\DEMETO\\secondary-back\\public\\index.php')
WARNING - 2023-11-08 13:16:51 --> [DEPRECATED] Function utf8_decode() is deprecated in APPPATH\Controllers\report\FPDF_RECU.php on line 426.
 1 APPPATH\Controllers\TeacherController.php(1146): App\Controllers\FPDF_RECU->content([...], 0)
 2 APPPATH\Controllers\TeacherController.php(145): App\Controllers\TeacherController->printRecus([...])
 3 SYSTEMPATH\CodeIgniter.php(932): App\Controllers\TeacherController->payer_salaire()
 4 SYSTEMPATH\CodeIgniter.php(497): CodeIgniter\CodeIgniter->runController(Object(App\Controllers\TeacherController))
 5 SYSTEMPATH\CodeIgniter.php(366): CodeIgniter\CodeIgniter->handleRequest(null, Object(Config\Cache), false)
 6 FCPATH\index.php(67): CodeIgniter\CodeIgniter->run()
 7 SYSTEMPATH\Commands\Server\rewrite.php(47): require_once('C:\\xampp\\htdocs\\DEMETO\\secondary-back\\public\\index.php')
WARNING - 2023-11-08 13:16:51 --> [DEPRECATED] Function utf8_decode() is deprecated in APPPATH\Controllers\report\FPDF_RECU.php on line 428.
 1 APPPATH\Controllers\TeacherController.php(1146): App\Controllers\FPDF_RECU->content([...], 0)
 2 APPPATH\Controllers\TeacherController.php(145): App\Controllers\TeacherController->printRecus([...])
 3 SYSTEMPATH\CodeIgniter.php(932): App\Controllers\TeacherController->payer_salaire()
 4 SYSTEMPATH\CodeIgniter.php(497): CodeIgniter\CodeIgniter->runController(Object(App\Controllers\TeacherController))
 5 SYSTEMPATH\CodeIgniter.php(366): CodeIgniter\CodeIgniter->handleRequest(null, Object(Config\Cache), false)
 6 FCPATH\index.php(67): CodeIgniter\CodeIgniter->run()
 7 SYSTEMPATH\Commands\Server\rewrite.php(47): require_once('C:\\xampp\\htdocs\\DEMETO\\secondary-back\\public\\index.php')
WARNING - 2023-11-08 13:16:51 --> [DEPRECATED] Function utf8_decode() is deprecated in APPPATH\Controllers\report\FPDF_RECU.php on line 434.
 1 APPPATH\Controllers\TeacherController.php(1146): App\Controllers\FPDF_RECU->content([...], 0)
 2 APPPATH\Controllers\TeacherController.php(145): App\Controllers\TeacherController->printRecus([...])
 3 SYSTEMPATH\CodeIgniter.php(932): App\Controllers\TeacherController->payer_salaire()
 4 SYSTEMPATH\CodeIgniter.php(497): CodeIgniter\CodeIgniter->runController(Object(App\Controllers\TeacherController))
 5 SYSTEMPATH\CodeIgniter.php(366): CodeIgniter\CodeIgniter->handleRequest(null, Object(Config\Cache), false)
 6 FCPATH\index.php(67): CodeIgniter\CodeIgniter->run()
 7 SYSTEMPATH\Commands\Server\rewrite.php(47): require_once('C:\\xampp\\htdocs\\DEMETO\\secondary-back\\public\\index.php')
WARNING - 2023-11-08 13:16:51 --> [DEPRECATED] Function utf8_decode() is deprecated in APPPATH\Controllers\report\FPDF_RECU.php on line 440.
 1 APPPATH\Controllers\TeacherController.php(1146): App\Controllers\FPDF_RECU->content([...], 0)
 2 APPPATH\Controllers\TeacherController.php(145): App\Controllers\TeacherController->printRecus([...])
 3 SYSTEMPATH\CodeIgniter.php(932): App\Controllers\TeacherController->payer_salaire()
 4 SYSTEMPATH\CodeIgniter.php(497): CodeIgniter\CodeIgniter->runController(Object(App\Controllers\TeacherController))
 5 SYSTEMPATH\CodeIgniter.php(366): CodeIgniter\CodeIgniter->handleRequest(null, Object(Config\Cache), false)
 6 FCPATH\index.php(67): CodeIgniter\CodeIgniter->run()
 7 SYSTEMPATH\Commands\Server\rewrite.php(47): require_once('C:\\xampp\\htdocs\\DEMETO\\secondary-back\\public\\index.php')
WARNING - 2023-11-08 13:16:51 --> [DEPRECATED] Function utf8_decode() is deprecated in APPPATH\Controllers\report\FPDF_RECU.php on line 447.
 1 APPPATH\Controllers\TeacherController.php(1146): App\Controllers\FPDF_RECU->content([...], 0)
 2 APPPATH\Controllers\TeacherController.php(145): App\Controllers\TeacherController->printRecus([...])
 3 SYSTEMPATH\CodeIgniter.php(932): App\Controllers\TeacherController->payer_salaire()
 4 SYSTEMPATH\CodeIgniter.php(497): CodeIgniter\CodeIgniter->runController(Object(App\Controllers\TeacherController))
 5 SYSTEMPATH\CodeIgniter.php(366): CodeIgniter\CodeIgniter->handleRequest(null, Object(Config\Cache), false)
 6 FCPATH\index.php(67): CodeIgniter\CodeIgniter->run()
 7 SYSTEMPATH\Commands\Server\rewrite.php(47): require_once('C:\\xampp\\htdocs\\DEMETO\\secondary-back\\public\\index.php')
WARNING - 2023-11-08 13:16:51 --> [DEPRECATED] Function utf8_decode() is deprecated in APPPATH\Controllers\report\FPDF_RECU.php on line 449.
 1 APPPATH\Controllers\TeacherController.php(1146): App\Controllers\FPDF_RECU->content([...], 0)
 2 APPPATH\Controllers\TeacherController.php(145): App\Controllers\TeacherController->printRecus([...])
 3 SYSTEMPATH\CodeIgniter.php(932): App\Controllers\TeacherController->payer_salaire()
 4 SYSTEMPATH\CodeIgniter.php(497): CodeIgniter\CodeIgniter->runController(Object(App\Controllers\TeacherController))
 5 SYSTEMPATH\CodeIgniter.php(366): CodeIgniter\CodeIgniter->handleRequest(null, Object(Config\Cache), false)
 6 FCPATH\index.php(67): CodeIgniter\CodeIgniter->run()
 7 SYSTEMPATH\Commands\Server\rewrite.php(47): require_once('C:\\xampp\\htdocs\\DEMETO\\secondary-back\\public\\index.php')
WARNING - 2023-11-08 13:16:51 --> [DEPRECATED] Function utf8_decode() is deprecated in APPPATH\Controllers\report\FPDF_RECU.php on line 394.
 1 APPPATH\Controllers\TeacherController.php(1148): App\Controllers\FPDF_RECU->content([...], 146)
 2 APPPATH\Controllers\TeacherController.php(145): App\Controllers\TeacherController->printRecus([...])
 3 SYSTEMPATH\CodeIgniter.php(932): App\Controllers\TeacherController->payer_salaire()
 4 SYSTEMPATH\CodeIgniter.php(497): CodeIgniter\CodeIgniter->runController(Object(App\Controllers\TeacherController))
 5 SYSTEMPATH\CodeIgniter.php(366): CodeIgniter\CodeIgniter->handleRequest(null, Object(Config\Cache), false)
 6 FCPATH\index.php(67): CodeIgniter\CodeIgniter->run()
 7 SYSTEMPATH\Commands\Server\rewrite.php(47): require_once('C:\\xampp\\htdocs\\DEMETO\\secondary-back\\public\\index.php')
WARNING - 2023-11-08 13:16:51 --> [DEPRECATED] Function utf8_decode() is deprecated in APPPATH\Controllers\report\FPDF_RECU.php on line 401.
 1 APPPATH\Controllers\TeacherController.php(1148): App\Controllers\FPDF_RECU->content([...], 146)
 2 APPPATH\Controllers\TeacherController.php(145): App\Controllers\TeacherController->printRecus([...])
 3 SYSTEMPATH\CodeIgniter.php(932): App\Controllers\TeacherController->payer_salaire()
 4 SYSTEMPATH\CodeIgniter.php(497): CodeIgniter\CodeIgniter->runController(Object(App\Controllers\TeacherController))
 5 SYSTEMPATH\CodeIgniter.php(366): CodeIgniter\CodeIgniter->handleRequest(null, Object(Config\Cache), false)
 6 FCPATH\index.php(67): CodeIgniter\CodeIgniter->run()
 7 SYSTEMPATH\Commands\Server\rewrite.php(47): require_once('C:\\xampp\\htdocs\\DEMETO\\secondary-back\\public\\index.php')
WARNING - 2023-11-08 13:16:51 --> [DEPRECATED] Function utf8_decode() is deprecated in APPPATH\Controllers\report\FPDF_RECU.php on line 403.
 1 APPPATH\Controllers\TeacherController.php(1148): App\Controllers\FPDF_RECU->content([...], 146)
 2 APPPATH\Controllers\TeacherController.php(145): App\Controllers\TeacherController->printRecus([...])
 3 SYSTEMPATH\CodeIgniter.php(932): App\Controllers\TeacherController->payer_salaire()
 4 SYSTEMPATH\CodeIgniter.php(497): CodeIgniter\CodeIgniter->runController(Object(App\Controllers\TeacherController))
 5 SYSTEMPATH\CodeIgniter.php(366): CodeIgniter\CodeIgniter->handleRequest(null, Object(Config\Cache), false)
 6 FCPATH\index.php(67): CodeIgniter\CodeIgniter->run()
 7 SYSTEMPATH\Commands\Server\rewrite.php(47): require_once('C:\\xampp\\htdocs\\DEMETO\\secondary-back\\public\\index.php')
WARNING - 2023-11-08 13:16:51 --> [DEPRECATED] Function utf8_decode() is deprecated in APPPATH\Controllers\report\FPDF_RECU.php on line 409.
 1 APPPATH\Controllers\TeacherController.php(1148): App\Controllers\FPDF_RECU->content([...], 146)
 2 APPPATH\Controllers\TeacherController.php(145): App\Controllers\TeacherController->printRecus([...])
 3 SYSTEMPATH\CodeIgniter.php(932): App\Controllers\TeacherController->payer_salaire()
 4 SYSTEMPATH\CodeIgniter.php(497): CodeIgniter\CodeIgniter->runController(Object(App\Controllers\TeacherController))
 5 SYSTEMPATH\CodeIgniter.php(366): CodeIgniter\CodeIgniter->handleRequest(null, Object(Config\Cache), false)
 6 FCPATH\index.php(67): CodeIgniter\CodeIgniter->run()
 7 SYSTEMPATH\Commands\Server\rewrite.php(47): require_once('C:\\xampp\\htdocs\\DEMETO\\secondary-back\\public\\index.php')
WARNING - 2023-11-08 13:16:51 --> [DEPRECATED] Function utf8_decode() is deprecated in APPPATH\Controllers\report\FPDF_RECU.php on line 411.
 1 APPPATH\Controllers\TeacherController.php(1148): App\Controllers\FPDF_RECU->content([...], 146)
 2 APPPATH\Controllers\TeacherController.php(145): App\Controllers\TeacherController->printRecus([...])
 3 SYSTEMPATH\CodeIgniter.php(932): App\Controllers\TeacherController->payer_salaire()
 4 SYSTEMPATH\CodeIgniter.php(497): CodeIgniter\CodeIgniter->runController(Object(App\Controllers\TeacherController))
 5 SYSTEMPATH\CodeIgniter.php(366): CodeIgniter\CodeIgniter->handleRequest(null, Object(Config\Cache), false)
 6 FCPATH\index.php(67): CodeIgniter\CodeIgniter->run()
 7 SYSTEMPATH\Commands\Server\rewrite.php(47): require_once('C:\\xampp\\htdocs\\DEMETO\\secondary-back\\public\\index.php')
WARNING - 2023-11-08 13:16:51 --> [DEPRECATED] Function utf8_decode() is deprecated in APPPATH\Controllers\report\FPDF_RECU.php on line 417.
 1 APPPATH\Controllers\TeacherController.php(1148): App\Controllers\FPDF_RECU->content([...], 146)
 2 APPPATH\Controllers\TeacherController.php(145): App\Controllers\TeacherController->printRecus([...])
 3 SYSTEMPATH\CodeIgniter.php(932): App\Controllers\TeacherController->payer_salaire()
 4 SYSTEMPATH\CodeIgniter.php(497): CodeIgniter\CodeIgniter->runController(Object(App\Controllers\TeacherController))
 5 SYSTEMPATH\CodeIgniter.php(366): CodeIgniter\CodeIgniter->handleRequest(null, Object(Config\Cache), false)
 6 FCPATH\index.php(67): CodeIgniter\CodeIgniter->run()
 7 SYSTEMPATH\Commands\Server\rewrite.php(47): require_once('C:\\xampp\\htdocs\\DEMETO\\secondary-back\\public\\index.php')
WARNING - 2023-11-08 13:16:51 --> [DEPRECATED] Function utf8_decode() is deprecated in APPPATH\Controllers\report\FPDF_RECU.php on line 419.
 1 APPPATH\Controllers\TeacherController.php(1148): App\Controllers\FPDF_RECU->content([...], 146)
 2 APPPATH\Controllers\TeacherController.php(145): App\Controllers\TeacherController->printRecus([...])
 3 SYSTEMPATH\CodeIgniter.php(932): App\Controllers\TeacherController->payer_salaire()
 4 SYSTEMPATH\CodeIgniter.php(497): CodeIgniter\CodeIgniter->runController(Object(App\Controllers\TeacherController))
 5 SYSTEMPATH\CodeIgniter.php(366): CodeIgniter\CodeIgniter->handleRequest(null, Object(Config\Cache), false)
 6 FCPATH\index.php(67): CodeIgniter\CodeIgniter->run()
 7 SYSTEMPATH\Commands\Server\rewrite.php(47): require_once('C:\\xampp\\htdocs\\DEMETO\\secondary-back\\public\\index.php')
WARNING - 2023-11-08 13:16:51 --> [DEPRECATED] Function utf8_decode() is deprecated in APPPATH\Controllers\report\FPDF_RECU.php on line 426.
 1 APPPATH\Controllers\TeacherController.php(1148): App\Controllers\FPDF_RECU->content([...], 146)
 2 APPPATH\Controllers\TeacherController.php(145): App\Controllers\TeacherController->printRecus([...])
 3 SYSTEMPATH\CodeIgniter.php(932): App\Controllers\TeacherController->payer_salaire()
 4 SYSTEMPATH\CodeIgniter.php(497): CodeIgniter\CodeIgniter->runController(Object(App\Controllers\TeacherController))
 5 SYSTEMPATH\CodeIgniter.php(366): CodeIgniter\CodeIgniter->handleRequest(null, Object(Config\Cache), false)
 6 FCPATH\index.php(67): CodeIgniter\CodeIgniter->run()
 7 SYSTEMPATH\Commands\Server\rewrite.php(47): require_once('C:\\xampp\\htdocs\\DEMETO\\secondary-back\\public\\index.php')
WARNING - 2023-11-08 13:16:51 --> [DEPRECATED] Function utf8_decode() is deprecated in APPPATH\Controllers\report\FPDF_RECU.php on line 428.
 1 APPPATH\Controllers\TeacherController.php(1148): App\Controllers\FPDF_RECU->content([...], 146)
 2 APPPATH\Controllers\TeacherController.php(145): App\Controllers\TeacherController->printRecus([...])
 3 SYSTEMPATH\CodeIgniter.php(932): App\Controllers\TeacherController->payer_salaire()
 4 SYSTEMPATH\CodeIgniter.php(497): CodeIgniter\CodeIgniter->runController(Object(App\Controllers\TeacherController))
 5 SYSTEMPATH\CodeIgniter.php(366): CodeIgniter\CodeIgniter->handleRequest(null, Object(Config\Cache), false)
 6 FCPATH\index.php(67): CodeIgniter\CodeIgniter->run()
 7 SYSTEMPATH\Commands\Server\rewrite.php(47): require_once('C:\\xampp\\htdocs\\DEMETO\\secondary-back\\public\\index.php')
WARNING - 2023-11-08 13:16:51 --> [DEPRECATED] Function utf8_decode() is deprecated in APPPATH\Controllers\report\FPDF_RECU.php on line 434.
 1 APPPATH\Controllers\TeacherController.php(1148): App\Controllers\FPDF_RECU->content([...], 146)
 2 APPPATH\Controllers\TeacherController.php(145): App\Controllers\TeacherController->printRecus([...])
 3 SYSTEMPATH\CodeIgniter.php(932): App\Controllers\TeacherController->payer_salaire()
 4 SYSTEMPATH\CodeIgniter.php(497): CodeIgniter\CodeIgniter->runController(Object(App\Controllers\TeacherController))
 5 SYSTEMPATH\CodeIgniter.php(366): CodeIgniter\CodeIgniter->handleRequest(null, Object(Config\Cache), false)
 6 FCPATH\index.php(67): CodeIgniter\CodeIgniter->run()
 7 SYSTEMPATH\Commands\Server\rewrite.php(47): require_once('C:\\xampp\\htdocs\\DEMETO\\secondary-back\\public\\index.php')
WARNING - 2023-11-08 13:16:51 --> [DEPRECATED] Function utf8_decode() is deprecated in APPPATH\Controllers\report\FPDF_RECU.php on line 440.
 1 APPPATH\Controllers\TeacherController.php(1148): App\Controllers\FPDF_RECU->content([...], 146)
 2 APPPATH\Controllers\TeacherController.php(145): App\Controllers\TeacherController->printRecus([...])
 3 SYSTEMPATH\CodeIgniter.php(932): App\Controllers\TeacherController->payer_salaire()
 4 SYSTEMPATH\CodeIgniter.php(497): CodeIgniter\CodeIgniter->runController(Object(App\Controllers\TeacherController))
 5 SYSTEMPATH\CodeIgniter.php(366): CodeIgniter\CodeIgniter->handleRequest(null, Object(Config\Cache), false)
 6 FCPATH\index.php(67): CodeIgniter\CodeIgniter->run()
 7 SYSTEMPATH\Commands\Server\rewrite.php(47): require_once('C:\\xampp\\htdocs\\DEMETO\\secondary-back\\public\\index.php')
WARNING - 2023-11-08 13:16:51 --> [DEPRECATED] Function utf8_decode() is deprecated in APPPATH\Controllers\report\FPDF_RECU.php on line 447.
 1 APPPATH\Controllers\TeacherController.php(1148): App\Controllers\FPDF_RECU->content([...], 146)
 2 APPPATH\Controllers\TeacherController.php(145): App\Controllers\TeacherController->printRecus([...])
 3 SYSTEMPATH\CodeIgniter.php(932): App\Controllers\TeacherController->payer_salaire()
 4 SYSTEMPATH\CodeIgniter.php(497): CodeIgniter\CodeIgniter->runController(Object(App\Controllers\TeacherController))
 5 SYSTEMPATH\CodeIgniter.php(366): CodeIgniter\CodeIgniter->handleRequest(null, Object(Config\Cache), false)
 6 FCPATH\index.php(67): CodeIgniter\CodeIgniter->run()
 7 SYSTEMPATH\Commands\Server\rewrite.php(47): require_once('C:\\xampp\\htdocs\\DEMETO\\secondary-back\\public\\index.php')
WARNING - 2023-11-08 13:16:52 --> [DEPRECATED] Function utf8_decode() is deprecated in APPPATH\Controllers\report\FPDF_RECU.php on line 449.
 1 APPPATH\Controllers\TeacherController.php(1148): App\Controllers\FPDF_RECU->content([...], 146)
 2 APPPATH\Controllers\TeacherController.php(145): App\Controllers\TeacherController->printRecus([...])
 3 SYSTEMPATH\CodeIgniter.php(932): App\Controllers\TeacherController->payer_salaire()
 4 SYSTEMPATH\CodeIgniter.php(497): CodeIgniter\CodeIgniter->runController(Object(App\Controllers\TeacherController))
 5 SYSTEMPATH\CodeIgniter.php(366): CodeIgniter\CodeIgniter->handleRequest(null, Object(Config\Cache), false)
 6 FCPATH\index.php(67): CodeIgniter\CodeIgniter->run()
 7 SYSTEMPATH\Commands\Server\rewrite.php(47): require_once('C:\\xampp\\htdocs\\DEMETO\\secondary-back\\public\\index.php')
INFO - 2023-11-08 13:18:53 --> Session: Class initialized using 'CodeIgniter\Session\Handlers\FileHandler' driver.
INFO - 2023-11-08 13:19:00 --> Session: Class initialized using 'CodeIgniter\Session\Handlers\FileHandler' driver.
INFO - 2023-11-08 13:19:01 --> Session: Class initialized using 'CodeIgniter\Session\Handlers\FileHandler' driver.
INFO - 2023-11-08 13:20:45 --> Session: Class initialized using 'CodeIgniter\Session\Handlers\FileHandler' driver.
INFO - 2023-11-08 13:20:57 --> Session: Class initialized using 'CodeIgniter\Session\Handlers\FileHandler' driver.
INFO - 2023-11-08 13:21:51 --> Session: Class initialized using 'CodeIgniter\Session\Handlers\FileHandler' driver.
INFO - 2023-11-08 13:21:58 --> Session: Class initialized using 'CodeIgniter\Session\Handlers\FileHandler' driver.
INFO - 2023-11-08 13:22:05 --> Session: Class initialized using 'CodeIgniter\Session\Handlers\FileHandler' driver.
INFO - 2023-11-08 13:22:12 --> Session: Class initialized using 'CodeIgniter\Session\Handlers\FileHandler' driver.
INFO - 2023-11-08 13:22:21 --> Session: Class initialized using 'CodeIgniter\Session\Handlers\FileHandler' driver.
