INFO - 2023-11-27 17:24:06 --> Session: Class initialized using 'CodeIgniter\Session\Handlers\FileHandler' driver.
INFO - 2023-11-27 17:24:18 --> Session: Class initialized using 'CodeIgniter\Session\Handlers\FileHandler' driver.
INFO - 2023-11-27 17:24:22 --> Session: Class initialized using 'CodeIgniter\Session\Handlers\FileHandler' driver.
INFO - 2023-11-27 17:24:55 --> Session: Class initialized using 'CodeIgniter\Session\Handlers\FileHandler' driver.
INFO - 2023-11-27 17:24:57 --> Session: Class initialized using 'CodeIgniter\Session\Handlers\FileHandler' driver.
INFO - 2023-11-27 17:25:00 --> Session: Class initialized using 'CodeIgniter\Session\Handlers\FileHandler' driver.
INFO - 2023-11-27 17:25:04 --> Session: Class initialized using 'CodeIgniter\Session\Handlers\FileHandler' driver.
INFO - 2023-11-27 17:25:20 --> Session: Class initialized using 'CodeIgniter\Session\Handlers\FileHandler' driver.
INFO - 2023-11-27 17:25:25 --> Session: Class initialized using 'CodeIgniter\Session\Handlers\FileHandler' driver.
INFO - 2023-11-27 17:25:30 --> Session: Class initialized using 'CodeIgniter\Session\Handlers\FileHandler' driver.
INFO - 2023-11-27 17:25:31 --> Session: Class initialized using 'CodeIgniter\Session\Handlers\FileHandler' driver.
INFO - 2023-11-27 17:27:38 --> Session: Class initialized using 'CodeIgniter\Session\Handlers\FileHandler' driver.
INFO - 2023-11-27 17:27:45 --> Session: Class initialized using 'CodeIgniter\Session\Handlers\FileHandler' driver.
INFO - 2023-11-27 17:28:01 --> Session: Class initialized using 'CodeIgniter\Session\Handlers\FileHandler' driver.
INFO - 2023-11-27 17:28:08 --> Session: Class initialized using 'CodeIgniter\Session\Handlers\FileHandler' driver.
INFO - 2023-11-27 17:28:37 --> Session: Class initialized using 'CodeIgniter\Session\Handlers\FileHandler' driver.
WARNING - 2023-11-27 17:28:52 --> [DEPRECATED] Function utf8_decode() is deprecated in APPPATH\Controllers\report\FPDF_RECU.php on line 297.
 1 APPPATH\Controllers\TeacherController.php(1136): App\Controllers\FPDF_RECU->header_recu([...], 0)
 2 APPPATH\Controllers\TeacherController.php(145): App\Controllers\TeacherController->printRecus([...])
 3 SYSTEMPATH\CodeIgniter.php(932): App\Controllers\TeacherController->payer_salaire()
 4 SYSTEMPATH\CodeIgniter.php(497): CodeIgniter\CodeIgniter->runController(Object(App\Controllers\TeacherController))
 5 SYSTEMPATH\CodeIgniter.php(366): CodeIgniter\CodeIgniter->handleRequest(null, Object(Config\Cache), false)
 6 FCPATH\index.php(67): CodeIgniter\CodeIgniter->run()
 7 SYSTEMPATH\Commands\Server\rewrite.php(47): require_once('C:\\xampp\\htdocs\\secondary-back\\public\\index.php')
WARNING - 2023-11-27 17:28:52 --> [DEPRECATED] Function utf8_decode() is deprecated in APPPATH\Controllers\report\FPDF_RECU.php on line 299.
 1 APPPATH\Controllers\TeacherController.php(1136): App\Controllers\FPDF_RECU->header_recu([...], 0)
 2 APPPATH\Controllers\TeacherController.php(145): App\Controllers\TeacherController->printRecus([...])
 3 SYSTEMPATH\CodeIgniter.php(932): App\Controllers\TeacherController->payer_salaire()
 4 SYSTEMPATH\CodeIgniter.php(497): CodeIgniter\CodeIgniter->runController(Object(App\Controllers\TeacherController))
 5 SYSTEMPATH\CodeIgniter.php(366): CodeIgniter\CodeIgniter->handleRequest(null, Object(Config\Cache), false)
 6 FCPATH\index.php(67): CodeIgniter\CodeIgniter->run()
 7 SYSTEMPATH\Commands\Server\rewrite.php(47): require_once('C:\\xampp\\htdocs\\secondary-back\\public\\index.php')
WARNING - 2023-11-27 17:28:52 --> [DEPRECATED] Function utf8_decode() is deprecated in APPPATH\Controllers\report\FPDF_RECU.php on line 302.
 1 APPPATH\Controllers\TeacherController.php(1136): App\Controllers\FPDF_RECU->header_recu([...], 0)
 2 APPPATH\Controllers\TeacherController.php(145): App\Controllers\TeacherController->printRecus([...])
 3 SYSTEMPATH\CodeIgniter.php(932): App\Controllers\TeacherController->payer_salaire()
 4 SYSTEMPATH\CodeIgniter.php(497): CodeIgniter\CodeIgniter->runController(Object(App\Controllers\TeacherController))
 5 SYSTEMPATH\CodeIgniter.php(366): CodeIgniter\CodeIgniter->handleRequest(null, Object(Config\Cache), false)
 6 FCPATH\index.php(67): CodeIgniter\CodeIgniter->run()
 7 SYSTEMPATH\Commands\Server\rewrite.php(47): require_once('C:\\xampp\\htdocs\\secondary-back\\public\\index.php')
WARNING - 2023-11-27 17:28:52 --> [DEPRECATED] Function utf8_decode() is deprecated in APPPATH\Controllers\report\FPDF_RECU.php on line 306.
 1 APPPATH\Controllers\TeacherController.php(1136): App\Controllers\FPDF_RECU->header_recu([...], 0)
 2 APPPATH\Controllers\TeacherController.php(145): App\Controllers\TeacherController->printRecus([...])
 3 SYSTEMPATH\CodeIgniter.php(932): App\Controllers\TeacherController->payer_salaire()
 4 SYSTEMPATH\CodeIgniter.php(497): CodeIgniter\CodeIgniter->runController(Object(App\Controllers\TeacherController))
 5 SYSTEMPATH\CodeIgniter.php(366): CodeIgniter\CodeIgniter->handleRequest(null, Object(Config\Cache), false)
 6 FCPATH\index.php(67): CodeIgniter\CodeIgniter->run()
 7 SYSTEMPATH\Commands\Server\rewrite.php(47): require_once('C:\\xampp\\htdocs\\secondary-back\\public\\index.php')
WARNING - 2023-11-27 17:28:52 --> [DEPRECATED] Function utf8_decode() is deprecated in APPPATH\Controllers\report\FPDF_RECU.php on line 308.
 1 APPPATH\Controllers\TeacherController.php(1136): App\Controllers\FPDF_RECU->header_recu([...], 0)
 2 APPPATH\Controllers\TeacherController.php(145): App\Controllers\TeacherController->printRecus([...])
 3 SYSTEMPATH\CodeIgniter.php(932): App\Controllers\TeacherController->payer_salaire()
 4 SYSTEMPATH\CodeIgniter.php(497): CodeIgniter\CodeIgniter->runController(Object(App\Controllers\TeacherController))
 5 SYSTEMPATH\CodeIgniter.php(366): CodeIgniter\CodeIgniter->handleRequest(null, Object(Config\Cache), false)
 6 FCPATH\index.php(67): CodeIgniter\CodeIgniter->run()
 7 SYSTEMPATH\Commands\Server\rewrite.php(47): require_once('C:\\xampp\\htdocs\\secondary-back\\public\\index.php')
WARNING - 2023-11-27 17:28:52 --> [DEPRECATED] Function utf8_decode() is deprecated in APPPATH\Controllers\report\FPDF_RECU.php on line 311.
 1 APPPATH\Controllers\TeacherController.php(1136): App\Controllers\FPDF_RECU->header_recu([...], 0)
 2 APPPATH\Controllers\TeacherController.php(145): App\Controllers\TeacherController->printRecus([...])
 3 SYSTEMPATH\CodeIgniter.php(932): App\Controllers\TeacherController->payer_salaire()
 4 SYSTEMPATH\CodeIgniter.php(497): CodeIgniter\CodeIgniter->runController(Object(App\Controllers\TeacherController))
 5 SYSTEMPATH\CodeIgniter.php(366): CodeIgniter\CodeIgniter->handleRequest(null, Object(Config\Cache), false)
 6 FCPATH\index.php(67): CodeIgniter\CodeIgniter->run()
 7 SYSTEMPATH\Commands\Server\rewrite.php(47): require_once('C:\\xampp\\htdocs\\secondary-back\\public\\index.php')
WARNING - 2023-11-27 17:28:52 --> [DEPRECATED] Function utf8_decode() is deprecated in APPPATH\Controllers\report\FPDF_RECU.php on line 328.
 1 APPPATH\Controllers\TeacherController.php(1136): App\Controllers\FPDF_RECU->header_recu([...], 0)
 2 APPPATH\Controllers\TeacherController.php(145): App\Controllers\TeacherController->printRecus([...])
 3 SYSTEMPATH\CodeIgniter.php(932): App\Controllers\TeacherController->payer_salaire()
 4 SYSTEMPATH\CodeIgniter.php(497): CodeIgniter\CodeIgniter->runController(Object(App\Controllers\TeacherController))
 5 SYSTEMPATH\CodeIgniter.php(366): CodeIgniter\CodeIgniter->handleRequest(null, Object(Config\Cache), false)
 6 FCPATH\index.php(67): CodeIgniter\CodeIgniter->run()
 7 SYSTEMPATH\Commands\Server\rewrite.php(47): require_once('C:\\xampp\\htdocs\\secondary-back\\public\\index.php')
WARNING - 2023-11-27 17:28:52 --> [DEPRECATED] Function utf8_decode() is deprecated in APPPATH\Controllers\report\FPDF_RECU.php on line 332.
 1 APPPATH\Controllers\TeacherController.php(1136): App\Controllers\FPDF_RECU->header_recu([...], 0)
 2 APPPATH\Controllers\TeacherController.php(145): App\Controllers\TeacherController->printRecus([...])
 3 SYSTEMPATH\CodeIgniter.php(932): App\Controllers\TeacherController->payer_salaire()
 4 SYSTEMPATH\CodeIgniter.php(497): CodeIgniter\CodeIgniter->runController(Object(App\Controllers\TeacherController))
 5 SYSTEMPATH\CodeIgniter.php(366): CodeIgniter\CodeIgniter->handleRequest(null, Object(Config\Cache), false)
 6 FCPATH\index.php(67): CodeIgniter\CodeIgniter->run()
 7 SYSTEMPATH\Commands\Server\rewrite.php(47): require_once('C:\\xampp\\htdocs\\secondary-back\\public\\index.php')
WARNING - 2023-11-27 17:28:52 --> [DEPRECATED] Function utf8_decode() is deprecated in APPPATH\Controllers\report\FPDF_RECU.php on line 335.
 1 APPPATH\Controllers\TeacherController.php(1136): App\Controllers\FPDF_RECU->header_recu([...], 0)
 2 APPPATH\Controllers\TeacherController.php(145): App\Controllers\TeacherController->printRecus([...])
 3 SYSTEMPATH\CodeIgniter.php(932): App\Controllers\TeacherController->payer_salaire()
 4 SYSTEMPATH\CodeIgniter.php(497): CodeIgniter\CodeIgniter->runController(Object(App\Controllers\TeacherController))
 5 SYSTEMPATH\CodeIgniter.php(366): CodeIgniter\CodeIgniter->handleRequest(null, Object(Config\Cache), false)
 6 FCPATH\index.php(67): CodeIgniter\CodeIgniter->run()
 7 SYSTEMPATH\Commands\Server\rewrite.php(47): require_once('C:\\xampp\\htdocs\\secondary-back\\public\\index.php')
WARNING - 2023-11-27 17:28:52 --> [DEPRECATED] Function utf8_decode() is deprecated in APPPATH\Controllers\report\FPDF_RECU.php on line 338.
 1 APPPATH\Controllers\TeacherController.php(1136): App\Controllers\FPDF_RECU->header_recu([...], 0)
 2 APPPATH\Controllers\TeacherController.php(145): App\Controllers\TeacherController->printRecus([...])
 3 SYSTEMPATH\CodeIgniter.php(932): App\Controllers\TeacherController->payer_salaire()
 4 SYSTEMPATH\CodeIgniter.php(497): CodeIgniter\CodeIgniter->runController(Object(App\Controllers\TeacherController))
 5 SYSTEMPATH\CodeIgniter.php(366): CodeIgniter\CodeIgniter->handleRequest(null, Object(Config\Cache), false)
 6 FCPATH\index.php(67): CodeIgniter\CodeIgniter->run()
 7 SYSTEMPATH\Commands\Server\rewrite.php(47): require_once('C:\\xampp\\htdocs\\secondary-back\\public\\index.php')
WARNING - 2023-11-27 17:28:52 --> [DEPRECATED] Function utf8_decode() is deprecated in APPPATH\Controllers\report\FPDF_RECU.php on line 341.
 1 APPPATH\Controllers\TeacherController.php(1136): App\Controllers\FPDF_RECU->header_recu([...], 0)
 2 APPPATH\Controllers\TeacherController.php(145): App\Controllers\TeacherController->printRecus([...])
 3 SYSTEMPATH\CodeIgniter.php(932): App\Controllers\TeacherController->payer_salaire()
 4 SYSTEMPATH\CodeIgniter.php(497): CodeIgniter\CodeIgniter->runController(Object(App\Controllers\TeacherController))
 5 SYSTEMPATH\CodeIgniter.php(366): CodeIgniter\CodeIgniter->handleRequest(null, Object(Config\Cache), false)
 6 FCPATH\index.php(67): CodeIgniter\CodeIgniter->run()
 7 SYSTEMPATH\Commands\Server\rewrite.php(47): require_once('C:\\xampp\\htdocs\\secondary-back\\public\\index.php')
WARNING - 2023-11-27 17:28:52 --> [DEPRECATED] Function utf8_decode() is deprecated in APPPATH\Controllers\report\FPDF_RECU.php on line 344.
 1 APPPATH\Controllers\TeacherController.php(1136): App\Controllers\FPDF_RECU->header_recu([...], 0)
 2 APPPATH\Controllers\TeacherController.php(145): App\Controllers\TeacherController->printRecus([...])
 3 SYSTEMPATH\CodeIgniter.php(932): App\Controllers\TeacherController->payer_salaire()
 4 SYSTEMPATH\CodeIgniter.php(497): CodeIgniter\CodeIgniter->runController(Object(App\Controllers\TeacherController))
 5 SYSTEMPATH\CodeIgniter.php(366): CodeIgniter\CodeIgniter->handleRequest(null, Object(Config\Cache), false)
 6 FCPATH\index.php(67): CodeIgniter\CodeIgniter->run()
 7 SYSTEMPATH\Commands\Server\rewrite.php(47): require_once('C:\\xampp\\htdocs\\secondary-back\\public\\index.php')
WARNING - 2023-11-27 17:28:52 --> [DEPRECATED] Function utf8_decode() is deprecated in APPPATH\Controllers\report\FPDF_RECU.php on line 347.
 1 APPPATH\Controllers\TeacherController.php(1136): App\Controllers\FPDF_RECU->header_recu([...], 0)
 2 APPPATH\Controllers\TeacherController.php(145): App\Controllers\TeacherController->printRecus([...])
 3 SYSTEMPATH\CodeIgniter.php(932): App\Controllers\TeacherController->payer_salaire()
 4 SYSTEMPATH\CodeIgniter.php(497): CodeIgniter\CodeIgniter->runController(Object(App\Controllers\TeacherController))
 5 SYSTEMPATH\CodeIgniter.php(366): CodeIgniter\CodeIgniter->handleRequest(null, Object(Config\Cache), false)
 6 FCPATH\index.php(67): CodeIgniter\CodeIgniter->run()
 7 SYSTEMPATH\Commands\Server\rewrite.php(47): require_once('C:\\xampp\\htdocs\\secondary-back\\public\\index.php')
WARNING - 2023-11-27 17:28:52 --> [DEPRECATED] Function utf8_decode() is deprecated in APPPATH\Controllers\report\FPDF_RECU.php on line 359.
 1 APPPATH\Controllers\TeacherController.php(1136): App\Controllers\FPDF_RECU->header_recu([...], 0)
 2 APPPATH\Controllers\TeacherController.php(145): App\Controllers\TeacherController->printRecus([...])
 3 SYSTEMPATH\CodeIgniter.php(932): App\Controllers\TeacherController->payer_salaire()
 4 SYSTEMPATH\CodeIgniter.php(497): CodeIgniter\CodeIgniter->runController(Object(App\Controllers\TeacherController))
 5 SYSTEMPATH\CodeIgniter.php(366): CodeIgniter\CodeIgniter->handleRequest(null, Object(Config\Cache), false)
 6 FCPATH\index.php(67): CodeIgniter\CodeIgniter->run()
 7 SYSTEMPATH\Commands\Server\rewrite.php(47): require_once('C:\\xampp\\htdocs\\secondary-back\\public\\index.php')
WARNING - 2023-11-27 17:28:52 --> [DEPRECATED] Function utf8_decode() is deprecated in APPPATH\Controllers\report\FPDF_RECU.php on line 368.
 1 APPPATH\Controllers\TeacherController.php(1136): App\Controllers\FPDF_RECU->header_recu([...], 0)
 2 APPPATH\Controllers\TeacherController.php(145): App\Controllers\TeacherController->printRecus([...])
 3 SYSTEMPATH\CodeIgniter.php(932): App\Controllers\TeacherController->payer_salaire()
 4 SYSTEMPATH\CodeIgniter.php(497): CodeIgniter\CodeIgniter->runController(Object(App\Controllers\TeacherController))
 5 SYSTEMPATH\CodeIgniter.php(366): CodeIgniter\CodeIgniter->handleRequest(null, Object(Config\Cache), false)
 6 FCPATH\index.php(67): CodeIgniter\CodeIgniter->run()
 7 SYSTEMPATH\Commands\Server\rewrite.php(47): require_once('C:\\xampp\\htdocs\\secondary-back\\public\\index.php')
WARNING - 2023-11-27 17:28:52 --> [DEPRECATED] Function utf8_decode() is deprecated in APPPATH\Controllers\report\FPDF_RECU.php on line 297.
 1 APPPATH\Controllers\TeacherController.php(1138): App\Controllers\FPDF_RECU->header_recu([...], 146)
 2 APPPATH\Controllers\TeacherController.php(145): App\Controllers\TeacherController->printRecus([...])
 3 SYSTEMPATH\CodeIgniter.php(932): App\Controllers\TeacherController->payer_salaire()
 4 SYSTEMPATH\CodeIgniter.php(497): CodeIgniter\CodeIgniter->runController(Object(App\Controllers\TeacherController))
 5 SYSTEMPATH\CodeIgniter.php(366): CodeIgniter\CodeIgniter->handleRequest(null, Object(Config\Cache), false)
 6 FCPATH\index.php(67): CodeIgniter\CodeIgniter->run()
 7 SYSTEMPATH\Commands\Server\rewrite.php(47): require_once('C:\\xampp\\htdocs\\secondary-back\\public\\index.php')
WARNING - 2023-11-27 17:28:52 --> [DEPRECATED] Function utf8_decode() is deprecated in APPPATH\Controllers\report\FPDF_RECU.php on line 299.
 1 APPPATH\Controllers\TeacherController.php(1138): App\Controllers\FPDF_RECU->header_recu([...], 146)
 2 APPPATH\Controllers\TeacherController.php(145): App\Controllers\TeacherController->printRecus([...])
 3 SYSTEMPATH\CodeIgniter.php(932): App\Controllers\TeacherController->payer_salaire()
 4 SYSTEMPATH\CodeIgniter.php(497): CodeIgniter\CodeIgniter->runController(Object(App\Controllers\TeacherController))
 5 SYSTEMPATH\CodeIgniter.php(366): CodeIgniter\CodeIgniter->handleRequest(null, Object(Config\Cache), false)
 6 FCPATH\index.php(67): CodeIgniter\CodeIgniter->run()
 7 SYSTEMPATH\Commands\Server\rewrite.php(47): require_once('C:\\xampp\\htdocs\\secondary-back\\public\\index.php')
WARNING - 2023-11-27 17:28:52 --> [DEPRECATED] Function utf8_decode() is deprecated in APPPATH\Controllers\report\FPDF_RECU.php on line 302.
 1 APPPATH\Controllers\TeacherController.php(1138): App\Controllers\FPDF_RECU->header_recu([...], 146)
 2 APPPATH\Controllers\TeacherController.php(145): App\Controllers\TeacherController->printRecus([...])
 3 SYSTEMPATH\CodeIgniter.php(932): App\Controllers\TeacherController->payer_salaire()
 4 SYSTEMPATH\CodeIgniter.php(497): CodeIgniter\CodeIgniter->runController(Object(App\Controllers\TeacherController))
 5 SYSTEMPATH\CodeIgniter.php(366): CodeIgniter\CodeIgniter->handleRequest(null, Object(Config\Cache), false)
 6 FCPATH\index.php(67): CodeIgniter\CodeIgniter->run()
 7 SYSTEMPATH\Commands\Server\rewrite.php(47): require_once('C:\\xampp\\htdocs\\secondary-back\\public\\index.php')
WARNING - 2023-11-27 17:28:52 --> [DEPRECATED] Function utf8_decode() is deprecated in APPPATH\Controllers\report\FPDF_RECU.php on line 306.
 1 APPPATH\Controllers\TeacherController.php(1138): App\Controllers\FPDF_RECU->header_recu([...], 146)
 2 APPPATH\Controllers\TeacherController.php(145): App\Controllers\TeacherController->printRecus([...])
 3 SYSTEMPATH\CodeIgniter.php(932): App\Controllers\TeacherController->payer_salaire()
 4 SYSTEMPATH\CodeIgniter.php(497): CodeIgniter\CodeIgniter->runController(Object(App\Controllers\TeacherController))
 5 SYSTEMPATH\CodeIgniter.php(366): CodeIgniter\CodeIgniter->handleRequest(null, Object(Config\Cache), false)
 6 FCPATH\index.php(67): CodeIgniter\CodeIgniter->run()
 7 SYSTEMPATH\Commands\Server\rewrite.php(47): require_once('C:\\xampp\\htdocs\\secondary-back\\public\\index.php')
WARNING - 2023-11-27 17:28:52 --> [DEPRECATED] Function utf8_decode() is deprecated in APPPATH\Controllers\report\FPDF_RECU.php on line 308.
 1 APPPATH\Controllers\TeacherController.php(1138): App\Controllers\FPDF_RECU->header_recu([...], 146)
 2 APPPATH\Controllers\TeacherController.php(145): App\Controllers\TeacherController->printRecus([...])
 3 SYSTEMPATH\CodeIgniter.php(932): App\Controllers\TeacherController->payer_salaire()
 4 SYSTEMPATH\CodeIgniter.php(497): CodeIgniter\CodeIgniter->runController(Object(App\Controllers\TeacherController))
 5 SYSTEMPATH\CodeIgniter.php(366): CodeIgniter\CodeIgniter->handleRequest(null, Object(Config\Cache), false)
 6 FCPATH\index.php(67): CodeIgniter\CodeIgniter->run()
 7 SYSTEMPATH\Commands\Server\rewrite.php(47): require_once('C:\\xampp\\htdocs\\secondary-back\\public\\index.php')
WARNING - 2023-11-27 17:28:52 --> [DEPRECATED] Function utf8_decode() is deprecated in APPPATH\Controllers\report\FPDF_RECU.php on line 311.
 1 APPPATH\Controllers\TeacherController.php(1138): App\Controllers\FPDF_RECU->header_recu([...], 146)
 2 APPPATH\Controllers\TeacherController.php(145): App\Controllers\TeacherController->printRecus([...])
 3 SYSTEMPATH\CodeIgniter.php(932): App\Controllers\TeacherController->payer_salaire()
 4 SYSTEMPATH\CodeIgniter.php(497): CodeIgniter\CodeIgniter->runController(Object(App\Controllers\TeacherController))
 5 SYSTEMPATH\CodeIgniter.php(366): CodeIgniter\CodeIgniter->handleRequest(null, Object(Config\Cache), false)
 6 FCPATH\index.php(67): CodeIgniter\CodeIgniter->run()
 7 SYSTEMPATH\Commands\Server\rewrite.php(47): require_once('C:\\xampp\\htdocs\\secondary-back\\public\\index.php')
WARNING - 2023-11-27 17:28:52 --> [DEPRECATED] Function utf8_decode() is deprecated in APPPATH\Controllers\report\FPDF_RECU.php on line 328.
 1 APPPATH\Controllers\TeacherController.php(1138): App\Controllers\FPDF_RECU->header_recu([...], 146)
 2 APPPATH\Controllers\TeacherController.php(145): App\Controllers\TeacherController->printRecus([...])
 3 SYSTEMPATH\CodeIgniter.php(932): App\Controllers\TeacherController->payer_salaire()
 4 SYSTEMPATH\CodeIgniter.php(497): CodeIgniter\CodeIgniter->runController(Object(App\Controllers\TeacherController))
 5 SYSTEMPATH\CodeIgniter.php(366): CodeIgniter\CodeIgniter->handleRequest(null, Object(Config\Cache), false)
 6 FCPATH\index.php(67): CodeIgniter\CodeIgniter->run()
 7 SYSTEMPATH\Commands\Server\rewrite.php(47): require_once('C:\\xampp\\htdocs\\secondary-back\\public\\index.php')
WARNING - 2023-11-27 17:28:52 --> [DEPRECATED] Function utf8_decode() is deprecated in APPPATH\Controllers\report\FPDF_RECU.php on line 332.
 1 APPPATH\Controllers\TeacherController.php(1138): App\Controllers\FPDF_RECU->header_recu([...], 146)
 2 APPPATH\Controllers\TeacherController.php(145): App\Controllers\TeacherController->printRecus([...])
 3 SYSTEMPATH\CodeIgniter.php(932): App\Controllers\TeacherController->payer_salaire()
 4 SYSTEMPATH\CodeIgniter.php(497): CodeIgniter\CodeIgniter->runController(Object(App\Controllers\TeacherController))
 5 SYSTEMPATH\CodeIgniter.php(366): CodeIgniter\CodeIgniter->handleRequest(null, Object(Config\Cache), false)
 6 FCPATH\index.php(67): CodeIgniter\CodeIgniter->run()
 7 SYSTEMPATH\Commands\Server\rewrite.php(47): require_once('C:\\xampp\\htdocs\\secondary-back\\public\\index.php')
WARNING - 2023-11-27 17:28:52 --> [DEPRECATED] Function utf8_decode() is deprecated in APPPATH\Controllers\report\FPDF_RECU.php on line 335.
 1 APPPATH\Controllers\TeacherController.php(1138): App\Controllers\FPDF_RECU->header_recu([...], 146)
 2 APPPATH\Controllers\TeacherController.php(145): App\Controllers\TeacherController->printRecus([...])
 3 SYSTEMPATH\CodeIgniter.php(932): App\Controllers\TeacherController->payer_salaire()
 4 SYSTEMPATH\CodeIgniter.php(497): CodeIgniter\CodeIgniter->runController(Object(App\Controllers\TeacherController))
 5 SYSTEMPATH\CodeIgniter.php(366): CodeIgniter\CodeIgniter->handleRequest(null, Object(Config\Cache), false)
 6 FCPATH\index.php(67): CodeIgniter\CodeIgniter->run()
 7 SYSTEMPATH\Commands\Server\rewrite.php(47): require_once('C:\\xampp\\htdocs\\secondary-back\\public\\index.php')
WARNING - 2023-11-27 17:28:52 --> [DEPRECATED] Function utf8_decode() is deprecated in APPPATH\Controllers\report\FPDF_RECU.php on line 338.
 1 APPPATH\Controllers\TeacherController.php(1138): App\Controllers\FPDF_RECU->header_recu([...], 146)
 2 APPPATH\Controllers\TeacherController.php(145): App\Controllers\TeacherController->printRecus([...])
 3 SYSTEMPATH\CodeIgniter.php(932): App\Controllers\TeacherController->payer_salaire()
 4 SYSTEMPATH\CodeIgniter.php(497): CodeIgniter\CodeIgniter->runController(Object(App\Controllers\TeacherController))
 5 SYSTEMPATH\CodeIgniter.php(366): CodeIgniter\CodeIgniter->handleRequest(null, Object(Config\Cache), false)
 6 FCPATH\index.php(67): CodeIgniter\CodeIgniter->run()
 7 SYSTEMPATH\Commands\Server\rewrite.php(47): require_once('C:\\xampp\\htdocs\\secondary-back\\public\\index.php')
WARNING - 2023-11-27 17:28:52 --> [DEPRECATED] Function utf8_decode() is deprecated in APPPATH\Controllers\report\FPDF_RECU.php on line 341.
 1 APPPATH\Controllers\TeacherController.php(1138): App\Controllers\FPDF_RECU->header_recu([...], 146)
 2 APPPATH\Controllers\TeacherController.php(145): App\Controllers\TeacherController->printRecus([...])
 3 SYSTEMPATH\CodeIgniter.php(932): App\Controllers\TeacherController->payer_salaire()
 4 SYSTEMPATH\CodeIgniter.php(497): CodeIgniter\CodeIgniter->runController(Object(App\Controllers\TeacherController))
 5 SYSTEMPATH\CodeIgniter.php(366): CodeIgniter\CodeIgniter->handleRequest(null, Object(Config\Cache), false)
 6 FCPATH\index.php(67): CodeIgniter\CodeIgniter->run()
 7 SYSTEMPATH\Commands\Server\rewrite.php(47): require_once('C:\\xampp\\htdocs\\secondary-back\\public\\index.php')
WARNING - 2023-11-27 17:28:52 --> [DEPRECATED] Function utf8_decode() is deprecated in APPPATH\Controllers\report\FPDF_RECU.php on line 344.
 1 APPPATH\Controllers\TeacherController.php(1138): App\Controllers\FPDF_RECU->header_recu([...], 146)
 2 APPPATH\Controllers\TeacherController.php(145): App\Controllers\TeacherController->printRecus([...])
 3 SYSTEMPATH\CodeIgniter.php(932): App\Controllers\TeacherController->payer_salaire()
 4 SYSTEMPATH\CodeIgniter.php(497): CodeIgniter\CodeIgniter->runController(Object(App\Controllers\TeacherController))
 5 SYSTEMPATH\CodeIgniter.php(366): CodeIgniter\CodeIgniter->handleRequest(null, Object(Config\Cache), false)
 6 FCPATH\index.php(67): CodeIgniter\CodeIgniter->run()
 7 SYSTEMPATH\Commands\Server\rewrite.php(47): require_once('C:\\xampp\\htdocs\\secondary-back\\public\\index.php')
WARNING - 2023-11-27 17:28:52 --> [DEPRECATED] Function utf8_decode() is deprecated in APPPATH\Controllers\report\FPDF_RECU.php on line 347.
 1 APPPATH\Controllers\TeacherController.php(1138): App\Controllers\FPDF_RECU->header_recu([...], 146)
 2 APPPATH\Controllers\TeacherController.php(145): App\Controllers\TeacherController->printRecus([...])
 3 SYSTEMPATH\CodeIgniter.php(932): App\Controllers\TeacherController->payer_salaire()
 4 SYSTEMPATH\CodeIgniter.php(497): CodeIgniter\CodeIgniter->runController(Object(App\Controllers\TeacherController))
 5 SYSTEMPATH\CodeIgniter.php(366): CodeIgniter\CodeIgniter->handleRequest(null, Object(Config\Cache), false)
 6 FCPATH\index.php(67): CodeIgniter\CodeIgniter->run()
 7 SYSTEMPATH\Commands\Server\rewrite.php(47): require_once('C:\\xampp\\htdocs\\secondary-back\\public\\index.php')
WARNING - 2023-11-27 17:28:52 --> [DEPRECATED] Function utf8_decode() is deprecated in APPPATH\Controllers\report\FPDF_RECU.php on line 359.
 1 APPPATH\Controllers\TeacherController.php(1138): App\Controllers\FPDF_RECU->header_recu([...], 146)
 2 APPPATH\Controllers\TeacherController.php(145): App\Controllers\TeacherController->printRecus([...])
 3 SYSTEMPATH\CodeIgniter.php(932): App\Controllers\TeacherController->payer_salaire()
 4 SYSTEMPATH\CodeIgniter.php(497): CodeIgniter\CodeIgniter->runController(Object(App\Controllers\TeacherController))
 5 SYSTEMPATH\CodeIgniter.php(366): CodeIgniter\CodeIgniter->handleRequest(null, Object(Config\Cache), false)
 6 FCPATH\index.php(67): CodeIgniter\CodeIgniter->run()
 7 SYSTEMPATH\Commands\Server\rewrite.php(47): require_once('C:\\xampp\\htdocs\\secondary-back\\public\\index.php')
WARNING - 2023-11-27 17:28:52 --> [DEPRECATED] Function utf8_decode() is deprecated in APPPATH\Controllers\report\FPDF_RECU.php on line 368.
 1 APPPATH\Controllers\TeacherController.php(1138): App\Controllers\FPDF_RECU->header_recu([...], 146)
 2 APPPATH\Controllers\TeacherController.php(145): App\Controllers\TeacherController->printRecus([...])
 3 SYSTEMPATH\CodeIgniter.php(932): App\Controllers\TeacherController->payer_salaire()
 4 SYSTEMPATH\CodeIgniter.php(497): CodeIgniter\CodeIgniter->runController(Object(App\Controllers\TeacherController))
 5 SYSTEMPATH\CodeIgniter.php(366): CodeIgniter\CodeIgniter->handleRequest(null, Object(Config\Cache), false)
 6 FCPATH\index.php(67): CodeIgniter\CodeIgniter->run()
 7 SYSTEMPATH\Commands\Server\rewrite.php(47): require_once('C:\\xampp\\htdocs\\secondary-back\\public\\index.php')
WARNING - 2023-11-27 17:28:52 --> [DEPRECATED] Function utf8_decode() is deprecated in APPPATH\Controllers\report\FPDF_RECU.php on line 460.
 1 APPPATH\Controllers\TeacherController.php(1141): App\Controllers\FPDF_RECU->footer_listing('Bafoussam le 2023-11-27', 0, 1)
 2 APPPATH\Controllers\TeacherController.php(145): App\Controllers\TeacherController->printRecus([...])
 3 SYSTEMPATH\CodeIgniter.php(932): App\Controllers\TeacherController->payer_salaire()
 4 SYSTEMPATH\CodeIgniter.php(497): CodeIgniter\CodeIgniter->runController(Object(App\Controllers\TeacherController))
 5 SYSTEMPATH\CodeIgniter.php(366): CodeIgniter\CodeIgniter->handleRequest(null, Object(Config\Cache), false)
 6 FCPATH\index.php(67): CodeIgniter\CodeIgniter->run()
 7 SYSTEMPATH\Commands\Server\rewrite.php(47): require_once('C:\\xampp\\htdocs\\secondary-back\\public\\index.php')
WARNING - 2023-11-27 17:28:52 --> [DEPRECATED] Function utf8_decode() is deprecated in APPPATH\Controllers\report\FPDF_RECU.php on line 462.
 1 APPPATH\Controllers\TeacherController.php(1141): App\Controllers\FPDF_RECU->footer_listing('Bafoussam le 2023-11-27', 0, 1)
 2 APPPATH\Controllers\TeacherController.php(145): App\Controllers\TeacherController->printRecus([...])
 3 SYSTEMPATH\CodeIgniter.php(932): App\Controllers\TeacherController->payer_salaire()
 4 SYSTEMPATH\CodeIgniter.php(497): CodeIgniter\CodeIgniter->runController(Object(App\Controllers\TeacherController))
 5 SYSTEMPATH\CodeIgniter.php(366): CodeIgniter\CodeIgniter->handleRequest(null, Object(Config\Cache), false)
 6 FCPATH\index.php(67): CodeIgniter\CodeIgniter->run()
 7 SYSTEMPATH\Commands\Server\rewrite.php(47): require_once('C:\\xampp\\htdocs\\secondary-back\\public\\index.php')
WARNING - 2023-11-27 17:28:52 --> [DEPRECATED] Function utf8_decode() is deprecated in APPPATH\Controllers\report\FPDF_RECU.php on line 464.
 1 APPPATH\Controllers\TeacherController.php(1141): App\Controllers\FPDF_RECU->footer_listing('Bafoussam le 2023-11-27', 0, 1)
 2 APPPATH\Controllers\TeacherController.php(145): App\Controllers\TeacherController->printRecus([...])
 3 SYSTEMPATH\CodeIgniter.php(932): App\Controllers\TeacherController->payer_salaire()
 4 SYSTEMPATH\CodeIgniter.php(497): CodeIgniter\CodeIgniter->runController(Object(App\Controllers\TeacherController))
 5 SYSTEMPATH\CodeIgniter.php(366): CodeIgniter\CodeIgniter->handleRequest(null, Object(Config\Cache), false)
 6 FCPATH\index.php(67): CodeIgniter\CodeIgniter->run()
 7 SYSTEMPATH\Commands\Server\rewrite.php(47): require_once('C:\\xampp\\htdocs\\secondary-back\\public\\index.php')
WARNING - 2023-11-27 17:28:52 --> [DEPRECATED] Function utf8_decode() is deprecated in APPPATH\Controllers\report\FPDF_RECU.php on line 467.
 1 APPPATH\Controllers\TeacherController.php(1141): App\Controllers\FPDF_RECU->footer_listing('Bafoussam le 2023-11-27', 0, 1)
 2 APPPATH\Controllers\TeacherController.php(145): App\Controllers\TeacherController->printRecus([...])
 3 SYSTEMPATH\CodeIgniter.php(932): App\Controllers\TeacherController->payer_salaire()
 4 SYSTEMPATH\CodeIgniter.php(497): CodeIgniter\CodeIgniter->runController(Object(App\Controllers\TeacherController))
 5 SYSTEMPATH\CodeIgniter.php(366): CodeIgniter\CodeIgniter->handleRequest(null, Object(Config\Cache), false)
 6 FCPATH\index.php(67): CodeIgniter\CodeIgniter->run()
 7 SYSTEMPATH\Commands\Server\rewrite.php(47): require_once('C:\\xampp\\htdocs\\secondary-back\\public\\index.php')
WARNING - 2023-11-27 17:28:52 --> [DEPRECATED] Function utf8_decode() is deprecated in APPPATH\Controllers\report\FPDF_RECU.php on line 470.
 1 APPPATH\Controllers\TeacherController.php(1141): App\Controllers\FPDF_RECU->footer_listing('Bafoussam le 2023-11-27', 0, 1)
 2 APPPATH\Controllers\TeacherController.php(145): App\Controllers\TeacherController->printRecus([...])
 3 SYSTEMPATH\CodeIgniter.php(932): App\Controllers\TeacherController->payer_salaire()
 4 SYSTEMPATH\CodeIgniter.php(497): CodeIgniter\CodeIgniter->runController(Object(App\Controllers\TeacherController))
 5 SYSTEMPATH\CodeIgniter.php(366): CodeIgniter\CodeIgniter->handleRequest(null, Object(Config\Cache), false)
 6 FCPATH\index.php(67): CodeIgniter\CodeIgniter->run()
 7 SYSTEMPATH\Commands\Server\rewrite.php(47): require_once('C:\\xampp\\htdocs\\secondary-back\\public\\index.php')
WARNING - 2023-11-27 17:28:52 --> [DEPRECATED] Function utf8_decode() is deprecated in APPPATH\Controllers\report\FPDF_RECU.php on line 460.
 1 APPPATH\Controllers\TeacherController.php(1143): App\Controllers\FPDF_RECU->footer_listing('Bafoussam le 2023-11-27', 146, 2)
 2 APPPATH\Controllers\TeacherController.php(145): App\Controllers\TeacherController->printRecus([...])
 3 SYSTEMPATH\CodeIgniter.php(932): App\Controllers\TeacherController->payer_salaire()
 4 SYSTEMPATH\CodeIgniter.php(497): CodeIgniter\CodeIgniter->runController(Object(App\Controllers\TeacherController))
 5 SYSTEMPATH\CodeIgniter.php(366): CodeIgniter\CodeIgniter->handleRequest(null, Object(Config\Cache), false)
 6 FCPATH\index.php(67): CodeIgniter\CodeIgniter->run()
 7 SYSTEMPATH\Commands\Server\rewrite.php(47): require_once('C:\\xampp\\htdocs\\secondary-back\\public\\index.php')
WARNING - 2023-11-27 17:28:52 --> [DEPRECATED] Function utf8_decode() is deprecated in APPPATH\Controllers\report\FPDF_RECU.php on line 462.
 1 APPPATH\Controllers\TeacherController.php(1143): App\Controllers\FPDF_RECU->footer_listing('Bafoussam le 2023-11-27', 146, 2)
 2 APPPATH\Controllers\TeacherController.php(145): App\Controllers\TeacherController->printRecus([...])
 3 SYSTEMPATH\CodeIgniter.php(932): App\Controllers\TeacherController->payer_salaire()
 4 SYSTEMPATH\CodeIgniter.php(497): CodeIgniter\CodeIgniter->runController(Object(App\Controllers\TeacherController))
 5 SYSTEMPATH\CodeIgniter.php(366): CodeIgniter\CodeIgniter->handleRequest(null, Object(Config\Cache), false)
 6 FCPATH\index.php(67): CodeIgniter\CodeIgniter->run()
 7 SYSTEMPATH\Commands\Server\rewrite.php(47): require_once('C:\\xampp\\htdocs\\secondary-back\\public\\index.php')
WARNING - 2023-11-27 17:28:52 --> [DEPRECATED] Function utf8_decode() is deprecated in APPPATH\Controllers\report\FPDF_RECU.php on line 464.
 1 APPPATH\Controllers\TeacherController.php(1143): App\Controllers\FPDF_RECU->footer_listing('Bafoussam le 2023-11-27', 146, 2)
 2 APPPATH\Controllers\TeacherController.php(145): App\Controllers\TeacherController->printRecus([...])
 3 SYSTEMPATH\CodeIgniter.php(932): App\Controllers\TeacherController->payer_salaire()
 4 SYSTEMPATH\CodeIgniter.php(497): CodeIgniter\CodeIgniter->runController(Object(App\Controllers\TeacherController))
 5 SYSTEMPATH\CodeIgniter.php(366): CodeIgniter\CodeIgniter->handleRequest(null, Object(Config\Cache), false)
 6 FCPATH\index.php(67): CodeIgniter\CodeIgniter->run()
 7 SYSTEMPATH\Commands\Server\rewrite.php(47): require_once('C:\\xampp\\htdocs\\secondary-back\\public\\index.php')
WARNING - 2023-11-27 17:28:52 --> [DEPRECATED] Function utf8_decode() is deprecated in APPPATH\Controllers\report\FPDF_RECU.php on line 467.
 1 APPPATH\Controllers\TeacherController.php(1143): App\Controllers\FPDF_RECU->footer_listing('Bafoussam le 2023-11-27', 146, 2)
 2 APPPATH\Controllers\TeacherController.php(145): App\Controllers\TeacherController->printRecus([...])
 3 SYSTEMPATH\CodeIgniter.php(932): App\Controllers\TeacherController->payer_salaire()
 4 SYSTEMPATH\CodeIgniter.php(497): CodeIgniter\CodeIgniter->runController(Object(App\Controllers\TeacherController))
 5 SYSTEMPATH\CodeIgniter.php(366): CodeIgniter\CodeIgniter->handleRequest(null, Object(Config\Cache), false)
 6 FCPATH\index.php(67): CodeIgniter\CodeIgniter->run()
 7 SYSTEMPATH\Commands\Server\rewrite.php(47): require_once('C:\\xampp\\htdocs\\secondary-back\\public\\index.php')
WARNING - 2023-11-27 17:28:52 --> [DEPRECATED] Function utf8_decode() is deprecated in APPPATH\Controllers\report\FPDF_RECU.php on line 470.
 1 APPPATH\Controllers\TeacherController.php(1143): App\Controllers\FPDF_RECU->footer_listing('Bafoussam le 2023-11-27', 146, 2)
 2 APPPATH\Controllers\TeacherController.php(145): App\Controllers\TeacherController->printRecus([...])
 3 SYSTEMPATH\CodeIgniter.php(932): App\Controllers\TeacherController->payer_salaire()
 4 SYSTEMPATH\CodeIgniter.php(497): CodeIgniter\CodeIgniter->runController(Object(App\Controllers\TeacherController))
 5 SYSTEMPATH\CodeIgniter.php(366): CodeIgniter\CodeIgniter->handleRequest(null, Object(Config\Cache), false)
 6 FCPATH\index.php(67): CodeIgniter\CodeIgniter->run()
 7 SYSTEMPATH\Commands\Server\rewrite.php(47): require_once('C:\\xampp\\htdocs\\secondary-back\\public\\index.php')
WARNING - 2023-11-27 17:28:52 --> [DEPRECATED] Function utf8_decode() is deprecated in APPPATH\Controllers\report\FPDF_RECU.php on line 394.
 1 APPPATH\Controllers\TeacherController.php(1146): App\Controllers\FPDF_RECU->content([...], 0)
 2 APPPATH\Controllers\TeacherController.php(145): App\Controllers\TeacherController->printRecus([...])
 3 SYSTEMPATH\CodeIgniter.php(932): App\Controllers\TeacherController->payer_salaire()
 4 SYSTEMPATH\CodeIgniter.php(497): CodeIgniter\CodeIgniter->runController(Object(App\Controllers\TeacherController))
 5 SYSTEMPATH\CodeIgniter.php(366): CodeIgniter\CodeIgniter->handleRequest(null, Object(Config\Cache), false)
 6 FCPATH\index.php(67): CodeIgniter\CodeIgniter->run()
 7 SYSTEMPATH\Commands\Server\rewrite.php(47): require_once('C:\\xampp\\htdocs\\secondary-back\\public\\index.php')
WARNING - 2023-11-27 17:28:52 --> [DEPRECATED] Function utf8_decode() is deprecated in APPPATH\Controllers\report\FPDF_RECU.php on line 401.
 1 APPPATH\Controllers\TeacherController.php(1146): App\Controllers\FPDF_RECU->content([...], 0)
 2 APPPATH\Controllers\TeacherController.php(145): App\Controllers\TeacherController->printRecus([...])
 3 SYSTEMPATH\CodeIgniter.php(932): App\Controllers\TeacherController->payer_salaire()
 4 SYSTEMPATH\CodeIgniter.php(497): CodeIgniter\CodeIgniter->runController(Object(App\Controllers\TeacherController))
 5 SYSTEMPATH\CodeIgniter.php(366): CodeIgniter\CodeIgniter->handleRequest(null, Object(Config\Cache), false)
 6 FCPATH\index.php(67): CodeIgniter\CodeIgniter->run()
 7 SYSTEMPATH\Commands\Server\rewrite.php(47): require_once('C:\\xampp\\htdocs\\secondary-back\\public\\index.php')
WARNING - 2023-11-27 17:28:52 --> [DEPRECATED] Function utf8_decode() is deprecated in APPPATH\Controllers\report\FPDF_RECU.php on line 403.
 1 APPPATH\Controllers\TeacherController.php(1146): App\Controllers\FPDF_RECU->content([...], 0)
 2 APPPATH\Controllers\TeacherController.php(145): App\Controllers\TeacherController->printRecus([...])
 3 SYSTEMPATH\CodeIgniter.php(932): App\Controllers\TeacherController->payer_salaire()
 4 SYSTEMPATH\CodeIgniter.php(497): CodeIgniter\CodeIgniter->runController(Object(App\Controllers\TeacherController))
 5 SYSTEMPATH\CodeIgniter.php(366): CodeIgniter\CodeIgniter->handleRequest(null, Object(Config\Cache), false)
 6 FCPATH\index.php(67): CodeIgniter\CodeIgniter->run()
 7 SYSTEMPATH\Commands\Server\rewrite.php(47): require_once('C:\\xampp\\htdocs\\secondary-back\\public\\index.php')
WARNING - 2023-11-27 17:28:52 --> [DEPRECATED] Function utf8_decode() is deprecated in APPPATH\Controllers\report\FPDF_RECU.php on line 409.
 1 APPPATH\Controllers\TeacherController.php(1146): App\Controllers\FPDF_RECU->content([...], 0)
 2 APPPATH\Controllers\TeacherController.php(145): App\Controllers\TeacherController->printRecus([...])
 3 SYSTEMPATH\CodeIgniter.php(932): App\Controllers\TeacherController->payer_salaire()
 4 SYSTEMPATH\CodeIgniter.php(497): CodeIgniter\CodeIgniter->runController(Object(App\Controllers\TeacherController))
 5 SYSTEMPATH\CodeIgniter.php(366): CodeIgniter\CodeIgniter->handleRequest(null, Object(Config\Cache), false)
 6 FCPATH\index.php(67): CodeIgniter\CodeIgniter->run()
 7 SYSTEMPATH\Commands\Server\rewrite.php(47): require_once('C:\\xampp\\htdocs\\secondary-back\\public\\index.php')
WARNING - 2023-11-27 17:28:52 --> [DEPRECATED] Function utf8_decode() is deprecated in APPPATH\Controllers\report\FPDF_RECU.php on line 411.
 1 APPPATH\Controllers\TeacherController.php(1146): App\Controllers\FPDF_RECU->content([...], 0)
 2 APPPATH\Controllers\TeacherController.php(145): App\Controllers\TeacherController->printRecus([...])
 3 SYSTEMPATH\CodeIgniter.php(932): App\Controllers\TeacherController->payer_salaire()
 4 SYSTEMPATH\CodeIgniter.php(497): CodeIgniter\CodeIgniter->runController(Object(App\Controllers\TeacherController))
 5 SYSTEMPATH\CodeIgniter.php(366): CodeIgniter\CodeIgniter->handleRequest(null, Object(Config\Cache), false)
 6 FCPATH\index.php(67): CodeIgniter\CodeIgniter->run()
 7 SYSTEMPATH\Commands\Server\rewrite.php(47): require_once('C:\\xampp\\htdocs\\secondary-back\\public\\index.php')
WARNING - 2023-11-27 17:28:52 --> [DEPRECATED] Function utf8_decode() is deprecated in APPPATH\Controllers\report\FPDF_RECU.php on line 417.
 1 APPPATH\Controllers\TeacherController.php(1146): App\Controllers\FPDF_RECU->content([...], 0)
 2 APPPATH\Controllers\TeacherController.php(145): App\Controllers\TeacherController->printRecus([...])
 3 SYSTEMPATH\CodeIgniter.php(932): App\Controllers\TeacherController->payer_salaire()
 4 SYSTEMPATH\CodeIgniter.php(497): CodeIgniter\CodeIgniter->runController(Object(App\Controllers\TeacherController))
 5 SYSTEMPATH\CodeIgniter.php(366): CodeIgniter\CodeIgniter->handleRequest(null, Object(Config\Cache), false)
 6 FCPATH\index.php(67): CodeIgniter\CodeIgniter->run()
 7 SYSTEMPATH\Commands\Server\rewrite.php(47): require_once('C:\\xampp\\htdocs\\secondary-back\\public\\index.php')
WARNING - 2023-11-27 17:28:52 --> [DEPRECATED] Function utf8_decode() is deprecated in APPPATH\Controllers\report\FPDF_RECU.php on line 419.
 1 APPPATH\Controllers\TeacherController.php(1146): App\Controllers\FPDF_RECU->content([...], 0)
 2 APPPATH\Controllers\TeacherController.php(145): App\Controllers\TeacherController->printRecus([...])
 3 SYSTEMPATH\CodeIgniter.php(932): App\Controllers\TeacherController->payer_salaire()
 4 SYSTEMPATH\CodeIgniter.php(497): CodeIgniter\CodeIgniter->runController(Object(App\Controllers\TeacherController))
 5 SYSTEMPATH\CodeIgniter.php(366): CodeIgniter\CodeIgniter->handleRequest(null, Object(Config\Cache), false)
 6 FCPATH\index.php(67): CodeIgniter\CodeIgniter->run()
 7 SYSTEMPATH\Commands\Server\rewrite.php(47): require_once('C:\\xampp\\htdocs\\secondary-back\\public\\index.php')
WARNING - 2023-11-27 17:28:52 --> [DEPRECATED] Function utf8_decode() is deprecated in APPPATH\Controllers\report\FPDF_RECU.php on line 426.
 1 APPPATH\Controllers\TeacherController.php(1146): App\Controllers\FPDF_RECU->content([...], 0)
 2 APPPATH\Controllers\TeacherController.php(145): App\Controllers\TeacherController->printRecus([...])
 3 SYSTEMPATH\CodeIgniter.php(932): App\Controllers\TeacherController->payer_salaire()
 4 SYSTEMPATH\CodeIgniter.php(497): CodeIgniter\CodeIgniter->runController(Object(App\Controllers\TeacherController))
 5 SYSTEMPATH\CodeIgniter.php(366): CodeIgniter\CodeIgniter->handleRequest(null, Object(Config\Cache), false)
 6 FCPATH\index.php(67): CodeIgniter\CodeIgniter->run()
 7 SYSTEMPATH\Commands\Server\rewrite.php(47): require_once('C:\\xampp\\htdocs\\secondary-back\\public\\index.php')
WARNING - 2023-11-27 17:28:52 --> [DEPRECATED] Function utf8_decode() is deprecated in APPPATH\Controllers\report\FPDF_RECU.php on line 428.
 1 APPPATH\Controllers\TeacherController.php(1146): App\Controllers\FPDF_RECU->content([...], 0)
 2 APPPATH\Controllers\TeacherController.php(145): App\Controllers\TeacherController->printRecus([...])
 3 SYSTEMPATH\CodeIgniter.php(932): App\Controllers\TeacherController->payer_salaire()
 4 SYSTEMPATH\CodeIgniter.php(497): CodeIgniter\CodeIgniter->runController(Object(App\Controllers\TeacherController))
 5 SYSTEMPATH\CodeIgniter.php(366): CodeIgniter\CodeIgniter->handleRequest(null, Object(Config\Cache), false)
 6 FCPATH\index.php(67): CodeIgniter\CodeIgniter->run()
 7 SYSTEMPATH\Commands\Server\rewrite.php(47): require_once('C:\\xampp\\htdocs\\secondary-back\\public\\index.php')
WARNING - 2023-11-27 17:28:52 --> [DEPRECATED] Function utf8_decode() is deprecated in APPPATH\Controllers\report\FPDF_RECU.php on line 434.
 1 APPPATH\Controllers\TeacherController.php(1146): App\Controllers\FPDF_RECU->content([...], 0)
 2 APPPATH\Controllers\TeacherController.php(145): App\Controllers\TeacherController->printRecus([...])
 3 SYSTEMPATH\CodeIgniter.php(932): App\Controllers\TeacherController->payer_salaire()
 4 SYSTEMPATH\CodeIgniter.php(497): CodeIgniter\CodeIgniter->runController(Object(App\Controllers\TeacherController))
 5 SYSTEMPATH\CodeIgniter.php(366): CodeIgniter\CodeIgniter->handleRequest(null, Object(Config\Cache), false)
 6 FCPATH\index.php(67): CodeIgniter\CodeIgniter->run()
 7 SYSTEMPATH\Commands\Server\rewrite.php(47): require_once('C:\\xampp\\htdocs\\secondary-back\\public\\index.php')
WARNING - 2023-11-27 17:28:52 --> [DEPRECATED] Function utf8_decode() is deprecated in APPPATH\Controllers\report\FPDF_RECU.php on line 440.
 1 APPPATH\Controllers\TeacherController.php(1146): App\Controllers\FPDF_RECU->content([...], 0)
 2 APPPATH\Controllers\TeacherController.php(145): App\Controllers\TeacherController->printRecus([...])
 3 SYSTEMPATH\CodeIgniter.php(932): App\Controllers\TeacherController->payer_salaire()
 4 SYSTEMPATH\CodeIgniter.php(497): CodeIgniter\CodeIgniter->runController(Object(App\Controllers\TeacherController))
 5 SYSTEMPATH\CodeIgniter.php(366): CodeIgniter\CodeIgniter->handleRequest(null, Object(Config\Cache), false)
 6 FCPATH\index.php(67): CodeIgniter\CodeIgniter->run()
 7 SYSTEMPATH\Commands\Server\rewrite.php(47): require_once('C:\\xampp\\htdocs\\secondary-back\\public\\index.php')
WARNING - 2023-11-27 17:28:52 --> [DEPRECATED] Function utf8_decode() is deprecated in APPPATH\Controllers\report\FPDF_RECU.php on line 447.
 1 APPPATH\Controllers\TeacherController.php(1146): App\Controllers\FPDF_RECU->content([...], 0)
 2 APPPATH\Controllers\TeacherController.php(145): App\Controllers\TeacherController->printRecus([...])
 3 SYSTEMPATH\CodeIgniter.php(932): App\Controllers\TeacherController->payer_salaire()
 4 SYSTEMPATH\CodeIgniter.php(497): CodeIgniter\CodeIgniter->runController(Object(App\Controllers\TeacherController))
 5 SYSTEMPATH\CodeIgniter.php(366): CodeIgniter\CodeIgniter->handleRequest(null, Object(Config\Cache), false)
 6 FCPATH\index.php(67): CodeIgniter\CodeIgniter->run()
 7 SYSTEMPATH\Commands\Server\rewrite.php(47): require_once('C:\\xampp\\htdocs\\secondary-back\\public\\index.php')
WARNING - 2023-11-27 17:28:52 --> [DEPRECATED] Function utf8_decode() is deprecated in APPPATH\Controllers\report\FPDF_RECU.php on line 449.
 1 APPPATH\Controllers\TeacherController.php(1146): App\Controllers\FPDF_RECU->content([...], 0)
 2 APPPATH\Controllers\TeacherController.php(145): App\Controllers\TeacherController->printRecus([...])
 3 SYSTEMPATH\CodeIgniter.php(932): App\Controllers\TeacherController->payer_salaire()
 4 SYSTEMPATH\CodeIgniter.php(497): CodeIgniter\CodeIgniter->runController(Object(App\Controllers\TeacherController))
 5 SYSTEMPATH\CodeIgniter.php(366): CodeIgniter\CodeIgniter->handleRequest(null, Object(Config\Cache), false)
 6 FCPATH\index.php(67): CodeIgniter\CodeIgniter->run()
 7 SYSTEMPATH\Commands\Server\rewrite.php(47): require_once('C:\\xampp\\htdocs\\secondary-back\\public\\index.php')
WARNING - 2023-11-27 17:28:52 --> [DEPRECATED] Function utf8_decode() is deprecated in APPPATH\Controllers\report\FPDF_RECU.php on line 394.
 1 APPPATH\Controllers\TeacherController.php(1148): App\Controllers\FPDF_RECU->content([...], 146)
 2 APPPATH\Controllers\TeacherController.php(145): App\Controllers\TeacherController->printRecus([...])
 3 SYSTEMPATH\CodeIgniter.php(932): App\Controllers\TeacherController->payer_salaire()
 4 SYSTEMPATH\CodeIgniter.php(497): CodeIgniter\CodeIgniter->runController(Object(App\Controllers\TeacherController))
 5 SYSTEMPATH\CodeIgniter.php(366): CodeIgniter\CodeIgniter->handleRequest(null, Object(Config\Cache), false)
 6 FCPATH\index.php(67): CodeIgniter\CodeIgniter->run()
 7 SYSTEMPATH\Commands\Server\rewrite.php(47): require_once('C:\\xampp\\htdocs\\secondary-back\\public\\index.php')
WARNING - 2023-11-27 17:28:52 --> [DEPRECATED] Function utf8_decode() is deprecated in APPPATH\Controllers\report\FPDF_RECU.php on line 401.
 1 APPPATH\Controllers\TeacherController.php(1148): App\Controllers\FPDF_RECU->content([...], 146)
 2 APPPATH\Controllers\TeacherController.php(145): App\Controllers\TeacherController->printRecus([...])
 3 SYSTEMPATH\CodeIgniter.php(932): App\Controllers\TeacherController->payer_salaire()
 4 SYSTEMPATH\CodeIgniter.php(497): CodeIgniter\CodeIgniter->runController(Object(App\Controllers\TeacherController))
 5 SYSTEMPATH\CodeIgniter.php(366): CodeIgniter\CodeIgniter->handleRequest(null, Object(Config\Cache), false)
 6 FCPATH\index.php(67): CodeIgniter\CodeIgniter->run()
 7 SYSTEMPATH\Commands\Server\rewrite.php(47): require_once('C:\\xampp\\htdocs\\secondary-back\\public\\index.php')
WARNING - 2023-11-27 17:28:52 --> [DEPRECATED] Function utf8_decode() is deprecated in APPPATH\Controllers\report\FPDF_RECU.php on line 403.
 1 APPPATH\Controllers\TeacherController.php(1148): App\Controllers\FPDF_RECU->content([...], 146)
 2 APPPATH\Controllers\TeacherController.php(145): App\Controllers\TeacherController->printRecus([...])
 3 SYSTEMPATH\CodeIgniter.php(932): App\Controllers\TeacherController->payer_salaire()
 4 SYSTEMPATH\CodeIgniter.php(497): CodeIgniter\CodeIgniter->runController(Object(App\Controllers\TeacherController))
 5 SYSTEMPATH\CodeIgniter.php(366): CodeIgniter\CodeIgniter->handleRequest(null, Object(Config\Cache), false)
 6 FCPATH\index.php(67): CodeIgniter\CodeIgniter->run()
 7 SYSTEMPATH\Commands\Server\rewrite.php(47): require_once('C:\\xampp\\htdocs\\secondary-back\\public\\index.php')
WARNING - 2023-11-27 17:28:52 --> [DEPRECATED] Function utf8_decode() is deprecated in APPPATH\Controllers\report\FPDF_RECU.php on line 409.
 1 APPPATH\Controllers\TeacherController.php(1148): App\Controllers\FPDF_RECU->content([...], 146)
 2 APPPATH\Controllers\TeacherController.php(145): App\Controllers\TeacherController->printRecus([...])
 3 SYSTEMPATH\CodeIgniter.php(932): App\Controllers\TeacherController->payer_salaire()
 4 SYSTEMPATH\CodeIgniter.php(497): CodeIgniter\CodeIgniter->runController(Object(App\Controllers\TeacherController))
 5 SYSTEMPATH\CodeIgniter.php(366): CodeIgniter\CodeIgniter->handleRequest(null, Object(Config\Cache), false)
 6 FCPATH\index.php(67): CodeIgniter\CodeIgniter->run()
 7 SYSTEMPATH\Commands\Server\rewrite.php(47): require_once('C:\\xampp\\htdocs\\secondary-back\\public\\index.php')
WARNING - 2023-11-27 17:28:52 --> [DEPRECATED] Function utf8_decode() is deprecated in APPPATH\Controllers\report\FPDF_RECU.php on line 411.
 1 APPPATH\Controllers\TeacherController.php(1148): App\Controllers\FPDF_RECU->content([...], 146)
 2 APPPATH\Controllers\TeacherController.php(145): App\Controllers\TeacherController->printRecus([...])
 3 SYSTEMPATH\CodeIgniter.php(932): App\Controllers\TeacherController->payer_salaire()
 4 SYSTEMPATH\CodeIgniter.php(497): CodeIgniter\CodeIgniter->runController(Object(App\Controllers\TeacherController))
 5 SYSTEMPATH\CodeIgniter.php(366): CodeIgniter\CodeIgniter->handleRequest(null, Object(Config\Cache), false)
 6 FCPATH\index.php(67): CodeIgniter\CodeIgniter->run()
 7 SYSTEMPATH\Commands\Server\rewrite.php(47): require_once('C:\\xampp\\htdocs\\secondary-back\\public\\index.php')
WARNING - 2023-11-27 17:28:52 --> [DEPRECATED] Function utf8_decode() is deprecated in APPPATH\Controllers\report\FPDF_RECU.php on line 417.
 1 APPPATH\Controllers\TeacherController.php(1148): App\Controllers\FPDF_RECU->content([...], 146)
 2 APPPATH\Controllers\TeacherController.php(145): App\Controllers\TeacherController->printRecus([...])
 3 SYSTEMPATH\CodeIgniter.php(932): App\Controllers\TeacherController->payer_salaire()
 4 SYSTEMPATH\CodeIgniter.php(497): CodeIgniter\CodeIgniter->runController(Object(App\Controllers\TeacherController))
 5 SYSTEMPATH\CodeIgniter.php(366): CodeIgniter\CodeIgniter->handleRequest(null, Object(Config\Cache), false)
 6 FCPATH\index.php(67): CodeIgniter\CodeIgniter->run()
 7 SYSTEMPATH\Commands\Server\rewrite.php(47): require_once('C:\\xampp\\htdocs\\secondary-back\\public\\index.php')
WARNING - 2023-11-27 17:28:52 --> [DEPRECATED] Function utf8_decode() is deprecated in APPPATH\Controllers\report\FPDF_RECU.php on line 419.
 1 APPPATH\Controllers\TeacherController.php(1148): App\Controllers\FPDF_RECU->content([...], 146)
 2 APPPATH\Controllers\TeacherController.php(145): App\Controllers\TeacherController->printRecus([...])
 3 SYSTEMPATH\CodeIgniter.php(932): App\Controllers\TeacherController->payer_salaire()
 4 SYSTEMPATH\CodeIgniter.php(497): CodeIgniter\CodeIgniter->runController(Object(App\Controllers\TeacherController))
 5 SYSTEMPATH\CodeIgniter.php(366): CodeIgniter\CodeIgniter->handleRequest(null, Object(Config\Cache), false)
 6 FCPATH\index.php(67): CodeIgniter\CodeIgniter->run()
 7 SYSTEMPATH\Commands\Server\rewrite.php(47): require_once('C:\\xampp\\htdocs\\secondary-back\\public\\index.php')
WARNING - 2023-11-27 17:28:52 --> [DEPRECATED] Function utf8_decode() is deprecated in APPPATH\Controllers\report\FPDF_RECU.php on line 426.
 1 APPPATH\Controllers\TeacherController.php(1148): App\Controllers\FPDF_RECU->content([...], 146)
 2 APPPATH\Controllers\TeacherController.php(145): App\Controllers\TeacherController->printRecus([...])
 3 SYSTEMPATH\CodeIgniter.php(932): App\Controllers\TeacherController->payer_salaire()
 4 SYSTEMPATH\CodeIgniter.php(497): CodeIgniter\CodeIgniter->runController(Object(App\Controllers\TeacherController))
 5 SYSTEMPATH\CodeIgniter.php(366): CodeIgniter\CodeIgniter->handleRequest(null, Object(Config\Cache), false)
 6 FCPATH\index.php(67): CodeIgniter\CodeIgniter->run()
 7 SYSTEMPATH\Commands\Server\rewrite.php(47): require_once('C:\\xampp\\htdocs\\secondary-back\\public\\index.php')
WARNING - 2023-11-27 17:28:52 --> [DEPRECATED] Function utf8_decode() is deprecated in APPPATH\Controllers\report\FPDF_RECU.php on line 428.
 1 APPPATH\Controllers\TeacherController.php(1148): App\Controllers\FPDF_RECU->content([...], 146)
 2 APPPATH\Controllers\TeacherController.php(145): App\Controllers\TeacherController->printRecus([...])
 3 SYSTEMPATH\CodeIgniter.php(932): App\Controllers\TeacherController->payer_salaire()
 4 SYSTEMPATH\CodeIgniter.php(497): CodeIgniter\CodeIgniter->runController(Object(App\Controllers\TeacherController))
 5 SYSTEMPATH\CodeIgniter.php(366): CodeIgniter\CodeIgniter->handleRequest(null, Object(Config\Cache), false)
 6 FCPATH\index.php(67): CodeIgniter\CodeIgniter->run()
 7 SYSTEMPATH\Commands\Server\rewrite.php(47): require_once('C:\\xampp\\htdocs\\secondary-back\\public\\index.php')
WARNING - 2023-11-27 17:28:52 --> [DEPRECATED] Function utf8_decode() is deprecated in APPPATH\Controllers\report\FPDF_RECU.php on line 434.
 1 APPPATH\Controllers\TeacherController.php(1148): App\Controllers\FPDF_RECU->content([...], 146)
 2 APPPATH\Controllers\TeacherController.php(145): App\Controllers\TeacherController->printRecus([...])
 3 SYSTEMPATH\CodeIgniter.php(932): App\Controllers\TeacherController->payer_salaire()
 4 SYSTEMPATH\CodeIgniter.php(497): CodeIgniter\CodeIgniter->runController(Object(App\Controllers\TeacherController))
 5 SYSTEMPATH\CodeIgniter.php(366): CodeIgniter\CodeIgniter->handleRequest(null, Object(Config\Cache), false)
 6 FCPATH\index.php(67): CodeIgniter\CodeIgniter->run()
 7 SYSTEMPATH\Commands\Server\rewrite.php(47): require_once('C:\\xampp\\htdocs\\secondary-back\\public\\index.php')
WARNING - 2023-11-27 17:28:52 --> [DEPRECATED] Function utf8_decode() is deprecated in APPPATH\Controllers\report\FPDF_RECU.php on line 440.
 1 APPPATH\Controllers\TeacherController.php(1148): App\Controllers\FPDF_RECU->content([...], 146)
 2 APPPATH\Controllers\TeacherController.php(145): App\Controllers\TeacherController->printRecus([...])
 3 SYSTEMPATH\CodeIgniter.php(932): App\Controllers\TeacherController->payer_salaire()
 4 SYSTEMPATH\CodeIgniter.php(497): CodeIgniter\CodeIgniter->runController(Object(App\Controllers\TeacherController))
 5 SYSTEMPATH\CodeIgniter.php(366): CodeIgniter\CodeIgniter->handleRequest(null, Object(Config\Cache), false)
 6 FCPATH\index.php(67): CodeIgniter\CodeIgniter->run()
 7 SYSTEMPATH\Commands\Server\rewrite.php(47): require_once('C:\\xampp\\htdocs\\secondary-back\\public\\index.php')
WARNING - 2023-11-27 17:28:52 --> [DEPRECATED] Function utf8_decode() is deprecated in APPPATH\Controllers\report\FPDF_RECU.php on line 447.
 1 APPPATH\Controllers\TeacherController.php(1148): App\Controllers\FPDF_RECU->content([...], 146)
 2 APPPATH\Controllers\TeacherController.php(145): App\Controllers\TeacherController->printRecus([...])
 3 SYSTEMPATH\CodeIgniter.php(932): App\Controllers\TeacherController->payer_salaire()
 4 SYSTEMPATH\CodeIgniter.php(497): CodeIgniter\CodeIgniter->runController(Object(App\Controllers\TeacherController))
 5 SYSTEMPATH\CodeIgniter.php(366): CodeIgniter\CodeIgniter->handleRequest(null, Object(Config\Cache), false)
 6 FCPATH\index.php(67): CodeIgniter\CodeIgniter->run()
 7 SYSTEMPATH\Commands\Server\rewrite.php(47): require_once('C:\\xampp\\htdocs\\secondary-back\\public\\index.php')
WARNING - 2023-11-27 17:28:52 --> [DEPRECATED] Function utf8_decode() is deprecated in APPPATH\Controllers\report\FPDF_RECU.php on line 449.
 1 APPPATH\Controllers\TeacherController.php(1148): App\Controllers\FPDF_RECU->content([...], 146)
 2 APPPATH\Controllers\TeacherController.php(145): App\Controllers\TeacherController->printRecus([...])
 3 SYSTEMPATH\CodeIgniter.php(932): App\Controllers\TeacherController->payer_salaire()
 4 SYSTEMPATH\CodeIgniter.php(497): CodeIgniter\CodeIgniter->runController(Object(App\Controllers\TeacherController))
 5 SYSTEMPATH\CodeIgniter.php(366): CodeIgniter\CodeIgniter->handleRequest(null, Object(Config\Cache), false)
 6 FCPATH\index.php(67): CodeIgniter\CodeIgniter->run()
 7 SYSTEMPATH\Commands\Server\rewrite.php(47): require_once('C:\\xampp\\htdocs\\secondary-back\\public\\index.php')
INFO - 2023-11-27 17:29:10 --> Session: Class initialized using 'CodeIgniter\Session\Handlers\FileHandler' driver.
INFO - 2023-11-27 17:29:28 --> Session: Class initialized using 'CodeIgniter\Session\Handlers\FileHandler' driver.
INFO - 2023-11-27 18:55:42 --> Session: Class initialized using 'CodeIgniter\Session\Handlers\FileHandler' driver.
INFO - 2023-11-27 18:55:46 --> Session: Class initialized using 'CodeIgniter\Session\Handlers\FileHandler' driver.
INFO - 2023-11-27 18:55:51 --> Session: Class initialized using 'CodeIgniter\Session\Handlers\FileHandler' driver.
INFO - 2023-11-27 19:59:44 --> Session: Class initialized using 'CodeIgniter\Session\Handlers\FileHandler' driver.
